#
# There is insufficient memory for the Java Runtime Environment to continue.
# Native memory allocation (malloc) failed to allocate 1548816 bytes for Chunk::new
# Possible reasons:
#   The system is out of physical RAM or swap space
#   The process is running with CompressedOops enabled, and the Java Heap may be blocking the growth of the native heap
# Possible solutions:
#   Reduce memory load on the system
#   Increase physical memory or swap space
#   Check if swap backing store is full
#   Decrease Java heap size (-Xmx/-Xms)
#   Decrease number of Java threads
#   Decrease Java thread stack sizes (-Xss)
#   Set larger code cache with -XX:ReservedCodeCacheSize=
#   JVM is running with Unscaled Compressed Oops mode in which the Java heap is
#     placed in the first 4GB address space. The Java Heap base address is the
#     maximum limit for the native heap growth. Please use -XX:HeapBaseMinAddress
#     to set the Java Heap base and to place the Java Heap above 4GB virtual address.
# This output file may be truncated or incomplete.
#
#  Out of Memory Error (arena.cpp:189), pid=25624, tid=34696
#
# JRE version: Java(TM) SE Runtime Environment (17.0.12+8) (build 17.0.12+8-LTS-286)
# Java VM: Java HotSpot(TM) 64-Bit Server VM (17.0.12+8-LTS-286, mixed mode, sharing, tiered, compressed oops, compressed class ptrs, g1 gc, windows-amd64)
# No core dump will be written. Minidumps are not enabled by default on client versions of Windows
#

---------------  S U M M A R Y ------------

Command Line: --add-opens=java.base/java.lang=ALL-UNNAMED --add-opens=java.base/java.lang.invoke=ALL-UNNAMED --add-opens=java.base/java.util=ALL-UNNAMED --add-opens=java.prefs/java.util.prefs=ALL-UNNAMED --add-exports=jdk.compiler/com.sun.tools.javac.api=ALL-UNNAMED --add-exports=jdk.compiler/com.sun.tools.javac.util=ALL-UNNAMED --add-opens=java.base/java.util=ALL-UNNAMED --add-opens=java.prefs/java.util.prefs=ALL-UNNAMED --add-opens=java.base/java.nio.charset=ALL-UNNAMED --add-opens=java.base/java.net=ALL-UNNAMED --add-opens=java.base/java.util.concurrent.atomic=ALL-UNNAMED --add-opens=java.xml/javax.xml.namespace=ALL-UNNAMED -XX:MaxMetaspaceSize=384m -XX:+HeapDumpOnOutOfMemoryError -Xms256m -Xmx512m -Dfile.encoding=UTF-8 -Duser.country=KR -Duser.language=ko -Duser.variant -javaagent:C:\Users\r2com\.gradle\wrapper\dists\gradle-8.12.1-bin\eumc4uhoysa37zql93vfjkxy0\gradle-8.12.1\lib\agents\gradle-instrumentation-agent-8.12.1.jar org.gradle.launcher.daemon.bootstrap.GradleDaemon 8.12.1

Host: 11th Gen Intel(R) Core(TM) i5-1135G7 @ 2.40GHz, 8 cores, 31G,  Windows 11 , 64 bit Build 26100 (10.0.26100.3037)
Time: Tue Feb 18 00:19:47 2025  Windows 11 , 64 bit Build 26100 (10.0.26100.3037) elapsed time: 236.512263 seconds (0d 0h 3m 56s)

---------------  T H R E A D  ---------------

Current thread (0x0000022ce594f010):  JavaThread "C2 CompilerThread1" daemon [_thread_in_native, id=34696, stack(0x000000f882a00000,0x000000f882b00000)]


Current CompileTask:
C2: 236512 6439   !   4       com.google.common.reflect.TypeVisitor::visit (225 bytes)

Stack: [0x000000f882a00000,0x000000f882b00000]
Native frames: (J=compiled Java code, j=interpreted, Vv=VM code, C=native code)
V  [jvm.dll+0x67a04a]
V  [jvm.dll+0x7da4ed]
V  [jvm.dll+0x7dbe33]
V  [jvm.dll+0x7dc4a3]
V  [jvm.dll+0x24508f]
V  [jvm.dll+0xab773]
V  [jvm.dll+0xabd3c]
V  [jvm.dll+0x361b9f]
V  [jvm.dll+0x1ba45a]
V  [jvm.dll+0x216997]
V  [jvm.dll+0x215c6f]
V  [jvm.dll+0x1a2960]
V  [jvm.dll+0x22610b]
V  [jvm.dll+0x2242ab]
V  [jvm.dll+0x79075c]
V  [jvm.dll+0x78abea]
V  [jvm.dll+0x678f35]
C  [ucrtbase.dll+0x37b0]
C  [KERNEL32.DLL+0x2e8d7]
C  [ntdll.dll+0xbbf2c]


---------------  P R O C E S S  ---------------

Threads class SMR info:
_java_thread_list=0x0000022cc9f51d90, length=66, elements={
0x0000022caede12b0, 0x0000022cc9eeeef0, 0x0000022cc9ef0530, 0x0000022cc9f0ce90,
0x0000022cc9f0f770, 0x0000022cc9f12050, 0x0000022cc9f12920, 0x0000022cc9f13520,
0x0000022cc9f5b000, 0x0000022cc9f5c460, 0x0000022ce30b22a0, 0x0000022ce31453e0,
0x0000022ce3ea27d0, 0x0000022ce3edf880, 0x0000022ce386b820, 0x0000022ce3358aa0,
0x0000022ce3e9e010, 0x0000022ce4d0a9a0, 0x0000022ce4d0b8d0, 0x0000022ce4d09f80,
0x0000022ce4d0a490, 0x0000022ce4d0b3c0, 0x0000022ce4d0aeb0, 0x0000022ce5072120,
0x0000022ce5071c10, 0x0000022ce5070ce0, 0x0000022ce50707d0, 0x0000022ce50702c0,
0x0000022ce506f8a0, 0x0000022ce50711f0, 0x0000022ce5071700, 0x0000022ce506ee80,
0x0000022ce5072b40, 0x0000022ce506fdb0, 0x0000022ce50762f0, 0x0000022ce5075de0,
0x0000022ce5073a70, 0x0000022ce5076800, 0x0000022ce5074490, 0x0000022ce50758d0,
0x0000022ce5073f80, 0x0000022ce5074eb0, 0x0000022ce50753c0, 0x0000022ce5072630,
0x0000022ce739d600, 0x0000022ce739e020, 0x0000022ce739db10, 0x0000022ce739ea40,
0x0000022ce739f970, 0x0000022ce739ef50, 0x0000022ce739e530, 0x0000022ce739f460,
0x0000022ce739fe80, 0x0000022ce73a0390, 0x0000022ce73a08a0, 0x0000022ce73a0db0,
0x0000022ce6c188c0, 0x0000022ce6c16040, 0x0000022ce6c15b30, 0x0000022ce6c183b0,
0x0000022ce6c15620, 0x0000022ce6c16a60, 0x0000022ce6c16f70, 0x0000022ce6c17990,
0x0000022ce6c17480, 0x0000022ce594f010
}

Java Threads: ( => current thread )
  0x0000022caede12b0 JavaThread "main" [_thread_blocked, id=32896, stack(0x000000f8fd700000,0x000000f8fd800000)]
  0x0000022cc9eeeef0 JavaThread "Reference Handler" daemon [_thread_blocked, id=33088, stack(0x000000f8fde00000,0x000000f8fdf00000)]
  0x0000022cc9ef0530 JavaThread "Finalizer" daemon [_thread_blocked, id=25504, stack(0x000000f8fdf00000,0x000000f8fe000000)]
  0x0000022cc9f0ce90 JavaThread "Signal Dispatcher" daemon [_thread_blocked, id=15952, stack(0x000000f8fe000000,0x000000f8fe100000)]
  0x0000022cc9f0f770 JavaThread "Attach Listener" daemon [_thread_blocked, id=4692, stack(0x000000f8fe100000,0x000000f8fe200000)]
  0x0000022cc9f12050 JavaThread "Service Thread" daemon [_thread_blocked, id=11060, stack(0x000000f8fe200000,0x000000f8fe300000)]
  0x0000022cc9f12920 JavaThread "Monitor Deflation Thread" daemon [_thread_blocked, id=8964, stack(0x000000f8fe300000,0x000000f8fe400000)]
  0x0000022cc9f13520 JavaThread "C2 CompilerThread0" daemon [_thread_blocked, id=11776, stack(0x000000f8fe400000,0x000000f8fe500000)]
  0x0000022cc9f5b000 JavaThread "C1 CompilerThread0" daemon [_thread_blocked, id=15420, stack(0x000000f8fe500000,0x000000f8fe600000)]
  0x0000022cc9f5c460 JavaThread "Sweeper thread" daemon [_thread_blocked, id=20848, stack(0x000000f8fe600000,0x000000f8fe700000)]
  0x0000022ce30b22a0 JavaThread "Common-Cleaner" daemon [_thread_blocked, id=23492, stack(0x000000f8fe700000,0x000000f8fe800000)]
  0x0000022ce31453e0 JavaThread "Notification Thread" daemon [_thread_blocked, id=2208, stack(0x000000f8fe800000,0x000000f8fe900000)]
  0x0000022ce3ea27d0 JavaThread "Daemon health stats" [_thread_blocked, id=25452, stack(0x000000f8feb00000,0x000000f8fec00000)]
  0x0000022ce3edf880 JavaThread "Incoming local TCP Connector on port 52762" [_thread_in_native, id=32544, stack(0x000000f8fea00000,0x000000f8feb00000)]
  0x0000022ce386b820 JavaThread "Daemon periodic checks" [_thread_blocked, id=16668, stack(0x000000f8ff100000,0x000000f8ff200000)]
  0x0000022ce3358aa0 JavaThread "Daemon" [_thread_blocked, id=31912, stack(0x000000f8ff200000,0x000000f8ff300000)]
  0x0000022ce3e9e010 JavaThread "Handler for socket connection from /127.0.0.1:52762 to /127.0.0.1:52765" [_thread_in_native, id=5868, stack(0x000000f8ff300000,0x000000f8ff400000)]
  0x0000022ce4d0a9a0 JavaThread "Cancel handler" [_thread_blocked, id=9444, stack(0x000000f8ff400000,0x000000f8ff500000)]
  0x0000022ce4d0b8d0 JavaThread "Daemon worker" [_thread_in_vm, id=21580, stack(0x000000f8ff500000,0x000000f8ff600000)]
  0x0000022ce4d09f80 JavaThread "Asynchronous log dispatcher for DefaultDaemonConnection: socket connection from /127.0.0.1:52762 to /127.0.0.1:52765" [_thread_blocked, id=9020, stack(0x000000f8ff600000,0x000000f8ff700000)]
  0x0000022ce4d0a490 JavaThread "Stdin handler" [_thread_blocked, id=1680, stack(0x000000f8ff700000,0x000000f8ff800000)]
  0x0000022ce4d0b3c0 JavaThread "Daemon client event forwarder" [_thread_blocked, id=26292, stack(0x000000f8ff800000,0x000000f8ff900000)]
  0x0000022ce4d0aeb0 JavaThread "Cache worker for journal cache (C:\Users\r2com\.gradle\caches\journal-1)" [_thread_blocked, id=31944, stack(0x000000f8ffa00000,0x000000f8ffb00000)]
  0x0000022ce5072120 JavaThread "File lock request listener" [_thread_in_native, id=25224, stack(0x000000f8ffb00000,0x000000f8ffc00000)]
  0x0000022ce5071c10 JavaThread "Cache worker for file hash cache (C:\Users\r2com\.gradle\caches\8.12.1\fileHashes)" [_thread_blocked, id=28512, stack(0x000000f8ff900000,0x000000f8ffa00000)]
  0x0000022ce5070ce0 JavaThread "Cache worker for file hash cache (C:\Users\r2com\GG\api-gateway\.gradle\8.12.1\fileHashes)" [_thread_blocked, id=17620, stack(0x000000f8ffd00000,0x000000f8ffe00000)]
  0x0000022ce50707d0 JavaThread "Cache worker for Build Output Cleanup Cache (C:\Users\r2com\GG\api-gateway\.gradle\buildOutputCleanup)" [_thread_blocked, id=13748, stack(0x000000f8ffe00000,0x000000f8fff00000)]
  0x0000022ce50702c0 JavaThread "File watcher server" daemon [_thread_in_native, id=13600, stack(0x000000f880400000,0x000000f880500000)]
  0x0000022ce506f8a0 JavaThread "File watcher consumer" daemon [_thread_blocked, id=20072, stack(0x000000f880500000,0x000000f880600000)]
  0x0000022ce50711f0 JavaThread "jar transforms" [_thread_blocked, id=16736, stack(0x000000f880700000,0x000000f880800000)]
  0x0000022ce5071700 JavaThread "jar transforms Thread 2" [_thread_blocked, id=27220, stack(0x000000f880800000,0x000000f880900000)]
  0x0000022ce506ee80 JavaThread "Cache worker for checksums cache (C:\Users\r2com\GG\api-gateway\.gradle\8.12.1\checksums)" [_thread_blocked, id=17540, stack(0x000000f880b00000,0x000000f880c00000)]
  0x0000022ce5072b40 JavaThread "Cache worker for file content cache (C:\Users\r2com\.gradle\caches\8.12.1\fileContent)" [_thread_blocked, id=23616, stack(0x000000f880c00000,0x000000f880d00000)]
  0x0000022ce506fdb0 JavaThread "jar transforms Thread 3" [_thread_blocked, id=6864, stack(0x000000f880900000,0x000000f880a00000)]
  0x0000022ce50762f0 JavaThread "Cache worker for cache directory md-rule (C:\Users\r2com\.gradle\caches\8.12.1\md-rule)" [_thread_blocked, id=4900, stack(0x000000f880d00000,0x000000f880e00000)]
  0x0000022ce5075de0 JavaThread "Cache worker for cache directory md-supplier (C:\Users\r2com\.gradle\caches\8.12.1\md-supplier)" [_thread_blocked, id=22696, stack(0x000000f880e00000,0x000000f880f00000)]
  0x0000022ce5073a70 JavaThread "Unconstrained build operations" [_thread_blocked, id=31132, stack(0x000000f880a00000,0x000000f880b00000)]
  0x0000022ce5076800 JavaThread "Unconstrained build operations Thread 2" [_thread_blocked, id=20320, stack(0x000000f880f00000,0x000000f881000000)]
  0x0000022ce5074490 JavaThread "jar transforms Thread 4" [_thread_blocked, id=21496, stack(0x000000f881000000,0x000000f881100000)]
  0x0000022ce50758d0 JavaThread "jar transforms Thread 5" [_thread_blocked, id=25448, stack(0x000000f881100000,0x000000f881200000)]
  0x0000022ce5073f80 JavaThread "jar transforms Thread 6" [_thread_blocked, id=14528, stack(0x000000f881200000,0x000000f881300000)]
  0x0000022ce5074eb0 JavaThread "File lock release action executor Thread 2" [_thread_blocked, id=16992, stack(0x000000f880300000,0x000000f880400000)]
  0x0000022ce50753c0 JavaThread "jar transforms Thread 7" [_thread_blocked, id=17392, stack(0x000000f880600000,0x000000f880700000)]
  0x0000022ce5072630 JavaThread "Unconstrained build operations Thread 3" [_thread_blocked, id=15724, stack(0x000000f881300000,0x000000f881400000)]
  0x0000022ce739d600 JavaThread "Unconstrained build operations Thread 4" [_thread_blocked, id=36936, stack(0x000000f881400000,0x000000f881500000)]
  0x0000022ce739e020 JavaThread "Unconstrained build operations Thread 5" [_thread_blocked, id=36932, stack(0x000000f881500000,0x000000f881600000)]
  0x0000022ce739db10 JavaThread "Unconstrained build operations Thread 6" [_thread_blocked, id=37156, stack(0x000000f881600000,0x000000f881700000)]
  0x0000022ce739ea40 JavaThread "Unconstrained build operations Thread 7" [_thread_blocked, id=32552, stack(0x000000f881700000,0x000000f881800000)]
  0x0000022ce739f970 JavaThread "Unconstrained build operations Thread 8" [_thread_blocked, id=37276, stack(0x000000f881800000,0x000000f881900000)]
  0x0000022ce739ef50 JavaThread "Unconstrained build operations Thread 9" [_thread_blocked, id=37196, stack(0x000000f881900000,0x000000f881a00000)]
  0x0000022ce739e530 JavaThread "Unconstrained build operations Thread 10" [_thread_blocked, id=37836, stack(0x000000f881a00000,0x000000f881b00000)]
  0x0000022ce739f460 JavaThread "Unconstrained build operations Thread 11" [_thread_blocked, id=37844, stack(0x000000f881b00000,0x000000f881c00000)]
  0x0000022ce739fe80 JavaThread "Unconstrained build operations Thread 12" [_thread_blocked, id=17108, stack(0x000000f881c00000,0x000000f881d00000)]
  0x0000022ce73a0390 JavaThread "Unconstrained build operations Thread 13" [_thread_blocked, id=37784, stack(0x000000f881d00000,0x000000f881e00000)]
  0x0000022ce73a08a0 JavaThread "Unconstrained build operations Thread 14" [_thread_blocked, id=13932, stack(0x000000f881e00000,0x000000f881f00000)]
  0x0000022ce73a0db0 JavaThread "Unconstrained build operations Thread 15" [_thread_blocked, id=37364, stack(0x000000f881f00000,0x000000f882000000)]
  0x0000022ce6c188c0 JavaThread "Unconstrained build operations Thread 16" [_thread_blocked, id=21040, stack(0x000000f882000000,0x000000f882100000)]
  0x0000022ce6c16040 JavaThread "Unconstrained build operations Thread 17" [_thread_blocked, id=37168, stack(0x000000f882100000,0x000000f882200000)]
  0x0000022ce6c15b30 JavaThread "Unconstrained build operations Thread 18" [_thread_blocked, id=37172, stack(0x000000f882200000,0x000000f882300000)]
  0x0000022ce6c183b0 JavaThread "Unconstrained build operations Thread 19" [_thread_blocked, id=30204, stack(0x000000f882300000,0x000000f882400000)]
  0x0000022ce6c15620 JavaThread "Unconstrained build operations Thread 20" [_thread_blocked, id=36620, stack(0x000000f882400000,0x000000f882500000)]
  0x0000022ce6c16a60 JavaThread "Unconstrained build operations Thread 21" [_thread_blocked, id=37880, stack(0x000000f882500000,0x000000f882600000)]
  0x0000022ce6c16f70 JavaThread "Unconstrained build operations Thread 22" [_thread_blocked, id=36772, stack(0x000000f882600000,0x000000f882700000)]
  0x0000022ce6c17990 JavaThread "Unconstrained build operations Thread 23" [_thread_blocked, id=36292, stack(0x000000f882700000,0x000000f882800000)]
  0x0000022ce6c17480 JavaThread "Memory manager" [_thread_blocked, id=37824, stack(0x000000f882900000,0x000000f882a00000)]
=>0x0000022ce594f010 JavaThread "C2 CompilerThread1" daemon [_thread_in_native, id=34696, stack(0x000000f882a00000,0x000000f882b00000)]

Other Threads:
  0x0000022cc9ee7360 VMThread "VM Thread" [stack: 0x000000f8fdd00000,0x000000f8fde00000] [id=35688]
  0x0000022caede2040 WatcherThread [stack: 0x000000f8fe900000,0x000000f8fea00000] [id=30120]
  0x0000022caee10290 GCTaskThread "GC Thread#0" [stack: 0x000000f8fd800000,0x000000f8fd900000] [id=32832]
  0x0000022ce38c5960 GCTaskThread "GC Thread#1" [stack: 0x000000f8fec00000,0x000000f8fed00000] [id=16588]
  0x0000022ce38c5c20 GCTaskThread "GC Thread#2" [stack: 0x000000f8fed00000,0x000000f8fee00000] [id=31020]
  0x0000022ce3734040 GCTaskThread "GC Thread#3" [stack: 0x000000f8fee00000,0x000000f8fef00000] [id=12840]
  0x0000022ce3734300 GCTaskThread "GC Thread#4" [stack: 0x000000f8fef00000,0x000000f8ff000000] [id=24176]
  0x0000022ce37345c0 GCTaskThread "GC Thread#5" [stack: 0x000000f8ff000000,0x000000f8ff100000] [id=17912]
  0x0000022ce5fdcfe0 GCTaskThread "GC Thread#6" [stack: 0x000000f880000000,0x000000f880100000] [id=16356]
  0x0000022ce56d7820 GCTaskThread "GC Thread#7" [stack: 0x000000f880100000,0x000000f880200000] [id=6800]
  0x0000022caee150f0 ConcurrentGCThread "G1 Main Marker" [stack: 0x000000f8fd900000,0x000000f8fda00000] [id=33268]
  0x0000022caee15a10 ConcurrentGCThread "G1 Conc#0" [stack: 0x000000f8fda00000,0x000000f8fdb00000] [id=33104]
  0x0000022ce34656b0 ConcurrentGCThread "G1 Conc#1" [stack: 0x000000f880200000,0x000000f880300000] [id=29056]
  0x0000022caeeaea90 ConcurrentGCThread "G1 Refine#0" [stack: 0x000000f8fdb00000,0x000000f8fdc00000] [id=14128]
  0x0000022ce7213d30 ConcurrentGCThread "G1 Refine#1" [stack: 0x000000f882800000,0x000000f882900000] [id=37224]
  0x0000022cc9da2620 ConcurrentGCThread "G1 Service" [stack: 0x000000f8fdc00000,0x000000f8fdd00000] [id=13052]

Threads with active compile tasks:
C2 CompilerThread1   236559 6439   !   4       com.google.common.reflect.TypeVisitor::visit (225 bytes)

VM state: not at safepoint (normal execution)

VM Mutex/Monitor currently owned by a thread:  ([mutex/lock_event])
[0x0000022caeddc990] Metaspace_lock - owner thread: 0x0000022ce4d0b8d0

Heap address: 0x00000000e0000000, size: 512 MB, Compressed Oops mode: 32-bit

CDS archive(s) mapped at: [0x0000022cca000000-0x0000022ccabd0000-0x0000022ccabd0000), size 12386304, SharedBaseAddress: 0x0000022cca000000, ArchiveRelocationMode: 1.
Compressed class space mapped at: 0x0000022ccb000000-0x0000022cdf000000, reserved size: 335544320
Narrow klass base: 0x0000022cca000000, Narrow klass shift: 0, Narrow klass range: 0x100000000

GC Precious Log:
 CPUs: 8 total, 8 available
 Memory: 32491M
 Large Page Support: Disabled
 NUMA Support: Disabled
 Compressed Oops: Enabled (32-bit)
 Heap Region Size: 1M
 Heap Min Capacity: 256M
 Heap Initial Capacity: 256M
 Heap Max Capacity: 512M
 Pre-touch: Disabled
 Parallel Workers: 8
 Concurrent Workers: 2
 Concurrent Refinement Workers: 8
 Periodic GC: Disabled

Heap:
 garbage-first heap   total 262144K, used 49005K [0x00000000e0000000, 0x0000000100000000)
  region size 1024K, 26 young (26624K), 15 survivors (15360K)
 Metaspace       used 49330K, committed 49920K, reserved 393216K
  class space    used 7006K, committed 7296K, reserved 327680K

Heap Regions: E=young(eden), S=young(survivor), O=old, HS=humongous(starts), HC=humongous(continues), CS=collection set, F=free, OA=open archive, CA=closed archive, TAMS=top-at-mark-start (previous, next)
|   0|0x00000000e0000000, 0x00000000e0100000, 0x00000000e0100000|100%| O|  |TAMS 0x00000000e0100000, 0x00000000e0000000| Untracked 
|   1|0x00000000e0100000, 0x00000000e0200000, 0x00000000e0200000|100%|HS|  |TAMS 0x00000000e0200000, 0x00000000e0100000| Complete 
|   2|0x00000000e0200000, 0x00000000e0300000, 0x00000000e0300000|100%|HC|  |TAMS 0x00000000e0300000, 0x00000000e0200000| Complete 
|   3|0x00000000e0300000, 0x00000000e0400000, 0x00000000e0400000|100%|HC|  |TAMS 0x00000000e0400000, 0x00000000e0300000| Complete 
|   4|0x00000000e0400000, 0x00000000e0500000, 0x00000000e0500000|100%| O|  |TAMS 0x00000000e0500000, 0x00000000e0400000| Untracked 
|   5|0x00000000e0500000, 0x00000000e0600000, 0x00000000e0600000|100%| O|  |TAMS 0x00000000e0600000, 0x00000000e0500000| Untracked 
|   6|0x00000000e0600000, 0x00000000e0700000, 0x00000000e0700000|100%| O|  |TAMS 0x00000000e0700000, 0x00000000e0600000| Untracked 
|   7|0x00000000e0700000, 0x00000000e0800000, 0x00000000e0800000|100%| O|  |TAMS 0x00000000e0800000, 0x00000000e0700000| Untracked 
|   8|0x00000000e0800000, 0x00000000e0900000, 0x00000000e0900000|100%|HS|  |TAMS 0x00000000e0900000, 0x00000000e0800000| Complete 
|   9|0x00000000e0900000, 0x00000000e0900000, 0x00000000e0a00000|  0%| F|  |TAMS 0x00000000e0900000, 0x00000000e0900000| Untracked 
|  10|0x00000000e0a00000, 0x00000000e0b00000, 0x00000000e0b00000|100%| O|  |TAMS 0x00000000e0b00000, 0x00000000e0a00000| Untracked 
|  11|0x00000000e0b00000, 0x00000000e0c00000, 0x00000000e0c00000|100%| O|  |TAMS 0x00000000e0c00000, 0x00000000e0b00000| Untracked 
|  12|0x00000000e0c00000, 0x00000000e0d00000, 0x00000000e0d00000|100%| O|  |TAMS 0x00000000e0d00000, 0x00000000e0c00000| Untracked 
|  13|0x00000000e0d00000, 0x00000000e0e00000, 0x00000000e0e00000|100%| O|  |TAMS 0x00000000e0d07600, 0x00000000e0d00000| Untracked 
|  14|0x00000000e0e00000, 0x00000000e0e00000, 0x00000000e0f00000|  0%| F|  |TAMS 0x00000000e0e00000, 0x00000000e0e00000| Untracked 
|  15|0x00000000e0f00000, 0x00000000e1000000, 0x00000000e1000000|100%| O|  |TAMS 0x00000000e0f00000, 0x00000000e0f00000| Untracked 
|  16|0x00000000e1000000, 0x00000000e1100000, 0x00000000e1100000|100%| O|  |TAMS 0x00000000e1000000, 0x00000000e1000000| Untracked 
|  17|0x00000000e1100000, 0x00000000e1200000, 0x00000000e1200000|100%| O|  |TAMS 0x00000000e1100000, 0x00000000e1100000| Untracked 
|  18|0x00000000e1200000, 0x00000000e1300000, 0x00000000e1300000|100%| O|  |TAMS 0x00000000e1200000, 0x00000000e1200000| Untracked 
|  19|0x00000000e1300000, 0x00000000e1400000, 0x00000000e1400000|100%| O|  |TAMS 0x00000000e1300000, 0x00000000e1300000| Untracked 
|  20|0x00000000e1400000, 0x00000000e1500000, 0x00000000e1500000|100%| O|  |TAMS 0x00000000e1400000, 0x00000000e1400000| Untracked 
|  21|0x00000000e1500000, 0x00000000e1600000, 0x00000000e1600000|100%| O|  |TAMS 0x00000000e1500000, 0x00000000e1500000| Untracked 
|  22|0x00000000e1600000, 0x00000000e1700000, 0x00000000e1700000|100%| O|  |TAMS 0x00000000e1600000, 0x00000000e1600000| Untracked 
|  23|0x00000000e1700000, 0x00000000e1800000, 0x00000000e1800000|100%| O|  |TAMS 0x00000000e1700000, 0x00000000e1700000| Untracked 
|  24|0x00000000e1800000, 0x00000000e1900000, 0x00000000e1900000|100%| O|  |TAMS 0x00000000e1800000, 0x00000000e1800000| Untracked 
|  25|0x00000000e1900000, 0x00000000e1937a00, 0x00000000e1a00000| 21%| O|  |TAMS 0x00000000e1900000, 0x00000000e1900000| Untracked 
|  26|0x00000000e1a00000, 0x00000000e1a00000, 0x00000000e1b00000|  0%| F|  |TAMS 0x00000000e1a00000, 0x00000000e1a00000| Untracked 
|  27|0x00000000e1b00000, 0x00000000e1b00000, 0x00000000e1c00000|  0%| F|  |TAMS 0x00000000e1b00000, 0x00000000e1b00000| Untracked 
|  28|0x00000000e1c00000, 0x00000000e1c00000, 0x00000000e1d00000|  0%| F|  |TAMS 0x00000000e1c00000, 0x00000000e1c00000| Untracked 
|  29|0x00000000e1d00000, 0x00000000e1d00000, 0x00000000e1e00000|  0%| F|  |TAMS 0x00000000e1d00000, 0x00000000e1d00000| Untracked 
|  30|0x00000000e1e00000, 0x00000000e1e00000, 0x00000000e1f00000|  0%| F|  |TAMS 0x00000000e1e00000, 0x00000000e1e00000| Untracked 
|  31|0x00000000e1f00000, 0x00000000e1f00000, 0x00000000e2000000|  0%| F|  |TAMS 0x00000000e1f00000, 0x00000000e1f00000| Untracked 
|  32|0x00000000e2000000, 0x00000000e2000000, 0x00000000e2100000|  0%| F|  |TAMS 0x00000000e2000000, 0x00000000e2000000| Untracked 
|  33|0x00000000e2100000, 0x00000000e2100000, 0x00000000e2200000|  0%| F|  |TAMS 0x00000000e2100000, 0x00000000e2100000| Untracked 
|  34|0x00000000e2200000, 0x00000000e2200000, 0x00000000e2300000|  0%| F|  |TAMS 0x00000000e2200000, 0x00000000e2200000| Untracked 
|  35|0x00000000e2300000, 0x00000000e2300000, 0x00000000e2400000|  0%| F|  |TAMS 0x00000000e2300000, 0x00000000e2300000| Untracked 
|  36|0x00000000e2400000, 0x00000000e2400000, 0x00000000e2500000|  0%| F|  |TAMS 0x00000000e2400000, 0x00000000e2400000| Untracked 
|  37|0x00000000e2500000, 0x00000000e2500000, 0x00000000e2600000|  0%| F|  |TAMS 0x00000000e2500000, 0x00000000e2500000| Untracked 
|  38|0x00000000e2600000, 0x00000000e2600000, 0x00000000e2700000|  0%| F|  |TAMS 0x00000000e2600000, 0x00000000e2600000| Untracked 
|  39|0x00000000e2700000, 0x00000000e2700000, 0x00000000e2800000|  0%| F|  |TAMS 0x00000000e2700000, 0x00000000e2700000| Untracked 
|  40|0x00000000e2800000, 0x00000000e2800000, 0x00000000e2900000|  0%| F|  |TAMS 0x00000000e2800000, 0x00000000e2800000| Untracked 
|  41|0x00000000e2900000, 0x00000000e2900000, 0x00000000e2a00000|  0%| F|  |TAMS 0x00000000e2900000, 0x00000000e2900000| Untracked 
|  42|0x00000000e2a00000, 0x00000000e2a00000, 0x00000000e2b00000|  0%| F|  |TAMS 0x00000000e2a00000, 0x00000000e2a00000| Untracked 
|  43|0x00000000e2b00000, 0x00000000e2b00000, 0x00000000e2c00000|  0%| F|  |TAMS 0x00000000e2b00000, 0x00000000e2b00000| Untracked 
|  44|0x00000000e2c00000, 0x00000000e2c00000, 0x00000000e2d00000|  0%| F|  |TAMS 0x00000000e2c00000, 0x00000000e2c00000| Untracked 
|  45|0x00000000e2d00000, 0x00000000e2d00000, 0x00000000e2e00000|  0%| F|  |TAMS 0x00000000e2d00000, 0x00000000e2d00000| Untracked 
|  46|0x00000000e2e00000, 0x00000000e2e00000, 0x00000000e2f00000|  0%| F|  |TAMS 0x00000000e2e00000, 0x00000000e2e00000| Untracked 
|  47|0x00000000e2f00000, 0x00000000e2f00000, 0x00000000e3000000|  0%| F|  |TAMS 0x00000000e2f00000, 0x00000000e2f00000| Untracked 
|  48|0x00000000e3000000, 0x00000000e3000000, 0x00000000e3100000|  0%| F|  |TAMS 0x00000000e3000000, 0x00000000e3000000| Untracked 
|  49|0x00000000e3100000, 0x00000000e3100000, 0x00000000e3200000|  0%| F|  |TAMS 0x00000000e3100000, 0x00000000e3100000| Untracked 
|  50|0x00000000e3200000, 0x00000000e3200000, 0x00000000e3300000|  0%| F|  |TAMS 0x00000000e3200000, 0x00000000e3200000| Untracked 
|  51|0x00000000e3300000, 0x00000000e3300000, 0x00000000e3400000|  0%| F|  |TAMS 0x00000000e3300000, 0x00000000e3300000| Untracked 
|  52|0x00000000e3400000, 0x00000000e3400000, 0x00000000e3500000|  0%| F|  |TAMS 0x00000000e3400000, 0x00000000e3400000| Untracked 
|  53|0x00000000e3500000, 0x00000000e3500000, 0x00000000e3600000|  0%| F|  |TAMS 0x00000000e3500000, 0x00000000e3500000| Untracked 
|  54|0x00000000e3600000, 0x00000000e3600000, 0x00000000e3700000|  0%| F|  |TAMS 0x00000000e3600000, 0x00000000e3600000| Untracked 
|  55|0x00000000e3700000, 0x00000000e3700000, 0x00000000e3800000|  0%| F|  |TAMS 0x00000000e3700000, 0x00000000e3700000| Untracked 
|  56|0x00000000e3800000, 0x00000000e3800000, 0x00000000e3900000|  0%| F|  |TAMS 0x00000000e3800000, 0x00000000e3800000| Untracked 
|  57|0x00000000e3900000, 0x00000000e3900000, 0x00000000e3a00000|  0%| F|  |TAMS 0x00000000e3900000, 0x00000000e3900000| Untracked 
|  58|0x00000000e3a00000, 0x00000000e3a00000, 0x00000000e3b00000|  0%| F|  |TAMS 0x00000000e3a00000, 0x00000000e3a00000| Untracked 
|  59|0x00000000e3b00000, 0x00000000e3b00000, 0x00000000e3c00000|  0%| F|  |TAMS 0x00000000e3b00000, 0x00000000e3b00000| Untracked 
|  60|0x00000000e3c00000, 0x00000000e3c00000, 0x00000000e3d00000|  0%| F|  |TAMS 0x00000000e3c00000, 0x00000000e3c00000| Untracked 
|  61|0x00000000e3d00000, 0x00000000e3d00000, 0x00000000e3e00000|  0%| F|  |TAMS 0x00000000e3d00000, 0x00000000e3d00000| Untracked 
|  62|0x00000000e3e00000, 0x00000000e3e00000, 0x00000000e3f00000|  0%| F|  |TAMS 0x00000000e3e00000, 0x00000000e3e00000| Untracked 
|  63|0x00000000e3f00000, 0x00000000e3f00000, 0x00000000e4000000|  0%| F|  |TAMS 0x00000000e3f00000, 0x00000000e3f00000| Untracked 
|  64|0x00000000e4000000, 0x00000000e4000000, 0x00000000e4100000|  0%| F|  |TAMS 0x00000000e4000000, 0x00000000e4000000| Untracked 
|  65|0x00000000e4100000, 0x00000000e4100000, 0x00000000e4200000|  0%| F|  |TAMS 0x00000000e4100000, 0x00000000e4100000| Untracked 
|  66|0x00000000e4200000, 0x00000000e4200000, 0x00000000e4300000|  0%| F|  |TAMS 0x00000000e4200000, 0x00000000e4200000| Untracked 
|  67|0x00000000e4300000, 0x00000000e4300000, 0x00000000e4400000|  0%| F|  |TAMS 0x00000000e4300000, 0x00000000e4300000| Untracked 
|  68|0x00000000e4400000, 0x00000000e4400000, 0x00000000e4500000|  0%| F|  |TAMS 0x00000000e4400000, 0x00000000e4400000| Untracked 
|  69|0x00000000e4500000, 0x00000000e4500000, 0x00000000e4600000|  0%| F|  |TAMS 0x00000000e4500000, 0x00000000e4500000| Untracked 
|  70|0x00000000e4600000, 0x00000000e4600000, 0x00000000e4700000|  0%| F|  |TAMS 0x00000000e4600000, 0x00000000e4600000| Untracked 
|  71|0x00000000e4700000, 0x00000000e4700000, 0x00000000e4800000|  0%| F|  |TAMS 0x00000000e4700000, 0x00000000e4700000| Untracked 
|  72|0x00000000e4800000, 0x00000000e4800000, 0x00000000e4900000|  0%| F|  |TAMS 0x00000000e4800000, 0x00000000e4800000| Untracked 
|  73|0x00000000e4900000, 0x00000000e4900000, 0x00000000e4a00000|  0%| F|  |TAMS 0x00000000e4900000, 0x00000000e4900000| Untracked 
|  74|0x00000000e4a00000, 0x00000000e4a00000, 0x00000000e4b00000|  0%| F|  |TAMS 0x00000000e4a00000, 0x00000000e4a00000| Untracked 
|  75|0x00000000e4b00000, 0x00000000e4b00000, 0x00000000e4c00000|  0%| F|  |TAMS 0x00000000e4b00000, 0x00000000e4b00000| Untracked 
|  76|0x00000000e4c00000, 0x00000000e4c00000, 0x00000000e4d00000|  0%| F|  |TAMS 0x00000000e4c00000, 0x00000000e4c00000| Untracked 
|  77|0x00000000e4d00000, 0x00000000e4d00000, 0x00000000e4e00000|  0%| F|  |TAMS 0x00000000e4d00000, 0x00000000e4d00000| Untracked 
|  78|0x00000000e4e00000, 0x00000000e4e00000, 0x00000000e4f00000|  0%| F|  |TAMS 0x00000000e4e00000, 0x00000000e4e00000| Untracked 
|  79|0x00000000e4f00000, 0x00000000e4f00000, 0x00000000e5000000|  0%| F|  |TAMS 0x00000000e4f00000, 0x00000000e4f00000| Untracked 
|  80|0x00000000e5000000, 0x00000000e5000000, 0x00000000e5100000|  0%| F|  |TAMS 0x00000000e5000000, 0x00000000e5000000| Untracked 
|  81|0x00000000e5100000, 0x00000000e5100000, 0x00000000e5200000|  0%| F|  |TAMS 0x00000000e5100000, 0x00000000e5100000| Untracked 
|  82|0x00000000e5200000, 0x00000000e5200000, 0x00000000e5300000|  0%| F|  |TAMS 0x00000000e5200000, 0x00000000e5200000| Untracked 
|  83|0x00000000e5300000, 0x00000000e5300000, 0x00000000e5400000|  0%| F|  |TAMS 0x00000000e5300000, 0x00000000e5300000| Untracked 
|  84|0x00000000e5400000, 0x00000000e5400000, 0x00000000e5500000|  0%| F|  |TAMS 0x00000000e5400000, 0x00000000e5400000| Untracked 
|  85|0x00000000e5500000, 0x00000000e5500000, 0x00000000e5600000|  0%| F|  |TAMS 0x00000000e5500000, 0x00000000e5500000| Untracked 
|  86|0x00000000e5600000, 0x00000000e5600000, 0x00000000e5700000|  0%| F|  |TAMS 0x00000000e5600000, 0x00000000e5600000| Untracked 
|  87|0x00000000e5700000, 0x00000000e5700000, 0x00000000e5800000|  0%| F|  |TAMS 0x00000000e5700000, 0x00000000e5700000| Untracked 
|  88|0x00000000e5800000, 0x00000000e58a3a00, 0x00000000e5900000| 63%| S|CS|TAMS 0x00000000e5800000, 0x00000000e5800000| Complete 
|  89|0x00000000e5900000, 0x00000000e5a00000, 0x00000000e5a00000|100%| S|CS|TAMS 0x00000000e5900000, 0x00000000e5900000| Complete 
|  90|0x00000000e5a00000, 0x00000000e5b00000, 0x00000000e5b00000|100%| S|CS|TAMS 0x00000000e5a00000, 0x00000000e5a00000| Complete 
|  91|0x00000000e5b00000, 0x00000000e5c00000, 0x00000000e5c00000|100%| S|CS|TAMS 0x00000000e5b00000, 0x00000000e5b00000| Complete 
|  92|0x00000000e5c00000, 0x00000000e5d00000, 0x00000000e5d00000|100%| S|CS|TAMS 0x00000000e5c00000, 0x00000000e5c00000| Complete 
|  93|0x00000000e5d00000, 0x00000000e5e00000, 0x00000000e5e00000|100%| S|CS|TAMS 0x00000000e5d00000, 0x00000000e5d00000| Complete 
|  94|0x00000000e5e00000, 0x00000000e5f00000, 0x00000000e5f00000|100%| S|CS|TAMS 0x00000000e5e00000, 0x00000000e5e00000| Complete 
|  95|0x00000000e5f00000, 0x00000000e6000000, 0x00000000e6000000|100%| S|CS|TAMS 0x00000000e5f00000, 0x00000000e5f00000| Complete 
|  96|0x00000000e6000000, 0x00000000e6100000, 0x00000000e6100000|100%| S|CS|TAMS 0x00000000e6000000, 0x00000000e6000000| Complete 
|  97|0x00000000e6100000, 0x00000000e6200000, 0x00000000e6200000|100%| S|CS|TAMS 0x00000000e6100000, 0x00000000e6100000| Complete 
|  98|0x00000000e6200000, 0x00000000e6300000, 0x00000000e6300000|100%| S|CS|TAMS 0x00000000e6200000, 0x00000000e6200000| Complete 
|  99|0x00000000e6300000, 0x00000000e6300000, 0x00000000e6400000|  0%| F|  |TAMS 0x00000000e6300000, 0x00000000e6300000| Untracked 
| 100|0x00000000e6400000, 0x00000000e6400000, 0x00000000e6500000|  0%| F|  |TAMS 0x00000000e6400000, 0x00000000e6400000| Untracked 
| 101|0x00000000e6500000, 0x00000000e6500000, 0x00000000e6600000|  0%| F|  |TAMS 0x00000000e6500000, 0x00000000e6500000| Untracked 
| 102|0x00000000e6600000, 0x00000000e6600000, 0x00000000e6700000|  0%| F|  |TAMS 0x00000000e6600000, 0x00000000e6600000| Untracked 
| 103|0x00000000e6700000, 0x00000000e6700000, 0x00000000e6800000|  0%| F|  |TAMS 0x00000000e6700000, 0x00000000e6700000| Untracked 
| 104|0x00000000e6800000, 0x00000000e6800000, 0x00000000e6900000|  0%| F|  |TAMS 0x00000000e6800000, 0x00000000e6800000| Untracked 
| 105|0x00000000e6900000, 0x00000000e6900000, 0x00000000e6a00000|  0%| F|  |TAMS 0x00000000e6900000, 0x00000000e6900000| Untracked 
| 106|0x00000000e6a00000, 0x00000000e6a00000, 0x00000000e6b00000|  0%| F|  |TAMS 0x00000000e6a00000, 0x00000000e6a00000| Untracked 
| 107|0x00000000e6b00000, 0x00000000e6b00000, 0x00000000e6c00000|  0%| F|  |TAMS 0x00000000e6b00000, 0x00000000e6b00000| Untracked 
| 108|0x00000000e6c00000, 0x00000000e6c00000, 0x00000000e6d00000|  0%| F|  |TAMS 0x00000000e6c00000, 0x00000000e6c00000| Untracked 
| 109|0x00000000e6d00000, 0x00000000e6d00000, 0x00000000e6e00000|  0%| F|  |TAMS 0x00000000e6d00000, 0x00000000e6d00000| Untracked 
| 110|0x00000000e6e00000, 0x00000000e6e00000, 0x00000000e6f00000|  0%| F|  |TAMS 0x00000000e6e00000, 0x00000000e6e00000| Untracked 
| 111|0x00000000e6f00000, 0x00000000e6f00000, 0x00000000e7000000|  0%| F|  |TAMS 0x00000000e6f00000, 0x00000000e6f00000| Untracked 
| 112|0x00000000e7000000, 0x00000000e7000000, 0x00000000e7100000|  0%| F|  |TAMS 0x00000000e7000000, 0x00000000e7000000| Untracked 
| 113|0x00000000e7100000, 0x00000000e7100000, 0x00000000e7200000|  0%| F|  |TAMS 0x00000000e7100000, 0x00000000e7100000| Untracked 
| 114|0x00000000e7200000, 0x00000000e7200000, 0x00000000e7300000|  0%| F|  |TAMS 0x00000000e7200000, 0x00000000e7200000| Untracked 
| 115|0x00000000e7300000, 0x00000000e7400000, 0x00000000e7400000|100%| S|CS|TAMS 0x00000000e7300000, 0x00000000e7300000| Complete 
| 116|0x00000000e7400000, 0x00000000e7500000, 0x00000000e7500000|100%| S|CS|TAMS 0x00000000e7400000, 0x00000000e7400000| Complete 
| 117|0x00000000e7500000, 0x00000000e7600000, 0x00000000e7600000|100%| S|CS|TAMS 0x00000000e7500000, 0x00000000e7500000| Complete 
| 118|0x00000000e7600000, 0x00000000e7700000, 0x00000000e7700000|100%| S|CS|TAMS 0x00000000e7600000, 0x00000000e7600000| Complete 
| 119|0x00000000e7700000, 0x00000000e7700000, 0x00000000e7800000|  0%| F|  |TAMS 0x00000000e7700000, 0x00000000e7700000| Untracked 
| 120|0x00000000e7800000, 0x00000000e7800000, 0x00000000e7900000|  0%| F|  |TAMS 0x00000000e7800000, 0x00000000e7800000| Untracked 
| 121|0x00000000e7900000, 0x00000000e7900000, 0x00000000e7a00000|  0%| F|  |TAMS 0x00000000e7900000, 0x00000000e7900000| Untracked 
| 122|0x00000000e7a00000, 0x00000000e7a00000, 0x00000000e7b00000|  0%| F|  |TAMS 0x00000000e7a00000, 0x00000000e7a00000| Untracked 
| 123|0x00000000e7b00000, 0x00000000e7b00000, 0x00000000e7c00000|  0%| F|  |TAMS 0x00000000e7b00000, 0x00000000e7b00000| Untracked 
| 124|0x00000000e7c00000, 0x00000000e7c00000, 0x00000000e7d00000|  0%| F|  |TAMS 0x00000000e7c00000, 0x00000000e7c00000| Untracked 
| 125|0x00000000e7d00000, 0x00000000e7d00000, 0x00000000e7e00000|  0%| F|  |TAMS 0x00000000e7d00000, 0x00000000e7d00000| Untracked 
| 126|0x00000000e7e00000, 0x00000000e7e00000, 0x00000000e7f00000|  0%| F|  |TAMS 0x00000000e7e00000, 0x00000000e7e00000| Untracked 
| 127|0x00000000e7f00000, 0x00000000e7f00000, 0x00000000e8000000|  0%| F|  |TAMS 0x00000000e7f00000, 0x00000000e7f00000| Untracked 
| 128|0x00000000e8000000, 0x00000000e8000000, 0x00000000e8100000|  0%| F|  |TAMS 0x00000000e8000000, 0x00000000e8000000| Untracked 
| 129|0x00000000e8100000, 0x00000000e8100000, 0x00000000e8200000|  0%| F|  |TAMS 0x00000000e8100000, 0x00000000e8100000| Untracked 
| 130|0x00000000e8200000, 0x00000000e8200000, 0x00000000e8300000|  0%| F|  |TAMS 0x00000000e8200000, 0x00000000e8200000| Untracked 
| 131|0x00000000e8300000, 0x00000000e8300000, 0x00000000e8400000|  0%| F|  |TAMS 0x00000000e8300000, 0x00000000e8300000| Untracked 
| 132|0x00000000e8400000, 0x00000000e8400000, 0x00000000e8500000|  0%| F|  |TAMS 0x00000000e8400000, 0x00000000e8400000| Untracked 
| 133|0x00000000e8500000, 0x00000000e8500000, 0x00000000e8600000|  0%| F|  |TAMS 0x00000000e8500000, 0x00000000e8500000| Untracked 
| 134|0x00000000e8600000, 0x00000000e8600000, 0x00000000e8700000|  0%| F|  |TAMS 0x00000000e8600000, 0x00000000e8600000| Untracked 
| 135|0x00000000e8700000, 0x00000000e8700000, 0x00000000e8800000|  0%| F|  |TAMS 0x00000000e8700000, 0x00000000e8700000| Untracked 
| 136|0x00000000e8800000, 0x00000000e8800000, 0x00000000e8900000|  0%| F|  |TAMS 0x00000000e8800000, 0x00000000e8800000| Untracked 
| 137|0x00000000e8900000, 0x00000000e8900000, 0x00000000e8a00000|  0%| F|  |TAMS 0x00000000e8900000, 0x00000000e8900000| Untracked 
| 138|0x00000000e8a00000, 0x00000000e8a00000, 0x00000000e8b00000|  0%| F|  |TAMS 0x00000000e8a00000, 0x00000000e8a00000| Untracked 
| 139|0x00000000e8b00000, 0x00000000e8b00000, 0x00000000e8c00000|  0%| F|  |TAMS 0x00000000e8b00000, 0x00000000e8b00000| Untracked 
| 140|0x00000000e8c00000, 0x00000000e8c00000, 0x00000000e8d00000|  0%| F|  |TAMS 0x00000000e8c00000, 0x00000000e8c00000| Untracked 
| 141|0x00000000e8d00000, 0x00000000e8d00000, 0x00000000e8e00000|  0%| F|  |TAMS 0x00000000e8d00000, 0x00000000e8d00000| Untracked 
| 142|0x00000000e8e00000, 0x00000000e8e00000, 0x00000000e8f00000|  0%| F|  |TAMS 0x00000000e8e00000, 0x00000000e8e00000| Untracked 
| 143|0x00000000e8f00000, 0x00000000e8f00000, 0x00000000e9000000|  0%| F|  |TAMS 0x00000000e8f00000, 0x00000000e8f00000| Untracked 
| 144|0x00000000e9000000, 0x00000000e9000000, 0x00000000e9100000|  0%| F|  |TAMS 0x00000000e9000000, 0x00000000e9000000| Untracked 
| 145|0x00000000e9100000, 0x00000000e9100000, 0x00000000e9200000|  0%| F|  |TAMS 0x00000000e9100000, 0x00000000e9100000| Untracked 
| 146|0x00000000e9200000, 0x00000000e9200000, 0x00000000e9300000|  0%| F|  |TAMS 0x00000000e9200000, 0x00000000e9200000| Untracked 
| 147|0x00000000e9300000, 0x00000000e9300000, 0x00000000e9400000|  0%| F|  |TAMS 0x00000000e9300000, 0x00000000e9300000| Untracked 
| 148|0x00000000e9400000, 0x00000000e9400000, 0x00000000e9500000|  0%| F|  |TAMS 0x00000000e9400000, 0x00000000e9400000| Untracked 
| 149|0x00000000e9500000, 0x00000000e9500000, 0x00000000e9600000|  0%| F|  |TAMS 0x00000000e9500000, 0x00000000e9500000| Untracked 
| 150|0x00000000e9600000, 0x00000000e9600000, 0x00000000e9700000|  0%| F|  |TAMS 0x00000000e9600000, 0x00000000e9600000| Untracked 
| 151|0x00000000e9700000, 0x00000000e9700000, 0x00000000e9800000|  0%| F|  |TAMS 0x00000000e9700000, 0x00000000e9700000| Untracked 
| 152|0x00000000e9800000, 0x00000000e9800000, 0x00000000e9900000|  0%| F|  |TAMS 0x00000000e9800000, 0x00000000e9800000| Untracked 
| 153|0x00000000e9900000, 0x00000000e9900000, 0x00000000e9a00000|  0%| F|  |TAMS 0x00000000e9900000, 0x00000000e9900000| Untracked 
| 154|0x00000000e9a00000, 0x00000000e9a00000, 0x00000000e9b00000|  0%| F|  |TAMS 0x00000000e9a00000, 0x00000000e9a00000| Untracked 
| 155|0x00000000e9b00000, 0x00000000e9b00000, 0x00000000e9c00000|  0%| F|  |TAMS 0x00000000e9b00000, 0x00000000e9b00000| Untracked 
| 156|0x00000000e9c00000, 0x00000000e9c00000, 0x00000000e9d00000|  0%| F|  |TAMS 0x00000000e9c00000, 0x00000000e9c00000| Untracked 
| 157|0x00000000e9d00000, 0x00000000e9d00000, 0x00000000e9e00000|  0%| F|  |TAMS 0x00000000e9d00000, 0x00000000e9d00000| Untracked 
| 158|0x00000000e9e00000, 0x00000000e9e00000, 0x00000000e9f00000|  0%| F|  |TAMS 0x00000000e9e00000, 0x00000000e9e00000| Untracked 
| 159|0x00000000e9f00000, 0x00000000e9f00000, 0x00000000ea000000|  0%| F|  |TAMS 0x00000000e9f00000, 0x00000000e9f00000| Untracked 
| 160|0x00000000ea000000, 0x00000000ea000000, 0x00000000ea100000|  0%| F|  |TAMS 0x00000000ea000000, 0x00000000ea000000| Untracked 
| 161|0x00000000ea100000, 0x00000000ea100000, 0x00000000ea200000|  0%| F|  |TAMS 0x00000000ea100000, 0x00000000ea100000| Untracked 
| 162|0x00000000ea200000, 0x00000000ea200000, 0x00000000ea300000|  0%| F|  |TAMS 0x00000000ea200000, 0x00000000ea200000| Untracked 
| 163|0x00000000ea300000, 0x00000000ea300000, 0x00000000ea400000|  0%| F|  |TAMS 0x00000000ea300000, 0x00000000ea300000| Untracked 
| 164|0x00000000ea400000, 0x00000000ea400000, 0x00000000ea500000|  0%| F|  |TAMS 0x00000000ea400000, 0x00000000ea400000| Untracked 
| 165|0x00000000ea500000, 0x00000000ea500000, 0x00000000ea600000|  0%| F|  |TAMS 0x00000000ea500000, 0x00000000ea500000| Untracked 
| 166|0x00000000ea600000, 0x00000000ea600000, 0x00000000ea700000|  0%| F|  |TAMS 0x00000000ea600000, 0x00000000ea600000| Untracked 
| 167|0x00000000ea700000, 0x00000000ea700000, 0x00000000ea800000|  0%| F|  |TAMS 0x00000000ea700000, 0x00000000ea700000| Untracked 
| 168|0x00000000ea800000, 0x00000000ea800000, 0x00000000ea900000|  0%| F|  |TAMS 0x00000000ea800000, 0x00000000ea800000| Untracked 
| 169|0x00000000ea900000, 0x00000000ea900000, 0x00000000eaa00000|  0%| F|  |TAMS 0x00000000ea900000, 0x00000000ea900000| Untracked 
| 170|0x00000000eaa00000, 0x00000000eaa00000, 0x00000000eab00000|  0%| F|  |TAMS 0x00000000eaa00000, 0x00000000eaa00000| Untracked 
| 171|0x00000000eab00000, 0x00000000eab00000, 0x00000000eac00000|  0%| F|  |TAMS 0x00000000eab00000, 0x00000000eab00000| Untracked 
| 172|0x00000000eac00000, 0x00000000eac00000, 0x00000000ead00000|  0%| F|  |TAMS 0x00000000eac00000, 0x00000000eac00000| Untracked 
| 173|0x00000000ead00000, 0x00000000ead00000, 0x00000000eae00000|  0%| F|  |TAMS 0x00000000ead00000, 0x00000000ead00000| Untracked 
| 174|0x00000000eae00000, 0x00000000eae00000, 0x00000000eaf00000|  0%| F|  |TAMS 0x00000000eae00000, 0x00000000eae00000| Untracked 
| 175|0x00000000eaf00000, 0x00000000eaf00000, 0x00000000eb000000|  0%| F|  |TAMS 0x00000000eaf00000, 0x00000000eaf00000| Untracked 
| 176|0x00000000eb000000, 0x00000000eb000000, 0x00000000eb100000|  0%| F|  |TAMS 0x00000000eb000000, 0x00000000eb000000| Untracked 
| 177|0x00000000eb100000, 0x00000000eb100000, 0x00000000eb200000|  0%| F|  |TAMS 0x00000000eb100000, 0x00000000eb100000| Untracked 
| 178|0x00000000eb200000, 0x00000000eb200000, 0x00000000eb300000|  0%| F|  |TAMS 0x00000000eb200000, 0x00000000eb200000| Untracked 
| 179|0x00000000eb300000, 0x00000000eb300000, 0x00000000eb400000|  0%| F|  |TAMS 0x00000000eb300000, 0x00000000eb300000| Untracked 
| 180|0x00000000eb400000, 0x00000000eb400000, 0x00000000eb500000|  0%| F|  |TAMS 0x00000000eb400000, 0x00000000eb400000| Untracked 
| 181|0x00000000eb500000, 0x00000000eb500000, 0x00000000eb600000|  0%| F|  |TAMS 0x00000000eb500000, 0x00000000eb500000| Untracked 
| 182|0x00000000eb600000, 0x00000000eb600000, 0x00000000eb700000|  0%| F|  |TAMS 0x00000000eb600000, 0x00000000eb600000| Untracked 
| 183|0x00000000eb700000, 0x00000000eb700000, 0x00000000eb800000|  0%| F|  |TAMS 0x00000000eb700000, 0x00000000eb700000| Untracked 
| 184|0x00000000eb800000, 0x00000000eb800000, 0x00000000eb900000|  0%| F|  |TAMS 0x00000000eb800000, 0x00000000eb800000| Untracked 
| 185|0x00000000eb900000, 0x00000000eb900000, 0x00000000eba00000|  0%| F|  |TAMS 0x00000000eb900000, 0x00000000eb900000| Untracked 
| 186|0x00000000eba00000, 0x00000000eba00000, 0x00000000ebb00000|  0%| F|  |TAMS 0x00000000eba00000, 0x00000000eba00000| Untracked 
| 187|0x00000000ebb00000, 0x00000000ebb00000, 0x00000000ebc00000|  0%| F|  |TAMS 0x00000000ebb00000, 0x00000000ebb00000| Untracked 
| 188|0x00000000ebc00000, 0x00000000ebc00000, 0x00000000ebd00000|  0%| F|  |TAMS 0x00000000ebc00000, 0x00000000ebc00000| Untracked 
| 189|0x00000000ebd00000, 0x00000000ebd00000, 0x00000000ebe00000|  0%| F|  |TAMS 0x00000000ebd00000, 0x00000000ebd00000| Untracked 
| 190|0x00000000ebe00000, 0x00000000ebe00000, 0x00000000ebf00000|  0%| F|  |TAMS 0x00000000ebe00000, 0x00000000ebe00000| Untracked 
| 191|0x00000000ebf00000, 0x00000000ebf00000, 0x00000000ec000000|  0%| F|  |TAMS 0x00000000ebf00000, 0x00000000ebf00000| Untracked 
| 192|0x00000000ec000000, 0x00000000ec000000, 0x00000000ec100000|  0%| F|  |TAMS 0x00000000ec000000, 0x00000000ec000000| Untracked 
| 193|0x00000000ec100000, 0x00000000ec100000, 0x00000000ec200000|  0%| F|  |TAMS 0x00000000ec100000, 0x00000000ec100000| Untracked 
| 194|0x00000000ec200000, 0x00000000ec200000, 0x00000000ec300000|  0%| F|  |TAMS 0x00000000ec200000, 0x00000000ec200000| Untracked 
| 195|0x00000000ec300000, 0x00000000ec300000, 0x00000000ec400000|  0%| F|  |TAMS 0x00000000ec300000, 0x00000000ec300000| Untracked 
| 196|0x00000000ec400000, 0x00000000ec400000, 0x00000000ec500000|  0%| F|  |TAMS 0x00000000ec400000, 0x00000000ec400000| Untracked 
| 197|0x00000000ec500000, 0x00000000ec500000, 0x00000000ec600000|  0%| F|  |TAMS 0x00000000ec500000, 0x00000000ec500000| Untracked 
| 198|0x00000000ec600000, 0x00000000ec600000, 0x00000000ec700000|  0%| F|  |TAMS 0x00000000ec600000, 0x00000000ec600000| Untracked 
| 199|0x00000000ec700000, 0x00000000ec700000, 0x00000000ec800000|  0%| F|  |TAMS 0x00000000ec700000, 0x00000000ec700000| Untracked 
| 200|0x00000000ec800000, 0x00000000ec800000, 0x00000000ec900000|  0%| F|  |TAMS 0x00000000ec800000, 0x00000000ec800000| Untracked 
| 201|0x00000000ec900000, 0x00000000ec900000, 0x00000000eca00000|  0%| F|  |TAMS 0x00000000ec900000, 0x00000000ec900000| Untracked 
| 202|0x00000000eca00000, 0x00000000eca00000, 0x00000000ecb00000|  0%| F|  |TAMS 0x00000000eca00000, 0x00000000eca00000| Untracked 
| 203|0x00000000ecb00000, 0x00000000ecb00000, 0x00000000ecc00000|  0%| F|  |TAMS 0x00000000ecb00000, 0x00000000ecb00000| Untracked 
| 204|0x00000000ecc00000, 0x00000000ecc00000, 0x00000000ecd00000|  0%| F|  |TAMS 0x00000000ecc00000, 0x00000000ecc00000| Untracked 
| 205|0x00000000ecd00000, 0x00000000ecd00000, 0x00000000ece00000|  0%| F|  |TAMS 0x00000000ecd00000, 0x00000000ecd00000| Untracked 
| 206|0x00000000ece00000, 0x00000000ece00000, 0x00000000ecf00000|  0%| F|  |TAMS 0x00000000ece00000, 0x00000000ece00000| Untracked 
| 207|0x00000000ecf00000, 0x00000000ecf00000, 0x00000000ed000000|  0%| F|  |TAMS 0x00000000ecf00000, 0x00000000ecf00000| Untracked 
| 208|0x00000000ed000000, 0x00000000ed000000, 0x00000000ed100000|  0%| F|  |TAMS 0x00000000ed000000, 0x00000000ed000000| Untracked 
| 209|0x00000000ed100000, 0x00000000ed100000, 0x00000000ed200000|  0%| F|  |TAMS 0x00000000ed100000, 0x00000000ed100000| Untracked 
| 210|0x00000000ed200000, 0x00000000ed200000, 0x00000000ed300000|  0%| F|  |TAMS 0x00000000ed200000, 0x00000000ed200000| Untracked 
| 211|0x00000000ed300000, 0x00000000ed300000, 0x00000000ed400000|  0%| F|  |TAMS 0x00000000ed300000, 0x00000000ed300000| Untracked 
| 212|0x00000000ed400000, 0x00000000ed400000, 0x00000000ed500000|  0%| F|  |TAMS 0x00000000ed400000, 0x00000000ed400000| Untracked 
| 213|0x00000000ed500000, 0x00000000ed500000, 0x00000000ed600000|  0%| F|  |TAMS 0x00000000ed500000, 0x00000000ed500000| Untracked 
| 214|0x00000000ed600000, 0x00000000ed600000, 0x00000000ed700000|  0%| F|  |TAMS 0x00000000ed600000, 0x00000000ed600000| Untracked 
| 215|0x00000000ed700000, 0x00000000ed700000, 0x00000000ed800000|  0%| F|  |TAMS 0x00000000ed700000, 0x00000000ed700000| Untracked 
| 216|0x00000000ed800000, 0x00000000ed800000, 0x00000000ed900000|  0%| F|  |TAMS 0x00000000ed800000, 0x00000000ed800000| Untracked 
| 217|0x00000000ed900000, 0x00000000ed900000, 0x00000000eda00000|  0%| F|  |TAMS 0x00000000ed900000, 0x00000000ed900000| Untracked 
| 218|0x00000000eda00000, 0x00000000eda00000, 0x00000000edb00000|  0%| F|  |TAMS 0x00000000eda00000, 0x00000000eda00000| Untracked 
| 219|0x00000000edb00000, 0x00000000edb00000, 0x00000000edc00000|  0%| F|  |TAMS 0x00000000edb00000, 0x00000000edb00000| Untracked 
| 220|0x00000000edc00000, 0x00000000edc00000, 0x00000000edd00000|  0%| F|  |TAMS 0x00000000edc00000, 0x00000000edc00000| Untracked 
| 221|0x00000000edd00000, 0x00000000edd00000, 0x00000000ede00000|  0%| F|  |TAMS 0x00000000edd00000, 0x00000000edd00000| Untracked 
| 222|0x00000000ede00000, 0x00000000ede00000, 0x00000000edf00000|  0%| F|  |TAMS 0x00000000ede00000, 0x00000000ede00000| Untracked 
| 223|0x00000000edf00000, 0x00000000edf00000, 0x00000000ee000000|  0%| F|  |TAMS 0x00000000edf00000, 0x00000000edf00000| Untracked 
| 224|0x00000000ee000000, 0x00000000ee000000, 0x00000000ee100000|  0%| F|  |TAMS 0x00000000ee000000, 0x00000000ee000000| Untracked 
| 225|0x00000000ee100000, 0x00000000ee100000, 0x00000000ee200000|  0%| F|  |TAMS 0x00000000ee100000, 0x00000000ee100000| Untracked 
| 226|0x00000000ee200000, 0x00000000ee200000, 0x00000000ee300000|  0%| F|  |TAMS 0x00000000ee200000, 0x00000000ee200000| Untracked 
| 227|0x00000000ee300000, 0x00000000ee300000, 0x00000000ee400000|  0%| F|  |TAMS 0x00000000ee300000, 0x00000000ee300000| Untracked 
| 228|0x00000000ee400000, 0x00000000ee400000, 0x00000000ee500000|  0%| F|  |TAMS 0x00000000ee400000, 0x00000000ee400000| Untracked 
| 229|0x00000000ee500000, 0x00000000ee500000, 0x00000000ee600000|  0%| F|  |TAMS 0x00000000ee500000, 0x00000000ee500000| Untracked 
| 230|0x00000000ee600000, 0x00000000ee600000, 0x00000000ee700000|  0%| F|  |TAMS 0x00000000ee600000, 0x00000000ee600000| Untracked 
| 231|0x00000000ee700000, 0x00000000ee700000, 0x00000000ee800000|  0%| F|  |TAMS 0x00000000ee700000, 0x00000000ee700000| Untracked 
| 232|0x00000000ee800000, 0x00000000ee800000, 0x00000000ee900000|  0%| F|  |TAMS 0x00000000ee800000, 0x00000000ee800000| Untracked 
| 233|0x00000000ee900000, 0x00000000ee900000, 0x00000000eea00000|  0%| F|  |TAMS 0x00000000ee900000, 0x00000000ee900000| Untracked 
| 234|0x00000000eea00000, 0x00000000eea00000, 0x00000000eeb00000|  0%| F|  |TAMS 0x00000000eea00000, 0x00000000eea00000| Untracked 
| 235|0x00000000eeb00000, 0x00000000eeb00000, 0x00000000eec00000|  0%| F|  |TAMS 0x00000000eeb00000, 0x00000000eeb00000| Untracked 
| 236|0x00000000eec00000, 0x00000000eec00000, 0x00000000eed00000|  0%| F|  |TAMS 0x00000000eec00000, 0x00000000eec00000| Untracked 
| 237|0x00000000eed00000, 0x00000000eed00000, 0x00000000eee00000|  0%| F|  |TAMS 0x00000000eed00000, 0x00000000eed00000| Untracked 
| 238|0x00000000eee00000, 0x00000000eee00000, 0x00000000eef00000|  0%| F|  |TAMS 0x00000000eee00000, 0x00000000eee00000| Untracked 
| 239|0x00000000eef00000, 0x00000000eef00000, 0x00000000ef000000|  0%| F|  |TAMS 0x00000000eef00000, 0x00000000eef00000| Untracked 
| 240|0x00000000ef000000, 0x00000000ef000000, 0x00000000ef100000|  0%| F|  |TAMS 0x00000000ef000000, 0x00000000ef000000| Untracked 
| 241|0x00000000ef100000, 0x00000000ef100000, 0x00000000ef200000|  0%| F|  |TAMS 0x00000000ef100000, 0x00000000ef100000| Untracked 
| 242|0x00000000ef200000, 0x00000000ef200000, 0x00000000ef300000|  0%| F|  |TAMS 0x00000000ef200000, 0x00000000ef200000| Untracked 
| 243|0x00000000ef300000, 0x00000000ef300000, 0x00000000ef400000|  0%| F|  |TAMS 0x00000000ef300000, 0x00000000ef300000| Untracked 
| 244|0x00000000ef400000, 0x00000000ef400000, 0x00000000ef500000|  0%| F|  |TAMS 0x00000000ef400000, 0x00000000ef400000| Untracked 
| 245|0x00000000ef500000, 0x00000000ef5cb718, 0x00000000ef600000| 79%| E|  |TAMS 0x00000000ef500000, 0x00000000ef500000| Complete 
| 246|0x00000000ef600000, 0x00000000ef700000, 0x00000000ef700000|100%| E|CS|TAMS 0x00000000ef600000, 0x00000000ef600000| Complete 
| 247|0x00000000ef700000, 0x00000000ef800000, 0x00000000ef800000|100%| E|CS|TAMS 0x00000000ef700000, 0x00000000ef700000| Complete 
| 248|0x00000000ef800000, 0x00000000ef900000, 0x00000000ef900000|100%| E|CS|TAMS 0x00000000ef800000, 0x00000000ef800000| Complete 
| 249|0x00000000ef900000, 0x00000000efa00000, 0x00000000efa00000|100%| E|CS|TAMS 0x00000000ef900000, 0x00000000ef900000| Complete 
| 250|0x00000000efa00000, 0x00000000efb00000, 0x00000000efb00000|100%| E|CS|TAMS 0x00000000efa00000, 0x00000000efa00000| Complete 
| 251|0x00000000efb00000, 0x00000000efc00000, 0x00000000efc00000|100%| E|CS|TAMS 0x00000000efb00000, 0x00000000efb00000| Complete 
| 252|0x00000000efc00000, 0x00000000efd00000, 0x00000000efd00000|100%| E|CS|TAMS 0x00000000efc00000, 0x00000000efc00000| Complete 
| 253|0x00000000efd00000, 0x00000000efe00000, 0x00000000efe00000|100%| E|CS|TAMS 0x00000000efd00000, 0x00000000efd00000| Complete 
| 254|0x00000000efe00000, 0x00000000eff00000, 0x00000000eff00000|100%| E|CS|TAMS 0x00000000efe00000, 0x00000000efe00000| Complete 
| 255|0x00000000eff00000, 0x00000000f0000000, 0x00000000f0000000|100%| E|CS|TAMS 0x00000000eff00000, 0x00000000eff00000| Complete 

Card table byte_map: [0x0000022cc62e0000,0x0000022cc63e0000] _byte_map_base: 0x0000022cc5be0000

Marking Bits (Prev, Next): (CMBitMap*) 0x0000022caee107c0, (CMBitMap*) 0x0000022caee10800
 Prev Bits: [0x0000022cc64e0000, 0x0000022cc6ce0000)
 Next Bits: [0x0000022cc6ce0000, 0x0000022cc74e0000)

Polling page: 0x0000022cad570000

Metaspace:

Usage:
  Non-class:     41.33 MB used.
      Class:      6.84 MB used.
       Both:     48.17 MB used.

Virtual space:
  Non-class space:       64.00 MB reserved,      41.62 MB ( 65%) committed,  1 nodes.
      Class space:      320.00 MB reserved,       7.12 MB (  2%) committed,  1 nodes.
             Both:      384.00 MB reserved,      48.75 MB ( 13%) committed. 

Chunk freelists:
   Non-Class:  5.87 MB
       Class:  8.75 MB
        Both:  14.62 MB

MaxMetaspaceSize: 384.00 MB
CompressedClassSpaceSize: 320.00 MB
Initial GC threshold: 21.00 MB
Current GC threshold: 61.38 MB
CDS: on
MetaspaceReclaimPolicy: balanced
 - commit_granule_bytes: 65536.
 - commit_granule_words: 8192.
 - virtual_space_node_default_size: 8388608.
 - enlarge_chunks_in_place: 1.
 - new_chunks_are_fully_committed: 0.
 - uncommit_free_chunks: 1.
 - use_allocation_guard: 0.
 - handle_deallocations: 1.


Internal statistics:

num_allocs_failed_limit: 15.
num_arena_births: 580.
num_arena_deaths: 0.
num_vsnodes_births: 2.
num_vsnodes_deaths: 0.
num_space_committed: 780.
num_space_uncommitted: 0.
num_chunks_returned_to_freelist: 15.
num_chunks_taken_from_freelist: 2571.
num_chunk_merges: 15.
num_chunk_splits: 1693.
num_chunks_enlarged: 1130.
num_inconsistent_stats: 0.

CodeHeap 'non-profiled nmethods': size=120000Kb used=3194Kb max_used=3267Kb free=116805Kb
 bounds [0x0000022cbe250000, 0x0000022cbe590000, 0x0000022cc5780000]
CodeHeap 'profiled nmethods': size=120000Kb used=10869Kb max_used=10869Kb free=109130Kb
 bounds [0x0000022cb6780000, 0x0000022cb7220000, 0x0000022cbdcb0000]
CodeHeap 'non-nmethods': size=5760Kb used=2343Kb max_used=2377Kb free=3416Kb
 bounds [0x0000022cbdcb0000, 0x0000022cbdf20000, 0x0000022cbe250000]
 total_blobs=6486 nmethods=5635 adapters=763
 compilation: enabled
              stopped_count=0, restarted_count=0
 full_count=0

Compilation events (20 events):
Event: 235.216 Thread 0x0000022cc9f13520 6423       4       org.gradle.internal.operations.DefaultBuildOperationRunner::access$300 (4 bytes)
Event: 235.216 Thread 0x0000022cc9f13520 nmethod 6423 0x0000022cbe399a90 code [0x0000022cbe399c00, 0x0000022cbe399c58]
Event: 235.463 Thread 0x0000022cc9f5b000 6444       1       org.gradle.api.internal.collections.DefaultCollectionEventRegister::getAddActions (5 bytes)
Event: 235.463 Thread 0x0000022cc9f5b000 nmethod 6444 0x0000022cbe399790 code [0x0000022cbe399920, 0x0000022cbe3999f8]
Event: 235.471 Thread 0x0000022cc9f5b000 6445       1       org.gradle.api.internal.DefaultDomainObjectCollection::getEventRegister (5 bytes)
Event: 235.472 Thread 0x0000022cc9f5b000 nmethod 6445 0x0000022cbe399490 code [0x0000022cbe399620, 0x0000022cbe3996f8]
Event: 235.521 Thread 0x0000022cc9f5b000 6446       3       sun.nio.ch.NativeSocketAddress::family (54 bytes)
Event: 235.522 Thread 0x0000022cc9f5b000 nmethod 6446 0x0000022cb721b790 code [0x0000022cb721b940, 0x0000022cb721baf8]
Event: 235.522 Thread 0x0000022cc9f5b000 6447   !   3       sun.nio.ch.NativeSocketAddress::address (101 bytes)
Event: 235.522 Thread 0x0000022cc9f5b000 nmethod 6447 0x0000022cb721bb90 code [0x0000022cb721bd80, 0x0000022cb721c2b8]
Event: 235.522 Thread 0x0000022cc9f5b000 6448       3       sun.nio.ch.NativeSocketAddress::port (91 bytes)
Event: 235.522 Thread 0x0000022cc9f5b000 nmethod 6448 0x0000022cb721c510 code [0x0000022cb721c6e0, 0x0000022cb721cb18]
Event: 235.542 Thread 0x0000022cc9f5b000 6449       3       org.gradle.internal.snapshot.RelativePathTracker::isRoot (10 bytes)
Event: 235.542 Thread 0x0000022cc9f5b000 nmethod 6449 0x0000022cb721cc90 code [0x0000022cb721ce40, 0x0000022cb721d008]
Event: 235.542 Thread 0x0000022cc9f13520 6450   !   4       java.util.AbstractList$Itr::next (46 bytes)
Event: 235.545 Thread 0x0000022cc9f13520 nmethod 6450 0x0000022cbe398f10 code [0x0000022cbe3990a0, 0x0000022cbe399288]
Event: 235.545 Thread 0x0000022cc9f13520 6451       4       java.net.URI::match (56 bytes)
Event: 235.545 Thread 0x0000022cc9f13520 nmethod 6451 0x0000022cbe398c10 code [0x0000022cbe398d80, 0x0000022cbe398e58]
Event: 235.752 Thread 0x0000022cc9f5b000 6452       3       java.util.concurrent.locks.AbstractQueuedSynchronizer$ConditionNode::isReleasable (23 bytes)
Event: 235.752 Thread 0x0000022cc9f5b000 nmethod 6452 0x0000022cb721d110 code [0x0000022cb721d2a0, 0x0000022cb721d518]

GC Heap History (12 events):
Event: 3.529 GC heap before
{Heap before GC invocations=0 (full 0):
 garbage-first heap   total 262144K, used 22528K [0x00000000e0000000, 0x0000000100000000)
  region size 1024K, 23 young (23552K), 0 survivors (0K)
 Metaspace       used 1096K, committed 1216K, reserved 393216K
  class space    used 78K, committed 128K, reserved 327680K
}
Event: 4.855 GC heap after
{Heap after GC invocations=1 (full 0):
 garbage-first heap   total 262144K, used 4096K [0x00000000e0000000, 0x0000000100000000)
  region size 1024K, 3 young (3072K), 3 survivors (3072K)
 Metaspace       used 1096K, committed 1216K, reserved 393216K
  class space    used 78K, committed 128K, reserved 327680K
}
Event: 6.327 GC heap before
{Heap before GC invocations=1 (full 0):
 garbage-first heap   total 262144K, used 38912K [0x00000000e0000000, 0x0000000100000000)
  region size 1024K, 34 young (34816K), 3 survivors (3072K)
 Metaspace       used 4378K, committed 4544K, reserved 393216K
  class space    used 550K, committed 640K, reserved 327680K
}
Event: 6.330 GC heap after
{Heap after GC invocations=2 (full 0):
 garbage-first heap   total 262144K, used 11490K [0x00000000e0000000, 0x0000000100000000)
  region size 1024K, 5 young (5120K), 5 survivors (5120K)
 Metaspace       used 4378K, committed 4544K, reserved 393216K
  class space    used 550K, committed 640K, reserved 327680K
}
Event: 7.243 GC heap before
{Heap before GC invocations=2 (full 0):
 garbage-first heap   total 262144K, used 59618K [0x00000000e0000000, 0x0000000100000000)
  region size 1024K, 50 young (51200K), 5 survivors (5120K)
 Metaspace       used 4685K, committed 4928K, reserved 393216K
  class space    used 595K, committed 704K, reserved 327680K
}
Event: 7.247 GC heap after
{Heap after GC invocations=3 (full 0):
 garbage-first heap   total 262144K, used 16730K [0x00000000e0000000, 0x0000000100000000)
  region size 1024K, 5 young (5120K), 5 survivors (5120K)
 Metaspace       used 4685K, committed 4928K, reserved 393216K
  class space    used 595K, committed 704K, reserved 327680K
}
Event: 27.404 GC heap before
{Heap before GC invocations=3 (full 0):
 garbage-first heap   total 262144K, used 126298K [0x00000000e0000000, 0x0000000100000000)
  region size 1024K, 113 young (115712K), 5 survivors (5120K)
 Metaspace       used 21206K, committed 21504K, reserved 393216K
  class space    used 3113K, committed 3264K, reserved 327680K
}
Event: 27.654 GC heap after
{Heap after GC invocations=4 (full 0):
 garbage-first heap   total 262144K, used 24156K [0x00000000e0000000, 0x0000000100000000)
  region size 1024K, 12 young (12288K), 12 survivors (12288K)
 Metaspace       used 21206K, committed 21504K, reserved 393216K
  class space    used 3113K, committed 3264K, reserved 327680K
}
Event: 59.960 GC heap before
{Heap before GC invocations=5 (full 0):
 garbage-first heap   total 262144K, used 159324K [0x00000000e0000000, 0x0000000100000000)
  region size 1024K, 141 young (144384K), 12 survivors (12288K)
 Metaspace       used 37169K, committed 37568K, reserved 393216K
  class space    used 5183K, committed 5376K, reserved 327680K
}
Event: 59.978 GC heap after
{Heap after GC invocations=6 (full 0):
 garbage-first heap   total 262144K, used 32589K [0x00000000e0000000, 0x0000000100000000)
  region size 1024K, 16 young (16384K), 16 survivors (16384K)
 Metaspace       used 37169K, committed 37568K, reserved 393216K
  class space    used 5183K, committed 5376K, reserved 327680K
}
Event: 234.677 GC heap before
{Heap before GC invocations=7 (full 0):
 garbage-first heap   total 262144K, used 173901K [0x00000000e0000000, 0x0000000100000000)
  region size 1024K, 153 young (156672K), 16 survivors (16384K)
 Metaspace       used 48429K, committed 48960K, reserved 393216K
  class space    used 6842K, committed 7104K, reserved 327680K
}
Event: 234.706 GC heap after
{Heap after GC invocations=8 (full 0):
 garbage-first heap   total 262144K, used 38765K [0x00000000e0000000, 0x0000000100000000)
  region size 1024K, 15 young (15360K), 15 survivors (15360K)
 Metaspace       used 48429K, committed 48960K, reserved 393216K
  class space    used 6842K, committed 7104K, reserved 327680K
}

Deoptimization events (20 events):
Event: 233.530 Thread 0x0000022ce4d0b8d0 Uncommon trap: trap_request=0xffffffc6 fr.pc=0x0000022cbe4efc6c relative=0x00000000000007ec
Event: 233.530 Thread 0x0000022ce4d0b8d0 Uncommon trap: reason=bimorphic_or_optimized_type_check action=maybe_recompile pc=0x0000022cbe4efc6c method=java.util.regex.Pattern$Start.match(Ljava/util/regex/Matcher;ILjava/lang/CharSequence;)Z @ 44 c2
Event: 233.530 Thread 0x0000022ce4d0b8d0 DEOPT PACKING pc=0x0000022cbe4efc6c sp=0x000000f8ff5f5270
Event: 233.530 Thread 0x0000022ce4d0b8d0 DEOPT UNPACKING pc=0x0000022cbdd05ba3 sp=0x000000f8ff5f5158 mode 2
Event: 233.530 Thread 0x0000022ce4d0b8d0 Uncommon trap: trap_request=0xffffffc6 fr.pc=0x0000022cbe4efc6c relative=0x00000000000007ec
Event: 233.530 Thread 0x0000022ce4d0b8d0 Uncommon trap: reason=bimorphic_or_optimized_type_check action=maybe_recompile pc=0x0000022cbe4efc6c method=java.util.regex.Pattern$Start.match(Ljava/util/regex/Matcher;ILjava/lang/CharSequence;)Z @ 44 c2
Event: 233.530 Thread 0x0000022ce4d0b8d0 DEOPT PACKING pc=0x0000022cbe4efc6c sp=0x000000f8ff5f5270
Event: 233.530 Thread 0x0000022ce4d0b8d0 DEOPT UNPACKING pc=0x0000022cbdd05ba3 sp=0x000000f8ff5f5158 mode 2
Event: 233.530 Thread 0x0000022ce4d0b8d0 Uncommon trap: trap_request=0xffffffc6 fr.pc=0x0000022cbe4eba4c relative=0x000000000000076c
Event: 233.530 Thread 0x0000022ce4d0b8d0 Uncommon trap: reason=bimorphic_or_optimized_type_check action=maybe_recompile pc=0x0000022cbe4eba4c method=java.util.regex.Pattern$Start.match(Ljava/util/regex/Matcher;ILjava/lang/CharSequence;)Z @ 44 c2
Event: 233.530 Thread 0x0000022ce4d0b8d0 DEOPT PACKING pc=0x0000022cbe4eba4c sp=0x000000f8ff5f51f0
Event: 233.530 Thread 0x0000022ce4d0b8d0 DEOPT UNPACKING pc=0x0000022cbdd05ba3 sp=0x000000f8ff5f5150 mode 2
Event: 233.530 Thread 0x0000022ce4d0b8d0 Uncommon trap: trap_request=0xffffffc6 fr.pc=0x0000022cbe4eaa84 relative=0x00000000000005a4
Event: 233.530 Thread 0x0000022ce4d0b8d0 Uncommon trap: reason=bimorphic_or_optimized_type_check action=maybe_recompile pc=0x0000022cbe4eaa84 method=java.util.regex.Pattern$Start.match(Ljava/util/regex/Matcher;ILjava/lang/CharSequence;)Z @ 44 c2
Event: 233.530 Thread 0x0000022ce4d0b8d0 DEOPT PACKING pc=0x0000022cbe4eaa84 sp=0x000000f8ff5f5180
Event: 233.530 Thread 0x0000022ce4d0b8d0 DEOPT UNPACKING pc=0x0000022cbdd05ba3 sp=0x000000f8ff5f5150 mode 2
Event: 233.790 Thread 0x0000022ce4d0b8d0 DEOPT PACKING pc=0x0000022cb6a5b159 sp=0x000000f8ff5f5e60
Event: 233.790 Thread 0x0000022ce4d0b8d0 DEOPT UNPACKING pc=0x0000022cbdd066e3 sp=0x000000f8ff5f5358 mode 0
Event: 233.818 Thread 0x0000022ce4d0b8d0 DEOPT PACKING pc=0x0000022cb71e54b2 sp=0x000000f8ff5f7450
Event: 233.818 Thread 0x0000022ce4d0b8d0 DEOPT UNPACKING pc=0x0000022cbdd066e3 sp=0x000000f8ff5f6910 mode 0

Classes unloaded (0 events):
No events

Classes redefined (0 events):
No events

Internal exceptions (20 events):
Event: 86.438 Thread 0x0000022ce4d0b8d0 Exception <a 'java/lang/ClassNotFoundException'{0x00000000ed59fe08}: org/gradle/initialization/DefaultSettings_DecoratedBeanInfo> (0x00000000ed59fe08) 
thrown [s\open\src\hotspot\share\classfile\systemDictionary.cpp, line 256]
Event: 86.439 Thread 0x0000022ce4d0b8d0 Exception <a 'java/lang/ClassNotFoundException'{0x00000000ed5af6e0}: org/gradle/initialization/DefaultSettingsBeanInfo> (0x00000000ed5af6e0) 
thrown [s\open\src\hotspot\share\classfile\systemDictionary.cpp, line 256]
Event: 86.439 Thread 0x0000022ce4d0b8d0 Exception <a 'java/lang/ClassNotFoundException'{0x00000000ed5bea50}: org/gradle/initialization/DefaultSettingsCustomizer> (0x00000000ed5bea50) 
thrown [s\open\src\hotspot\share\classfile\systemDictionary.cpp, line 256]
Event: 86.443 Thread 0x0000022ce4d0b8d0 Exception <a 'java/lang/ClassNotFoundException'{0x00000000ed407498}: org/gradle/initialization/DefaultSettings_DecoratedCustomizer> (0x00000000ed407498) 
thrown [s\open\src\hotspot\share\classfile\systemDictionary.cpp, line 256]
Event: 86.573 Thread 0x0000022ce4d0b8d0 Exception <a 'java/lang/ClassNotFoundException'{0x00000000ed4aa770}: org/gradle/initialization/DefaultProjectDescriptorBeanInfo> (0x00000000ed4aa770) 
thrown [s\open\src\hotspot\share\classfile\systemDictionary.cpp, line 256]
Event: 86.574 Thread 0x0000022ce4d0b8d0 Exception <a 'java/lang/ClassNotFoundException'{0x00000000ed4b97c0}: org/gradle/initialization/DefaultProjectDescriptorCustomizer> (0x00000000ed4b97c0) 
thrown [s\open\src\hotspot\share\classfile\systemDictionary.cpp, line 256]
Event: 86.586 Thread 0x0000022ce4d0b8d0 Exception <a 'java/lang/NoSuchMethodError'{0x00000000ed308820}: 'void java.lang.invoke.DirectMethodHandle$Holder.invokeInterface(java.lang.Object, java.lang.Object)'> (0x00000000ed308820) 
thrown [s\open\src\hotspot\share\interpreter\linkResolver.cpp, line 759]
Event: 87.211 Thread 0x0000022ce4d0b8d0 Exception <a 'java/lang/NoSuchMethodError'{0x00000000ec4f9048}: 'long java.lang.invoke.DirectMethodHandle$Holder.invokeStatic(java.lang.Object, long)'> (0x00000000ec4f9048) 
thrown [s\open\src\hotspot\share\interpreter\linkResolver.cpp, line 759]
Event: 87.236 Thread 0x0000022ce4d0b8d0 Implicit null exception at 0x0000022cbe532e7f to 0x0000022cbe533144
Event: 225.639 Thread 0x0000022ce4d0b8d0 Exception <a 'java/lang/ClassNotFoundException'{0x00000000eac8b100}: build_322xc9f48nlpasyuhw4um76ljBeanInfo> (0x00000000eac8b100) 
thrown [s\open\src\hotspot\share\classfile\systemDictionary.cpp, line 256]
Event: 225.640 Thread 0x0000022ce4d0b8d0 Exception <a 'java/lang/ClassNotFoundException'{0x00000000eac961c0}: org/gradle/api/internal/project/ProjectScriptBeanInfo> (0x00000000eac961c0) 
thrown [s\open\src\hotspot\share\classfile\systemDictionary.cpp, line 256]
Event: 225.641 Thread 0x0000022ce4d0b8d0 Exception <a 'java/lang/ClassNotFoundException'{0x00000000eaca1390}: org/gradle/api/internal/project/ProjectScriptCustomizer> (0x00000000eaca1390) 
thrown [s\open\src\hotspot\share\classfile\systemDictionary.cpp, line 256]
Event: 225.645 Thread 0x0000022ce4d0b8d0 Exception <a 'java/lang/ClassNotFoundException'{0x00000000eacb9508}: build_322xc9f48nlpasyuhw4um76ljCustomizer> (0x00000000eacb9508) 
thrown [s\open\src\hotspot\share\classfile\systemDictionary.cpp, line 256]
Event: 225.786 Thread 0x0000022ce4d0b8d0 Exception <a 'java/lang/ClassNotFoundException'{0x00000000eab15800}: org/gradle/plugin/use/internal/PluginRequestCollector$PluginDependenciesSpecImplBeanInfo> (0x00000000eab15800) 
thrown [s\open\src\hotspot\share\classfile\systemDictionary.cpp, line 256]
Event: 225.787 Thread 0x0000022ce4d0b8d0 Exception <a 'java/lang/ClassNotFoundException'{0x00000000eab26e00}: org/gradle/plugin/use/internal/PluginRequestCollector$PluginDependenciesSpecImplCustomizer> (0x00000000eab26e00) 
thrown [s\open\src\hotspot\share\classfile\systemDictionary.cpp, line 256]
Event: 225.822 Thread 0x0000022ce4d0b8d0 Exception <a 'java/lang/ClassNotFoundException'{0x00000000eab6ced8}: org/gradle/plugin/use/internal/PluginRequestCollector$PluginDependencySpecImplBeanInfo> (0x00000000eab6ced8) 
thrown [s\open\src\hotspot\share\classfile\systemDictionary.cpp, line 256]
Event: 225.823 Thread 0x0000022ce4d0b8d0 Exception <a 'java/lang/ClassNotFoundException'{0x00000000eab7e478}: org/gradle/plugin/use/internal/PluginRequestCollector$PluginDependencySpecImplCustomizer> (0x00000000eab7e478) 
thrown [s\open\src\hotspot\share\classfile\systemDictionary.cpp, line 256]
Event: 226.720 Thread 0x0000022ce4d0b8d0 Exception <a 'java/lang/NoSuchMethodError'{0x00000000ea28d9f0}: 'int java.lang.invoke.DirectMethodHandle$Holder.invokeSpecialIFC(java.lang.Object, java.lang.Object, java.lang.Object)'> (0x00000000ea28d9f0) 
thrown [s\open\src\hotspot\share\interpreter\linkResolver.cpp, line 759]
Event: 226.936 Thread 0x0000022ce4d0b8d0 Exception <a 'java/lang/NoSuchMethodError'{0x00000000e9e60788}: 'void java.lang.invoke.DirectMethodHandle$Holder.invokeStatic(java.lang.Object, java.lang.Object, java.lang.Object, int, java.lang.Object)'> (0x00000000e9e60788) 
thrown [s\open\src\hotspot\share\interpreter\linkResolver.cpp, line 759]
Event: 233.696 Thread 0x0000022ce4d0b8d0 Exception <a 'java/lang/NoSuchMethodError'{0x00000000e7a06780}: 'void java.lang.invoke.DirectMethodHandle$Holder.invokeVirtual(java.lang.Object, java.lang.Object)'> (0x00000000e7a06780) 
thrown [s\open\src\hotspot\share\interpreter\linkResolver.cpp, line 759]

VM Operations (20 events):
Event: 225.935 Executing VM operation: Cleanup
Event: 225.958 Executing VM operation: Cleanup done
Event: 226.728 Executing VM operation: HandshakeAllThreads
Event: 226.742 Executing VM operation: HandshakeAllThreads done
Event: 226.774 Executing VM operation: HandshakeAllThreads
Event: 226.774 Executing VM operation: HandshakeAllThreads done
Event: 227.806 Executing VM operation: Cleanup
Event: 227.806 Executing VM operation: Cleanup done
Event: 228.829 Executing VM operation: Cleanup
Event: 228.829 Executing VM operation: Cleanup done
Event: 229.838 Executing VM operation: Cleanup
Event: 230.111 Executing VM operation: Cleanup done
Event: 231.135 Executing VM operation: Cleanup
Event: 232.151 Executing VM operation: Cleanup done
Event: 232.883 Executing VM operation: ICBufferFull
Event: 232.883 Executing VM operation: ICBufferFull done
Event: 233.860 Executing VM operation: G1CollectForAllocation
Event: 234.716 Executing VM operation: G1CollectForAllocation done
Event: 235.722 Executing VM operation: Cleanup
Event: 235.723 Executing VM operation: Cleanup done

Events (20 events):
Event: 233.409 loading class javax/xml/parsers/FactoryFinder$1 done
Event: 233.409 loading class com/sun/org/apache/xerces/internal/jaxp/DocumentBuilderFactoryImpl
Event: 233.410 loading class com/sun/org/apache/xerces/internal/jaxp/DocumentBuilderFactoryImpl done
Event: 233.410 loading class com/sun/org/apache/xerces/internal/utils/XMLSecurityManager
Event: 233.411 loading class com/sun/org/apache/xerces/internal/utils/XMLSecurityManager done
Event: 233.411 loading class com/sun/org/apache/xerces/internal/utils/XMLSecurityManager$Limit
Event: 233.411 loading class com/sun/org/apache/xerces/internal/utils/XMLSecurityManager$Limit done
Event: 233.411 loading class com/sun/org/apache/xerces/internal/utils/XMLSecurityManager$NameMap
Event: 233.411 loading class com/sun/org/apache/xerces/internal/utils/XMLSecurityManager$NameMap done
Event: 233.412 loading class com/sun/org/apache/xerces/internal/utils/XMLSecurityPropertyManager
Event: 233.412 loading class com/sun/org/apache/xerces/internal/utils/XMLSecurityPropertyManager done
Event: 233.412 loading class com/sun/org/apache/xerces/internal/utils/XMLSecurityPropertyManager$State
Event: 233.412 loading class com/sun/org/apache/xerces/internal/utils/XMLSecurityPropertyManager$State done
Event: 233.412 loading class com/sun/org/apache/xerces/internal/utils/XMLSecurityPropertyManager$Property
Event: 233.412 loading class com/sun/org/apache/xerces/internal/utils/XMLSecurityPropertyManager$Property done
Event: 233.527 loading class java/util/regex/Pattern$SliceI
Event: 233.527 loading class java/util/regex/Pattern$SliceI done
Event: 233.593 Thread 0x0000022ce6c17480 Thread added: 0x0000022ce6c17480
Event: 233.696 Thread 0x0000022ce594f010 Thread exited: 0x0000022ce594f010
Event: 235.110 Thread 0x0000022ce594f010 Thread added: 0x0000022ce594f010


Dynamic libraries:
0x00007ff7bcc20000 - 0x00007ff7bcc30000 	C:\Program Files\Java\jdk-17\bin\java.exe
0x00007ffdcd0c0000 - 0x00007ffdcd323000 	C:\WINDOWS\SYSTEM32\ntdll.dll
0x00007ffdcaf90000 - 0x00007ffdcb057000 	C:\WINDOWS\System32\KERNEL32.DLL
0x00007ffdca490000 - 0x00007ffdca857000 	C:\WINDOWS\System32\KERNELBASE.dll
0x00007ffdca990000 - 0x00007ffdcaadc000 	C:\WINDOWS\System32\ucrtbase.dll
0x00007ffdbeab0000 - 0x00007ffdbeac9000 	C:\Program Files\Java\jdk-17\bin\jli.dll
0x00007ffdcb640000 - 0x00007ffdcb6f4000 	C:\WINDOWS\System32\ADVAPI32.dll
0x00007ffdcb0a0000 - 0x00007ffdcb149000 	C:\WINDOWS\System32\msvcrt.dll
0x00007ffdcb700000 - 0x00007ffdcb7a6000 	C:\WINDOWS\System32\sechost.dll
0x00007ffdcb430000 - 0x00007ffdcb546000 	C:\WINDOWS\System32\RPCRT4.dll
0x00007ffdcba60000 - 0x00007ffdcbc29000 	C:\WINDOWS\System32\USER32.dll
0x00007ffdca460000 - 0x00007ffdca487000 	C:\WINDOWS\System32\win32u.dll
0x00007ffdcc9c0000 - 0x00007ffdcc9ea000 	C:\WINDOWS\System32\GDI32.dll
0x00007ffdcaae0000 - 0x00007ffdcac0b000 	C:\WINDOWS\System32\gdi32full.dll
0x00007ffdcae50000 - 0x00007ffdcaef3000 	C:\WINDOWS\System32\msvcp_win.dll
0x00007ffdb2520000 - 0x00007ffdb27b0000 	C:\WINDOWS\WinSxS\amd64_microsoft.windows.common-controls_6595b64144ccf1df_6.0.26100.3037_none_3e09262ce333c378\COMCTL32.dll
0x00007ffdb95b0000 - 0x00007ffdb95bb000 	C:\WINDOWS\SYSTEM32\VERSION.dll
0x00007ffdbea90000 - 0x00007ffdbeaab000 	C:\Program Files\Java\jdk-17\bin\VCRUNTIME140.dll
0x00007ffdcb060000 - 0x00007ffdcb08f000 	C:\WINDOWS\System32\IMM32.DLL
0x00007ffdc6cc0000 - 0x00007ffdc6ccc000 	C:\Program Files\Java\jdk-17\bin\vcruntime140_1.dll
0x00007ffdbea00000 - 0x00007ffdbea8e000 	C:\Program Files\Java\jdk-17\bin\msvcp140.dll
0x00007ffd6fdd0000 - 0x00007ffd709b0000 	C:\Program Files\Java\jdk-17\bin\server\jvm.dll
0x00007ffdccef0000 - 0x00007ffdccef8000 	C:\WINDOWS\System32\PSAPI.DLL
0x00007ffdbee70000 - 0x00007ffdbee7a000 	C:\WINDOWS\SYSTEM32\WSOCK32.dll
0x00007ffdcbdd0000 - 0x00007ffdcbe44000 	C:\WINDOWS\System32\WS2_32.dll
0x00007ffdb4740000 - 0x00007ffdb4776000 	C:\WINDOWS\SYSTEM32\WINMM.dll
0x00007ffdc9250000 - 0x00007ffdc926a000 	C:\WINDOWS\SYSTEM32\kernel.appcore.dll
0x00007ffdbe9f0000 - 0x00007ffdbe9fa000 	C:\Program Files\Java\jdk-17\bin\jimage.dll
0x00007ffdc7be0000 - 0x00007ffdc7e21000 	C:\WINDOWS\SYSTEM32\DBGHELP.DLL
0x00007ffdcbe50000 - 0x00007ffdcc1ce000 	C:\WINDOWS\System32\combase.dll
0x00007ffdccf00000 - 0x00007ffdccfd6000 	C:\WINDOWS\System32\OLEAUT32.dll
0x00007ffd784d0000 - 0x00007ffd78509000 	C:\WINDOWS\SYSTEM32\dbgcore.DLL
0x00007ffdca8f0000 - 0x00007ffdca989000 	C:\WINDOWS\System32\bcryptPrimitives.dll
0x00007ffdbe9e0000 - 0x00007ffdbe9ee000 	C:\Program Files\Java\jdk-17\bin\instrument.dll
0x00007ffdbe9b0000 - 0x00007ffdbe9d5000 	C:\Program Files\Java\jdk-17\bin\java.dll
0x00007ffd77160000 - 0x00007ffd77237000 	C:\Program Files\Java\jdk-17\bin\jsvml.dll
0x00007ffdcc1e0000 - 0x00007ffdcc8e4000 	C:\WINDOWS\System32\SHELL32.dll
0x00007ffdc8120000 - 0x00007ffdc8957000 	C:\WINDOWS\SYSTEM32\windows.storage.dll
0x00007ffdcb550000 - 0x00007ffdcb639000 	C:\WINDOWS\System32\SHCORE.dll
0x00007ffdcb3d0000 - 0x00007ffdcb42d000 	C:\WINDOWS\System32\shlwapi.dll
0x00007ffdca370000 - 0x00007ffdca39e000 	C:\WINDOWS\SYSTEM32\profapi.dll
0x00007ffdbe990000 - 0x00007ffdbe9a8000 	C:\Program Files\Java\jdk-17\bin\zip.dll
0x00007ffdbe970000 - 0x00007ffdbe989000 	C:\Program Files\Java\jdk-17\bin\net.dll
0x00007ffdc0cc0000 - 0x00007ffdc0dde000 	C:\WINDOWS\SYSTEM32\WINHTTP.dll
0x00007ffdc9740000 - 0x00007ffdc97aa000 	C:\WINDOWS\system32\mswsock.dll
0x00007ffdbe950000 - 0x00007ffdbe966000 	C:\Program Files\Java\jdk-17\bin\nio.dll
0x00007ffdbe940000 - 0x00007ffdbe950000 	C:\Program Files\Java\jdk-17\bin\verify.dll
0x00007ffdbebe0000 - 0x00007ffdbec07000 	C:\Users\r2com\.gradle\native\1def1411415f61bf3af743bc5b6707747c0891f09f0c88961ee8f79bc544acac\windows-amd64\native-platform.dll
0x00007ffd7f3c0000 - 0x00007ffd7f438000 	C:\Users\r2com\.gradle\native\0.2.6\x86_64-windows-gnu\gradle-fileevents.dll
0x00007ffdbe930000 - 0x00007ffdbe93a000 	C:\Program Files\Java\jdk-17\bin\management.dll
0x00007ffdbe920000 - 0x00007ffdbe92b000 	C:\Program Files\Java\jdk-17\bin\management_ext.dll
0x00007ffdc8d20000 - 0x00007ffdc8d52000 	C:\WINDOWS\SYSTEM32\IPHLPAPI.DLL
0x00007ffdcce80000 - 0x00007ffdcce8a000 	C:\WINDOWS\System32\NSI.dll
0x00007ffdc4030000 - 0x00007ffdc404f000 	C:\WINDOWS\SYSTEM32\dhcpcsvc6.DLL
0x00007ffdc3960000 - 0x00007ffdc3985000 	C:\WINDOWS\SYSTEM32\dhcpcsvc.DLL
0x00007ffdc8d60000 - 0x00007ffdc8e85000 	C:\WINDOWS\SYSTEM32\DNSAPI.dll
0x00007ffdc9af0000 - 0x00007ffdc9b0c000 	C:\WINDOWS\SYSTEM32\CRYPTSP.dll
0x00007ffdc91b0000 - 0x00007ffdc91e8000 	C:\WINDOWS\system32\rsaenh.dll
0x00007ffdc97e0000 - 0x00007ffdc980b000 	C:\WINDOWS\SYSTEM32\USERENV.dll
0x00007ffdc9d90000 - 0x00007ffdc9db6000 	C:\WINDOWS\SYSTEM32\bcrypt.dll
0x00007ffdc9970000 - 0x00007ffdc997c000 	C:\WINDOWS\SYSTEM32\CRYPTBASE.dll
0x00007ffdbe910000 - 0x00007ffdbe91e000 	C:\Program Files\Java\jdk-17\bin\sunmscapi.dll
0x00007ffdcac10000 - 0x00007ffdcad86000 	C:\WINDOWS\System32\CRYPT32.dll
0x00007ffdc9d50000 - 0x00007ffdc9d80000 	C:\WINDOWS\SYSTEM32\ncrypt.dll
0x00007ffdc9d00000 - 0x00007ffdc9d3f000 	C:\WINDOWS\SYSTEM32\NTASN1.dll
0x00007ffdaba40000 - 0x00007ffdaba48000 	C:\WINDOWS\system32\wshunix.dll

dbghelp: loaded successfully - version: 4.0.5 - missing functions: none
symbol engine: initialized successfully - sym options: 0x614 - pdb path: .;C:\Program Files\Java\jdk-17\bin;C:\WINDOWS\SYSTEM32;C:\WINDOWS\WinSxS\amd64_microsoft.windows.common-controls_6595b64144ccf1df_6.0.26100.3037_none_3e09262ce333c378;C:\Program Files\Java\jdk-17\bin\server;C:\Users\r2com\.gradle\native\1def1411415f61bf3af743bc5b6707747c0891f09f0c88961ee8f79bc544acac\windows-amd64;C:\Users\r2com\.gradle\native\0.2.6\x86_64-windows-gnu

VM Arguments:
jvm_args: --add-opens=java.base/java.lang=ALL-UNNAMED --add-opens=java.base/java.lang.invoke=ALL-UNNAMED --add-opens=java.base/java.util=ALL-UNNAMED --add-opens=java.prefs/java.util.prefs=ALL-UNNAMED --add-exports=jdk.compiler/com.sun.tools.javac.api=ALL-UNNAMED --add-exports=jdk.compiler/com.sun.tools.javac.util=ALL-UNNAMED --add-opens=java.base/java.util=ALL-UNNAMED --add-opens=java.prefs/java.util.prefs=ALL-UNNAMED --add-opens=java.base/java.nio.charset=ALL-UNNAMED --add-opens=java.base/java.net=ALL-UNNAMED --add-opens=java.base/java.util.concurrent.atomic=ALL-UNNAMED --add-opens=java.xml/javax.xml.namespace=ALL-UNNAMED -XX:MaxMetaspaceSize=384m -XX:+HeapDumpOnOutOfMemoryError -Xms256m -Xmx512m -Dfile.encoding=UTF-8 -Duser.country=KR -Duser.language=ko -Duser.variant -javaagent:C:\Users\r2com\.gradle\wrapper\dists\gradle-8.12.1-bin\eumc4uhoysa37zql93vfjkxy0\gradle-8.12.1\lib\agents\gradle-instrumentation-agent-8.12.1.jar 
java_command: org.gradle.launcher.daemon.bootstrap.GradleDaemon 8.12.1
java_class_path (initial): C:\Users\r2com\.gradle\wrapper\dists\gradle-8.12.1-bin\eumc4uhoysa37zql93vfjkxy0\gradle-8.12.1\lib\gradle-daemon-main-8.12.1.jar
Launcher Type: SUN_STANDARD

[Global flags]
     intx CICompilerCount                          = 4                                         {product} {ergonomic}
   size_t CompressedClassSpaceSize                 = 335544320                                 {product} {ergonomic}
     uint ConcGCThreads                            = 2                                         {product} {ergonomic}
     uint G1ConcRefinementThreads                  = 8                                         {product} {ergonomic}
   size_t G1HeapRegionSize                         = 1048576                                   {product} {ergonomic}
    uintx GCDrainStackTargetSize                   = 64                                        {product} {ergonomic}
     bool HeapDumpOnOutOfMemoryError               = true                                   {manageable} {command line}
   size_t InitialHeapSize                          = 268435456                                 {product} {command line}
   size_t MarkStackSize                            = 4194304                                   {product} {ergonomic}
   size_t MaxHeapSize                              = 536870912                                 {product} {command line}
   size_t MaxMetaspaceSize                         = 402653184                                 {product} {command line}
   size_t MaxNewSize                               = 321912832                                 {product} {ergonomic}
   size_t MinHeapDeltaBytes                        = 1048576                                   {product} {ergonomic}
   size_t MinHeapSize                              = 268435456                                 {product} {command line}
    uintx NonNMethodCodeHeapSize                   = 5839372                                {pd product} {ergonomic}
    uintx NonProfiledCodeHeapSize                  = 122909434                              {pd product} {ergonomic}
    uintx ProfiledCodeHeapSize                     = 122909434                              {pd product} {ergonomic}
    uintx ReservedCodeCacheSize                    = 251658240                              {pd product} {ergonomic}
     bool SegmentedCodeCache                       = true                                      {product} {ergonomic}
   size_t SoftMaxHeapSize                          = 536870912                              {manageable} {ergonomic}
     bool UseCompressedClassPointers               = true                           {product lp64_product} {ergonomic}
     bool UseCompressedOops                        = true                           {product lp64_product} {ergonomic}
     bool UseG1GC                                  = true                                      {product} {ergonomic}
     bool UseLargePagesIndividualAllocation        = false                                  {pd product} {ergonomic}

Logging:
Log output configuration:
 #0: stdout all=warning uptime,level,tags
 #1: stderr all=off uptime,level,tags

Environment Variables:
PATH=C:\Program Files\Common Files\Oracle\Java\javapath;C:\WINDOWS\system32;C:\WINDOWS;C:\WINDOWS\System32\Wbem;C:\WINDOWS\System32\WindowsPowerShell\v1.0\;C:\WINDOWS\System32\OpenSSH\;C:\Program Files\nodejs\;C:\Program Files\Git\cmd;C:\Program Files\Docker\Docker\resources\bin;C:\Users\r2com\AppData\Local\Microsoft\WindowsApps;C:\Users\r2com\AppData\Roaming\npm;C:\Users\r2com\AppData\Local\Programs\Microsoft VS Code\bin;
USERNAME=r2com
OS=Windows_NT
PROCESSOR_IDENTIFIER=Intel64 Family 6 Model 140 Stepping 1, GenuineIntel



---------------  S Y S T E M  ---------------

OS:
 Windows 11 , 64 bit Build 26100 (10.0.26100.3037)
OS uptime: 0 days 11:15 hours
Hyper-V role detected

CPU: total 8 (initial active 8) (4 cores per cpu, 2 threads per core) family 6 model 140 stepping 1 microcode 0x8a, cx8, cmov, fxsr, ht, mmx, 3dnowpref, sse, sse2, sse3, ssse3, sse4.1, sse4.2, popcnt, lzcnt, tsc, tscinvbit, avx, avx2, aes, erms, clmul, bmi1, bmi2, adx, avx512f, avx512dq, avx512cd, avx512bw, avx512vl, sha, fma, vzeroupper, avx512_vpopcntdq, avx512_vpclmulqdq, avx512_vaes, avx512_vnni, clflush, clflushopt, clwb, avx512_vbmi2, avx512_vbmi, hv

Memory: 4k page, system-wide physical 32491M (1263M free)
TotalPageFile size 62874M (AvailPageFile size 3M)
current process WorkingSet (physical memory assigned to process): 320M, peak: 340M
current process commit charge ("private bytes"): 474M, peak: 477M

vm_info: Java HotSpot(TM) 64-Bit Server VM (17.0.12+8-LTS-286) for windows-amd64 JRE (17.0.12+8-LTS-286), built on Jun  5 2024 06:46:59 by "mach5one" with MS VC++ 17.6 (VS2022)

END.
