#
# There is insufficient memory for the Java Runtime Environment to continue.
# Native memory allocation (malloc) failed to allocate 69376 bytes for Chunk::new
# Possible reasons:
#   The system is out of physical RAM or swap space
#   The process is running with CompressedOops enabled, and the Java Heap may be blocking the growth of the native heap
# Possible solutions:
#   Reduce memory load on the system
#   Increase physical memory or swap space
#   Check if swap backing store is full
#   Decrease Java heap size (-Xmx/-Xms)
#   Decrease number of Java threads
#   Decrease Java thread stack sizes (-Xss)
#   Set larger code cache with -XX:ReservedCodeCacheSize=
#   JVM is running with Unscaled Compressed Oops mode in which the Java heap is
#     placed in the first 4GB address space. The Java Heap base address is the
#     maximum limit for the native heap growth. Please use -XX:HeapBaseMinAddress
#     to set the Java Heap base and to place the Java Heap above 4GB virtual address.
# This output file may be truncated or incomplete.
#
#  Out of Memory Error (arena.cpp:189), pid=34220, tid=27216
#
# JRE version: Java(TM) SE Runtime Environment (17.0.12+8) (build 17.0.12+8-LTS-286)
# Java VM: Java HotSpot(TM) 64-Bit Server VM (17.0.12+8-LTS-286, mixed mode, sharing, tiered, compressed oops, compressed class ptrs, g1 gc, windows-amd64)
# No core dump will be written. Minidumps are not enabled by default on client versions of Windows
#

---------------  S U M M A R Y ------------

Command Line: --add-opens=java.base/java.lang=ALL-UNNAMED --add-opens=java.base/java.lang.invoke=ALL-UNNAMED --add-opens=java.base/java.util=ALL-UNNAMED --add-opens=java.prefs/java.util.prefs=ALL-UNNAMED --add-exports=jdk.compiler/com.sun.tools.javac.api=ALL-UNNAMED --add-exports=jdk.compiler/com.sun.tools.javac.util=ALL-UNNAMED --add-opens=java.base/java.util=ALL-UNNAMED --add-opens=java.prefs/java.util.prefs=ALL-UNNAMED --add-opens=java.base/java.nio.charset=ALL-UNNAMED --add-opens=java.base/java.net=ALL-UNNAMED --add-opens=java.base/java.util.concurrent.atomic=ALL-UNNAMED --add-opens=java.xml/javax.xml.namespace=ALL-UNNAMED -XX:MaxMetaspaceSize=384m -XX:+HeapDumpOnOutOfMemoryError -Xms256m -Xmx512m -Dfile.encoding=UTF-8 -Duser.country=KR -Duser.language=ko -Duser.variant -javaagent:C:\Users\r2com\.gradle\wrapper\dists\gradle-8.12.1-bin\eumc4uhoysa37zql93vfjkxy0\gradle-8.12.1\lib\agents\gradle-instrumentation-agent-8.12.1.jar org.gradle.launcher.daemon.bootstrap.GradleDaemon 8.12.1

Host: 11th Gen Intel(R) Core(TM) i5-1135G7 @ 2.40GHz, 8 cores, 31G,  Windows 11 , 64 bit Build 26100 (10.0.26100.3037)
Time: Tue Feb 18 00:20:01 2025  Windows 11 , 64 bit Build 26100 (10.0.26100.3037) elapsed time: 217.608957 seconds (0d 0h 3m 37s)

---------------  T H R E A D  ---------------

Current thread (0x000001b92cfb8580):  JavaThread "C2 CompilerThread0" daemon [_thread_in_native, id=27216, stack(0x0000001223300000,0x0000001223400000)]


Current CompileTask:
C2: 217609 4683       4       org.gradle.internal.instantiation.generator.AbstractClassGenerator$DisabledAnnotationValidator::validateMethod (68 bytes)

Stack: [0x0000001223300000,0x0000001223400000]
Native frames: (J=compiled Java code, j=interpreted, Vv=VM code, C=native code)
V  [jvm.dll+0x67a04a]
V  [jvm.dll+0x7da4ed]
V  [jvm.dll+0x7dbe33]
V  [jvm.dll+0x7dc4a3]
V  [jvm.dll+0x24508f]
V  [jvm.dll+0xab773]
V  [jvm.dll+0xabd3c]
V  [jvm.dll+0x2aa52f]
V  [jvm.dll+0x581eb9]
V  [jvm.dll+0x21f422]
V  [jvm.dll+0x2184c2]
V  [jvm.dll+0x215b65]
V  [jvm.dll+0x1a2960]
V  [jvm.dll+0x22610b]
V  [jvm.dll+0x2242ab]
V  [jvm.dll+0x79075c]
V  [jvm.dll+0x78abea]
V  [jvm.dll+0x678f35]
C  [ucrtbase.dll+0x37b0]
C  [KERNEL32.DLL+0x2e8d7]
C  [ntdll.dll+0xbbf2c]


---------------  P R O C E S S  ---------------

Threads class SMR info:
_java_thread_list=0x000001b9498a8c20, length=37, elements={
0x000001b911ed2050, 0x000001b92cf95600, 0x000001b92cf95ce0, 0x000001b92cfaca90,
0x000001b92cfaef80, 0x000001b92cfb1870, 0x000001b92cfb5d60, 0x000001b92cfb8580,
0x000001b92cfb8aa0, 0x000001b9460d0020, 0x000001b92cfbd180, 0x000001b946210930,
0x000001b9471b7060, 0x000001b9466257f0, 0x000001b946405090, 0x000001b946238df0,
0x000001b9477e5820, 0x000001b94695a2a0, 0x000001b946958e60, 0x000001b94695acc0,
0x000001b946959d90, 0x000001b946958950, 0x000001b946959370, 0x000001b94695b1d0,
0x000001b94695a7b0, 0x000001b946957a20, 0x000001b946957f30, 0x000001b946959880,
0x000001b948076300, 0x000001b948075df0, 0x000001b9480744a0, 0x000001b948076810,
0x000001b948078160, 0x000001b9480749b0, 0x000001b948074ec0, 0x000001b9480758e0,
0x000001b948078b80
}

Java Threads: ( => current thread )
  0x000001b911ed2050 JavaThread "main" [_thread_blocked, id=13060, stack(0x0000001222500000,0x0000001222600000)]
  0x000001b92cf95600 JavaThread "Reference Handler" daemon [_thread_blocked, id=22508, stack(0x0000001222d00000,0x0000001222e00000)]
  0x000001b92cf95ce0 JavaThread "Finalizer" daemon [_thread_blocked, id=29248, stack(0x0000001222e00000,0x0000001222f00000)]
  0x000001b92cfaca90 JavaThread "Signal Dispatcher" daemon [_thread_blocked, id=7676, stack(0x0000001222f00000,0x0000001223000000)]
  0x000001b92cfaef80 JavaThread "Attach Listener" daemon [_thread_blocked, id=12860, stack(0x0000001223000000,0x0000001223100000)]
  0x000001b92cfb1870 JavaThread "Service Thread" daemon [_thread_blocked, id=35216, stack(0x0000001223100000,0x0000001223200000)]
  0x000001b92cfb5d60 JavaThread "Monitor Deflation Thread" daemon [_thread_blocked, id=29448, stack(0x0000001223200000,0x0000001223300000)]
=>0x000001b92cfb8580 JavaThread "C2 CompilerThread0" daemon [_thread_in_native, id=27216, stack(0x0000001223300000,0x0000001223400000)]
  0x000001b92cfb8aa0 JavaThread "C1 CompilerThread0" daemon [_thread_blocked, id=35160, stack(0x0000001223400000,0x0000001223500000)]
  0x000001b9460d0020 JavaThread "Sweeper thread" daemon [_thread_blocked, id=22188, stack(0x0000001223500000,0x0000001223600000)]
  0x000001b92cfbd180 JavaThread "Common-Cleaner" daemon [_thread_blocked, id=28236, stack(0x0000001223600000,0x0000001223700000)]
  0x000001b946210930 JavaThread "Notification Thread" daemon [_thread_blocked, id=27592, stack(0x0000001223700000,0x0000001223800000)]
  0x000001b9471b7060 JavaThread "Daemon health stats" [_thread_blocked, id=19500, stack(0x0000001223e00000,0x0000001223f00000)]
  0x000001b9466257f0 JavaThread "Incoming local TCP Connector on port 53003" [_thread_in_native, id=21772, stack(0x0000001223f00000,0x0000001224000000)]
  0x000001b946405090 JavaThread "Daemon periodic checks" [_thread_blocked, id=17696, stack(0x0000001224000000,0x0000001224100000)]
  0x000001b946238df0 JavaThread "Daemon" [_thread_blocked, id=11540, stack(0x0000001224200000,0x0000001224300000)]
  0x000001b9477e5820 JavaThread "Handler for socket connection from /127.0.0.1:53003 to /127.0.0.1:53021" [_thread_in_native, id=15204, stack(0x0000001224300000,0x0000001224400000)]
  0x000001b94695a2a0 JavaThread "Cancel handler" [_thread_blocked, id=2712, stack(0x0000001224400000,0x0000001224500000)]
  0x000001b946958e60 JavaThread "Daemon worker" [_thread_in_Java, id=26316, stack(0x0000001224500000,0x0000001224600000)]
  0x000001b94695acc0 JavaThread "Asynchronous log dispatcher for DefaultDaemonConnection: socket connection from /127.0.0.1:53003 to /127.0.0.1:53021" [_thread_blocked, id=24896, stack(0x0000001224600000,0x0000001224700000)]
  0x000001b946959d90 JavaThread "Stdin handler" [_thread_blocked, id=29584, stack(0x0000001224700000,0x0000001224800000)]
  0x000001b946958950 JavaThread "Daemon client event forwarder" [_thread_blocked, id=30808, stack(0x0000001224800000,0x0000001224900000)]
  0x000001b946959370 JavaThread "Cache worker for journal cache (C:\Users\r2com\.gradle\caches\journal-1)" [_thread_blocked, id=27468, stack(0x0000001224900000,0x0000001224a00000)]
  0x000001b94695b1d0 JavaThread "File lock request listener" [_thread_in_native, id=32628, stack(0x0000001224a00000,0x0000001224b00000)]
  0x000001b94695a7b0 JavaThread "File lock release action executor" [_thread_blocked, id=13928, stack(0x0000001224b00000,0x0000001224c00000)]
  0x000001b946957a20 JavaThread "Cache worker for file hash cache (C:\Users\r2com\.gradle\caches\8.12.1\fileHashes)" [_thread_blocked, id=12764, stack(0x0000001224c00000,0x0000001224d00000)]
  0x000001b946957f30 JavaThread "Cache worker for file hash cache (C:\Users\r2com\GG\api-gateway\.gradle\8.12.1\fileHashes)" [_thread_blocked, id=4496, stack(0x0000001224e00000,0x0000001224f00000)]
  0x000001b946959880 JavaThread "Cache worker for Build Output Cleanup Cache (C:\Users\r2com\GG\api-gateway\.gradle\buildOutputCleanup)" [_thread_blocked, id=33200, stack(0x0000001225000000,0x0000001225100000)]
  0x000001b948076300 JavaThread "File watcher server" daemon [_thread_in_native, id=30412, stack(0x0000001225100000,0x0000001225200000)]
  0x000001b948075df0 JavaThread "File watcher consumer" daemon [_thread_blocked, id=9384, stack(0x0000001225200000,0x0000001225300000)]
  0x000001b9480744a0 JavaThread "jar transforms" [_thread_blocked, id=24804, stack(0x0000001222400000,0x0000001222500000)]
  0x000001b948076810 JavaThread "jar transforms Thread 2" [_thread_blocked, id=13048, stack(0x0000001222600000,0x0000001222700000)]
  0x000001b948078160 JavaThread "Cache worker for checksums cache (C:\Users\r2com\GG\api-gateway\.gradle\8.12.1\checksums)" [_thread_blocked, id=19624, stack(0x0000001224100000,0x0000001224200000)]
  0x000001b9480749b0 JavaThread "Cache worker for file content cache (C:\Users\r2com\.gradle\caches\8.12.1\fileContent)" [_thread_blocked, id=31924, stack(0x0000001225600000,0x0000001225700000)]
  0x000001b948074ec0 JavaThread "jar transforms Thread 3" [_thread_blocked, id=36060, stack(0x0000001225700000,0x0000001225800000)]
  0x000001b9480758e0 JavaThread "Cache worker for cache directory md-rule (C:\Users\r2com\.gradle\caches\8.12.1\md-rule)" [_thread_blocked, id=38700, stack(0x0000001224d00000,0x0000001224e00000)]
  0x000001b948078b80 JavaThread "Cache worker for cache directory md-supplier (C:\Users\r2com\.gradle\caches\8.12.1\md-supplier)" [_thread_blocked, id=34452, stack(0x0000001224f00000,0x0000001225000000)]

Other Threads:
  0x000001b92cf91900 VMThread "VM Thread" [stack: 0x0000001222c00000,0x0000001222d00000] [id=26192]
  0x000001b911ed2a80 WatcherThread [stack: 0x0000001223800000,0x0000001223900000] [id=13236]
  0x000001b911eff4b0 GCTaskThread "GC Thread#0" [stack: 0x0000001222700000,0x0000001222800000] [id=35116]
  0x000001b9462d1ac0 GCTaskThread "GC Thread#1" [stack: 0x0000001223900000,0x0000001223a00000] [id=7092]
  0x000001b9460b2070 GCTaskThread "GC Thread#2" [stack: 0x0000001223a00000,0x0000001223b00000] [id=9720]
  0x000001b946796800 GCTaskThread "GC Thread#3" [stack: 0x0000001223b00000,0x0000001223c00000] [id=31140]
  0x000001b946796ac0 GCTaskThread "GC Thread#4" [stack: 0x0000001223c00000,0x0000001223d00000] [id=1656]
  0x000001b94663c3f0 GCTaskThread "GC Thread#5" [stack: 0x0000001223d00000,0x0000001223e00000] [id=31184]
  0x000001b948e55f80 GCTaskThread "GC Thread#6" [stack: 0x0000001225300000,0x0000001225400000] [id=25552]
  0x000001b947b62900 GCTaskThread "GC Thread#7" [stack: 0x0000001225400000,0x0000001225500000] [id=25004]
  0x000001b911f04470 ConcurrentGCThread "G1 Main Marker" [stack: 0x0000001222800000,0x0000001222900000] [id=29656]
  0x000001b911f05900 ConcurrentGCThread "G1 Conc#0" [stack: 0x0000001222900000,0x0000001222a00000] [id=26760]
  0x000001b9493b07f0 ConcurrentGCThread "G1 Conc#1" [stack: 0x0000001225500000,0x0000001225600000] [id=19016]
  0x000001b92ce444e0 ConcurrentGCThread "G1 Refine#0" [stack: 0x0000001222a00000,0x0000001222b00000] [id=15156]
  0x000001b92ce44a30 ConcurrentGCThread "G1 Service" [stack: 0x0000001222b00000,0x0000001222c00000] [id=22384]

Threads with active compile tasks:
C2 CompilerThread0   217626 4683       4       org.gradle.internal.instantiation.generator.AbstractClassGenerator$DisabledAnnotationValidator::validateMethod (68 bytes)

VM state: not at safepoint (normal execution)

VM Mutex/Monitor currently owned by a thread: None

Heap address: 0x00000000e0000000, size: 512 MB, Compressed Oops mode: 32-bit

CDS archive(s) mapped at: [0x000001b92d000000-0x000001b92dbd0000-0x000001b92dbd0000), size 12386304, SharedBaseAddress: 0x000001b92d000000, ArchiveRelocationMode: 1.
Compressed class space mapped at: 0x000001b92e000000-0x000001b942000000, reserved size: 335544320
Narrow klass base: 0x000001b92d000000, Narrow klass shift: 0, Narrow klass range: 0x100000000

GC Precious Log:
 CPUs: 8 total, 8 available
 Memory: 32491M
 Large Page Support: Disabled
 NUMA Support: Disabled
 Compressed Oops: Enabled (32-bit)
 Heap Region Size: 1M
 Heap Min Capacity: 256M
 Heap Initial Capacity: 256M
 Heap Max Capacity: 512M
 Pre-touch: Disabled
 Parallel Workers: 8
 Concurrent Workers: 2
 Concurrent Refinement Workers: 8
 Periodic GC: Disabled

Heap:
 garbage-first heap   total 262144K, used 39597K [0x00000000e0000000, 0x0000000100000000)
  region size 1024K, 24 young (24576K), 16 survivors (16384K)
 Metaspace       used 36332K, committed 36800K, reserved 393216K
  class space    used 5037K, committed 5248K, reserved 327680K

Heap Regions: E=young(eden), S=young(survivor), O=old, HS=humongous(starts), HC=humongous(continues), CS=collection set, F=free, OA=open archive, CA=closed archive, TAMS=top-at-mark-start (previous, next)
|   0|0x00000000e0000000, 0x00000000e0100000, 0x00000000e0100000|100%| O|  |TAMS 0x00000000e0100000, 0x00000000e0000000| Untracked 
|   1|0x00000000e0100000, 0x00000000e0200000, 0x00000000e0200000|100%|HS|  |TAMS 0x00000000e0200000, 0x00000000e0100000| Complete 
|   2|0x00000000e0200000, 0x00000000e0300000, 0x00000000e0300000|100%|HC|  |TAMS 0x00000000e0300000, 0x00000000e0200000| Complete 
|   3|0x00000000e0300000, 0x00000000e0400000, 0x00000000e0400000|100%|HC|  |TAMS 0x00000000e0400000, 0x00000000e0300000| Complete 
|   4|0x00000000e0400000, 0x00000000e0500000, 0x00000000e0500000|100%| O|  |TAMS 0x00000000e0500000, 0x00000000e0400000| Untracked 
|   5|0x00000000e0500000, 0x00000000e0600000, 0x00000000e0600000|100%| O|  |TAMS 0x00000000e0600000, 0x00000000e0500000| Untracked 
|   6|0x00000000e0600000, 0x00000000e0700000, 0x00000000e0700000|100%| O|  |TAMS 0x00000000e0700000, 0x00000000e0600000| Untracked 
|   7|0x00000000e0700000, 0x00000000e0800000, 0x00000000e0800000|100%|HS|  |TAMS 0x00000000e0800000, 0x00000000e0700000| Complete 
|   8|0x00000000e0800000, 0x00000000e0800000, 0x00000000e0900000|  0%| F|  |TAMS 0x00000000e0800000, 0x00000000e0800000| Untracked 
|   9|0x00000000e0900000, 0x00000000e0a00000, 0x00000000e0a00000|100%| O|  |TAMS 0x00000000e0a00000, 0x00000000e0900000| Untracked 
|  10|0x00000000e0a00000, 0x00000000e0b00000, 0x00000000e0b00000|100%| O|  |TAMS 0x00000000e0b00000, 0x00000000e0a00000| Untracked 
|  11|0x00000000e0b00000, 0x00000000e0c00000, 0x00000000e0c00000|100%| O|  |TAMS 0x00000000e0c00000, 0x00000000e0b00000| Untracked 
|  12|0x00000000e0c00000, 0x00000000e0d00000, 0x00000000e0d00000|100%| O|  |TAMS 0x00000000e0d00000, 0x00000000e0c00000| Untracked 
|  13|0x00000000e0d00000, 0x00000000e0e00000, 0x00000000e0e00000|100%| O|  |TAMS 0x00000000e0d20a00, 0x00000000e0d00000| Untracked 
|  14|0x00000000e0e00000, 0x00000000e0e00000, 0x00000000e0f00000|  0%| F|  |TAMS 0x00000000e0e00000, 0x00000000e0e00000| Untracked 
|  15|0x00000000e0f00000, 0x00000000e0f00000, 0x00000000e1000000|  0%| F|  |TAMS 0x00000000e0f00000, 0x00000000e0f00000| Untracked 
|  16|0x00000000e1000000, 0x00000000e1000000, 0x00000000e1100000|  0%| F|  |TAMS 0x00000000e1000000, 0x00000000e1000000| Untracked 
|  17|0x00000000e1100000, 0x00000000e1100000, 0x00000000e1200000|  0%| F|  |TAMS 0x00000000e1100000, 0x00000000e1100000| Untracked 
|  18|0x00000000e1200000, 0x00000000e1300000, 0x00000000e1300000|100%| O|  |TAMS 0x00000000e1200000, 0x00000000e1200000| Untracked 
|  19|0x00000000e1300000, 0x00000000e1400000, 0x00000000e1400000|100%| O|  |TAMS 0x00000000e1300000, 0x00000000e1300000| Untracked 
|  20|0x00000000e1400000, 0x00000000e1500000, 0x00000000e1500000|100%| O|  |TAMS 0x00000000e1400000, 0x00000000e1400000| Untracked 
|  21|0x00000000e1500000, 0x00000000e1535400, 0x00000000e1600000| 20%| O|  |TAMS 0x00000000e1500000, 0x00000000e1500000| Untracked 
|  22|0x00000000e1600000, 0x00000000e1600000, 0x00000000e1700000|  0%| F|  |TAMS 0x00000000e1600000, 0x00000000e1600000| Untracked 
|  23|0x00000000e1700000, 0x00000000e1700000, 0x00000000e1800000|  0%| F|  |TAMS 0x00000000e1700000, 0x00000000e1700000| Untracked 
|  24|0x00000000e1800000, 0x00000000e1800000, 0x00000000e1900000|  0%| F|  |TAMS 0x00000000e1800000, 0x00000000e1800000| Untracked 
|  25|0x00000000e1900000, 0x00000000e1900000, 0x00000000e1a00000|  0%| F|  |TAMS 0x00000000e1900000, 0x00000000e1900000| Untracked 
|  26|0x00000000e1a00000, 0x00000000e1a00000, 0x00000000e1b00000|  0%| F|  |TAMS 0x00000000e1a00000, 0x00000000e1a00000| Untracked 
|  27|0x00000000e1b00000, 0x00000000e1b00000, 0x00000000e1c00000|  0%| F|  |TAMS 0x00000000e1b00000, 0x00000000e1b00000| Untracked 
|  28|0x00000000e1c00000, 0x00000000e1c00000, 0x00000000e1d00000|  0%| F|  |TAMS 0x00000000e1c00000, 0x00000000e1c00000| Untracked 
|  29|0x00000000e1d00000, 0x00000000e1d00000, 0x00000000e1e00000|  0%| F|  |TAMS 0x00000000e1d00000, 0x00000000e1d00000| Untracked 
|  30|0x00000000e1e00000, 0x00000000e1e00000, 0x00000000e1f00000|  0%| F|  |TAMS 0x00000000e1e00000, 0x00000000e1e00000| Untracked 
|  31|0x00000000e1f00000, 0x00000000e1f00000, 0x00000000e2000000|  0%| F|  |TAMS 0x00000000e1f00000, 0x00000000e1f00000| Untracked 
|  32|0x00000000e2000000, 0x00000000e2000000, 0x00000000e2100000|  0%| F|  |TAMS 0x00000000e2000000, 0x00000000e2000000| Untracked 
|  33|0x00000000e2100000, 0x00000000e2100000, 0x00000000e2200000|  0%| F|  |TAMS 0x00000000e2100000, 0x00000000e2100000| Untracked 
|  34|0x00000000e2200000, 0x00000000e2200000, 0x00000000e2300000|  0%| F|  |TAMS 0x00000000e2200000, 0x00000000e2200000| Untracked 
|  35|0x00000000e2300000, 0x00000000e2300000, 0x00000000e2400000|  0%| F|  |TAMS 0x00000000e2300000, 0x00000000e2300000| Untracked 
|  36|0x00000000e2400000, 0x00000000e2400000, 0x00000000e2500000|  0%| F|  |TAMS 0x00000000e2400000, 0x00000000e2400000| Untracked 
|  37|0x00000000e2500000, 0x00000000e2500000, 0x00000000e2600000|  0%| F|  |TAMS 0x00000000e2500000, 0x00000000e2500000| Untracked 
|  38|0x00000000e2600000, 0x00000000e2600000, 0x00000000e2700000|  0%| F|  |TAMS 0x00000000e2600000, 0x00000000e2600000| Untracked 
|  39|0x00000000e2700000, 0x00000000e2700000, 0x00000000e2800000|  0%| F|  |TAMS 0x00000000e2700000, 0x00000000e2700000| Untracked 
|  40|0x00000000e2800000, 0x00000000e2800000, 0x00000000e2900000|  0%| F|  |TAMS 0x00000000e2800000, 0x00000000e2800000| Untracked 
|  41|0x00000000e2900000, 0x00000000e2900000, 0x00000000e2a00000|  0%| F|  |TAMS 0x00000000e2900000, 0x00000000e2900000| Untracked 
|  42|0x00000000e2a00000, 0x00000000e2a00000, 0x00000000e2b00000|  0%| F|  |TAMS 0x00000000e2a00000, 0x00000000e2a00000| Untracked 
|  43|0x00000000e2b00000, 0x00000000e2b00000, 0x00000000e2c00000|  0%| F|  |TAMS 0x00000000e2b00000, 0x00000000e2b00000| Untracked 
|  44|0x00000000e2c00000, 0x00000000e2c00000, 0x00000000e2d00000|  0%| F|  |TAMS 0x00000000e2c00000, 0x00000000e2c00000| Untracked 
|  45|0x00000000e2d00000, 0x00000000e2d00000, 0x00000000e2e00000|  0%| F|  |TAMS 0x00000000e2d00000, 0x00000000e2d00000| Untracked 
|  46|0x00000000e2e00000, 0x00000000e2e00000, 0x00000000e2f00000|  0%| F|  |TAMS 0x00000000e2e00000, 0x00000000e2e00000| Untracked 
|  47|0x00000000e2f00000, 0x00000000e2f00000, 0x00000000e3000000|  0%| F|  |TAMS 0x00000000e2f00000, 0x00000000e2f00000| Untracked 
|  48|0x00000000e3000000, 0x00000000e3000000, 0x00000000e3100000|  0%| F|  |TAMS 0x00000000e3000000, 0x00000000e3000000| Untracked 
|  49|0x00000000e3100000, 0x00000000e3100000, 0x00000000e3200000|  0%| F|  |TAMS 0x00000000e3100000, 0x00000000e3100000| Untracked 
|  50|0x00000000e3200000, 0x00000000e3200000, 0x00000000e3300000|  0%| F|  |TAMS 0x00000000e3200000, 0x00000000e3200000| Untracked 
|  51|0x00000000e3300000, 0x00000000e3300000, 0x00000000e3400000|  0%| F|  |TAMS 0x00000000e3300000, 0x00000000e3300000| Untracked 
|  52|0x00000000e3400000, 0x00000000e3400000, 0x00000000e3500000|  0%| F|  |TAMS 0x00000000e3400000, 0x00000000e3400000| Untracked 
|  53|0x00000000e3500000, 0x00000000e3500000, 0x00000000e3600000|  0%| F|  |TAMS 0x00000000e3500000, 0x00000000e3500000| Untracked 
|  54|0x00000000e3600000, 0x00000000e3600000, 0x00000000e3700000|  0%| F|  |TAMS 0x00000000e3600000, 0x00000000e3600000| Untracked 
|  55|0x00000000e3700000, 0x00000000e3700000, 0x00000000e3800000|  0%| F|  |TAMS 0x00000000e3700000, 0x00000000e3700000| Untracked 
|  56|0x00000000e3800000, 0x00000000e3800000, 0x00000000e3900000|  0%| F|  |TAMS 0x00000000e3800000, 0x00000000e3800000| Untracked 
|  57|0x00000000e3900000, 0x00000000e3900000, 0x00000000e3a00000|  0%| F|  |TAMS 0x00000000e3900000, 0x00000000e3900000| Untracked 
|  58|0x00000000e3a00000, 0x00000000e3a00000, 0x00000000e3b00000|  0%| F|  |TAMS 0x00000000e3a00000, 0x00000000e3a00000| Untracked 
|  59|0x00000000e3b00000, 0x00000000e3b00000, 0x00000000e3c00000|  0%| F|  |TAMS 0x00000000e3b00000, 0x00000000e3b00000| Untracked 
|  60|0x00000000e3c00000, 0x00000000e3c00000, 0x00000000e3d00000|  0%| F|  |TAMS 0x00000000e3c00000, 0x00000000e3c00000| Untracked 
|  61|0x00000000e3d00000, 0x00000000e3d00000, 0x00000000e3e00000|  0%| F|  |TAMS 0x00000000e3d00000, 0x00000000e3d00000| Untracked 
|  62|0x00000000e3e00000, 0x00000000e3e00000, 0x00000000e3f00000|  0%| F|  |TAMS 0x00000000e3e00000, 0x00000000e3e00000| Untracked 
|  63|0x00000000e3f00000, 0x00000000e3f00000, 0x00000000e4000000|  0%| F|  |TAMS 0x00000000e3f00000, 0x00000000e3f00000| Untracked 
|  64|0x00000000e4000000, 0x00000000e4000000, 0x00000000e4100000|  0%| F|  |TAMS 0x00000000e4000000, 0x00000000e4000000| Untracked 
|  65|0x00000000e4100000, 0x00000000e4100000, 0x00000000e4200000|  0%| F|  |TAMS 0x00000000e4100000, 0x00000000e4100000| Untracked 
|  66|0x00000000e4200000, 0x00000000e4200000, 0x00000000e4300000|  0%| F|  |TAMS 0x00000000e4200000, 0x00000000e4200000| Untracked 
|  67|0x00000000e4300000, 0x00000000e4300000, 0x00000000e4400000|  0%| F|  |TAMS 0x00000000e4300000, 0x00000000e4300000| Untracked 
|  68|0x00000000e4400000, 0x00000000e4400000, 0x00000000e4500000|  0%| F|  |TAMS 0x00000000e4400000, 0x00000000e4400000| Untracked 
|  69|0x00000000e4500000, 0x00000000e4500000, 0x00000000e4600000|  0%| F|  |TAMS 0x00000000e4500000, 0x00000000e4500000| Untracked 
|  70|0x00000000e4600000, 0x00000000e4600000, 0x00000000e4700000|  0%| F|  |TAMS 0x00000000e4600000, 0x00000000e4600000| Untracked 
|  71|0x00000000e4700000, 0x00000000e4700000, 0x00000000e4800000|  0%| F|  |TAMS 0x00000000e4700000, 0x00000000e4700000| Untracked 
|  72|0x00000000e4800000, 0x00000000e4800000, 0x00000000e4900000|  0%| F|  |TAMS 0x00000000e4800000, 0x00000000e4800000| Untracked 
|  73|0x00000000e4900000, 0x00000000e4900000, 0x00000000e4a00000|  0%| F|  |TAMS 0x00000000e4900000, 0x00000000e4900000| Untracked 
|  74|0x00000000e4a00000, 0x00000000e4a00000, 0x00000000e4b00000|  0%| F|  |TAMS 0x00000000e4a00000, 0x00000000e4a00000| Untracked 
|  75|0x00000000e4b00000, 0x00000000e4b00000, 0x00000000e4c00000|  0%| F|  |TAMS 0x00000000e4b00000, 0x00000000e4b00000| Untracked 
|  76|0x00000000e4c00000, 0x00000000e4c00000, 0x00000000e4d00000|  0%| F|  |TAMS 0x00000000e4c00000, 0x00000000e4c00000| Untracked 
|  77|0x00000000e4d00000, 0x00000000e4d00000, 0x00000000e4e00000|  0%| F|  |TAMS 0x00000000e4d00000, 0x00000000e4d00000| Untracked 
|  78|0x00000000e4e00000, 0x00000000e4e00000, 0x00000000e4f00000|  0%| F|  |TAMS 0x00000000e4e00000, 0x00000000e4e00000| Untracked 
|  79|0x00000000e4f00000, 0x00000000e4f00000, 0x00000000e5000000|  0%| F|  |TAMS 0x00000000e4f00000, 0x00000000e4f00000| Untracked 
|  80|0x00000000e5000000, 0x00000000e5000000, 0x00000000e5100000|  0%| F|  |TAMS 0x00000000e5000000, 0x00000000e5000000| Untracked 
|  81|0x00000000e5100000, 0x00000000e5100000, 0x00000000e5200000|  0%| F|  |TAMS 0x00000000e5100000, 0x00000000e5100000| Untracked 
|  82|0x00000000e5200000, 0x00000000e5200000, 0x00000000e5300000|  0%| F|  |TAMS 0x00000000e5200000, 0x00000000e5200000| Untracked 
|  83|0x00000000e5300000, 0x00000000e5300000, 0x00000000e5400000|  0%| F|  |TAMS 0x00000000e5300000, 0x00000000e5300000| Untracked 
|  84|0x00000000e5400000, 0x00000000e5400000, 0x00000000e5500000|  0%| F|  |TAMS 0x00000000e5400000, 0x00000000e5400000| Untracked 
|  85|0x00000000e5500000, 0x00000000e5500000, 0x00000000e5600000|  0%| F|  |TAMS 0x00000000e5500000, 0x00000000e5500000| Untracked 
|  86|0x00000000e5600000, 0x00000000e5600000, 0x00000000e5700000|  0%| F|  |TAMS 0x00000000e5600000, 0x00000000e5600000| Untracked 
|  87|0x00000000e5700000, 0x00000000e5700000, 0x00000000e5800000|  0%| F|  |TAMS 0x00000000e5700000, 0x00000000e5700000| Untracked 
|  88|0x00000000e5800000, 0x00000000e5800000, 0x00000000e5900000|  0%| F|  |TAMS 0x00000000e5800000, 0x00000000e5800000| Untracked 
|  89|0x00000000e5900000, 0x00000000e5900000, 0x00000000e5a00000|  0%| F|  |TAMS 0x00000000e5900000, 0x00000000e5900000| Untracked 
|  90|0x00000000e5a00000, 0x00000000e5a00000, 0x00000000e5b00000|  0%| F|  |TAMS 0x00000000e5a00000, 0x00000000e5a00000| Untracked 
|  91|0x00000000e5b00000, 0x00000000e5b00000, 0x00000000e5c00000|  0%| F|  |TAMS 0x00000000e5b00000, 0x00000000e5b00000| Untracked 
|  92|0x00000000e5c00000, 0x00000000e5c00000, 0x00000000e5d00000|  0%| F|  |TAMS 0x00000000e5c00000, 0x00000000e5c00000| Untracked 
|  93|0x00000000e5d00000, 0x00000000e5d00000, 0x00000000e5e00000|  0%| F|  |TAMS 0x00000000e5d00000, 0x00000000e5d00000| Untracked 
|  94|0x00000000e5e00000, 0x00000000e5e00000, 0x00000000e5f00000|  0%| F|  |TAMS 0x00000000e5e00000, 0x00000000e5e00000| Untracked 
|  95|0x00000000e5f00000, 0x00000000e5f00000, 0x00000000e6000000|  0%| F|  |TAMS 0x00000000e5f00000, 0x00000000e5f00000| Untracked 
|  96|0x00000000e6000000, 0x00000000e6000000, 0x00000000e6100000|  0%| F|  |TAMS 0x00000000e6000000, 0x00000000e6000000| Untracked 
|  97|0x00000000e6100000, 0x00000000e6100000, 0x00000000e6200000|  0%| F|  |TAMS 0x00000000e6100000, 0x00000000e6100000| Untracked 
|  98|0x00000000e6200000, 0x00000000e6200000, 0x00000000e6300000|  0%| F|  |TAMS 0x00000000e6200000, 0x00000000e6200000| Untracked 
|  99|0x00000000e6300000, 0x00000000e6300000, 0x00000000e6400000|  0%| F|  |TAMS 0x00000000e6300000, 0x00000000e6300000| Untracked 
| 100|0x00000000e6400000, 0x00000000e6400000, 0x00000000e6500000|  0%| F|  |TAMS 0x00000000e6400000, 0x00000000e6400000| Untracked 
| 101|0x00000000e6500000, 0x00000000e6500000, 0x00000000e6600000|  0%| F|  |TAMS 0x00000000e6500000, 0x00000000e6500000| Untracked 
| 102|0x00000000e6600000, 0x00000000e6600000, 0x00000000e6700000|  0%| F|  |TAMS 0x00000000e6600000, 0x00000000e6600000| Untracked 
| 103|0x00000000e6700000, 0x00000000e6700000, 0x00000000e6800000|  0%| F|  |TAMS 0x00000000e6700000, 0x00000000e6700000| Untracked 
| 104|0x00000000e6800000, 0x00000000e6800000, 0x00000000e6900000|  0%| F|  |TAMS 0x00000000e6800000, 0x00000000e6800000| Untracked 
| 105|0x00000000e6900000, 0x00000000e6976190, 0x00000000e6a00000| 46%| S|CS|TAMS 0x00000000e6900000, 0x00000000e6900000| Complete 
| 106|0x00000000e6a00000, 0x00000000e6b00000, 0x00000000e6b00000|100%| S|CS|TAMS 0x00000000e6a00000, 0x00000000e6a00000| Complete 
| 107|0x00000000e6b00000, 0x00000000e6c00000, 0x00000000e6c00000|100%| S|CS|TAMS 0x00000000e6b00000, 0x00000000e6b00000| Complete 
| 108|0x00000000e6c00000, 0x00000000e6d00000, 0x00000000e6d00000|100%| S|CS|TAMS 0x00000000e6c00000, 0x00000000e6c00000| Complete 
| 109|0x00000000e6d00000, 0x00000000e6e00000, 0x00000000e6e00000|100%| S|CS|TAMS 0x00000000e6d00000, 0x00000000e6d00000| Complete 
| 110|0x00000000e6e00000, 0x00000000e6f00000, 0x00000000e6f00000|100%| S|CS|TAMS 0x00000000e6e00000, 0x00000000e6e00000| Complete 
| 111|0x00000000e6f00000, 0x00000000e7000000, 0x00000000e7000000|100%| S|CS|TAMS 0x00000000e6f00000, 0x00000000e6f00000| Complete 
| 112|0x00000000e7000000, 0x00000000e7100000, 0x00000000e7100000|100%| S|CS|TAMS 0x00000000e7000000, 0x00000000e7000000| Complete 
| 113|0x00000000e7100000, 0x00000000e7200000, 0x00000000e7200000|100%| S|CS|TAMS 0x00000000e7100000, 0x00000000e7100000| Complete 
| 114|0x00000000e7200000, 0x00000000e7300000, 0x00000000e7300000|100%| S|CS|TAMS 0x00000000e7200000, 0x00000000e7200000| Complete 
| 115|0x00000000e7300000, 0x00000000e7400000, 0x00000000e7400000|100%| S|CS|TAMS 0x00000000e7300000, 0x00000000e7300000| Complete 
| 116|0x00000000e7400000, 0x00000000e7500000, 0x00000000e7500000|100%| S|CS|TAMS 0x00000000e7400000, 0x00000000e7400000| Complete 
| 117|0x00000000e7500000, 0x00000000e7600000, 0x00000000e7600000|100%| S|CS|TAMS 0x00000000e7500000, 0x00000000e7500000| Complete 
| 118|0x00000000e7600000, 0x00000000e7700000, 0x00000000e7700000|100%| S|CS|TAMS 0x00000000e7600000, 0x00000000e7600000| Complete 
| 119|0x00000000e7700000, 0x00000000e7800000, 0x00000000e7800000|100%| S|CS|TAMS 0x00000000e7700000, 0x00000000e7700000| Complete 
| 120|0x00000000e7800000, 0x00000000e7900000, 0x00000000e7900000|100%| S|CS|TAMS 0x00000000e7800000, 0x00000000e7800000| Complete 
| 121|0x00000000e7900000, 0x00000000e7900000, 0x00000000e7a00000|  0%| F|  |TAMS 0x00000000e7900000, 0x00000000e7900000| Untracked 
| 122|0x00000000e7a00000, 0x00000000e7a00000, 0x00000000e7b00000|  0%| F|  |TAMS 0x00000000e7a00000, 0x00000000e7a00000| Untracked 
| 123|0x00000000e7b00000, 0x00000000e7b00000, 0x00000000e7c00000|  0%| F|  |TAMS 0x00000000e7b00000, 0x00000000e7b00000| Untracked 
| 124|0x00000000e7c00000, 0x00000000e7c00000, 0x00000000e7d00000|  0%| F|  |TAMS 0x00000000e7c00000, 0x00000000e7c00000| Untracked 
| 125|0x00000000e7d00000, 0x00000000e7d00000, 0x00000000e7e00000|  0%| F|  |TAMS 0x00000000e7d00000, 0x00000000e7d00000| Untracked 
| 126|0x00000000e7e00000, 0x00000000e7e00000, 0x00000000e7f00000|  0%| F|  |TAMS 0x00000000e7e00000, 0x00000000e7e00000| Untracked 
| 127|0x00000000e7f00000, 0x00000000e7f00000, 0x00000000e8000000|  0%| F|  |TAMS 0x00000000e7f00000, 0x00000000e7f00000| Untracked 
| 128|0x00000000e8000000, 0x00000000e8000000, 0x00000000e8100000|  0%| F|  |TAMS 0x00000000e8000000, 0x00000000e8000000| Untracked 
| 129|0x00000000e8100000, 0x00000000e8100000, 0x00000000e8200000|  0%| F|  |TAMS 0x00000000e8100000, 0x00000000e8100000| Untracked 
| 130|0x00000000e8200000, 0x00000000e8200000, 0x00000000e8300000|  0%| F|  |TAMS 0x00000000e8200000, 0x00000000e8200000| Untracked 
| 131|0x00000000e8300000, 0x00000000e8300000, 0x00000000e8400000|  0%| F|  |TAMS 0x00000000e8300000, 0x00000000e8300000| Untracked 
| 132|0x00000000e8400000, 0x00000000e8400000, 0x00000000e8500000|  0%| F|  |TAMS 0x00000000e8400000, 0x00000000e8400000| Untracked 
| 133|0x00000000e8500000, 0x00000000e8500000, 0x00000000e8600000|  0%| F|  |TAMS 0x00000000e8500000, 0x00000000e8500000| Untracked 
| 134|0x00000000e8600000, 0x00000000e8600000, 0x00000000e8700000|  0%| F|  |TAMS 0x00000000e8600000, 0x00000000e8600000| Untracked 
| 135|0x00000000e8700000, 0x00000000e8700000, 0x00000000e8800000|  0%| F|  |TAMS 0x00000000e8700000, 0x00000000e8700000| Untracked 
| 136|0x00000000e8800000, 0x00000000e8800000, 0x00000000e8900000|  0%| F|  |TAMS 0x00000000e8800000, 0x00000000e8800000| Untracked 
| 137|0x00000000e8900000, 0x00000000e8900000, 0x00000000e8a00000|  0%| F|  |TAMS 0x00000000e8900000, 0x00000000e8900000| Untracked 
| 138|0x00000000e8a00000, 0x00000000e8a00000, 0x00000000e8b00000|  0%| F|  |TAMS 0x00000000e8a00000, 0x00000000e8a00000| Untracked 
| 139|0x00000000e8b00000, 0x00000000e8b00000, 0x00000000e8c00000|  0%| F|  |TAMS 0x00000000e8b00000, 0x00000000e8b00000| Untracked 
| 140|0x00000000e8c00000, 0x00000000e8c00000, 0x00000000e8d00000|  0%| F|  |TAMS 0x00000000e8c00000, 0x00000000e8c00000| Untracked 
| 141|0x00000000e8d00000, 0x00000000e8d00000, 0x00000000e8e00000|  0%| F|  |TAMS 0x00000000e8d00000, 0x00000000e8d00000| Untracked 
| 142|0x00000000e8e00000, 0x00000000e8e00000, 0x00000000e8f00000|  0%| F|  |TAMS 0x00000000e8e00000, 0x00000000e8e00000| Untracked 
| 143|0x00000000e8f00000, 0x00000000e8f00000, 0x00000000e9000000|  0%| F|  |TAMS 0x00000000e8f00000, 0x00000000e8f00000| Untracked 
| 144|0x00000000e9000000, 0x00000000e9000000, 0x00000000e9100000|  0%| F|  |TAMS 0x00000000e9000000, 0x00000000e9000000| Untracked 
| 145|0x00000000e9100000, 0x00000000e9100000, 0x00000000e9200000|  0%| F|  |TAMS 0x00000000e9100000, 0x00000000e9100000| Untracked 
| 146|0x00000000e9200000, 0x00000000e9200000, 0x00000000e9300000|  0%| F|  |TAMS 0x00000000e9200000, 0x00000000e9200000| Untracked 
| 147|0x00000000e9300000, 0x00000000e9300000, 0x00000000e9400000|  0%| F|  |TAMS 0x00000000e9300000, 0x00000000e9300000| Untracked 
| 148|0x00000000e9400000, 0x00000000e9400000, 0x00000000e9500000|  0%| F|  |TAMS 0x00000000e9400000, 0x00000000e9400000| Untracked 
| 149|0x00000000e9500000, 0x00000000e9500000, 0x00000000e9600000|  0%| F|  |TAMS 0x00000000e9500000, 0x00000000e9500000| Untracked 
| 150|0x00000000e9600000, 0x00000000e9600000, 0x00000000e9700000|  0%| F|  |TAMS 0x00000000e9600000, 0x00000000e9600000| Untracked 
| 151|0x00000000e9700000, 0x00000000e9700000, 0x00000000e9800000|  0%| F|  |TAMS 0x00000000e9700000, 0x00000000e9700000| Untracked 
| 152|0x00000000e9800000, 0x00000000e9800000, 0x00000000e9900000|  0%| F|  |TAMS 0x00000000e9800000, 0x00000000e9800000| Untracked 
| 153|0x00000000e9900000, 0x00000000e9900000, 0x00000000e9a00000|  0%| F|  |TAMS 0x00000000e9900000, 0x00000000e9900000| Untracked 
| 154|0x00000000e9a00000, 0x00000000e9a00000, 0x00000000e9b00000|  0%| F|  |TAMS 0x00000000e9a00000, 0x00000000e9a00000| Untracked 
| 155|0x00000000e9b00000, 0x00000000e9b00000, 0x00000000e9c00000|  0%| F|  |TAMS 0x00000000e9b00000, 0x00000000e9b00000| Untracked 
| 156|0x00000000e9c00000, 0x00000000e9c00000, 0x00000000e9d00000|  0%| F|  |TAMS 0x00000000e9c00000, 0x00000000e9c00000| Untracked 
| 157|0x00000000e9d00000, 0x00000000e9d00000, 0x00000000e9e00000|  0%| F|  |TAMS 0x00000000e9d00000, 0x00000000e9d00000| Untracked 
| 158|0x00000000e9e00000, 0x00000000e9e00000, 0x00000000e9f00000|  0%| F|  |TAMS 0x00000000e9e00000, 0x00000000e9e00000| Untracked 
| 159|0x00000000e9f00000, 0x00000000e9f00000, 0x00000000ea000000|  0%| F|  |TAMS 0x00000000e9f00000, 0x00000000e9f00000| Untracked 
| 160|0x00000000ea000000, 0x00000000ea000000, 0x00000000ea100000|  0%| F|  |TAMS 0x00000000ea000000, 0x00000000ea000000| Untracked 
| 161|0x00000000ea100000, 0x00000000ea100000, 0x00000000ea200000|  0%| F|  |TAMS 0x00000000ea100000, 0x00000000ea100000| Untracked 
| 162|0x00000000ea200000, 0x00000000ea200000, 0x00000000ea300000|  0%| F|  |TAMS 0x00000000ea200000, 0x00000000ea200000| Untracked 
| 163|0x00000000ea300000, 0x00000000ea300000, 0x00000000ea400000|  0%| F|  |TAMS 0x00000000ea300000, 0x00000000ea300000| Untracked 
| 164|0x00000000ea400000, 0x00000000ea400000, 0x00000000ea500000|  0%| F|  |TAMS 0x00000000ea400000, 0x00000000ea400000| Untracked 
| 165|0x00000000ea500000, 0x00000000ea500000, 0x00000000ea600000|  0%| F|  |TAMS 0x00000000ea500000, 0x00000000ea500000| Untracked 
| 166|0x00000000ea600000, 0x00000000ea600000, 0x00000000ea700000|  0%| F|  |TAMS 0x00000000ea600000, 0x00000000ea600000| Untracked 
| 167|0x00000000ea700000, 0x00000000ea700000, 0x00000000ea800000|  0%| F|  |TAMS 0x00000000ea700000, 0x00000000ea700000| Untracked 
| 168|0x00000000ea800000, 0x00000000ea800000, 0x00000000ea900000|  0%| F|  |TAMS 0x00000000ea800000, 0x00000000ea800000| Untracked 
| 169|0x00000000ea900000, 0x00000000ea900000, 0x00000000eaa00000|  0%| F|  |TAMS 0x00000000ea900000, 0x00000000ea900000| Untracked 
| 170|0x00000000eaa00000, 0x00000000eaa00000, 0x00000000eab00000|  0%| F|  |TAMS 0x00000000eaa00000, 0x00000000eaa00000| Untracked 
| 171|0x00000000eab00000, 0x00000000eab00000, 0x00000000eac00000|  0%| F|  |TAMS 0x00000000eab00000, 0x00000000eab00000| Untracked 
| 172|0x00000000eac00000, 0x00000000eac00000, 0x00000000ead00000|  0%| F|  |TAMS 0x00000000eac00000, 0x00000000eac00000| Untracked 
| 173|0x00000000ead00000, 0x00000000ead00000, 0x00000000eae00000|  0%| F|  |TAMS 0x00000000ead00000, 0x00000000ead00000| Untracked 
| 174|0x00000000eae00000, 0x00000000eae00000, 0x00000000eaf00000|  0%| F|  |TAMS 0x00000000eae00000, 0x00000000eae00000| Untracked 
| 175|0x00000000eaf00000, 0x00000000eaf00000, 0x00000000eb000000|  0%| F|  |TAMS 0x00000000eaf00000, 0x00000000eaf00000| Untracked 
| 176|0x00000000eb000000, 0x00000000eb000000, 0x00000000eb100000|  0%| F|  |TAMS 0x00000000eb000000, 0x00000000eb000000| Untracked 
| 177|0x00000000eb100000, 0x00000000eb100000, 0x00000000eb200000|  0%| F|  |TAMS 0x00000000eb100000, 0x00000000eb100000| Untracked 
| 178|0x00000000eb200000, 0x00000000eb200000, 0x00000000eb300000|  0%| F|  |TAMS 0x00000000eb200000, 0x00000000eb200000| Untracked 
| 179|0x00000000eb300000, 0x00000000eb300000, 0x00000000eb400000|  0%| F|  |TAMS 0x00000000eb300000, 0x00000000eb300000| Untracked 
| 180|0x00000000eb400000, 0x00000000eb400000, 0x00000000eb500000|  0%| F|  |TAMS 0x00000000eb400000, 0x00000000eb400000| Untracked 
| 181|0x00000000eb500000, 0x00000000eb500000, 0x00000000eb600000|  0%| F|  |TAMS 0x00000000eb500000, 0x00000000eb500000| Untracked 
| 182|0x00000000eb600000, 0x00000000eb600000, 0x00000000eb700000|  0%| F|  |TAMS 0x00000000eb600000, 0x00000000eb600000| Untracked 
| 183|0x00000000eb700000, 0x00000000eb700000, 0x00000000eb800000|  0%| F|  |TAMS 0x00000000eb700000, 0x00000000eb700000| Untracked 
| 184|0x00000000eb800000, 0x00000000eb800000, 0x00000000eb900000|  0%| F|  |TAMS 0x00000000eb800000, 0x00000000eb800000| Untracked 
| 185|0x00000000eb900000, 0x00000000eb900000, 0x00000000eba00000|  0%| F|  |TAMS 0x00000000eb900000, 0x00000000eb900000| Untracked 
| 186|0x00000000eba00000, 0x00000000eba00000, 0x00000000ebb00000|  0%| F|  |TAMS 0x00000000eba00000, 0x00000000eba00000| Untracked 
| 187|0x00000000ebb00000, 0x00000000ebb00000, 0x00000000ebc00000|  0%| F|  |TAMS 0x00000000ebb00000, 0x00000000ebb00000| Untracked 
| 188|0x00000000ebc00000, 0x00000000ebc00000, 0x00000000ebd00000|  0%| F|  |TAMS 0x00000000ebc00000, 0x00000000ebc00000| Untracked 
| 189|0x00000000ebd00000, 0x00000000ebd00000, 0x00000000ebe00000|  0%| F|  |TAMS 0x00000000ebd00000, 0x00000000ebd00000| Untracked 
| 190|0x00000000ebe00000, 0x00000000ebe00000, 0x00000000ebf00000|  0%| F|  |TAMS 0x00000000ebe00000, 0x00000000ebe00000| Untracked 
| 191|0x00000000ebf00000, 0x00000000ebf00000, 0x00000000ec000000|  0%| F|  |TAMS 0x00000000ebf00000, 0x00000000ebf00000| Untracked 
| 192|0x00000000ec000000, 0x00000000ec000000, 0x00000000ec100000|  0%| F|  |TAMS 0x00000000ec000000, 0x00000000ec000000| Untracked 
| 193|0x00000000ec100000, 0x00000000ec100000, 0x00000000ec200000|  0%| F|  |TAMS 0x00000000ec100000, 0x00000000ec100000| Untracked 
| 194|0x00000000ec200000, 0x00000000ec200000, 0x00000000ec300000|  0%| F|  |TAMS 0x00000000ec200000, 0x00000000ec200000| Untracked 
| 195|0x00000000ec300000, 0x00000000ec300000, 0x00000000ec400000|  0%| F|  |TAMS 0x00000000ec300000, 0x00000000ec300000| Untracked 
| 196|0x00000000ec400000, 0x00000000ec400000, 0x00000000ec500000|  0%| F|  |TAMS 0x00000000ec400000, 0x00000000ec400000| Untracked 
| 197|0x00000000ec500000, 0x00000000ec500000, 0x00000000ec600000|  0%| F|  |TAMS 0x00000000ec500000, 0x00000000ec500000| Untracked 
| 198|0x00000000ec600000, 0x00000000ec600000, 0x00000000ec700000|  0%| F|  |TAMS 0x00000000ec600000, 0x00000000ec600000| Untracked 
| 199|0x00000000ec700000, 0x00000000ec700000, 0x00000000ec800000|  0%| F|  |TAMS 0x00000000ec700000, 0x00000000ec700000| Untracked 
| 200|0x00000000ec800000, 0x00000000ec800000, 0x00000000ec900000|  0%| F|  |TAMS 0x00000000ec800000, 0x00000000ec800000| Untracked 
| 201|0x00000000ec900000, 0x00000000ec900000, 0x00000000eca00000|  0%| F|  |TAMS 0x00000000ec900000, 0x00000000ec900000| Untracked 
| 202|0x00000000eca00000, 0x00000000eca00000, 0x00000000ecb00000|  0%| F|  |TAMS 0x00000000eca00000, 0x00000000eca00000| Untracked 
| 203|0x00000000ecb00000, 0x00000000ecb00000, 0x00000000ecc00000|  0%| F|  |TAMS 0x00000000ecb00000, 0x00000000ecb00000| Untracked 
| 204|0x00000000ecc00000, 0x00000000ecc00000, 0x00000000ecd00000|  0%| F|  |TAMS 0x00000000ecc00000, 0x00000000ecc00000| Untracked 
| 205|0x00000000ecd00000, 0x00000000ecd00000, 0x00000000ece00000|  0%| F|  |TAMS 0x00000000ecd00000, 0x00000000ecd00000| Untracked 
| 206|0x00000000ece00000, 0x00000000ece00000, 0x00000000ecf00000|  0%| F|  |TAMS 0x00000000ece00000, 0x00000000ece00000| Untracked 
| 207|0x00000000ecf00000, 0x00000000ecf00000, 0x00000000ed000000|  0%| F|  |TAMS 0x00000000ecf00000, 0x00000000ecf00000| Untracked 
| 208|0x00000000ed000000, 0x00000000ed000000, 0x00000000ed100000|  0%| F|  |TAMS 0x00000000ed000000, 0x00000000ed000000| Untracked 
| 209|0x00000000ed100000, 0x00000000ed100000, 0x00000000ed200000|  0%| F|  |TAMS 0x00000000ed100000, 0x00000000ed100000| Untracked 
| 210|0x00000000ed200000, 0x00000000ed200000, 0x00000000ed300000|  0%| F|  |TAMS 0x00000000ed200000, 0x00000000ed200000| Untracked 
| 211|0x00000000ed300000, 0x00000000ed300000, 0x00000000ed400000|  0%| F|  |TAMS 0x00000000ed300000, 0x00000000ed300000| Untracked 
| 212|0x00000000ed400000, 0x00000000ed400000, 0x00000000ed500000|  0%| F|  |TAMS 0x00000000ed400000, 0x00000000ed400000| Untracked 
| 213|0x00000000ed500000, 0x00000000ed500000, 0x00000000ed600000|  0%| F|  |TAMS 0x00000000ed500000, 0x00000000ed500000| Untracked 
| 214|0x00000000ed600000, 0x00000000ed600000, 0x00000000ed700000|  0%| F|  |TAMS 0x00000000ed600000, 0x00000000ed600000| Untracked 
| 215|0x00000000ed700000, 0x00000000ed700000, 0x00000000ed800000|  0%| F|  |TAMS 0x00000000ed700000, 0x00000000ed700000| Untracked 
| 216|0x00000000ed800000, 0x00000000ed800000, 0x00000000ed900000|  0%| F|  |TAMS 0x00000000ed800000, 0x00000000ed800000| Untracked 
| 217|0x00000000ed900000, 0x00000000ed900000, 0x00000000eda00000|  0%| F|  |TAMS 0x00000000ed900000, 0x00000000ed900000| Untracked 
| 218|0x00000000eda00000, 0x00000000eda00000, 0x00000000edb00000|  0%| F|  |TAMS 0x00000000eda00000, 0x00000000eda00000| Untracked 
| 219|0x00000000edb00000, 0x00000000edb00000, 0x00000000edc00000|  0%| F|  |TAMS 0x00000000edb00000, 0x00000000edb00000| Untracked 
| 220|0x00000000edc00000, 0x00000000edc00000, 0x00000000edd00000|  0%| F|  |TAMS 0x00000000edc00000, 0x00000000edc00000| Untracked 
| 221|0x00000000edd00000, 0x00000000edd00000, 0x00000000ede00000|  0%| F|  |TAMS 0x00000000edd00000, 0x00000000edd00000| Untracked 
| 222|0x00000000ede00000, 0x00000000ede00000, 0x00000000edf00000|  0%| F|  |TAMS 0x00000000ede00000, 0x00000000ede00000| Untracked 
| 223|0x00000000edf00000, 0x00000000edf00000, 0x00000000ee000000|  0%| F|  |TAMS 0x00000000edf00000, 0x00000000edf00000| Untracked 
| 224|0x00000000ee000000, 0x00000000ee000000, 0x00000000ee100000|  0%| F|  |TAMS 0x00000000ee000000, 0x00000000ee000000| Untracked 
| 225|0x00000000ee100000, 0x00000000ee100000, 0x00000000ee200000|  0%| F|  |TAMS 0x00000000ee100000, 0x00000000ee100000| Untracked 
| 226|0x00000000ee200000, 0x00000000ee200000, 0x00000000ee300000|  0%| F|  |TAMS 0x00000000ee200000, 0x00000000ee200000| Untracked 
| 227|0x00000000ee300000, 0x00000000ee300000, 0x00000000ee400000|  0%| F|  |TAMS 0x00000000ee300000, 0x00000000ee300000| Untracked 
| 228|0x00000000ee400000, 0x00000000ee400000, 0x00000000ee500000|  0%| F|  |TAMS 0x00000000ee400000, 0x00000000ee400000| Untracked 
| 229|0x00000000ee500000, 0x00000000ee500000, 0x00000000ee600000|  0%| F|  |TAMS 0x00000000ee500000, 0x00000000ee500000| Untracked 
| 230|0x00000000ee600000, 0x00000000ee600000, 0x00000000ee700000|  0%| F|  |TAMS 0x00000000ee600000, 0x00000000ee600000| Untracked 
| 231|0x00000000ee700000, 0x00000000ee700000, 0x00000000ee800000|  0%| F|  |TAMS 0x00000000ee700000, 0x00000000ee700000| Untracked 
| 232|0x00000000ee800000, 0x00000000ee800000, 0x00000000ee900000|  0%| F|  |TAMS 0x00000000ee800000, 0x00000000ee800000| Untracked 
| 233|0x00000000ee900000, 0x00000000ee900000, 0x00000000eea00000|  0%| F|  |TAMS 0x00000000ee900000, 0x00000000ee900000| Untracked 
| 234|0x00000000eea00000, 0x00000000eea00000, 0x00000000eeb00000|  0%| F|  |TAMS 0x00000000eea00000, 0x00000000eea00000| Untracked 
| 235|0x00000000eeb00000, 0x00000000eeb00000, 0x00000000eec00000|  0%| F|  |TAMS 0x00000000eeb00000, 0x00000000eeb00000| Untracked 
| 236|0x00000000eec00000, 0x00000000eec00000, 0x00000000eed00000|  0%| F|  |TAMS 0x00000000eec00000, 0x00000000eec00000| Untracked 
| 237|0x00000000eed00000, 0x00000000eed00000, 0x00000000eee00000|  0%| F|  |TAMS 0x00000000eed00000, 0x00000000eed00000| Untracked 
| 238|0x00000000eee00000, 0x00000000eee00000, 0x00000000eef00000|  0%| F|  |TAMS 0x00000000eee00000, 0x00000000eee00000| Untracked 
| 239|0x00000000eef00000, 0x00000000eef00000, 0x00000000ef000000|  0%| F|  |TAMS 0x00000000eef00000, 0x00000000eef00000| Untracked 
| 240|0x00000000ef000000, 0x00000000ef000000, 0x00000000ef100000|  0%| F|  |TAMS 0x00000000ef000000, 0x00000000ef000000| Untracked 
| 241|0x00000000ef100000, 0x00000000ef100000, 0x00000000ef200000|  0%| F|  |TAMS 0x00000000ef100000, 0x00000000ef100000| Untracked 
| 242|0x00000000ef200000, 0x00000000ef200000, 0x00000000ef300000|  0%| F|  |TAMS 0x00000000ef200000, 0x00000000ef200000| Untracked 
| 243|0x00000000ef300000, 0x00000000ef300000, 0x00000000ef400000|  0%| F|  |TAMS 0x00000000ef300000, 0x00000000ef300000| Untracked 
| 244|0x00000000ef400000, 0x00000000ef400000, 0x00000000ef500000|  0%| F|  |TAMS 0x00000000ef400000, 0x00000000ef400000| Untracked 
| 245|0x00000000ef500000, 0x00000000ef500000, 0x00000000ef600000|  0%| F|  |TAMS 0x00000000ef500000, 0x00000000ef500000| Untracked 
| 246|0x00000000ef600000, 0x00000000ef600000, 0x00000000ef700000|  0%| F|  |TAMS 0x00000000ef600000, 0x00000000ef600000| Untracked 
| 247|0x00000000ef700000, 0x00000000ef700000, 0x00000000ef800000|  0%| F|  |TAMS 0x00000000ef700000, 0x00000000ef700000| Untracked 
| 248|0x00000000ef800000, 0x00000000ef880800, 0x00000000ef900000| 50%| E|  |TAMS 0x00000000ef800000, 0x00000000ef800000| Complete 
| 249|0x00000000ef900000, 0x00000000efa00000, 0x00000000efa00000|100%| E|CS|TAMS 0x00000000ef900000, 0x00000000ef900000| Complete 
| 250|0x00000000efa00000, 0x00000000efb00000, 0x00000000efb00000|100%| E|CS|TAMS 0x00000000efa00000, 0x00000000efa00000| Complete 
| 251|0x00000000efb00000, 0x00000000efc00000, 0x00000000efc00000|100%| E|CS|TAMS 0x00000000efb00000, 0x00000000efb00000| Complete 
| 252|0x00000000efc00000, 0x00000000efd00000, 0x00000000efd00000|100%| E|CS|TAMS 0x00000000efc00000, 0x00000000efc00000| Complete 
| 253|0x00000000efd00000, 0x00000000efe00000, 0x00000000efe00000|100%| E|CS|TAMS 0x00000000efd00000, 0x00000000efd00000| Complete 
| 254|0x00000000efe00000, 0x00000000eff00000, 0x00000000eff00000|100%| E|CS|TAMS 0x00000000efe00000, 0x00000000efe00000| Complete 
| 255|0x00000000eff00000, 0x00000000f0000000, 0x00000000f0000000|100%| E|CS|TAMS 0x00000000eff00000, 0x00000000eff00000| Complete 

Card table byte_map: [0x000001b929370000,0x000001b929470000] _byte_map_base: 0x000001b928c70000

Marking Bits (Prev, Next): (CMBitMap*) 0x000001b911eff9e0, (CMBitMap*) 0x000001b911effa20
 Prev Bits: [0x000001b929570000, 0x000001b929d70000)
 Next Bits: [0x000001b929d70000, 0x000001b92a570000)

Polling page: 0x000001b910650000

Metaspace:

Usage:
  Non-class:     30.60 MB used.
      Class:      4.93 MB used.
       Both:     35.53 MB used.

Virtual space:
  Non-class space:       64.00 MB reserved,      30.81 MB ( 48%) committed,  1 nodes.
      Class space:      320.00 MB reserved,       5.12 MB (  2%) committed,  1 nodes.
             Both:      384.00 MB reserved,      35.94 MB (  9%) committed. 

Chunk freelists:
   Non-Class:  1.19 MB
       Class:  10.91 MB
        Both:  12.09 MB

MaxMetaspaceSize: 384.00 MB
CompressedClassSpaceSize: 320.00 MB
Initial GC threshold: 21.00 MB
Current GC threshold: 58.69 MB
CDS: on
MetaspaceReclaimPolicy: balanced
 - commit_granule_bytes: 65536.
 - commit_granule_words: 8192.
 - virtual_space_node_default_size: 8388608.
 - enlarge_chunks_in_place: 1.
 - new_chunks_are_fully_committed: 0.
 - uncommit_free_chunks: 1.
 - use_allocation_guard: 0.
 - handle_deallocations: 1.


Internal statistics:

num_allocs_failed_limit: 6.
num_arena_births: 448.
num_arena_deaths: 0.
num_vsnodes_births: 2.
num_vsnodes_deaths: 0.
num_space_committed: 576.
num_space_uncommitted: 0.
num_chunks_returned_to_freelist: 6.
num_chunks_taken_from_freelist: 1788.
num_chunk_merges: 6.
num_chunk_splits: 1195.
num_chunks_enlarged: 843.
num_inconsistent_stats: 0.

CodeHeap 'non-profiled nmethods': size=120000Kb used=3128Kb max_used=3128Kb free=116871Kb
 bounds [0x000001b9212e0000, 0x000001b9215f0000, 0x000001b928810000]
CodeHeap 'profiled nmethods': size=120000Kb used=9524Kb max_used=9524Kb free=110475Kb
 bounds [0x000001b919810000, 0x000001b91a160000, 0x000001b920d40000]
CodeHeap 'non-nmethods': size=5760Kb used=2306Kb max_used=2354Kb free=3453Kb
 bounds [0x000001b920d40000, 0x000001b920fb0000, 0x000001b9212e0000]
 total_blobs=5486 nmethods=4680 adapters=718
 compilation: enabled
              stopped_count=0, restarted_count=0
 full_count=0

Compilation events (20 events):
Event: 215.023 Thread 0x000001b92cfb8aa0 4677       3       java.util.regex.Matcher::appendExpandedReplacement (510 bytes)
Event: 215.025 Thread 0x000001b92cfb8580 nmethod 4675 0x000001b9215ed610 code [0x000001b9215ed7a0, 0x000001b9215edb58]
Event: 215.029 Thread 0x000001b92cfb8aa0 nmethod 4677 0x000001b91a14fb10 code [0x000001b91a150300, 0x000001b91a154998]
Event: 215.029 Thread 0x000001b92cfb8aa0 4679       3       java.lang.Integer::highestOneBit (10 bytes)
Event: 215.029 Thread 0x000001b92cfb8aa0 nmethod 4679 0x000001b91a156310 code [0x000001b91a1564a0, 0x000001b91a1565c8]
Event: 215.029 Thread 0x000001b92cfb8aa0 4678       3       org.gradle.model.internal.asm.MethodVisitorScope::_PUTFIELD (11 bytes)
Event: 215.029 Thread 0x000001b92cfb8aa0 nmethod 4678 0x000001b91a156690 code [0x000001b91a156840, 0x000001b91a156ad8]
Event: 215.029 Thread 0x000001b92cfb8aa0 4676       3       java.util.regex.Matcher::appendReplacement (75 bytes)
Event: 215.030 Thread 0x000001b92cfb8aa0 nmethod 4676 0x000001b91a156c10 code [0x000001b91a156e20, 0x000001b91a1572e8]
Event: 215.031 Thread 0x000001b92cfb8aa0 4680       3       org.gradle.internal.instantiation.generator.AbstractClassGenerator$ClassGenerationHandler::<init> (5 bytes)
Event: 215.031 Thread 0x000001b92cfb8aa0 nmethod 4680 0x000001b91a157590 code [0x000001b91a157740, 0x000001b91a1578f8]
Event: 215.031 Thread 0x000001b92cfb8aa0 4681       3       org.gradle.internal.instantiation.generator.AbstractClassGenerator$ClassGenerationHandler::<init> (5 bytes)
Event: 215.031 Thread 0x000001b92cfb8aa0 nmethod 4681 0x000001b91a157a10 code [0x000001b91a157ba0, 0x000001b91a157cf8]
Event: 215.593 Thread 0x000001b92cfb8aa0 4682       3       sun.reflect.generics.visitor.Reifier::reifyTypeArguments (38 bytes)
Event: 215.593 Thread 0x000001b92cfb8580 4683       4       org.gradle.internal.instantiation.generator.AbstractClassGenerator$DisabledAnnotationValidator::validateMethod (68 bytes)
Event: 215.593 Thread 0x000001b92cfb8aa0 nmethod 4682 0x000001b91a157d90 code [0x000001b91a157f60, 0x000001b91a158468]
Event: 215.593 Thread 0x000001b92cfb8aa0 4684       3       org.gradle.internal.instantiation.generator.AbstractClassGenerator::hasPropertyType (8 bytes)
Event: 215.594 Thread 0x000001b92cfb8aa0 nmethod 4684 0x000001b91a158610 code [0x000001b91a158820, 0x000001b91a158ea8]
Event: 215.594 Thread 0x000001b92cfb8aa0 4685       3       org.gradle.internal.instantiation.generator.AbstractClassGenerator::isPropertyType (36 bytes)
Event: 215.594 Thread 0x000001b92cfb8aa0 nmethod 4685 0x000001b91a159110 code [0x000001b91a1592e0, 0x000001b91a159568]

GC Heap History (10 events):
Event: 18.548 GC heap before
{Heap before GC invocations=0 (full 0):
 garbage-first heap   total 262144K, used 22528K [0x00000000e0000000, 0x0000000100000000)
  region size 1024K, 23 young (23552K), 0 survivors (0K)
 Metaspace       used 1112K, committed 1280K, reserved 393216K
  class space    used 78K, committed 128K, reserved 327680K
}
Event: 21.659 GC heap after
{Heap after GC invocations=1 (full 0):
 garbage-first heap   total 262144K, used 4078K [0x00000000e0000000, 0x0000000100000000)
  region size 1024K, 3 young (3072K), 3 survivors (3072K)
 Metaspace       used 1112K, committed 1280K, reserved 393216K
  class space    used 78K, committed 128K, reserved 327680K
}
Event: 35.659 GC heap before
{Heap before GC invocations=1 (full 0):
 garbage-first heap   total 262144K, used 38894K [0x00000000e0000000, 0x0000000100000000)
  region size 1024K, 34 young (34816K), 3 survivors (3072K)
 Metaspace       used 4373K, committed 4544K, reserved 393216K
  class space    used 550K, committed 640K, reserved 327680K
}
Event: 35.663 GC heap after
{Heap after GC invocations=2 (full 0):
 garbage-first heap   total 262144K, used 11361K [0x00000000e0000000, 0x0000000100000000)
  region size 1024K, 5 young (5120K), 5 survivors (5120K)
 Metaspace       used 4373K, committed 4544K, reserved 393216K
  class space    used 550K, committed 640K, reserved 327680K
}
Event: 43.155 GC heap before
{Heap before GC invocations=2 (full 0):
 garbage-first heap   total 262144K, used 59489K [0x00000000e0000000, 0x0000000100000000)
  region size 1024K, 50 young (51200K), 5 survivors (5120K)
 Metaspace       used 4695K, committed 4864K, reserved 393216K
  class space    used 594K, committed 704K, reserved 327680K
}
Event: 43.160 GC heap after
{Heap after GC invocations=3 (full 0):
 garbage-first heap   total 262144K, used 16939K [0x00000000e0000000, 0x0000000100000000)
  region size 1024K, 5 young (5120K), 5 survivors (5120K)
 Metaspace       used 4695K, committed 4864K, reserved 393216K
  class space    used 594K, committed 704K, reserved 327680K
}
Event: 83.557 GC heap before
{Heap before GC invocations=3 (full 0):
 garbage-first heap   total 262144K, used 125483K [0x00000000e0000000, 0x0000000100000000)
  region size 1024K, 112 young (114688K), 5 survivors (5120K)
 Metaspace       used 21149K, committed 21504K, reserved 393216K
  class space    used 3089K, committed 3264K, reserved 327680K
}
Event: 84.143 GC heap after
{Heap after GC invocations=4 (full 0):
 garbage-first heap   total 262144K, used 24333K [0x00000000e0000000, 0x0000000100000000)
  region size 1024K, 12 young (12288K), 12 survivors (12288K)
 Metaspace       used 21149K, committed 21504K, reserved 393216K
  class space    used 3089K, committed 3264K, reserved 327680K
}
Event: 211.036 GC heap before
{Heap before GC invocations=5 (full 0):
 garbage-first heap   total 262144K, used 153357K [0x00000000e0000000, 0x0000000100000000)
  region size 1024K, 135 young (138240K), 12 survivors (12288K)
 Metaspace       used 35556K, committed 35968K, reserved 393216K
  class space    used 4914K, committed 5120K, reserved 327680K
}
Event: 211.052 GC heap after
{Heap after GC invocations=6 (full 0):
 garbage-first heap   total 262144K, used 32429K [0x00000000e0000000, 0x0000000100000000)
  region size 1024K, 16 young (16384K), 16 survivors (16384K)
 Metaspace       used 35556K, committed 35968K, reserved 393216K
  class space    used 4914K, committed 5120K, reserved 327680K
}

Deoptimization events (20 events):
Event: 197.814 Thread 0x000001b946958e60 Uncommon trap: trap_request=0xffffff45 fr.pc=0x000001b92136835c relative=0x000000000000059c
Event: 197.814 Thread 0x000001b946958e60 Uncommon trap: reason=unstable_if action=reinterpret pc=0x000001b92136835c method=java.util.HashMap.hash(Ljava/lang/Object;)I @ 1 c2
Event: 197.814 Thread 0x000001b946958e60 DEOPT PACKING pc=0x000001b92136835c sp=0x00000012245f6820
Event: 197.814 Thread 0x000001b946958e60 DEOPT UNPACKING pc=0x000001b920d95ba3 sp=0x00000012245f66c8 mode 2
Event: 202.505 Thread 0x000001b946958e60 Uncommon trap: trap_request=0xffffffde fr.pc=0x000001b921529d34 relative=0x0000000000002bf4
Event: 202.505 Thread 0x000001b946958e60 Uncommon trap: reason=class_check action=maybe_recompile pc=0x000001b921529d34 method=java.util.regex.Pattern$CharProperty.study(Ljava/util/regex/Pattern$TreeInfo;)Z @ 25 c2
Event: 202.506 Thread 0x000001b946958e60 DEOPT PACKING pc=0x000001b921529d34 sp=0x00000012245f5b60
Event: 202.506 Thread 0x000001b946958e60 DEOPT UNPACKING pc=0x000001b920d95ba3 sp=0x00000012245f5a58 mode 2
Event: 210.548 Thread 0x000001b946958e60 Uncommon trap: trap_request=0xffffff45 fr.pc=0x000001b921509868 relative=0x00000000000001a8
Event: 210.548 Thread 0x000001b946958e60 Uncommon trap: reason=unstable_if action=reinterpret pc=0x000001b921509868 method=java.util.regex.Pattern$BmpCharProperty.match(Ljava/util/regex/Matcher;ILjava/lang/CharSequence;)Z @ 39 c2
Event: 210.548 Thread 0x000001b946958e60 DEOPT PACKING pc=0x000001b921509868 sp=0x00000012245f70c0
Event: 210.548 Thread 0x000001b946958e60 DEOPT UNPACKING pc=0x000001b920d95ba3 sp=0x00000012245f7070 mode 2
Event: 214.483 Thread 0x000001b946958e60 Uncommon trap: trap_request=0xffffffbe fr.pc=0x000001b921527b08 relative=0x00000000000009c8
Event: 214.483 Thread 0x000001b946958e60 Uncommon trap: reason=profile_predicate action=maybe_recompile pc=0x000001b921527b08 method=java.util.regex.Pattern$BnM.optimize(Ljava/util/regex/Pattern$Node;)Ljava/util/regex/Pattern$Node; @ 67 c2
Event: 214.483 Thread 0x000001b946958e60 DEOPT PACKING pc=0x000001b921527b08 sp=0x00000012245f6e40
Event: 214.483 Thread 0x000001b946958e60 DEOPT UNPACKING pc=0x000001b920d95ba3 sp=0x00000012245f6d90 mode 2
Event: 215.595 Thread 0x000001b946958e60 Uncommon trap: trap_request=0xffffff45 fr.pc=0x000001b9215e18e0 relative=0x0000000000003060
Event: 215.595 Thread 0x000001b946958e60 Uncommon trap: reason=unstable_if action=reinterpret pc=0x000001b9215e18e0 method=org.objectweb.asm.Frame.push(I)V @ 26 c2
Event: 215.595 Thread 0x000001b946958e60 DEOPT PACKING pc=0x000001b9215e18e0 sp=0x00000012245f7430
Event: 215.595 Thread 0x000001b946958e60 DEOPT UNPACKING pc=0x000001b920d95ba3 sp=0x00000012245f7368 mode 2

Classes unloaded (0 events):
No events

Classes redefined (0 events):
No events

Internal exceptions (20 events):
Event: 151.369 Thread 0x000001b946958e60 Exception <a 'java/lang/ClassNotFoundException'{0x00000000ea583308}: groovy/lang/Closure$1BeanInfo> (0x00000000ea583308) 
thrown [s\open\src\hotspot\share\classfile\systemDictionary.cpp, line 256]
Event: 151.371 Thread 0x000001b946958e60 Exception <a 'java/lang/ClassNotFoundException'{0x00000000ea59f380}: groovy/lang/ClosureBeanInfo> (0x00000000ea59f380) 
thrown [s\open\src\hotspot\share\classfile\systemDictionary.cpp, line 256]
Event: 151.372 Thread 0x000001b946958e60 Exception <a 'java/lang/ClassNotFoundException'{0x00000000ea5bb300}: groovy/lang/ClosureCustomizer> (0x00000000ea5bb300) 
thrown [s\open\src\hotspot\share\classfile\systemDictionary.cpp, line 256]
Event: 151.382 Thread 0x000001b946958e60 Exception <a 'java/lang/ClassNotFoundException'{0x00000000ea5fb2b8}: groovy/lang/Closure$1Customizer> (0x00000000ea5fb2b8) 
thrown [s\open\src\hotspot\share\classfile\systemDictionary.cpp, line 256]
Event: 195.669 Thread 0x000001b946958e60 Exception <a 'java/lang/ClassNotFoundException'{0x00000000e9e16448}: ijresolvers1_5rx09ru8159sunzjlpzag5d4sBeanInfo> (0x00000000e9e16448) 
thrown [s\open\src\hotspot\share\classfile\systemDictionary.cpp, line 256]
Event: 195.670 Thread 0x000001b946958e60 Exception <a 'java/lang/ClassNotFoundException'{0x00000000e9e1cbf0}: ijresolvers1_5rx09ru8159sunzjlpzag5d4sCustomizer> (0x00000000e9e1cbf0) 
thrown [s\open\src\hotspot\share\classfile\systemDictionary.cpp, line 256]
Event: 195.680 Thread 0x000001b946958e60 Exception <a 'java/lang/ClassNotFoundException'{0x00000000e9e73518}: org/gradle/internal/metaobject/ConfigureDelegateBeanInfo> (0x00000000e9e73518) 
thrown [s\open\src\hotspot\share\classfile\systemDictionary.cpp, line 256]
Event: 195.681 Thread 0x000001b946958e60 Exception <a 'java/lang/ClassNotFoundException'{0x00000000e9e82838}: org/gradle/internal/metaobject/ConfigureDelegateCustomizer> (0x00000000e9e82838) 
thrown [s\open\src\hotspot\share\classfile\systemDictionary.cpp, line 256]
Event: 196.817 Thread 0x000001b946958e60 Exception <a 'java/lang/ClassNotFoundException'{0x00000000e9dc7ce8}: org/gradle/api/internal/initialization/DefaultScriptHandler_DecoratedBeanInfo> (0x00000000e9dc7ce8) 
thrown [s\open\src\hotspot\share\classfile\systemDictionary.cpp, line 256]
Event: 196.818 Thread 0x000001b946958e60 Exception <a 'java/lang/ClassNotFoundException'{0x00000000e9dd8c48}: org/gradle/api/internal/initialization/DefaultScriptHandlerBeanInfo> (0x00000000e9dd8c48) 
thrown [s\open\src\hotspot\share\classfile\systemDictionary.cpp, line 256]
Event: 196.819 Thread 0x000001b946958e60 Exception <a 'java/lang/ClassNotFoundException'{0x00000000e9de9e20}: org/gradle/api/internal/initialization/DefaultScriptHandlerCustomizer> (0x00000000e9de9e20) 
thrown [s\open\src\hotspot\share\classfile\systemDictionary.cpp, line 256]
Event: 196.821 Thread 0x000001b946958e60 Exception <a 'java/lang/ClassNotFoundException'{0x00000000e9c079e0}: org/gradle/api/internal/initialization/DefaultScriptHandler_DecoratedCustomizer> (0x00000000e9c079e0) 
thrown [s\open\src\hotspot\share\classfile\systemDictionary.cpp, line 256]
Event: 197.814 Thread 0x000001b946958e60 Implicit null exception at 0x000001b921367e0f to 0x000001b92136833c
Event: 206.166 Thread 0x000001b946958e60 Exception <a 'java/lang/NoSuchMethodError'{0x00000000e907baf8}: 'java.lang.Object java.lang.invoke.DirectMethodHandle$Holder.newInvokeSpecial(java.lang.Object, java.lang.Object, int, int)'> (0x00000000e907baf8) 
thrown [s\open\src\hotspot\share\interpreter\linkResolver.cpp, line 759]
Event: 209.276 Thread 0x000001b946958e60 Exception <a 'java/lang/NoSuchMethodError'{0x00000000e7d5a758}: 'java.lang.Object java.lang.invoke.DirectMethodHandle$Holder.newInvokeSpecial(java.lang.Object, java.lang.Object, java.lang.Object, java.lang.Object, java.lang.Object, java.lang.Object, java.lang.Object, java.lang.Object, java.lang.Object, java.lang.Object, java.lang.Object)'> (0x00000000e7d5a758) 
thrown [s\open\src\hotspot\share\interpreter\linkResolver.cpp, line 759]
Event: 209.278 Thread 0x000001b946958e60 Exception <a 'java/lang/NoSuchMethodError'{0x00000000e7d60538}: 'java.lang.Object java.lang.invoke.DirectMethodHandle$Holder.invokeSpecial(java.lang.Object, java.lang.Object, java.lang.Object, java.lang.Object, java.lang.Object, java.lang.Object, java.lang.Object, java.lang.Object, java.lang.Object, java.lang.Object, java.lang.Object, java.lang.Object)'> (0x00000000e7d60538) 
thrown [s\open\src\hotspot\share\interpreter\linkResolver.cpp, line 759]
Event: 209.278 Thread 0x000001b946958e60 Exception <a 'java/lang/NoSuchMethodError'{0x00000000e7d65e78}: 'java.lang.Object java.lang.invoke.Invokers$Holder.linkToTargetMethod(java.lang.Object, java.lang.Object, java.lang.Object, java.lang.Object, java.lang.Object, java.lang.Object, java.lang.Object, java.lang.Object, java.lang.Object, java.lang.Object, java.lang.Object)'> (0x00000000e7d65e78) 
thrown [s\open\src\hotspot\share\interpreter\linkResolver.cpp, line 759]
Event: 209.306 Thread 0x000001b946958e60 Exception <a 'java/lang/NoSuchMethodError'{0x00000000e7dce6a0}: 'java.lang.Object java.lang.invoke.DirectMethodHandle$Holder.newInvokeSpecial(java.lang.Object, java.lang.Object, java.lang.Object, java.lang.Object, java.lang.Object, java.lang.Object, java.lang.Object, java.lang.Object, java.lang.Object, java.lang.Object, java.lang.Object, java.lang.Object)'> (0x00000000e7dce6a0) 
thrown [s\open\src\hotspot\share\interpreter\linkResolver.cpp, line 759]
Event: 209.307 Thread 0x000001b946958e60 Exception <a 'java/lang/NoSuchMethodError'{0x00000000e7dd4668}: 'java.lang.Object java.lang.invoke.DirectMethodHandle$Holder.invokeSpecial(java.lang.Object, java.lang.Object, java.lang.Object, java.lang.Object, java.lang.Object, java.lang.Object, java.lang.Object, java.lang.Object, java.lang.Object, java.lang.Object, java.lang.Object, java.lang.Object, java.lang.Object)'> (0x00000000e7dd4668) 
thrown [s\open\src\hotspot\share\interpreter\linkResolver.cpp, line 759]
Event: 209.307 Thread 0x000001b946958e60 Exception <a 'java/lang/NoSuchMethodError'{0x00000000e7dda130}: 'java.lang.Object java.lang.invoke.Invokers$Holder.linkToTargetMethod(java.lang.Object, java.lang.Object, java.lang.Object, java.lang.Object, java.lang.Object, java.lang.Object, java.lang.Object, java.lang.Object, java.lang.Object, java.lang.Object, java.lang.Object, java.lang.Object)'> (0x00000000e7dda130) 
thrown [s\open\src\hotspot\share\interpreter\linkResolver.cpp, line 759]

VM Operations (20 events):
Event: 202.457 Executing VM operation: Cleanup
Event: 202.488 Executing VM operation: Cleanup done
Event: 203.496 Executing VM operation: Cleanup
Event: 203.497 Executing VM operation: Cleanup done
Event: 206.531 Executing VM operation: Cleanup
Event: 207.111 Executing VM operation: Cleanup done
Event: 208.115 Executing VM operation: Cleanup
Event: 209.065 Executing VM operation: Cleanup done
Event: 210.066 Executing VM operation: Cleanup
Event: 210.066 Executing VM operation: Cleanup done
Event: 211.036 Executing VM operation: CollectForMetadataAllocation
Event: 211.083 Executing VM operation: CollectForMetadataAllocation done
Event: 211.086 Executing VM operation: G1Concurrent
Event: 213.574 Executing VM operation: G1Concurrent done
Event: 213.577 Executing VM operation: G1Concurrent
Event: 213.577 Executing VM operation: G1Concurrent done
Event: 214.581 Executing VM operation: Cleanup
Event: 215.018 Executing VM operation: Cleanup done
Event: 216.023 Executing VM operation: Cleanup
Event: 216.023 Executing VM operation: Cleanup done

Events (20 events):
Event: 151.383 loading class com/sun/beans/finder/MethodFinder done
Event: 151.383 loading class com/sun/beans/finder/MethodFinder$1
Event: 151.383 loading class com/sun/beans/finder/MethodFinder$1 done
Event: 151.383 loading class com/sun/beans/finder/FinderUtils
Event: 151.383 loading class com/sun/beans/finder/FinderUtils done
Event: 194.742 Thread 0x000001b948074ec0 Thread added: 0x000001b948074ec0
Event: 196.804 loading class java/util/function/IntBinaryOperator
Event: 196.805 loading class java/util/function/IntBinaryOperator done
Event: 197.518 Thread 0x000001b9484c7b90 Thread added: 0x000001b9484c7b90
Event: 197.801 loading class java/lang/invoke/SerializedLambda
Event: 197.802 loading class java/lang/invoke/SerializedLambda done
Event: 199.250 loading class java/lang/SafeVarargs
Event: 199.250 loading class java/lang/SafeVarargs done
Event: 199.434 Thread 0x000001b9484c7b90 Thread exited: 0x000001b9484c7b90
Event: 206.173 loading class jdk/internal/reflect/UnsafeStaticIntegerFieldAccessorImpl
Event: 206.173 loading class jdk/internal/reflect/UnsafeStaticIntegerFieldAccessorImpl done
Event: 206.191 Thread 0x000001b94b1ad010 Thread added: 0x000001b94b1ad010
Event: 207.300 Thread 0x000001b94b1ad010 Thread exited: 0x000001b94b1ad010
Event: 207.957 Thread 0x000001b9480758e0 Thread added: 0x000001b9480758e0
Event: 209.816 Thread 0x000001b948078b80 Thread added: 0x000001b948078b80


Dynamic libraries:
0x00007ff7bcc20000 - 0x00007ff7bcc30000 	C:\Program Files\Java\jdk-17\bin\java.exe
0x00007ffdcd0c0000 - 0x00007ffdcd323000 	C:\WINDOWS\SYSTEM32\ntdll.dll
0x00007ffdcaf90000 - 0x00007ffdcb057000 	C:\WINDOWS\System32\KERNEL32.DLL
0x00007ffdca490000 - 0x00007ffdca857000 	C:\WINDOWS\System32\KERNELBASE.dll
0x00007ffdca990000 - 0x00007ffdcaadc000 	C:\WINDOWS\System32\ucrtbase.dll
0x00007ffdbeab0000 - 0x00007ffdbeac9000 	C:\Program Files\Java\jdk-17\bin\jli.dll
0x00007ffdcb640000 - 0x00007ffdcb6f4000 	C:\WINDOWS\System32\ADVAPI32.dll
0x00007ffdcb0a0000 - 0x00007ffdcb149000 	C:\WINDOWS\System32\msvcrt.dll
0x00007ffdcb700000 - 0x00007ffdcb7a6000 	C:\WINDOWS\System32\sechost.dll
0x00007ffdcb430000 - 0x00007ffdcb546000 	C:\WINDOWS\System32\RPCRT4.dll
0x00007ffdcba60000 - 0x00007ffdcbc29000 	C:\WINDOWS\System32\USER32.dll
0x00007ffdca460000 - 0x00007ffdca487000 	C:\WINDOWS\System32\win32u.dll
0x00007ffdcc9c0000 - 0x00007ffdcc9ea000 	C:\WINDOWS\System32\GDI32.dll
0x00007ffdcaae0000 - 0x00007ffdcac0b000 	C:\WINDOWS\System32\gdi32full.dll
0x00007ffdcae50000 - 0x00007ffdcaef3000 	C:\WINDOWS\System32\msvcp_win.dll
0x00007ffdbea90000 - 0x00007ffdbeaab000 	C:\Program Files\Java\jdk-17\bin\VCRUNTIME140.dll
0x00007ffdb2520000 - 0x00007ffdb27b0000 	C:\WINDOWS\WinSxS\amd64_microsoft.windows.common-controls_6595b64144ccf1df_6.0.26100.3037_none_3e09262ce333c378\COMCTL32.dll
0x00007ffdb95b0000 - 0x00007ffdb95bb000 	C:\WINDOWS\SYSTEM32\VERSION.dll
0x00007ffdcb060000 - 0x00007ffdcb08f000 	C:\WINDOWS\System32\IMM32.DLL
0x00007ffdc6cc0000 - 0x00007ffdc6ccc000 	C:\Program Files\Java\jdk-17\bin\vcruntime140_1.dll
0x00007ffdbea00000 - 0x00007ffdbea8e000 	C:\Program Files\Java\jdk-17\bin\msvcp140.dll
0x00007ffd6fdd0000 - 0x00007ffd709b0000 	C:\Program Files\Java\jdk-17\bin\server\jvm.dll
0x00007ffdccef0000 - 0x00007ffdccef8000 	C:\WINDOWS\System32\PSAPI.DLL
0x00007ffdbee70000 - 0x00007ffdbee7a000 	C:\WINDOWS\SYSTEM32\WSOCK32.dll
0x00007ffdcbdd0000 - 0x00007ffdcbe44000 	C:\WINDOWS\System32\WS2_32.dll
0x00007ffdb4740000 - 0x00007ffdb4776000 	C:\WINDOWS\SYSTEM32\WINMM.dll
0x00007ffdc9250000 - 0x00007ffdc926a000 	C:\WINDOWS\SYSTEM32\kernel.appcore.dll
0x00007ffdbe9f0000 - 0x00007ffdbe9fa000 	C:\Program Files\Java\jdk-17\bin\jimage.dll
0x00007ffdc7be0000 - 0x00007ffdc7e21000 	C:\WINDOWS\SYSTEM32\DBGHELP.DLL
0x00007ffdcbe50000 - 0x00007ffdcc1ce000 	C:\WINDOWS\System32\combase.dll
0x00007ffdccf00000 - 0x00007ffdccfd6000 	C:\WINDOWS\System32\OLEAUT32.dll
0x00007ffd784d0000 - 0x00007ffd78509000 	C:\WINDOWS\SYSTEM32\dbgcore.DLL
0x00007ffdca8f0000 - 0x00007ffdca989000 	C:\WINDOWS\System32\bcryptPrimitives.dll
0x00007ffdbe9e0000 - 0x00007ffdbe9ee000 	C:\Program Files\Java\jdk-17\bin\instrument.dll
0x00007ffdbe9b0000 - 0x00007ffdbe9d5000 	C:\Program Files\Java\jdk-17\bin\java.dll
0x00007ffd77160000 - 0x00007ffd77237000 	C:\Program Files\Java\jdk-17\bin\jsvml.dll
0x00007ffdcc1e0000 - 0x00007ffdcc8e4000 	C:\WINDOWS\System32\SHELL32.dll
0x00007ffdc8120000 - 0x00007ffdc8957000 	C:\WINDOWS\SYSTEM32\windows.storage.dll
0x00007ffdcb550000 - 0x00007ffdcb639000 	C:\WINDOWS\System32\SHCORE.dll
0x00007ffdcb3d0000 - 0x00007ffdcb42d000 	C:\WINDOWS\System32\shlwapi.dll
0x00007ffdca370000 - 0x00007ffdca39e000 	C:\WINDOWS\SYSTEM32\profapi.dll
0x00007ffdbe990000 - 0x00007ffdbe9a8000 	C:\Program Files\Java\jdk-17\bin\zip.dll
0x00007ffdbe970000 - 0x00007ffdbe989000 	C:\Program Files\Java\jdk-17\bin\net.dll
0x00007ffdc0cc0000 - 0x00007ffdc0dde000 	C:\WINDOWS\SYSTEM32\WINHTTP.dll
0x00007ffdc9740000 - 0x00007ffdc97aa000 	C:\WINDOWS\system32\mswsock.dll
0x00007ffdbe950000 - 0x00007ffdbe966000 	C:\Program Files\Java\jdk-17\bin\nio.dll
0x00007ffdbe940000 - 0x00007ffdbe950000 	C:\Program Files\Java\jdk-17\bin\verify.dll
0x00007ffdbebe0000 - 0x00007ffdbec07000 	C:\Users\r2com\.gradle\native\1def1411415f61bf3af743bc5b6707747c0891f09f0c88961ee8f79bc544acac\windows-amd64\native-platform.dll
0x00007ffd7f3c0000 - 0x00007ffd7f438000 	C:\Users\r2com\.gradle\native\0.2.6\x86_64-windows-gnu\gradle-fileevents.dll
0x00007ffdbe930000 - 0x00007ffdbe93a000 	C:\Program Files\Java\jdk-17\bin\management.dll
0x00007ffdbe920000 - 0x00007ffdbe92b000 	C:\Program Files\Java\jdk-17\bin\management_ext.dll
0x00007ffdc8d20000 - 0x00007ffdc8d52000 	C:\WINDOWS\SYSTEM32\IPHLPAPI.DLL
0x00007ffdcce80000 - 0x00007ffdcce8a000 	C:\WINDOWS\System32\NSI.dll
0x00007ffdc4030000 - 0x00007ffdc404f000 	C:\WINDOWS\SYSTEM32\dhcpcsvc6.DLL
0x00007ffdc3960000 - 0x00007ffdc3985000 	C:\WINDOWS\SYSTEM32\dhcpcsvc.DLL
0x00007ffdc8d60000 - 0x00007ffdc8e85000 	C:\WINDOWS\SYSTEM32\DNSAPI.dll
0x00007ffdc9af0000 - 0x00007ffdc9b0c000 	C:\WINDOWS\SYSTEM32\CRYPTSP.dll
0x00007ffdc91b0000 - 0x00007ffdc91e8000 	C:\WINDOWS\system32\rsaenh.dll
0x00007ffdc97e0000 - 0x00007ffdc980b000 	C:\WINDOWS\SYSTEM32\USERENV.dll
0x00007ffdc9d90000 - 0x00007ffdc9db6000 	C:\WINDOWS\SYSTEM32\bcrypt.dll
0x00007ffdc9970000 - 0x00007ffdc997c000 	C:\WINDOWS\SYSTEM32\CRYPTBASE.dll
0x00007ffdbe910000 - 0x00007ffdbe91e000 	C:\Program Files\Java\jdk-17\bin\sunmscapi.dll
0x00007ffdcac10000 - 0x00007ffdcad86000 	C:\WINDOWS\System32\CRYPT32.dll
0x00007ffdc9d50000 - 0x00007ffdc9d80000 	C:\WINDOWS\SYSTEM32\ncrypt.dll
0x00007ffdc9d00000 - 0x00007ffdc9d3f000 	C:\WINDOWS\SYSTEM32\NTASN1.dll
0x00007ffdaba40000 - 0x00007ffdaba48000 	C:\WINDOWS\system32\wshunix.dll

dbghelp: loaded successfully - version: 4.0.5 - missing functions: none
symbol engine: initialized successfully - sym options: 0x614 - pdb path: .;C:\Program Files\Java\jdk-17\bin;C:\WINDOWS\SYSTEM32;C:\WINDOWS\WinSxS\amd64_microsoft.windows.common-controls_6595b64144ccf1df_6.0.26100.3037_none_3e09262ce333c378;C:\Program Files\Java\jdk-17\bin\server;C:\Users\r2com\.gradle\native\1def1411415f61bf3af743bc5b6707747c0891f09f0c88961ee8f79bc544acac\windows-amd64;C:\Users\r2com\.gradle\native\0.2.6\x86_64-windows-gnu

VM Arguments:
jvm_args: --add-opens=java.base/java.lang=ALL-UNNAMED --add-opens=java.base/java.lang.invoke=ALL-UNNAMED --add-opens=java.base/java.util=ALL-UNNAMED --add-opens=java.prefs/java.util.prefs=ALL-UNNAMED --add-exports=jdk.compiler/com.sun.tools.javac.api=ALL-UNNAMED --add-exports=jdk.compiler/com.sun.tools.javac.util=ALL-UNNAMED --add-opens=java.base/java.util=ALL-UNNAMED --add-opens=java.prefs/java.util.prefs=ALL-UNNAMED --add-opens=java.base/java.nio.charset=ALL-UNNAMED --add-opens=java.base/java.net=ALL-UNNAMED --add-opens=java.base/java.util.concurrent.atomic=ALL-UNNAMED --add-opens=java.xml/javax.xml.namespace=ALL-UNNAMED -XX:MaxMetaspaceSize=384m -XX:+HeapDumpOnOutOfMemoryError -Xms256m -Xmx512m -Dfile.encoding=UTF-8 -Duser.country=KR -Duser.language=ko -Duser.variant -javaagent:C:\Users\r2com\.gradle\wrapper\dists\gradle-8.12.1-bin\eumc4uhoysa37zql93vfjkxy0\gradle-8.12.1\lib\agents\gradle-instrumentation-agent-8.12.1.jar 
java_command: org.gradle.launcher.daemon.bootstrap.GradleDaemon 8.12.1
java_class_path (initial): C:\Users\r2com\.gradle\wrapper\dists\gradle-8.12.1-bin\eumc4uhoysa37zql93vfjkxy0\gradle-8.12.1\lib\gradle-daemon-main-8.12.1.jar
Launcher Type: SUN_STANDARD

[Global flags]
     intx CICompilerCount                          = 4                                         {product} {ergonomic}
   size_t CompressedClassSpaceSize                 = 335544320                                 {product} {ergonomic}
     uint ConcGCThreads                            = 2                                         {product} {ergonomic}
     uint G1ConcRefinementThreads                  = 8                                         {product} {ergonomic}
   size_t G1HeapRegionSize                         = 1048576                                   {product} {ergonomic}
    uintx GCDrainStackTargetSize                   = 64                                        {product} {ergonomic}
     bool HeapDumpOnOutOfMemoryError               = true                                   {manageable} {command line}
   size_t InitialHeapSize                          = 268435456                                 {product} {command line}
   size_t MarkStackSize                            = 4194304                                   {product} {ergonomic}
   size_t MaxHeapSize                              = 536870912                                 {product} {command line}
   size_t MaxMetaspaceSize                         = 402653184                                 {product} {command line}
   size_t MaxNewSize                               = 321912832                                 {product} {ergonomic}
   size_t MinHeapDeltaBytes                        = 1048576                                   {product} {ergonomic}
   size_t MinHeapSize                              = 268435456                                 {product} {command line}
    uintx NonNMethodCodeHeapSize                   = 5839372                                {pd product} {ergonomic}
    uintx NonProfiledCodeHeapSize                  = 122909434                              {pd product} {ergonomic}
    uintx ProfiledCodeHeapSize                     = 122909434                              {pd product} {ergonomic}
    uintx ReservedCodeCacheSize                    = 251658240                              {pd product} {ergonomic}
     bool SegmentedCodeCache                       = true                                      {product} {ergonomic}
   size_t SoftMaxHeapSize                          = 536870912                              {manageable} {ergonomic}
     bool UseCompressedClassPointers               = true                           {product lp64_product} {ergonomic}
     bool UseCompressedOops                        = true                           {product lp64_product} {ergonomic}
     bool UseG1GC                                  = true                                      {product} {ergonomic}
     bool UseLargePagesIndividualAllocation        = false                                  {pd product} {ergonomic}

Logging:
Log output configuration:
 #0: stdout all=warning uptime,level,tags
 #1: stderr all=off uptime,level,tags

Environment Variables:
PATH=C:\Program Files\Common Files\Oracle\Java\javapath;C:\WINDOWS\system32;C:\WINDOWS;C:\WINDOWS\System32\Wbem;C:\WINDOWS\System32\WindowsPowerShell\v1.0\;C:\WINDOWS\System32\OpenSSH\;C:\Program Files\nodejs\;C:\Program Files\Git\cmd;C:\Program Files\Docker\Docker\resources\bin;C:\Users\r2com\AppData\Local\Microsoft\WindowsApps;C:\Users\r2com\AppData\Roaming\npm;C:\Users\r2com\AppData\Local\Programs\Microsoft VS Code\bin;
USERNAME=r2com
OS=Windows_NT
PROCESSOR_IDENTIFIER=Intel64 Family 6 Model 140 Stepping 1, GenuineIntel



---------------  S Y S T E M  ---------------

OS:
 Windows 11 , 64 bit Build 26100 (10.0.26100.3037)
OS uptime: 0 days 11:15 hours
Hyper-V role detected

CPU: total 8 (initial active 8) (4 cores per cpu, 2 threads per core) family 6 model 140 stepping 1 microcode 0x8a, cx8, cmov, fxsr, ht, mmx, 3dnowpref, sse, sse2, sse3, ssse3, sse4.1, sse4.2, popcnt, lzcnt, tsc, tscinvbit, avx, avx2, aes, erms, clmul, bmi1, bmi2, adx, avx512f, avx512dq, avx512cd, avx512bw, avx512vl, sha, fma, vzeroupper, avx512_vpopcntdq, avx512_vpclmulqdq, avx512_vaes, avx512_vnni, clflush, clflushopt, clwb, avx512_vbmi2, avx512_vbmi, hv

Memory: 4k page, system-wide physical 32491M (1147M free)
TotalPageFile size 62874M (AvailPageFile size 63M)
current process WorkingSet (physical memory assigned to process): 263M, peak: 283M
current process commit charge ("private bytes"): 430M, peak: 464M

vm_info: Java HotSpot(TM) 64-Bit Server VM (17.0.12+8-LTS-286) for windows-amd64 JRE (17.0.12+8-LTS-286), built on Jun  5 2024 06:46:59 by "mach5one" with MS VC++ 17.6 (VS2022)

END.
