#
# There is insufficient memory for the Java Runtime Environment to continue.
# Native memory allocation (malloc) failed to allocate 1722896 bytes for Chunk::new
# Possible reasons:
#   The system is out of physical RAM or swap space
#   The process is running with CompressedOops enabled, and the Java Heap may be blocking the growth of the native heap
# Possible solutions:
#   Reduce memory load on the system
#   Increase physical memory or swap space
#   Check if swap backing store is full
#   Decrease Java heap size (-Xmx/-Xms)
#   Decrease number of Java threads
#   Decrease Java thread stack sizes (-Xss)
#   Set larger code cache with -XX:ReservedCodeCacheSize=
#   JVM is running with Unscaled Compressed Oops mode in which the Java heap is
#     placed in the first 4GB address space. The Java Heap base address is the
#     maximum limit for the native heap growth. Please use -XX:HeapBaseMinAddress
#     to set the Java Heap base and to place the Java Heap above 4GB virtual address.
# This output file may be truncated or incomplete.
#
#  Out of Memory Error (arena.cpp:189), pid=33664, tid=10080
#
# JRE version: Java(TM) SE Runtime Environment (17.0.12+8) (build 17.0.12+8-LTS-286)
# Java VM: Java HotSpot(TM) 64-Bit Server VM (17.0.12+8-LTS-286, mixed mode, sharing, tiered, compressed oops, compressed class ptrs, g1 gc, windows-amd64)
# No core dump will be written. Minidumps are not enabled by default on client versions of Windows
#

---------------  S U M M A R Y ------------

Command Line: --add-opens=java.base/java.lang=ALL-UNNAMED --add-opens=java.base/java.lang.invoke=ALL-UNNAMED --add-opens=java.base/java.util=ALL-UNNAMED --add-opens=java.prefs/java.util.prefs=ALL-UNNAMED --add-exports=jdk.compiler/com.sun.tools.javac.api=ALL-UNNAMED --add-exports=jdk.compiler/com.sun.tools.javac.util=ALL-UNNAMED --add-opens=java.base/java.util=ALL-UNNAMED --add-opens=java.prefs/java.util.prefs=ALL-UNNAMED --add-opens=java.base/java.nio.charset=ALL-UNNAMED --add-opens=java.base/java.net=ALL-UNNAMED --add-opens=java.base/java.util.concurrent.atomic=ALL-UNNAMED --add-opens=java.xml/javax.xml.namespace=ALL-UNNAMED -XX:MaxMetaspaceSize=384m -XX:+HeapDumpOnOutOfMemoryError -Xms256m -Xmx512m -Dfile.encoding=UTF-8 -Duser.country=KR -Duser.language=ko -Duser.variant -javaagent:C:\Users\r2com\.gradle\wrapper\dists\gradle-8.12.1-bin\eumc4uhoysa37zql93vfjkxy0\gradle-8.12.1\lib\agents\gradle-instrumentation-agent-8.12.1.jar org.gradle.launcher.daemon.bootstrap.GradleDaemon 8.12.1

Host: 11th Gen Intel(R) Core(TM) i5-1135G7 @ 2.40GHz, 8 cores, 31G,  Windows 11 , 64 bit Build 26100 (10.0.26100.3037)
Time: Tue Feb 18 00:19:52 2025  Windows 11 , 64 bit Build 26100 (10.0.26100.3037) elapsed time: 230.186826 seconds (0d 0h 3m 50s)

---------------  T H R E A D  ---------------

Current thread (0x0000027df49b77e0):  JavaThread "C2 CompilerThread0" daemon [_thread_in_native, id=10080, stack(0x0000007f8fa00000,0x0000007f8fb00000)]


Current CompileTask:
C2: 230186 4383       4       groovy.lang.MetaClassImpl$1MOPIter::methodNameAction (325 bytes)

Stack: [0x0000007f8fa00000,0x0000007f8fb00000]
Native frames: (J=compiled Java code, j=interpreted, Vv=VM code, C=native code)
V  [jvm.dll+0x67a04a]
V  [jvm.dll+0x7da4ed]
V  [jvm.dll+0x7dbe33]
V  [jvm.dll+0x7dc4a3]
V  [jvm.dll+0x24508f]
V  [jvm.dll+0xab773]
V  [jvm.dll+0xabd3c]
V  [jvm.dll+0x361b9f]
V  [jvm.dll+0x32c431]
V  [jvm.dll+0x32b8ca]
V  [jvm.dll+0x21683f]
V  [jvm.dll+0x215c6f]
V  [jvm.dll+0x1a2960]
V  [jvm.dll+0x22610b]
V  [jvm.dll+0x2242ab]
V  [jvm.dll+0x79075c]
V  [jvm.dll+0x78abea]
V  [jvm.dll+0x678f35]
C  [ucrtbase.dll+0x37b0]
C  [KERNEL32.DLL+0x2e8d7]
C  [ntdll.dll+0xbbf2c]


---------------  P R O C E S S  ---------------

Threads class SMR info:
_java_thread_list=0x0000027df9098c80, length=35, elements={
0x0000027dda0812b0, 0x0000027df4996890, 0x0000027df4997360, 0x0000027df49b3160,
0x0000027df49b5a40, 0x0000027df49b6310, 0x0000027df49b6be0, 0x0000027df49b77e0,
0x0000027df49b80f0, 0x0000027df49baa10, 0x0000027df497f7e0, 0x0000027df4b6cc90,
0x0000027df97e8180, 0x0000027df953e030, 0x0000027df9128c00, 0x0000027dfa51c6f0,
0x0000027dfab18480, 0x0000027df9a513e0, 0x0000027df9a504b0, 0x0000027df9a4f580,
0x0000027df9a50ed0, 0x0000027df9a52310, 0x0000027df9a518f0, 0x0000027df9a4fa90,
0x0000027df9a52820, 0x0000027df9a51e00, 0x0000027df9a4f070, 0x0000027dfadd4ab0,
0x0000027dfadd5ef0, 0x0000027dfadd4fc0, 0x0000027dfadd4090, 0x0000027dfadd54d0,
0x0000027dfadd6400, 0x0000027dfadd6910, 0x0000027dfadd6e20
}

Java Threads: ( => current thread )
  0x0000027dda0812b0 JavaThread "main" [_thread_blocked, id=4004, stack(0x0000007f8ed00000,0x0000007f8ee00000)]
  0x0000027df4996890 JavaThread "Reference Handler" daemon [_thread_blocked, id=18792, stack(0x0000007f8f400000,0x0000007f8f500000)]
  0x0000027df4997360 JavaThread "Finalizer" daemon [_thread_blocked, id=7728, stack(0x0000007f8f500000,0x0000007f8f600000)]
  0x0000027df49b3160 JavaThread "Signal Dispatcher" daemon [_thread_blocked, id=33956, stack(0x0000007f8f600000,0x0000007f8f700000)]
  0x0000027df49b5a40 JavaThread "Attach Listener" daemon [_thread_blocked, id=29540, stack(0x0000007f8f700000,0x0000007f8f800000)]
  0x0000027df49b6310 JavaThread "Service Thread" daemon [_thread_blocked, id=29492, stack(0x0000007f8f800000,0x0000007f8f900000)]
  0x0000027df49b6be0 JavaThread "Monitor Deflation Thread" daemon [_thread_blocked, id=16784, stack(0x0000007f8f900000,0x0000007f8fa00000)]
=>0x0000027df49b77e0 JavaThread "C2 CompilerThread0" daemon [_thread_in_native, id=10080, stack(0x0000007f8fa00000,0x0000007f8fb00000)]
  0x0000027df49b80f0 JavaThread "C1 CompilerThread0" daemon [_thread_blocked, id=30796, stack(0x0000007f8fb00000,0x0000007f8fc00000)]
  0x0000027df49baa10 JavaThread "Sweeper thread" daemon [_thread_blocked, id=13104, stack(0x0000007f8fc00000,0x0000007f8fd00000)]
  0x0000027df497f7e0 JavaThread "Common-Cleaner" daemon [_thread_blocked, id=28360, stack(0x0000007f8fd00000,0x0000007f8fe00000)]
  0x0000027df4b6cc90 JavaThread "Notification Thread" daemon [_thread_blocked, id=17240, stack(0x0000007f8fe00000,0x0000007f8ff00000)]
  0x0000027df97e8180 JavaThread "Daemon health stats" [_thread_blocked, id=10496, stack(0x0000007f90100000,0x0000007f90200000)]
  0x0000027df953e030 JavaThread "Incoming local TCP Connector on port 52837" [_thread_in_native, id=26700, stack(0x0000007f90000000,0x0000007f90100000)]
  0x0000027df9128c00 JavaThread "Daemon periodic checks" [_thread_blocked, id=20332, stack(0x0000007f90700000,0x0000007f90800000)]
  0x0000027dfa51c6f0 JavaThread "Daemon" [_thread_blocked, id=20460, stack(0x0000007f90a00000,0x0000007f90b00000)]
  0x0000027dfab18480 JavaThread "Handler for socket connection from /127.0.0.1:52837 to /127.0.0.1:52838" [_thread_in_native, id=25272, stack(0x0000007f90b00000,0x0000007f90c00000)]
  0x0000027df9a513e0 JavaThread "Cancel handler" [_thread_blocked, id=18008, stack(0x0000007f90800000,0x0000007f90900000)]
  0x0000027df9a504b0 JavaThread "Daemon worker" [_thread_in_native, id=28716, stack(0x0000007f90900000,0x0000007f90a00000)]
  0x0000027df9a4f580 JavaThread "Asynchronous log dispatcher for DefaultDaemonConnection: socket connection from /127.0.0.1:52837 to /127.0.0.1:52838" [_thread_blocked, id=19376, stack(0x0000007f90c00000,0x0000007f90d00000)]
  0x0000027df9a50ed0 JavaThread "Stdin handler" [_thread_blocked, id=14292, stack(0x0000007f90d00000,0x0000007f90e00000)]
  0x0000027df9a52310 JavaThread "Daemon client event forwarder" [_thread_blocked, id=28904, stack(0x0000007f90e00000,0x0000007f90f00000)]
  0x0000027df9a518f0 JavaThread "Cache worker for journal cache (C:\Users\r2com\.gradle\caches\journal-1)" [_thread_blocked, id=33264, stack(0x0000007f90f00000,0x0000007f91000000)]
  0x0000027df9a4fa90 JavaThread "File lock request listener" [_thread_in_native, id=3784, stack(0x0000007f91000000,0x0000007f91100000)]
  0x0000027df9a52820 JavaThread "Cache worker for file hash cache (C:\Users\r2com\.gradle\caches\8.12.1\fileHashes)" [_thread_blocked, id=14172, stack(0x0000007f91300000,0x0000007f91400000)]
  0x0000027df9a51e00 JavaThread "Cache worker for file hash cache (C:\Users\r2com\GG\msa-starboard\.gradle\8.12.1\fileHashes)" [_thread_blocked, id=3396, stack(0x0000007f91500000,0x0000007f91600000)]
  0x0000027df9a4f070 JavaThread "Cache worker for Build Output Cleanup Cache (C:\Users\r2com\GG\msa-starboard\.gradle\buildOutputCleanup)" [_thread_blocked, id=27340, stack(0x0000007f91600000,0x0000007f91700000)]
  0x0000027dfadd4ab0 JavaThread "File watcher server" daemon [_thread_in_native, id=31180, stack(0x0000007f91a00000,0x0000007f91b00000)]
  0x0000027dfadd5ef0 JavaThread "File watcher consumer" daemon [_thread_blocked, id=16936, stack(0x0000007f91b00000,0x0000007f91c00000)]
  0x0000027dfadd4fc0 JavaThread "File lock release action executor Thread 2" [_thread_blocked, id=25192, stack(0x0000007f8ea00000,0x0000007f8eb00000)]
  0x0000027dfadd4090 JavaThread "jar transforms" [_thread_blocked, id=29160, stack(0x0000007f8eb00000,0x0000007f8ec00000)]
  0x0000027dfadd54d0 JavaThread "jar transforms Thread 2" [_thread_blocked, id=26024, stack(0x0000007f8ec00000,0x0000007f8ed00000)]
  0x0000027dfadd6400 JavaThread "Cache worker for checksums cache (C:\Users\r2com\GG\msa-starboard\.gradle\8.12.1\checksums)" [_thread_blocked, id=2948, stack(0x0000007f91100000,0x0000007f91200000)]
  0x0000027dfadd6910 JavaThread "Cache worker for file content cache (C:\Users\r2com\.gradle\caches\8.12.1\fileContent)" [_thread_blocked, id=16684, stack(0x0000007f91200000,0x0000007f91300000)]
  0x0000027dfadd6e20 JavaThread "jar transforms Thread 3" [_thread_blocked, id=38328, stack(0x0000007f91400000,0x0000007f91500000)]

Other Threads:
  0x0000027df4993ba0 VMThread "VM Thread" [stack: 0x0000007f8f300000,0x0000007f8f400000] [id=32016]
  0x0000027dda081f40 WatcherThread [stack: 0x0000007f8ff00000,0x0000007f90000000] [id=23648]
  0x0000027dda0b0210 GCTaskThread "GC Thread#0" [stack: 0x0000007f8ee00000,0x0000007f8ef00000] [id=16028]
  0x0000027df9115200 GCTaskThread "GC Thread#1" [stack: 0x0000007f90200000,0x0000007f90300000] [id=30580]
  0x0000027df4cebed0 GCTaskThread "GC Thread#2" [stack: 0x0000007f90300000,0x0000007f90400000] [id=21888]
  0x0000027df93bd010 GCTaskThread "GC Thread#3" [stack: 0x0000007f90400000,0x0000007f90500000] [id=20040]
  0x0000027df4c410e0 GCTaskThread "GC Thread#4" [stack: 0x0000007f90500000,0x0000007f90600000] [id=19268]
  0x0000027df4c413a0 GCTaskThread "GC Thread#5" [stack: 0x0000007f90600000,0x0000007f90700000] [id=28616]
  0x0000027dfaed69e0 GCTaskThread "GC Thread#6" [stack: 0x0000007f91700000,0x0000007f91800000] [id=17808]
  0x0000027dfaf5f230 GCTaskThread "GC Thread#7" [stack: 0x0000007f91800000,0x0000007f91900000] [id=23004]
  0x0000027dda0b5070 ConcurrentGCThread "G1 Main Marker" [stack: 0x0000007f8ef00000,0x0000007f8f000000] [id=32484]
  0x0000027dda0b5990 ConcurrentGCThread "G1 Conc#0" [stack: 0x0000007f8f000000,0x0000007f8f100000] [id=13472]
  0x0000027dfa4bd840 ConcurrentGCThread "G1 Conc#1" [stack: 0x0000007f91900000,0x0000007f91a00000] [id=22728]
  0x0000027dda14d3b0 ConcurrentGCThread "G1 Refine#0" [stack: 0x0000007f8f100000,0x0000007f8f200000] [id=25468]
  0x0000027dda14e9c0 ConcurrentGCThread "G1 Service" [stack: 0x0000007f8f200000,0x0000007f8f300000] [id=30740]

Threads with active compile tasks:
C2 CompilerThread0   230209 4383       4       groovy.lang.MetaClassImpl$1MOPIter::methodNameAction (325 bytes)

VM state: not at safepoint (normal execution)

VM Mutex/Monitor currently owned by a thread: None

Heap address: 0x00000000e0000000, size: 512 MB, Compressed Oops mode: 32-bit

CDS archive(s) mapped at: [0x0000027d80000000-0x0000027d80bd0000-0x0000027d80bd0000), size 12386304, SharedBaseAddress: 0x0000027d80000000, ArchiveRelocationMode: 1.
Compressed class space mapped at: 0x0000027d81000000-0x0000027d95000000, reserved size: 335544320
Narrow klass base: 0x0000027d80000000, Narrow klass shift: 0, Narrow klass range: 0x100000000

GC Precious Log:
 CPUs: 8 total, 8 available
 Memory: 32491M
 Large Page Support: Disabled
 NUMA Support: Disabled
 Compressed Oops: Enabled (32-bit)
 Heap Region Size: 1M
 Heap Min Capacity: 256M
 Heap Initial Capacity: 256M
 Heap Max Capacity: 512M
 Pre-touch: Disabled
 Parallel Workers: 8
 Concurrent Workers: 2
 Concurrent Refinement Workers: 8
 Periodic GC: Disabled

Heap:
 garbage-first heap   total 262144K, used 134844K [0x00000000e0000000, 0x0000000100000000)
  region size 1024K, 117 young (119808K), 12 survivors (12288K)
 Metaspace       used 33229K, committed 33600K, reserved 393216K
  class space    used 4551K, committed 4736K, reserved 327680K

Heap Regions: E=young(eden), S=young(survivor), O=old, HS=humongous(starts), HC=humongous(continues), CS=collection set, F=free, OA=open archive, CA=closed archive, TAMS=top-at-mark-start (previous, next)
|   0|0x00000000e0000000, 0x00000000e0100000, 0x00000000e0100000|100%| O|  |TAMS 0x00000000e0100000, 0x00000000e0000000| Untracked 
|   1|0x00000000e0100000, 0x00000000e0200000, 0x00000000e0200000|100%|HS|  |TAMS 0x00000000e0200000, 0x00000000e0100000| Complete 
|   2|0x00000000e0200000, 0x00000000e0300000, 0x00000000e0300000|100%|HC|  |TAMS 0x00000000e0300000, 0x00000000e0200000| Complete 
|   3|0x00000000e0300000, 0x00000000e0400000, 0x00000000e0400000|100%|HC|  |TAMS 0x00000000e0400000, 0x00000000e0300000| Complete 
|   4|0x00000000e0400000, 0x00000000e0500000, 0x00000000e0500000|100%| O|  |TAMS 0x00000000e0500000, 0x00000000e0400000| Untracked 
|   5|0x00000000e0500000, 0x00000000e0600000, 0x00000000e0600000|100%| O|  |TAMS 0x00000000e0600000, 0x00000000e0500000| Untracked 
|   6|0x00000000e0600000, 0x00000000e0700000, 0x00000000e0700000|100%| O|  |TAMS 0x00000000e0700000, 0x00000000e0600000| Untracked 
|   7|0x00000000e0700000, 0x00000000e0800000, 0x00000000e0800000|100%|HS|  |TAMS 0x00000000e0800000, 0x00000000e0700000| Complete 
|   8|0x00000000e0800000, 0x00000000e0900000, 0x00000000e0900000|100%|HS|  |TAMS 0x00000000e0800000, 0x00000000e0800000| Complete 
|   9|0x00000000e0900000, 0x00000000e0a00000, 0x00000000e0a00000|100%| O|  |TAMS 0x00000000e0a00000, 0x00000000e0900000| Untracked 
|  10|0x00000000e0a00000, 0x00000000e0b00000, 0x00000000e0b00000|100%| O|  |TAMS 0x00000000e0b00000, 0x00000000e0a00000| Untracked 
|  11|0x00000000e0b00000, 0x00000000e0c00000, 0x00000000e0c00000|100%| O|  |TAMS 0x00000000e0c00000, 0x00000000e0b00000| Untracked 
|  12|0x00000000e0c00000, 0x00000000e0d00000, 0x00000000e0d00000|100%| O|  |TAMS 0x00000000e0d00000, 0x00000000e0c00000| Untracked 
|  13|0x00000000e0d00000, 0x00000000e0d16200, 0x00000000e0e00000|  8%| O|  |TAMS 0x00000000e0d16200, 0x00000000e0d00000| Untracked 
|  14|0x00000000e0e00000, 0x00000000e0f00000, 0x00000000e0f00000|100%|HS|  |TAMS 0x00000000e0e00000, 0x00000000e0e00000| Complete 
|  15|0x00000000e0f00000, 0x00000000e1000000, 0x00000000e1000000|100%|HC|  |TAMS 0x00000000e0f00000, 0x00000000e0f00000| Complete 
|  16|0x00000000e1000000, 0x00000000e1100000, 0x00000000e1100000|100%|HS|  |TAMS 0x00000000e1000000, 0x00000000e1000000| Complete 
|  17|0x00000000e1100000, 0x00000000e1200000, 0x00000000e1200000|100%|HC|  |TAMS 0x00000000e1100000, 0x00000000e1100000| Complete 
|  18|0x00000000e1200000, 0x00000000e1200000, 0x00000000e1300000|  0%| F|  |TAMS 0x00000000e1200000, 0x00000000e1200000| Untracked 
|  19|0x00000000e1300000, 0x00000000e1300000, 0x00000000e1400000|  0%| F|  |TAMS 0x00000000e1300000, 0x00000000e1300000| Untracked 
|  20|0x00000000e1400000, 0x00000000e1400000, 0x00000000e1500000|  0%| F|  |TAMS 0x00000000e1400000, 0x00000000e1400000| Untracked 
|  21|0x00000000e1500000, 0x00000000e1500000, 0x00000000e1600000|  0%| F|  |TAMS 0x00000000e1500000, 0x00000000e1500000| Untracked 
|  22|0x00000000e1600000, 0x00000000e1600000, 0x00000000e1700000|  0%| F|  |TAMS 0x00000000e1600000, 0x00000000e1600000| Untracked 
|  23|0x00000000e1700000, 0x00000000e1700000, 0x00000000e1800000|  0%| F|  |TAMS 0x00000000e1700000, 0x00000000e1700000| Untracked 
|  24|0x00000000e1800000, 0x00000000e1800000, 0x00000000e1900000|  0%| F|  |TAMS 0x00000000e1800000, 0x00000000e1800000| Untracked 
|  25|0x00000000e1900000, 0x00000000e1900000, 0x00000000e1a00000|  0%| F|  |TAMS 0x00000000e1900000, 0x00000000e1900000| Untracked 
|  26|0x00000000e1a00000, 0x00000000e1a00000, 0x00000000e1b00000|  0%| F|  |TAMS 0x00000000e1a00000, 0x00000000e1a00000| Untracked 
|  27|0x00000000e1b00000, 0x00000000e1b00000, 0x00000000e1c00000|  0%| F|  |TAMS 0x00000000e1b00000, 0x00000000e1b00000| Untracked 
|  28|0x00000000e1c00000, 0x00000000e1c00000, 0x00000000e1d00000|  0%| F|  |TAMS 0x00000000e1c00000, 0x00000000e1c00000| Untracked 
|  29|0x00000000e1d00000, 0x00000000e1d00000, 0x00000000e1e00000|  0%| F|  |TAMS 0x00000000e1d00000, 0x00000000e1d00000| Untracked 
|  30|0x00000000e1e00000, 0x00000000e1e00000, 0x00000000e1f00000|  0%| F|  |TAMS 0x00000000e1e00000, 0x00000000e1e00000| Untracked 
|  31|0x00000000e1f00000, 0x00000000e1f00000, 0x00000000e2000000|  0%| F|  |TAMS 0x00000000e1f00000, 0x00000000e1f00000| Untracked 
|  32|0x00000000e2000000, 0x00000000e2000000, 0x00000000e2100000|  0%| F|  |TAMS 0x00000000e2000000, 0x00000000e2000000| Untracked 
|  33|0x00000000e2100000, 0x00000000e2100000, 0x00000000e2200000|  0%| F|  |TAMS 0x00000000e2100000, 0x00000000e2100000| Untracked 
|  34|0x00000000e2200000, 0x00000000e2200000, 0x00000000e2300000|  0%| F|  |TAMS 0x00000000e2200000, 0x00000000e2200000| Untracked 
|  35|0x00000000e2300000, 0x00000000e2300000, 0x00000000e2400000|  0%| F|  |TAMS 0x00000000e2300000, 0x00000000e2300000| Untracked 
|  36|0x00000000e2400000, 0x00000000e2400000, 0x00000000e2500000|  0%| F|  |TAMS 0x00000000e2400000, 0x00000000e2400000| Untracked 
|  37|0x00000000e2500000, 0x00000000e2500000, 0x00000000e2600000|  0%| F|  |TAMS 0x00000000e2500000, 0x00000000e2500000| Untracked 
|  38|0x00000000e2600000, 0x00000000e2600000, 0x00000000e2700000|  0%| F|  |TAMS 0x00000000e2600000, 0x00000000e2600000| Untracked 
|  39|0x00000000e2700000, 0x00000000e2700000, 0x00000000e2800000|  0%| F|  |TAMS 0x00000000e2700000, 0x00000000e2700000| Untracked 
|  40|0x00000000e2800000, 0x00000000e2800000, 0x00000000e2900000|  0%| F|  |TAMS 0x00000000e2800000, 0x00000000e2800000| Untracked 
|  41|0x00000000e2900000, 0x00000000e2900000, 0x00000000e2a00000|  0%| F|  |TAMS 0x00000000e2900000, 0x00000000e2900000| Untracked 
|  42|0x00000000e2a00000, 0x00000000e2a00000, 0x00000000e2b00000|  0%| F|  |TAMS 0x00000000e2a00000, 0x00000000e2a00000| Untracked 
|  43|0x00000000e2b00000, 0x00000000e2b00000, 0x00000000e2c00000|  0%| F|  |TAMS 0x00000000e2b00000, 0x00000000e2b00000| Untracked 
|  44|0x00000000e2c00000, 0x00000000e2c00000, 0x00000000e2d00000|  0%| F|  |TAMS 0x00000000e2c00000, 0x00000000e2c00000| Untracked 
|  45|0x00000000e2d00000, 0x00000000e2d00000, 0x00000000e2e00000|  0%| F|  |TAMS 0x00000000e2d00000, 0x00000000e2d00000| Untracked 
|  46|0x00000000e2e00000, 0x00000000e2e00000, 0x00000000e2f00000|  0%| F|  |TAMS 0x00000000e2e00000, 0x00000000e2e00000| Untracked 
|  47|0x00000000e2f00000, 0x00000000e2f00000, 0x00000000e3000000|  0%| F|  |TAMS 0x00000000e2f00000, 0x00000000e2f00000| Untracked 
|  48|0x00000000e3000000, 0x00000000e3000000, 0x00000000e3100000|  0%| F|  |TAMS 0x00000000e3000000, 0x00000000e3000000| Untracked 
|  49|0x00000000e3100000, 0x00000000e3100000, 0x00000000e3200000|  0%| F|  |TAMS 0x00000000e3100000, 0x00000000e3100000| Untracked 
|  50|0x00000000e3200000, 0x00000000e3200000, 0x00000000e3300000|  0%| F|  |TAMS 0x00000000e3200000, 0x00000000e3200000| Untracked 
|  51|0x00000000e3300000, 0x00000000e3300000, 0x00000000e3400000|  0%| F|  |TAMS 0x00000000e3300000, 0x00000000e3300000| Untracked 
|  52|0x00000000e3400000, 0x00000000e3400000, 0x00000000e3500000|  0%| F|  |TAMS 0x00000000e3400000, 0x00000000e3400000| Untracked 
|  53|0x00000000e3500000, 0x00000000e3500000, 0x00000000e3600000|  0%| F|  |TAMS 0x00000000e3500000, 0x00000000e3500000| Untracked 
|  54|0x00000000e3600000, 0x00000000e3600000, 0x00000000e3700000|  0%| F|  |TAMS 0x00000000e3600000, 0x00000000e3600000| Untracked 
|  55|0x00000000e3700000, 0x00000000e3700000, 0x00000000e3800000|  0%| F|  |TAMS 0x00000000e3700000, 0x00000000e3700000| Untracked 
|  56|0x00000000e3800000, 0x00000000e3800000, 0x00000000e3900000|  0%| F|  |TAMS 0x00000000e3800000, 0x00000000e3800000| Untracked 
|  57|0x00000000e3900000, 0x00000000e3900000, 0x00000000e3a00000|  0%| F|  |TAMS 0x00000000e3900000, 0x00000000e3900000| Untracked 
|  58|0x00000000e3a00000, 0x00000000e3a00000, 0x00000000e3b00000|  0%| F|  |TAMS 0x00000000e3a00000, 0x00000000e3a00000| Untracked 
|  59|0x00000000e3b00000, 0x00000000e3b00000, 0x00000000e3c00000|  0%| F|  |TAMS 0x00000000e3b00000, 0x00000000e3b00000| Untracked 
|  60|0x00000000e3c00000, 0x00000000e3c00000, 0x00000000e3d00000|  0%| F|  |TAMS 0x00000000e3c00000, 0x00000000e3c00000| Untracked 
|  61|0x00000000e3d00000, 0x00000000e3d00000, 0x00000000e3e00000|  0%| F|  |TAMS 0x00000000e3d00000, 0x00000000e3d00000| Untracked 
|  62|0x00000000e3e00000, 0x00000000e3e00000, 0x00000000e3f00000|  0%| F|  |TAMS 0x00000000e3e00000, 0x00000000e3e00000| Untracked 
|  63|0x00000000e3f00000, 0x00000000e3f00000, 0x00000000e4000000|  0%| F|  |TAMS 0x00000000e3f00000, 0x00000000e3f00000| Untracked 
|  64|0x00000000e4000000, 0x00000000e4000000, 0x00000000e4100000|  0%| F|  |TAMS 0x00000000e4000000, 0x00000000e4000000| Untracked 
|  65|0x00000000e4100000, 0x00000000e4100000, 0x00000000e4200000|  0%| F|  |TAMS 0x00000000e4100000, 0x00000000e4100000| Untracked 
|  66|0x00000000e4200000, 0x00000000e4200000, 0x00000000e4300000|  0%| F|  |TAMS 0x00000000e4200000, 0x00000000e4200000| Untracked 
|  67|0x00000000e4300000, 0x00000000e4300000, 0x00000000e4400000|  0%| F|  |TAMS 0x00000000e4300000, 0x00000000e4300000| Untracked 
|  68|0x00000000e4400000, 0x00000000e4400000, 0x00000000e4500000|  0%| F|  |TAMS 0x00000000e4400000, 0x00000000e4400000| Untracked 
|  69|0x00000000e4500000, 0x00000000e4500000, 0x00000000e4600000|  0%| F|  |TAMS 0x00000000e4500000, 0x00000000e4500000| Untracked 
|  70|0x00000000e4600000, 0x00000000e4600000, 0x00000000e4700000|  0%| F|  |TAMS 0x00000000e4600000, 0x00000000e4600000| Untracked 
|  71|0x00000000e4700000, 0x00000000e4700000, 0x00000000e4800000|  0%| F|  |TAMS 0x00000000e4700000, 0x00000000e4700000| Untracked 
|  72|0x00000000e4800000, 0x00000000e4800000, 0x00000000e4900000|  0%| F|  |TAMS 0x00000000e4800000, 0x00000000e4800000| Untracked 
|  73|0x00000000e4900000, 0x00000000e4900000, 0x00000000e4a00000|  0%| F|  |TAMS 0x00000000e4900000, 0x00000000e4900000| Untracked 
|  74|0x00000000e4a00000, 0x00000000e4a00000, 0x00000000e4b00000|  0%| F|  |TAMS 0x00000000e4a00000, 0x00000000e4a00000| Untracked 
|  75|0x00000000e4b00000, 0x00000000e4b00000, 0x00000000e4c00000|  0%| F|  |TAMS 0x00000000e4b00000, 0x00000000e4b00000| Untracked 
|  76|0x00000000e4c00000, 0x00000000e4c00000, 0x00000000e4d00000|  0%| F|  |TAMS 0x00000000e4c00000, 0x00000000e4c00000| Untracked 
|  77|0x00000000e4d00000, 0x00000000e4d00000, 0x00000000e4e00000|  0%| F|  |TAMS 0x00000000e4d00000, 0x00000000e4d00000| Untracked 
|  78|0x00000000e4e00000, 0x00000000e4e00000, 0x00000000e4f00000|  0%| F|  |TAMS 0x00000000e4e00000, 0x00000000e4e00000| Untracked 
|  79|0x00000000e4f00000, 0x00000000e4f00000, 0x00000000e5000000|  0%| F|  |TAMS 0x00000000e4f00000, 0x00000000e4f00000| Untracked 
|  80|0x00000000e5000000, 0x00000000e5000000, 0x00000000e5100000|  0%| F|  |TAMS 0x00000000e5000000, 0x00000000e5000000| Untracked 
|  81|0x00000000e5100000, 0x00000000e5100000, 0x00000000e5200000|  0%| F|  |TAMS 0x00000000e5100000, 0x00000000e5100000| Untracked 
|  82|0x00000000e5200000, 0x00000000e5200000, 0x00000000e5300000|  0%| F|  |TAMS 0x00000000e5200000, 0x00000000e5200000| Untracked 
|  83|0x00000000e5300000, 0x00000000e5300000, 0x00000000e5400000|  0%| F|  |TAMS 0x00000000e5300000, 0x00000000e5300000| Untracked 
|  84|0x00000000e5400000, 0x00000000e5400000, 0x00000000e5500000|  0%| F|  |TAMS 0x00000000e5400000, 0x00000000e5400000| Untracked 
|  85|0x00000000e5500000, 0x00000000e5500000, 0x00000000e5600000|  0%| F|  |TAMS 0x00000000e5500000, 0x00000000e5500000| Untracked 
|  86|0x00000000e5600000, 0x00000000e5600000, 0x00000000e5700000|  0%| F|  |TAMS 0x00000000e5600000, 0x00000000e5600000| Untracked 
|  87|0x00000000e5700000, 0x00000000e5700000, 0x00000000e5800000|  0%| F|  |TAMS 0x00000000e5700000, 0x00000000e5700000| Untracked 
|  88|0x00000000e5800000, 0x00000000e5800000, 0x00000000e5900000|  0%| F|  |TAMS 0x00000000e5800000, 0x00000000e5800000| Untracked 
|  89|0x00000000e5900000, 0x00000000e5900000, 0x00000000e5a00000|  0%| F|  |TAMS 0x00000000e5900000, 0x00000000e5900000| Untracked 
|  90|0x00000000e5a00000, 0x00000000e5a00000, 0x00000000e5b00000|  0%| F|  |TAMS 0x00000000e5a00000, 0x00000000e5a00000| Untracked 
|  91|0x00000000e5b00000, 0x00000000e5b00000, 0x00000000e5c00000|  0%| F|  |TAMS 0x00000000e5b00000, 0x00000000e5b00000| Untracked 
|  92|0x00000000e5c00000, 0x00000000e5c00000, 0x00000000e5d00000|  0%| F|  |TAMS 0x00000000e5c00000, 0x00000000e5c00000| Untracked 
|  93|0x00000000e5d00000, 0x00000000e5d00000, 0x00000000e5e00000|  0%| F|  |TAMS 0x00000000e5d00000, 0x00000000e5d00000| Untracked 
|  94|0x00000000e5e00000, 0x00000000e5e00000, 0x00000000e5f00000|  0%| F|  |TAMS 0x00000000e5e00000, 0x00000000e5e00000| Untracked 
|  95|0x00000000e5f00000, 0x00000000e5f00000, 0x00000000e6000000|  0%| F|  |TAMS 0x00000000e5f00000, 0x00000000e5f00000| Untracked 
|  96|0x00000000e6000000, 0x00000000e6000000, 0x00000000e6100000|  0%| F|  |TAMS 0x00000000e6000000, 0x00000000e6000000| Untracked 
|  97|0x00000000e6100000, 0x00000000e6100000, 0x00000000e6200000|  0%| F|  |TAMS 0x00000000e6100000, 0x00000000e6100000| Untracked 
|  98|0x00000000e6200000, 0x00000000e6200000, 0x00000000e6300000|  0%| F|  |TAMS 0x00000000e6200000, 0x00000000e6200000| Untracked 
|  99|0x00000000e6300000, 0x00000000e6300000, 0x00000000e6400000|  0%| F|  |TAMS 0x00000000e6300000, 0x00000000e6300000| Untracked 
| 100|0x00000000e6400000, 0x00000000e6400000, 0x00000000e6500000|  0%| F|  |TAMS 0x00000000e6400000, 0x00000000e6400000| Untracked 
| 101|0x00000000e6500000, 0x00000000e6500000, 0x00000000e6600000|  0%| F|  |TAMS 0x00000000e6500000, 0x00000000e6500000| Untracked 
| 102|0x00000000e6600000, 0x00000000e6600000, 0x00000000e6700000|  0%| F|  |TAMS 0x00000000e6600000, 0x00000000e6600000| Untracked 
| 103|0x00000000e6700000, 0x00000000e6700000, 0x00000000e6800000|  0%| F|  |TAMS 0x00000000e6700000, 0x00000000e6700000| Untracked 
| 104|0x00000000e6800000, 0x00000000e6800000, 0x00000000e6900000|  0%| F|  |TAMS 0x00000000e6800000, 0x00000000e6800000| Untracked 
| 105|0x00000000e6900000, 0x00000000e6900000, 0x00000000e6a00000|  0%| F|  |TAMS 0x00000000e6900000, 0x00000000e6900000| Untracked 
| 106|0x00000000e6a00000, 0x00000000e6a00000, 0x00000000e6b00000|  0%| F|  |TAMS 0x00000000e6a00000, 0x00000000e6a00000| Untracked 
| 107|0x00000000e6b00000, 0x00000000e6b00000, 0x00000000e6c00000|  0%| F|  |TAMS 0x00000000e6b00000, 0x00000000e6b00000| Untracked 
| 108|0x00000000e6c00000, 0x00000000e6c00000, 0x00000000e6d00000|  0%| F|  |TAMS 0x00000000e6c00000, 0x00000000e6c00000| Untracked 
| 109|0x00000000e6d00000, 0x00000000e6d00000, 0x00000000e6e00000|  0%| F|  |TAMS 0x00000000e6d00000, 0x00000000e6d00000| Untracked 
| 110|0x00000000e6e00000, 0x00000000e6e00000, 0x00000000e6f00000|  0%| F|  |TAMS 0x00000000e6e00000, 0x00000000e6e00000| Untracked 
| 111|0x00000000e6f00000, 0x00000000e6f00000, 0x00000000e7000000|  0%| F|  |TAMS 0x00000000e6f00000, 0x00000000e6f00000| Untracked 
| 112|0x00000000e7000000, 0x00000000e7000000, 0x00000000e7100000|  0%| F|  |TAMS 0x00000000e7000000, 0x00000000e7000000| Untracked 
| 113|0x00000000e7100000, 0x00000000e7100000, 0x00000000e7200000|  0%| F|  |TAMS 0x00000000e7100000, 0x00000000e7100000| Untracked 
| 114|0x00000000e7200000, 0x00000000e7200000, 0x00000000e7300000|  0%| F|  |TAMS 0x00000000e7200000, 0x00000000e7200000| Untracked 
| 115|0x00000000e7300000, 0x00000000e7300000, 0x00000000e7400000|  0%| F|  |TAMS 0x00000000e7300000, 0x00000000e7300000| Untracked 
| 116|0x00000000e7400000, 0x00000000e7400000, 0x00000000e7500000|  0%| F|  |TAMS 0x00000000e7400000, 0x00000000e7400000| Untracked 
| 117|0x00000000e7500000, 0x00000000e7500000, 0x00000000e7600000|  0%| F|  |TAMS 0x00000000e7500000, 0x00000000e7500000| Untracked 
| 118|0x00000000e7600000, 0x00000000e7600000, 0x00000000e7700000|  0%| F|  |TAMS 0x00000000e7600000, 0x00000000e7600000| Untracked 
| 119|0x00000000e7700000, 0x00000000e7700000, 0x00000000e7800000|  0%| F|  |TAMS 0x00000000e7700000, 0x00000000e7700000| Untracked 
| 120|0x00000000e7800000, 0x00000000e7800000, 0x00000000e7900000|  0%| F|  |TAMS 0x00000000e7800000, 0x00000000e7800000| Untracked 
| 121|0x00000000e7900000, 0x00000000e7900000, 0x00000000e7a00000|  0%| F|  |TAMS 0x00000000e7900000, 0x00000000e7900000| Untracked 
| 122|0x00000000e7a00000, 0x00000000e7a00000, 0x00000000e7b00000|  0%| F|  |TAMS 0x00000000e7a00000, 0x00000000e7a00000| Untracked 
| 123|0x00000000e7b00000, 0x00000000e7b00000, 0x00000000e7c00000|  0%| F|  |TAMS 0x00000000e7b00000, 0x00000000e7b00000| Untracked 
| 124|0x00000000e7c00000, 0x00000000e7c00000, 0x00000000e7d00000|  0%| F|  |TAMS 0x00000000e7c00000, 0x00000000e7c00000| Untracked 
| 125|0x00000000e7d00000, 0x00000000e7d00000, 0x00000000e7e00000|  0%| F|  |TAMS 0x00000000e7d00000, 0x00000000e7d00000| Untracked 
| 126|0x00000000e7e00000, 0x00000000e7e00000, 0x00000000e7f00000|  0%| F|  |TAMS 0x00000000e7e00000, 0x00000000e7e00000| Untracked 
| 127|0x00000000e7f00000, 0x00000000e7f00000, 0x00000000e8000000|  0%| F|  |TAMS 0x00000000e7f00000, 0x00000000e7f00000| Untracked 
| 128|0x00000000e8000000, 0x00000000e8000000, 0x00000000e8100000|  0%| F|  |TAMS 0x00000000e8000000, 0x00000000e8000000| Untracked 
| 129|0x00000000e8100000, 0x00000000e8100000, 0x00000000e8200000|  0%| F|  |TAMS 0x00000000e8100000, 0x00000000e8100000| Untracked 
| 130|0x00000000e8200000, 0x00000000e8200000, 0x00000000e8300000|  0%| F|  |TAMS 0x00000000e8200000, 0x00000000e8200000| Untracked 
| 131|0x00000000e8300000, 0x00000000e8300000, 0x00000000e8400000|  0%| F|  |TAMS 0x00000000e8300000, 0x00000000e8300000| Untracked 
| 132|0x00000000e8400000, 0x00000000e8499090, 0x00000000e8500000| 59%| S|CS|TAMS 0x00000000e8400000, 0x00000000e8400000| Complete 
| 133|0x00000000e8500000, 0x00000000e8600000, 0x00000000e8600000|100%| S|CS|TAMS 0x00000000e8500000, 0x00000000e8500000| Complete 
| 134|0x00000000e8600000, 0x00000000e8700000, 0x00000000e8700000|100%| S|CS|TAMS 0x00000000e8600000, 0x00000000e8600000| Complete 
| 135|0x00000000e8700000, 0x00000000e8800000, 0x00000000e8800000|100%| S|CS|TAMS 0x00000000e8700000, 0x00000000e8700000| Complete 
| 136|0x00000000e8800000, 0x00000000e8900000, 0x00000000e8900000|100%| S|CS|TAMS 0x00000000e8800000, 0x00000000e8800000| Complete 
| 137|0x00000000e8900000, 0x00000000e8a00000, 0x00000000e8a00000|100%| S|CS|TAMS 0x00000000e8900000, 0x00000000e8900000| Complete 
| 138|0x00000000e8a00000, 0x00000000e8b00000, 0x00000000e8b00000|100%| S|CS|TAMS 0x00000000e8a00000, 0x00000000e8a00000| Complete 
| 139|0x00000000e8b00000, 0x00000000e8c00000, 0x00000000e8c00000|100%| S|CS|TAMS 0x00000000e8b00000, 0x00000000e8b00000| Complete 
| 140|0x00000000e8c00000, 0x00000000e8d00000, 0x00000000e8d00000|100%| S|CS|TAMS 0x00000000e8c00000, 0x00000000e8c00000| Complete 
| 141|0x00000000e8d00000, 0x00000000e8e00000, 0x00000000e8e00000|100%| S|CS|TAMS 0x00000000e8d00000, 0x00000000e8d00000| Complete 
| 142|0x00000000e8e00000, 0x00000000e8f00000, 0x00000000e8f00000|100%| S|CS|TAMS 0x00000000e8e00000, 0x00000000e8e00000| Complete 
| 143|0x00000000e8f00000, 0x00000000e9000000, 0x00000000e9000000|100%| S|CS|TAMS 0x00000000e8f00000, 0x00000000e8f00000| Complete 
| 144|0x00000000e9000000, 0x00000000e9000000, 0x00000000e9100000|  0%| F|  |TAMS 0x00000000e9000000, 0x00000000e9000000| Untracked 
| 145|0x00000000e9100000, 0x00000000e9100000, 0x00000000e9200000|  0%| F|  |TAMS 0x00000000e9100000, 0x00000000e9100000| Untracked 
| 146|0x00000000e9200000, 0x00000000e9200000, 0x00000000e9300000|  0%| F|  |TAMS 0x00000000e9200000, 0x00000000e9200000| Untracked 
| 147|0x00000000e9300000, 0x00000000e9300000, 0x00000000e9400000|  0%| F|  |TAMS 0x00000000e9300000, 0x00000000e9300000| Untracked 
| 148|0x00000000e9400000, 0x00000000e9400000, 0x00000000e9500000|  0%| F|  |TAMS 0x00000000e9400000, 0x00000000e9400000| Untracked 
| 149|0x00000000e9500000, 0x00000000e9500000, 0x00000000e9600000|  0%| F|  |TAMS 0x00000000e9500000, 0x00000000e9500000| Untracked 
| 150|0x00000000e9600000, 0x00000000e9600000, 0x00000000e9700000|  0%| F|  |TAMS 0x00000000e9600000, 0x00000000e9600000| Untracked 
| 151|0x00000000e9700000, 0x00000000e9780800, 0x00000000e9800000| 50%| E|  |TAMS 0x00000000e9700000, 0x00000000e9700000| Complete 
| 152|0x00000000e9800000, 0x00000000e9900000, 0x00000000e9900000|100%| E|CS|TAMS 0x00000000e9800000, 0x00000000e9800000| Complete 
| 153|0x00000000e9900000, 0x00000000e9a00000, 0x00000000e9a00000|100%| E|CS|TAMS 0x00000000e9900000, 0x00000000e9900000| Complete 
| 154|0x00000000e9a00000, 0x00000000e9b00000, 0x00000000e9b00000|100%| E|CS|TAMS 0x00000000e9a00000, 0x00000000e9a00000| Complete 
| 155|0x00000000e9b00000, 0x00000000e9c00000, 0x00000000e9c00000|100%| E|CS|TAMS 0x00000000e9b00000, 0x00000000e9b00000| Complete 
| 156|0x00000000e9c00000, 0x00000000e9d00000, 0x00000000e9d00000|100%| E|CS|TAMS 0x00000000e9c00000, 0x00000000e9c00000| Complete 
| 157|0x00000000e9d00000, 0x00000000e9e00000, 0x00000000e9e00000|100%| E|CS|TAMS 0x00000000e9d00000, 0x00000000e9d00000| Complete 
| 158|0x00000000e9e00000, 0x00000000e9f00000, 0x00000000e9f00000|100%| E|CS|TAMS 0x00000000e9e00000, 0x00000000e9e00000| Complete 
| 159|0x00000000e9f00000, 0x00000000ea000000, 0x00000000ea000000|100%| E|CS|TAMS 0x00000000e9f00000, 0x00000000e9f00000| Complete 
| 160|0x00000000ea000000, 0x00000000ea100000, 0x00000000ea100000|100%| E|CS|TAMS 0x00000000ea000000, 0x00000000ea000000| Complete 
| 161|0x00000000ea100000, 0x00000000ea200000, 0x00000000ea200000|100%| E|CS|TAMS 0x00000000ea100000, 0x00000000ea100000| Complete 
| 162|0x00000000ea200000, 0x00000000ea300000, 0x00000000ea300000|100%| E|  |TAMS 0x00000000ea200000, 0x00000000ea200000| Complete 
| 163|0x00000000ea300000, 0x00000000ea400000, 0x00000000ea400000|100%| E|CS|TAMS 0x00000000ea300000, 0x00000000ea300000| Complete 
| 164|0x00000000ea400000, 0x00000000ea500000, 0x00000000ea500000|100%| E|CS|TAMS 0x00000000ea400000, 0x00000000ea400000| Complete 
| 165|0x00000000ea500000, 0x00000000ea600000, 0x00000000ea600000|100%| E|CS|TAMS 0x00000000ea500000, 0x00000000ea500000| Complete 
| 166|0x00000000ea600000, 0x00000000ea700000, 0x00000000ea700000|100%| E|CS|TAMS 0x00000000ea600000, 0x00000000ea600000| Complete 
| 167|0x00000000ea700000, 0x00000000ea800000, 0x00000000ea800000|100%| E|CS|TAMS 0x00000000ea700000, 0x00000000ea700000| Complete 
| 168|0x00000000ea800000, 0x00000000ea900000, 0x00000000ea900000|100%| E|CS|TAMS 0x00000000ea800000, 0x00000000ea800000| Complete 
| 169|0x00000000ea900000, 0x00000000eaa00000, 0x00000000eaa00000|100%| E|CS|TAMS 0x00000000ea900000, 0x00000000ea900000| Complete 
| 170|0x00000000eaa00000, 0x00000000eab00000, 0x00000000eab00000|100%| E|CS|TAMS 0x00000000eaa00000, 0x00000000eaa00000| Complete 
| 171|0x00000000eab00000, 0x00000000eac00000, 0x00000000eac00000|100%| E|CS|TAMS 0x00000000eab00000, 0x00000000eab00000| Complete 
| 172|0x00000000eac00000, 0x00000000ead00000, 0x00000000ead00000|100%| E|CS|TAMS 0x00000000eac00000, 0x00000000eac00000| Complete 
| 173|0x00000000ead00000, 0x00000000eae00000, 0x00000000eae00000|100%| E|CS|TAMS 0x00000000ead00000, 0x00000000ead00000| Complete 
| 174|0x00000000eae00000, 0x00000000eaf00000, 0x00000000eaf00000|100%| E|CS|TAMS 0x00000000eae00000, 0x00000000eae00000| Complete 
| 175|0x00000000eaf00000, 0x00000000eb000000, 0x00000000eb000000|100%| E|CS|TAMS 0x00000000eaf00000, 0x00000000eaf00000| Complete 
| 176|0x00000000eb000000, 0x00000000eb100000, 0x00000000eb100000|100%| E|CS|TAMS 0x00000000eb000000, 0x00000000eb000000| Complete 
| 177|0x00000000eb100000, 0x00000000eb200000, 0x00000000eb200000|100%| E|CS|TAMS 0x00000000eb100000, 0x00000000eb100000| Complete 
| 178|0x00000000eb200000, 0x00000000eb300000, 0x00000000eb300000|100%| E|CS|TAMS 0x00000000eb200000, 0x00000000eb200000| Complete 
| 179|0x00000000eb300000, 0x00000000eb400000, 0x00000000eb400000|100%| E|CS|TAMS 0x00000000eb300000, 0x00000000eb300000| Complete 
| 180|0x00000000eb400000, 0x00000000eb500000, 0x00000000eb500000|100%| E|CS|TAMS 0x00000000eb400000, 0x00000000eb400000| Complete 
| 181|0x00000000eb500000, 0x00000000eb600000, 0x00000000eb600000|100%| E|CS|TAMS 0x00000000eb500000, 0x00000000eb500000| Complete 
| 182|0x00000000eb600000, 0x00000000eb700000, 0x00000000eb700000|100%| E|CS|TAMS 0x00000000eb600000, 0x00000000eb600000| Complete 
| 183|0x00000000eb700000, 0x00000000eb800000, 0x00000000eb800000|100%| E|CS|TAMS 0x00000000eb700000, 0x00000000eb700000| Complete 
| 184|0x00000000eb800000, 0x00000000eb900000, 0x00000000eb900000|100%| E|CS|TAMS 0x00000000eb800000, 0x00000000eb800000| Complete 
| 185|0x00000000eb900000, 0x00000000eba00000, 0x00000000eba00000|100%| E|CS|TAMS 0x00000000eb900000, 0x00000000eb900000| Complete 
| 186|0x00000000eba00000, 0x00000000ebb00000, 0x00000000ebb00000|100%| E|CS|TAMS 0x00000000eba00000, 0x00000000eba00000| Complete 
| 187|0x00000000ebb00000, 0x00000000ebc00000, 0x00000000ebc00000|100%| E|CS|TAMS 0x00000000ebb00000, 0x00000000ebb00000| Complete 
| 188|0x00000000ebc00000, 0x00000000ebd00000, 0x00000000ebd00000|100%| E|CS|TAMS 0x00000000ebc00000, 0x00000000ebc00000| Complete 
| 189|0x00000000ebd00000, 0x00000000ebe00000, 0x00000000ebe00000|100%| E|CS|TAMS 0x00000000ebd00000, 0x00000000ebd00000| Complete 
| 190|0x00000000ebe00000, 0x00000000ebf00000, 0x00000000ebf00000|100%| E|CS|TAMS 0x00000000ebe00000, 0x00000000ebe00000| Complete 
| 191|0x00000000ebf00000, 0x00000000ec000000, 0x00000000ec000000|100%| E|CS|TAMS 0x00000000ebf00000, 0x00000000ebf00000| Complete 
| 192|0x00000000ec000000, 0x00000000ec100000, 0x00000000ec100000|100%| E|CS|TAMS 0x00000000ec000000, 0x00000000ec000000| Complete 
| 193|0x00000000ec100000, 0x00000000ec200000, 0x00000000ec200000|100%| E|CS|TAMS 0x00000000ec100000, 0x00000000ec100000| Complete 
| 194|0x00000000ec200000, 0x00000000ec300000, 0x00000000ec300000|100%| E|CS|TAMS 0x00000000ec200000, 0x00000000ec200000| Complete 
| 195|0x00000000ec300000, 0x00000000ec400000, 0x00000000ec400000|100%| E|CS|TAMS 0x00000000ec300000, 0x00000000ec300000| Complete 
| 196|0x00000000ec400000, 0x00000000ec500000, 0x00000000ec500000|100%| E|CS|TAMS 0x00000000ec400000, 0x00000000ec400000| Complete 
| 197|0x00000000ec500000, 0x00000000ec600000, 0x00000000ec600000|100%| E|CS|TAMS 0x00000000ec500000, 0x00000000ec500000| Complete 
| 198|0x00000000ec600000, 0x00000000ec700000, 0x00000000ec700000|100%| E|CS|TAMS 0x00000000ec600000, 0x00000000ec600000| Complete 
| 199|0x00000000ec700000, 0x00000000ec800000, 0x00000000ec800000|100%| E|CS|TAMS 0x00000000ec700000, 0x00000000ec700000| Complete 
| 200|0x00000000ec800000, 0x00000000ec900000, 0x00000000ec900000|100%| E|CS|TAMS 0x00000000ec800000, 0x00000000ec800000| Complete 
| 201|0x00000000ec900000, 0x00000000eca00000, 0x00000000eca00000|100%| E|CS|TAMS 0x00000000ec900000, 0x00000000ec900000| Complete 
| 202|0x00000000eca00000, 0x00000000ecb00000, 0x00000000ecb00000|100%| E|CS|TAMS 0x00000000eca00000, 0x00000000eca00000| Complete 
| 203|0x00000000ecb00000, 0x00000000ecc00000, 0x00000000ecc00000|100%| E|CS|TAMS 0x00000000ecb00000, 0x00000000ecb00000| Complete 
| 204|0x00000000ecc00000, 0x00000000ecd00000, 0x00000000ecd00000|100%| E|CS|TAMS 0x00000000ecc00000, 0x00000000ecc00000| Complete 
| 205|0x00000000ecd00000, 0x00000000ece00000, 0x00000000ece00000|100%| E|CS|TAMS 0x00000000ecd00000, 0x00000000ecd00000| Complete 
| 206|0x00000000ece00000, 0x00000000ecf00000, 0x00000000ecf00000|100%| E|CS|TAMS 0x00000000ece00000, 0x00000000ece00000| Complete 
| 207|0x00000000ecf00000, 0x00000000ed000000, 0x00000000ed000000|100%| E|CS|TAMS 0x00000000ecf00000, 0x00000000ecf00000| Complete 
| 208|0x00000000ed000000, 0x00000000ed100000, 0x00000000ed100000|100%| E|CS|TAMS 0x00000000ed000000, 0x00000000ed000000| Complete 
| 209|0x00000000ed100000, 0x00000000ed200000, 0x00000000ed200000|100%| E|CS|TAMS 0x00000000ed100000, 0x00000000ed100000| Complete 
| 210|0x00000000ed200000, 0x00000000ed300000, 0x00000000ed300000|100%| E|CS|TAMS 0x00000000ed200000, 0x00000000ed200000| Complete 
| 211|0x00000000ed300000, 0x00000000ed400000, 0x00000000ed400000|100%| E|CS|TAMS 0x00000000ed300000, 0x00000000ed300000| Complete 
| 212|0x00000000ed400000, 0x00000000ed500000, 0x00000000ed500000|100%| E|CS|TAMS 0x00000000ed400000, 0x00000000ed400000| Complete 
| 213|0x00000000ed500000, 0x00000000ed600000, 0x00000000ed600000|100%| E|CS|TAMS 0x00000000ed500000, 0x00000000ed500000| Complete 
| 214|0x00000000ed600000, 0x00000000ed700000, 0x00000000ed700000|100%| E|CS|TAMS 0x00000000ed600000, 0x00000000ed600000| Complete 
| 215|0x00000000ed700000, 0x00000000ed800000, 0x00000000ed800000|100%| E|CS|TAMS 0x00000000ed700000, 0x00000000ed700000| Complete 
| 216|0x00000000ed800000, 0x00000000ed900000, 0x00000000ed900000|100%| E|CS|TAMS 0x00000000ed800000, 0x00000000ed800000| Complete 
| 217|0x00000000ed900000, 0x00000000eda00000, 0x00000000eda00000|100%| E|CS|TAMS 0x00000000ed900000, 0x00000000ed900000| Complete 
| 218|0x00000000eda00000, 0x00000000edb00000, 0x00000000edb00000|100%| E|CS|TAMS 0x00000000eda00000, 0x00000000eda00000| Complete 
| 219|0x00000000edb00000, 0x00000000edc00000, 0x00000000edc00000|100%| E|CS|TAMS 0x00000000edb00000, 0x00000000edb00000| Complete 
| 220|0x00000000edc00000, 0x00000000edd00000, 0x00000000edd00000|100%| E|CS|TAMS 0x00000000edc00000, 0x00000000edc00000| Complete 
| 221|0x00000000edd00000, 0x00000000ede00000, 0x00000000ede00000|100%| E|CS|TAMS 0x00000000edd00000, 0x00000000edd00000| Complete 
| 222|0x00000000ede00000, 0x00000000edf00000, 0x00000000edf00000|100%| E|CS|TAMS 0x00000000ede00000, 0x00000000ede00000| Complete 
| 223|0x00000000edf00000, 0x00000000ee000000, 0x00000000ee000000|100%| E|CS|TAMS 0x00000000edf00000, 0x00000000edf00000| Complete 
| 224|0x00000000ee000000, 0x00000000ee100000, 0x00000000ee100000|100%| E|CS|TAMS 0x00000000ee000000, 0x00000000ee000000| Complete 
| 225|0x00000000ee100000, 0x00000000ee200000, 0x00000000ee200000|100%| E|CS|TAMS 0x00000000ee100000, 0x00000000ee100000| Complete 
| 226|0x00000000ee200000, 0x00000000ee300000, 0x00000000ee300000|100%| E|CS|TAMS 0x00000000ee200000, 0x00000000ee200000| Complete 
| 227|0x00000000ee300000, 0x00000000ee400000, 0x00000000ee400000|100%| E|CS|TAMS 0x00000000ee300000, 0x00000000ee300000| Complete 
| 228|0x00000000ee400000, 0x00000000ee500000, 0x00000000ee500000|100%| E|CS|TAMS 0x00000000ee400000, 0x00000000ee400000| Complete 
| 229|0x00000000ee500000, 0x00000000ee600000, 0x00000000ee600000|100%| E|CS|TAMS 0x00000000ee500000, 0x00000000ee500000| Complete 
| 230|0x00000000ee600000, 0x00000000ee700000, 0x00000000ee700000|100%| E|CS|TAMS 0x00000000ee600000, 0x00000000ee600000| Complete 
| 231|0x00000000ee700000, 0x00000000ee800000, 0x00000000ee800000|100%| E|CS|TAMS 0x00000000ee700000, 0x00000000ee700000| Complete 
| 232|0x00000000ee800000, 0x00000000ee900000, 0x00000000ee900000|100%| E|CS|TAMS 0x00000000ee800000, 0x00000000ee800000| Complete 
| 233|0x00000000ee900000, 0x00000000eea00000, 0x00000000eea00000|100%| E|CS|TAMS 0x00000000ee900000, 0x00000000ee900000| Complete 
| 234|0x00000000eea00000, 0x00000000eeb00000, 0x00000000eeb00000|100%| E|CS|TAMS 0x00000000eea00000, 0x00000000eea00000| Complete 
| 235|0x00000000eeb00000, 0x00000000eec00000, 0x00000000eec00000|100%| E|CS|TAMS 0x00000000eeb00000, 0x00000000eeb00000| Complete 
| 236|0x00000000eec00000, 0x00000000eed00000, 0x00000000eed00000|100%| E|CS|TAMS 0x00000000eec00000, 0x00000000eec00000| Complete 
| 237|0x00000000eed00000, 0x00000000eee00000, 0x00000000eee00000|100%| E|CS|TAMS 0x00000000eed00000, 0x00000000eed00000| Complete 
| 238|0x00000000eee00000, 0x00000000eef00000, 0x00000000eef00000|100%| E|CS|TAMS 0x00000000eee00000, 0x00000000eee00000| Complete 
| 239|0x00000000eef00000, 0x00000000ef000000, 0x00000000ef000000|100%| E|CS|TAMS 0x00000000eef00000, 0x00000000eef00000| Complete 
| 240|0x00000000ef000000, 0x00000000ef100000, 0x00000000ef100000|100%| E|CS|TAMS 0x00000000ef000000, 0x00000000ef000000| Complete 
| 241|0x00000000ef100000, 0x00000000ef200000, 0x00000000ef200000|100%| E|CS|TAMS 0x00000000ef100000, 0x00000000ef100000| Complete 
| 242|0x00000000ef200000, 0x00000000ef300000, 0x00000000ef300000|100%| E|CS|TAMS 0x00000000ef200000, 0x00000000ef200000| Complete 
| 243|0x00000000ef300000, 0x00000000ef400000, 0x00000000ef400000|100%| E|CS|TAMS 0x00000000ef300000, 0x00000000ef300000| Complete 
| 244|0x00000000ef400000, 0x00000000ef500000, 0x00000000ef500000|100%| E|CS|TAMS 0x00000000ef400000, 0x00000000ef400000| Complete 
| 245|0x00000000ef500000, 0x00000000ef600000, 0x00000000ef600000|100%| E|CS|TAMS 0x00000000ef500000, 0x00000000ef500000| Complete 
| 246|0x00000000ef600000, 0x00000000ef700000, 0x00000000ef700000|100%| E|CS|TAMS 0x00000000ef600000, 0x00000000ef600000| Complete 
| 247|0x00000000ef700000, 0x00000000ef800000, 0x00000000ef800000|100%| E|CS|TAMS 0x00000000ef700000, 0x00000000ef700000| Complete 
| 248|0x00000000ef800000, 0x00000000ef900000, 0x00000000ef900000|100%| E|CS|TAMS 0x00000000ef800000, 0x00000000ef800000| Complete 
| 249|0x00000000ef900000, 0x00000000efa00000, 0x00000000efa00000|100%| E|CS|TAMS 0x00000000ef900000, 0x00000000ef900000| Complete 
| 250|0x00000000efa00000, 0x00000000efb00000, 0x00000000efb00000|100%| E|CS|TAMS 0x00000000efa00000, 0x00000000efa00000| Complete 
| 251|0x00000000efb00000, 0x00000000efc00000, 0x00000000efc00000|100%| E|CS|TAMS 0x00000000efb00000, 0x00000000efb00000| Complete 
| 252|0x00000000efc00000, 0x00000000efd00000, 0x00000000efd00000|100%| E|CS|TAMS 0x00000000efc00000, 0x00000000efc00000| Complete 
| 253|0x00000000efd00000, 0x00000000efe00000, 0x00000000efe00000|100%| E|CS|TAMS 0x00000000efd00000, 0x00000000efd00000| Complete 
| 254|0x00000000efe00000, 0x00000000eff00000, 0x00000000eff00000|100%| E|CS|TAMS 0x00000000efe00000, 0x00000000efe00000| Complete 
| 255|0x00000000eff00000, 0x00000000f0000000, 0x00000000f0000000|100%| E|CS|TAMS 0x00000000eff00000, 0x00000000eff00000| Complete 

Card table byte_map: [0x0000027df0d70000,0x0000027df0e70000] _byte_map_base: 0x0000027df0670000

Marking Bits (Prev, Next): (CMBitMap*) 0x0000027dda0b0780, (CMBitMap*) 0x0000027dda0b0740
 Prev Bits: [0x0000027df1770000, 0x0000027df1f70000)
 Next Bits: [0x0000027df0f70000, 0x0000027df1770000)

Polling page: 0x0000027dd7fa0000

Metaspace:

Usage:
  Non-class:     28.01 MB used.
      Class:      4.44 MB used.
       Both:     32.45 MB used.

Virtual space:
  Non-class space:       64.00 MB reserved,      28.19 MB ( 44%) committed,  1 nodes.
      Class space:      320.00 MB reserved,       4.62 MB (  1%) committed,  1 nodes.
             Both:      384.00 MB reserved,      32.81 MB (  9%) committed. 

Chunk freelists:
   Non-Class:  3.69 MB
       Class:  11.39 MB
        Both:  15.08 MB

MaxMetaspaceSize: 384.00 MB
CompressedClassSpaceSize: 320.00 MB
Initial GC threshold: 21.00 MB
Current GC threshold: 35.31 MB
CDS: on
MetaspaceReclaimPolicy: balanced
 - commit_granule_bytes: 65536.
 - commit_granule_words: 8192.
 - virtual_space_node_default_size: 8388608.
 - enlarge_chunks_in_place: 1.
 - new_chunks_are_fully_committed: 0.
 - uncommit_free_chunks: 1.
 - use_allocation_guard: 0.
 - handle_deallocations: 1.


Internal statistics:

num_allocs_failed_limit: 3.
num_arena_births: 402.
num_arena_deaths: 0.
num_vsnodes_births: 2.
num_vsnodes_deaths: 0.
num_space_committed: 525.
num_space_uncommitted: 0.
num_chunks_returned_to_freelist: 3.
num_chunks_taken_from_freelist: 1601.
num_chunk_merges: 3.
num_chunk_splits: 1078.
num_chunks_enlarged: 764.
num_inconsistent_stats: 0.

CodeHeap 'non-profiled nmethods': size=120000Kb used=2590Kb max_used=2590Kb free=117409Kb
 bounds [0x0000027de9410000, 0x0000027de96a0000, 0x0000027df0940000]
CodeHeap 'profiled nmethods': size=120000Kb used=8887Kb max_used=8887Kb free=111112Kb
 bounds [0x0000027de1940000, 0x0000027de21f0000, 0x0000027de8e70000]
CodeHeap 'non-nmethods': size=5760Kb used=2304Kb max_used=2337Kb free=3455Kb
 bounds [0x0000027de8e70000, 0x0000027de90e0000, 0x0000027de9410000]
 total_blobs=5188 nmethods=4386 adapters=714
 compilation: enabled
              stopped_count=0, restarted_count=0
 full_count=0

Compilation events (20 events):
Event: 229.024 Thread 0x0000027df49b80f0 4384   !   3       com.sun.beans.introspect.PropertyInfo::initialize (374 bytes)
Event: 229.028 Thread 0x0000027df49b80f0 nmethod 4384 0x0000027de21e7310 code [0x0000027de21e79e0, 0x0000027de21eb578]
Event: 229.028 Thread 0x0000027df49b80f0 4385       1       com.sun.beans.introspect.PropertyInfo::getIndexed (5 bytes)
Event: 229.028 Thread 0x0000027df49b80f0 nmethod 4385 0x0000027de9696410 code [0x0000027de96965a0, 0x0000027de9696678]
Event: 229.028 Thread 0x0000027df49b80f0 4386       1       com.sun.beans.introspect.PropertyInfo::getPropertyType (5 bytes)
Event: 229.028 Thread 0x0000027df49b80f0 nmethod 4386 0x0000027de9696710 code [0x0000027de96968a0, 0x0000027de9696978]
Event: 229.028 Thread 0x0000027df49b80f0 4387       1       java.beans.PropertyDescriptor::setConstrained (6 bytes)
Event: 229.028 Thread 0x0000027df49b80f0 nmethod 4387 0x0000027de9696a10 code [0x0000027de9696ba0, 0x0000027de9696c78]
Event: 229.028 Thread 0x0000027df49b80f0 4388       1       java.beans.PropertyDescriptor::setBound (6 bytes)
Event: 229.028 Thread 0x0000027df49b80f0 nmethod 4388 0x0000027de9696d10 code [0x0000027de9696ea0, 0x0000027de9696f78]
Event: 229.028 Thread 0x0000027df49b80f0 4389       1       java.beans.FeatureDescriptor::setExpert (6 bytes)
Event: 229.028 Thread 0x0000027df49b80f0 nmethod 4389 0x0000027de9697010 code [0x0000027de96971a0, 0x0000027de9697278]
Event: 229.028 Thread 0x0000027df49b80f0 4390       1       java.beans.FeatureDescriptor::setHidden (6 bytes)
Event: 229.028 Thread 0x0000027df49b80f0 nmethod 4390 0x0000027de9697310 code [0x0000027de96974a0, 0x0000027de9697578]
Event: 229.028 Thread 0x0000027df49b80f0 4391       1       java.beans.FeatureDescriptor::setPreferred (6 bytes)
Event: 229.028 Thread 0x0000027df49b80f0 nmethod 4391 0x0000027de9697610 code [0x0000027de96977a0, 0x0000027de9697878]
Event: 229.065 Thread 0x0000027df49b80f0 4392       3       org.gradle.internal.service.DefaultServiceRegistry$FactoryService::assembleParameters (58 bytes)
Event: 229.065 Thread 0x0000027df49b80f0 nmethod 4392 0x0000027de21ed010 code [0x0000027de21ed200, 0x0000027de21ed828]
Event: 230.025 Thread 0x0000027df49b80f0 4393       3       java.util.concurrent.ThreadPoolExecutor::afterExecute (1 bytes)
Event: 230.025 Thread 0x0000027df49b80f0 nmethod 4393 0x0000027de21eda10 code [0x0000027de21edba0, 0x0000027de21edcb8]

GC Heap History (8 events):
Event: 7.081 GC heap before
{Heap before GC invocations=0 (full 0):
 garbage-first heap   total 262144K, used 22528K [0x00000000e0000000, 0x0000000100000000)
  region size 1024K, 23 young (23552K), 0 survivors (0K)
 Metaspace       used 1071K, committed 1216K, reserved 393216K
  class space    used 78K, committed 128K, reserved 327680K
}
Event: 7.930 GC heap after
{Heap after GC invocations=1 (full 0):
 garbage-first heap   total 262144K, used 4075K [0x00000000e0000000, 0x0000000100000000)
  region size 1024K, 3 young (3072K), 3 survivors (3072K)
 Metaspace       used 1071K, committed 1216K, reserved 393216K
  class space    used 78K, committed 128K, reserved 327680K
}
Event: 9.623 GC heap before
{Heap before GC invocations=1 (full 0):
 garbage-first heap   total 262144K, used 38891K [0x00000000e0000000, 0x0000000100000000)
  region size 1024K, 34 young (34816K), 3 survivors (3072K)
 Metaspace       used 4383K, committed 4544K, reserved 393216K
  class space    used 551K, committed 640K, reserved 327680K
}
Event: 9.631 GC heap after
{Heap after GC invocations=2 (full 0):
 garbage-first heap   total 262144K, used 11289K [0x00000000e0000000, 0x0000000100000000)
  region size 1024K, 5 young (5120K), 5 survivors (5120K)
 Metaspace       used 4383K, committed 4544K, reserved 393216K
  class space    used 551K, committed 640K, reserved 327680K
}
Event: 12.049 GC heap before
{Heap before GC invocations=2 (full 0):
 garbage-first heap   total 262144K, used 59417K [0x00000000e0000000, 0x0000000100000000)
  region size 1024K, 50 young (51200K), 5 survivors (5120K)
 Metaspace       used 4683K, committed 4864K, reserved 393216K
  class space    used 592K, committed 704K, reserved 327680K
}
Event: 12.070 GC heap after
{Heap after GC invocations=3 (full 0):
 garbage-first heap   total 262144K, used 16744K [0x00000000e0000000, 0x0000000100000000)
  region size 1024K, 5 young (5120K), 5 survivors (5120K)
 Metaspace       used 4683K, committed 4864K, reserved 393216K
  class space    used 592K, committed 704K, reserved 327680K
}
Event: 54.115 GC heap before
{Heap before GC invocations=3 (full 0):
 garbage-first heap   total 262144K, used 125288K [0x00000000e0000000, 0x0000000100000000)
  region size 1024K, 112 young (114688K), 5 survivors (5120K)
 Metaspace       used 21199K, committed 21504K, reserved 393216K
  class space    used 3096K, committed 3264K, reserved 327680K
}
Event: 54.126 GC heap after
{Heap after GC invocations=4 (full 0):
 garbage-first heap   total 262144K, used 24252K [0x00000000e0000000, 0x0000000100000000)
  region size 1024K, 12 young (12288K), 12 survivors (12288K)
 Metaspace       used 21199K, committed 21504K, reserved 393216K
  class space    used 3096K, committed 3264K, reserved 327680K
}

Deoptimization events (20 events):
Event: 195.406 Thread 0x0000027df9a504b0 Uncommon trap: trap_request=0xffffffc6 fr.pc=0x0000027de95feb98 relative=0x0000000000005f98
Event: 195.406 Thread 0x0000027df9a504b0 Uncommon trap: reason=bimorphic_or_optimized_type_check action=maybe_recompile pc=0x0000027de95feb98 method=java.lang.ClassLoader.loadClass(Ljava/lang/String;Z)Ljava/lang/Class; @ 69 c2
Event: 195.406 Thread 0x0000027df9a504b0 DEOPT PACKING pc=0x0000027de95feb98 sp=0x0000007f909f8cb0
Event: 195.406 Thread 0x0000027df9a504b0 DEOPT UNPACKING pc=0x0000027de8ec5ba3 sp=0x0000007f909f8d30 mode 2
Event: 197.131 Thread 0x0000027df9a504b0 Uncommon trap: trap_request=0xffffffde fr.pc=0x0000027de965a544 relative=0x00000000000003e4
Event: 197.131 Thread 0x0000027df9a504b0 Uncommon trap: reason=class_check action=maybe_recompile pc=0x0000027de965a544 method=java.util.regex.Pattern$Start.match(Ljava/util/regex/Matcher;ILjava/lang/CharSequence;)Z @ 44 c2
Event: 197.131 Thread 0x0000027df9a504b0 DEOPT PACKING pc=0x0000027de965a544 sp=0x0000007f909f90d0
Event: 197.131 Thread 0x0000027df9a504b0 DEOPT UNPACKING pc=0x0000027de8ec5ba3 sp=0x0000007f909f8f98 mode 2
Event: 197.131 Thread 0x0000027df9a504b0 Uncommon trap: trap_request=0xffffffde fr.pc=0x0000027de965a544 relative=0x00000000000003e4
Event: 197.131 Thread 0x0000027df9a504b0 Uncommon trap: reason=class_check action=maybe_recompile pc=0x0000027de965a544 method=java.util.regex.Pattern$Start.match(Ljava/util/regex/Matcher;ILjava/lang/CharSequence;)Z @ 44 c2
Event: 197.131 Thread 0x0000027df9a504b0 DEOPT PACKING pc=0x0000027de965a544 sp=0x0000007f909f90d0
Event: 197.131 Thread 0x0000027df9a504b0 DEOPT UNPACKING pc=0x0000027de8ec5ba3 sp=0x0000007f909f8f98 mode 2
Event: 197.132 Thread 0x0000027df9a504b0 Uncommon trap: trap_request=0xffffffde fr.pc=0x0000027de96512a0 relative=0x00000000000003c0
Event: 197.132 Thread 0x0000027df9a504b0 Uncommon trap: reason=class_check action=maybe_recompile pc=0x0000027de96512a0 method=java.util.regex.Pattern$Start.match(Ljava/util/regex/Matcher;ILjava/lang/CharSequence;)Z @ 44 c2
Event: 197.132 Thread 0x0000027df9a504b0 DEOPT PACKING pc=0x0000027de96512a0 sp=0x0000007f909f9060
Event: 197.132 Thread 0x0000027df9a504b0 DEOPT UNPACKING pc=0x0000027de8ec5ba3 sp=0x0000007f909f8fa0 mode 2
Event: 197.132 Thread 0x0000027df9a504b0 Uncommon trap: trap_request=0xffffffde fr.pc=0x0000027de965518c relative=0x00000000000002cc
Event: 197.132 Thread 0x0000027df9a504b0 Uncommon trap: reason=class_check action=maybe_recompile pc=0x0000027de965518c method=java.util.regex.Pattern$Start.match(Ljava/util/regex/Matcher;ILjava/lang/CharSequence;)Z @ 44 c2
Event: 197.132 Thread 0x0000027df9a504b0 DEOPT PACKING pc=0x0000027de965518c sp=0x0000007f909f8fe0
Event: 197.132 Thread 0x0000027df9a504b0 DEOPT UNPACKING pc=0x0000027de8ec5ba3 sp=0x0000007f909f8fa0 mode 2

Classes unloaded (0 events):
No events

Classes redefined (0 events):
No events

Internal exceptions (20 events):
Event: 194.744 Thread 0x0000027df9a504b0 Exception <a 'java/lang/NoSuchMethodError'{0x00000000ea7853f0}: 'java.lang.Object java.lang.invoke.Invokers$Holder.linkToTargetMethod(java.lang.Object, java.lang.Object, java.lang.Object, java.lang.Object, java.lang.Object, java.lang.Object, java.lang.Object, java.lang.Object, java.lang.Object, java.lang.Object)'> (0x00000000ea7853f0) 
thrown [s\open\src\hotspot\share\interpreter\linkResolver.cpp, line 759]
Event: 195.037 Thread 0x0000027df9a504b0 Exception <a 'java/lang/NoSuchMethodError'{0x00000000ea538c50}: 'void java.lang.invoke.Invokers$Holder.invoke_MT(java.lang.Object, java.lang.Object, java.lang.Object, java.lang.Object)'> (0x00000000ea538c50) 
thrown [s\open\src\hotspot\share\interpreter\linkResolver.cpp, line 759]
Event: 195.402 Thread 0x0000027df9a504b0 Exception <a 'java/lang/ClassNotFoundException'{0x00000000ea4b66e0}: org/gradle/invocation/DefaultGradle_DecoratedBeanInfo> (0x00000000ea4b66e0) 
thrown [s\open\src\hotspot\share\classfile\systemDictionary.cpp, line 256]
Event: 195.406 Thread 0x0000027df9a504b0 Exception <a 'java/lang/ClassNotFoundException'{0x00000000ea4c51c8}: org/gradle/invocation/DefaultGradleBeanInfo> (0x00000000ea4c51c8) 
thrown [s\open\src\hotspot\share\classfile\systemDictionary.cpp, line 256]
Event: 195.407 Thread 0x0000027df9a504b0 Exception <a 'java/lang/ClassNotFoundException'{0x00000000ea4d4328}: org/gradle/api/internal/project/AbstractPluginAwareBeanInfo> (0x00000000ea4d4328) 
thrown [s\open\src\hotspot\share\classfile\systemDictionary.cpp, line 256]
Event: 195.408 Thread 0x0000027df9a504b0 Exception <a 'java/lang/ClassNotFoundException'{0x00000000ea4e34d8}: org/gradle/api/internal/project/AbstractPluginAwareCustomizer> (0x00000000ea4e34d8) 
thrown [s\open\src\hotspot\share\classfile\systemDictionary.cpp, line 256]
Event: 195.412 Thread 0x0000027df9a504b0 Exception <a 'java/lang/ClassNotFoundException'{0x00000000ea4f7bf8}: org/gradle/invocation/DefaultGradleCustomizer> (0x00000000ea4f7bf8) 
thrown [s\open\src\hotspot\share\classfile\systemDictionary.cpp, line 256]
Event: 195.441 Thread 0x0000027df9a504b0 Exception <a 'java/lang/ClassNotFoundException'{0x00000000ea339318}: org/gradle/invocation/DefaultGradle_DecoratedCustomizer> (0x00000000ea339318) 
thrown [s\open\src\hotspot\share\classfile\systemDictionary.cpp, line 256]
Event: 197.127 Thread 0x0000027df9a504b0 Exception <a 'java/lang/ClassNotFoundException'{0x00000000e9f0e7d8}: groovy/lang/Closure$1BeanInfo> (0x00000000e9f0e7d8) 
thrown [s\open\src\hotspot\share\classfile\systemDictionary.cpp, line 256]
Event: 197.128 Thread 0x0000027df9a504b0 Exception <a 'java/lang/ClassNotFoundException'{0x00000000e9f2a850}: groovy/lang/ClosureBeanInfo> (0x00000000e9f2a850) 
thrown [s\open\src\hotspot\share\classfile\systemDictionary.cpp, line 256]
Event: 197.130 Thread 0x0000027df9a504b0 Exception <a 'java/lang/ClassNotFoundException'{0x00000000e9f467d0}: groovy/lang/ClosureCustomizer> (0x00000000e9f467d0) 
thrown [s\open\src\hotspot\share\classfile\systemDictionary.cpp, line 256]
Event: 197.134 Thread 0x0000027df9a504b0 Exception <a 'java/lang/ClassNotFoundException'{0x00000000e9f869f0}: groovy/lang/Closure$1Customizer> (0x00000000e9f869f0) 
thrown [s\open\src\hotspot\share\classfile\systemDictionary.cpp, line 256]
Event: 227.709 Thread 0x0000027df9a504b0 Exception <a 'java/lang/ClassNotFoundException'{0x00000000e9abfaf0}: ijresolvers1_5rx09ru8159sunzjlpzag5d4sBeanInfo> (0x00000000e9abfaf0) 
thrown [s\open\src\hotspot\share\classfile\systemDictionary.cpp, line 256]
Event: 227.709 Thread 0x0000027df9a504b0 Exception <a 'java/lang/ClassNotFoundException'{0x00000000e9ac6298}: ijresolvers1_5rx09ru8159sunzjlpzag5d4sCustomizer> (0x00000000e9ac6298) 
thrown [s\open\src\hotspot\share\classfile\systemDictionary.cpp, line 256]
Event: 228.358 Thread 0x0000027df9a504b0 Exception <a 'java/lang/ClassNotFoundException'{0x00000000e991d060}: org/gradle/internal/metaobject/ConfigureDelegateBeanInfo> (0x00000000e991d060) 
thrown [s\open\src\hotspot\share\classfile\systemDictionary.cpp, line 256]
Event: 228.360 Thread 0x0000027df9a504b0 Exception <a 'java/lang/ClassNotFoundException'{0x00000000e992c100}: org/gradle/internal/metaobject/ConfigureDelegateCustomizer> (0x00000000e992c100) 
thrown [s\open\src\hotspot\share\classfile\systemDictionary.cpp, line 256]
Event: 228.965 Thread 0x0000027df9a504b0 Exception <a 'java/lang/ClassNotFoundException'{0x00000000e98336c8}: org/gradle/api/internal/initialization/DefaultScriptHandler_DecoratedBeanInfo> (0x00000000e98336c8) 
thrown [s\open\src\hotspot\share\classfile\systemDictionary.cpp, line 256]
Event: 228.967 Thread 0x0000027df9a504b0 Exception <a 'java/lang/ClassNotFoundException'{0x00000000e9844628}: org/gradle/api/internal/initialization/DefaultScriptHandlerBeanInfo> (0x00000000e9844628) 
thrown [s\open\src\hotspot\share\classfile\systemDictionary.cpp, line 256]
Event: 229.022 Thread 0x0000027df9a504b0 Exception <a 'java/lang/ClassNotFoundException'{0x00000000e9855800}: org/gradle/api/internal/initialization/DefaultScriptHandlerCustomizer> (0x00000000e9855800) 
thrown [s\open\src\hotspot\share\classfile\systemDictionary.cpp, line 256]
Event: 229.026 Thread 0x0000027df9a504b0 Exception <a 'java/lang/ClassNotFoundException'{0x00000000e9872ec8}: org/gradle/api/internal/initialization/DefaultScriptHandler_DecoratedCustomizer> (0x00000000e9872ec8) 
thrown [s\open\src\hotspot\share\classfile\systemDictionary.cpp, line 256]

VM Operations (20 events):
Event: 200.292 Executing VM operation: Cleanup
Event: 200.292 Executing VM operation: Cleanup done
Event: 202.319 Executing VM operation: Cleanup
Event: 202.319 Executing VM operation: Cleanup done
Event: 211.424 Executing VM operation: Cleanup
Event: 211.424 Executing VM operation: Cleanup done
Event: 215.534 Executing VM operation: Cleanup
Event: 215.534 Executing VM operation: Cleanup done
Event: 217.563 Executing VM operation: Cleanup
Event: 217.563 Executing VM operation: Cleanup done
Event: 222.611 Executing VM operation: Cleanup
Event: 222.612 Executing VM operation: Cleanup done
Event: 225.637 Executing VM operation: Cleanup
Event: 226.475 Executing VM operation: Cleanup done
Event: 227.489 Executing VM operation: Cleanup
Event: 227.489 Executing VM operation: Cleanup done
Event: 228.502 Executing VM operation: Cleanup
Event: 228.539 Executing VM operation: Cleanup done
Event: 229.541 Executing VM operation: Cleanup
Event: 229.541 Executing VM operation: Cleanup done

Events (20 events):
Event: 194.773 Thread 0x0000027dfadd6910 Thread added: 0x0000027dfadd6910
Event: 195.847 loading class jdk/internal/reflect/UnsafeObjectFieldAccessorImpl
Event: 195.847 loading class jdk/internal/reflect/UnsafeObjectFieldAccessorImpl done
Event: 196.164 loading class sun/reflect/MagicAccessorImpl
Event: 196.164 loading class sun/reflect/MagicAccessorImpl done
Event: 197.131 loading class sun/reflect/generics/tree/IntSignature
Event: 197.131 loading class sun/reflect/generics/tree/IntSignature done
Event: 197.131 loading class sun/reflect/generics/tree/ArrayTypeSignature
Event: 197.131 loading class sun/reflect/generics/tree/ArrayTypeSignature done
Event: 197.134 loading class com/sun/beans/finder/MethodFinder
Event: 197.135 loading class com/sun/beans/finder/AbstractFinder
Event: 197.135 loading class com/sun/beans/finder/AbstractFinder done
Event: 197.135 loading class com/sun/beans/finder/MethodFinder done
Event: 197.135 loading class com/sun/beans/finder/MethodFinder$1
Event: 197.135 loading class com/sun/beans/finder/MethodFinder$1 done
Event: 197.135 loading class com/sun/beans/finder/FinderUtils
Event: 197.135 loading class com/sun/beans/finder/FinderUtils done
Event: 225.285 Thread 0x0000027dfadd6e20 Thread added: 0x0000027dfadd6e20
Event: 228.375 loading class java/util/function/IntBinaryOperator
Event: 228.375 loading class java/util/function/IntBinaryOperator done


Dynamic libraries:
0x00007ff7bcc20000 - 0x00007ff7bcc30000 	C:\Program Files\Java\jdk-17\bin\java.exe
0x00007ffdcd0c0000 - 0x00007ffdcd323000 	C:\WINDOWS\SYSTEM32\ntdll.dll
0x00007ffdcaf90000 - 0x00007ffdcb057000 	C:\WINDOWS\System32\KERNEL32.DLL
0x00007ffdca490000 - 0x00007ffdca857000 	C:\WINDOWS\System32\KERNELBASE.dll
0x00007ffdca990000 - 0x00007ffdcaadc000 	C:\WINDOWS\System32\ucrtbase.dll
0x00007ffdbeab0000 - 0x00007ffdbeac9000 	C:\Program Files\Java\jdk-17\bin\jli.dll
0x00007ffdcb640000 - 0x00007ffdcb6f4000 	C:\WINDOWS\System32\ADVAPI32.dll
0x00007ffdcb0a0000 - 0x00007ffdcb149000 	C:\WINDOWS\System32\msvcrt.dll
0x00007ffdcb700000 - 0x00007ffdcb7a6000 	C:\WINDOWS\System32\sechost.dll
0x00007ffdcb430000 - 0x00007ffdcb546000 	C:\WINDOWS\System32\RPCRT4.dll
0x00007ffdcba60000 - 0x00007ffdcbc29000 	C:\WINDOWS\System32\USER32.dll
0x00007ffdca460000 - 0x00007ffdca487000 	C:\WINDOWS\System32\win32u.dll
0x00007ffdcc9c0000 - 0x00007ffdcc9ea000 	C:\WINDOWS\System32\GDI32.dll
0x00007ffdcaae0000 - 0x00007ffdcac0b000 	C:\WINDOWS\System32\gdi32full.dll
0x00007ffdcae50000 - 0x00007ffdcaef3000 	C:\WINDOWS\System32\msvcp_win.dll
0x00007ffdb2520000 - 0x00007ffdb27b0000 	C:\WINDOWS\WinSxS\amd64_microsoft.windows.common-controls_6595b64144ccf1df_6.0.26100.3037_none_3e09262ce333c378\COMCTL32.dll
0x00007ffdb95b0000 - 0x00007ffdb95bb000 	C:\WINDOWS\SYSTEM32\VERSION.dll
0x00007ffdbea90000 - 0x00007ffdbeaab000 	C:\Program Files\Java\jdk-17\bin\VCRUNTIME140.dll
0x00007ffdcb060000 - 0x00007ffdcb08f000 	C:\WINDOWS\System32\IMM32.DLL
0x00007ffdc6cc0000 - 0x00007ffdc6ccc000 	C:\Program Files\Java\jdk-17\bin\vcruntime140_1.dll
0x00007ffdbea00000 - 0x00007ffdbea8e000 	C:\Program Files\Java\jdk-17\bin\msvcp140.dll
0x00007ffd6fdd0000 - 0x00007ffd709b0000 	C:\Program Files\Java\jdk-17\bin\server\jvm.dll
0x00007ffdccef0000 - 0x00007ffdccef8000 	C:\WINDOWS\System32\PSAPI.DLL
0x00007ffdbee70000 - 0x00007ffdbee7a000 	C:\WINDOWS\SYSTEM32\WSOCK32.dll
0x00007ffdcbdd0000 - 0x00007ffdcbe44000 	C:\WINDOWS\System32\WS2_32.dll
0x00007ffdb4740000 - 0x00007ffdb4776000 	C:\WINDOWS\SYSTEM32\WINMM.dll
0x00007ffdc9250000 - 0x00007ffdc926a000 	C:\WINDOWS\SYSTEM32\kernel.appcore.dll
0x00007ffdbe9f0000 - 0x00007ffdbe9fa000 	C:\Program Files\Java\jdk-17\bin\jimage.dll
0x00007ffdc7be0000 - 0x00007ffdc7e21000 	C:\WINDOWS\SYSTEM32\DBGHELP.DLL
0x00007ffdcbe50000 - 0x00007ffdcc1ce000 	C:\WINDOWS\System32\combase.dll
0x00007ffdccf00000 - 0x00007ffdccfd6000 	C:\WINDOWS\System32\OLEAUT32.dll
0x00007ffd784d0000 - 0x00007ffd78509000 	C:\WINDOWS\SYSTEM32\dbgcore.DLL
0x00007ffdca8f0000 - 0x00007ffdca989000 	C:\WINDOWS\System32\bcryptPrimitives.dll
0x00007ffdbe9e0000 - 0x00007ffdbe9ee000 	C:\Program Files\Java\jdk-17\bin\instrument.dll
0x00007ffdbe9b0000 - 0x00007ffdbe9d5000 	C:\Program Files\Java\jdk-17\bin\java.dll
0x00007ffd77160000 - 0x00007ffd77237000 	C:\Program Files\Java\jdk-17\bin\jsvml.dll
0x00007ffdcc1e0000 - 0x00007ffdcc8e4000 	C:\WINDOWS\System32\SHELL32.dll
0x00007ffdc8120000 - 0x00007ffdc8957000 	C:\WINDOWS\SYSTEM32\windows.storage.dll
0x00007ffdcb550000 - 0x00007ffdcb639000 	C:\WINDOWS\System32\SHCORE.dll
0x00007ffdcb3d0000 - 0x00007ffdcb42d000 	C:\WINDOWS\System32\shlwapi.dll
0x00007ffdca370000 - 0x00007ffdca39e000 	C:\WINDOWS\SYSTEM32\profapi.dll
0x00007ffdbe990000 - 0x00007ffdbe9a8000 	C:\Program Files\Java\jdk-17\bin\zip.dll
0x00007ffdbe970000 - 0x00007ffdbe989000 	C:\Program Files\Java\jdk-17\bin\net.dll
0x00007ffdc0cc0000 - 0x00007ffdc0dde000 	C:\WINDOWS\SYSTEM32\WINHTTP.dll
0x00007ffdc9740000 - 0x00007ffdc97aa000 	C:\WINDOWS\system32\mswsock.dll
0x00007ffdbe950000 - 0x00007ffdbe966000 	C:\Program Files\Java\jdk-17\bin\nio.dll
0x00007ffdbe940000 - 0x00007ffdbe950000 	C:\Program Files\Java\jdk-17\bin\verify.dll
0x00007ffdbebe0000 - 0x00007ffdbec07000 	C:\Users\r2com\.gradle\native\1def1411415f61bf3af743bc5b6707747c0891f09f0c88961ee8f79bc544acac\windows-amd64\native-platform.dll
0x00007ffd7f3c0000 - 0x00007ffd7f438000 	C:\Users\r2com\.gradle\native\0.2.6\x86_64-windows-gnu\gradle-fileevents.dll
0x00007ffdbe930000 - 0x00007ffdbe93a000 	C:\Program Files\Java\jdk-17\bin\management.dll
0x00007ffdbe920000 - 0x00007ffdbe92b000 	C:\Program Files\Java\jdk-17\bin\management_ext.dll
0x00007ffdc8d20000 - 0x00007ffdc8d52000 	C:\WINDOWS\SYSTEM32\IPHLPAPI.DLL
0x00007ffdcce80000 - 0x00007ffdcce8a000 	C:\WINDOWS\System32\NSI.dll
0x00007ffdc4030000 - 0x00007ffdc404f000 	C:\WINDOWS\SYSTEM32\dhcpcsvc6.DLL
0x00007ffdc3960000 - 0x00007ffdc3985000 	C:\WINDOWS\SYSTEM32\dhcpcsvc.DLL
0x00007ffdc8d60000 - 0x00007ffdc8e85000 	C:\WINDOWS\SYSTEM32\DNSAPI.dll
0x00007ffdc9af0000 - 0x00007ffdc9b0c000 	C:\WINDOWS\SYSTEM32\CRYPTSP.dll
0x00007ffdc91b0000 - 0x00007ffdc91e8000 	C:\WINDOWS\system32\rsaenh.dll
0x00007ffdc97e0000 - 0x00007ffdc980b000 	C:\WINDOWS\SYSTEM32\USERENV.dll
0x00007ffdc9d90000 - 0x00007ffdc9db6000 	C:\WINDOWS\SYSTEM32\bcrypt.dll
0x00007ffdc9970000 - 0x00007ffdc997c000 	C:\WINDOWS\SYSTEM32\CRYPTBASE.dll
0x00007ffdbe910000 - 0x00007ffdbe91e000 	C:\Program Files\Java\jdk-17\bin\sunmscapi.dll
0x00007ffdcac10000 - 0x00007ffdcad86000 	C:\WINDOWS\System32\CRYPT32.dll
0x00007ffdc9d50000 - 0x00007ffdc9d80000 	C:\WINDOWS\SYSTEM32\ncrypt.dll
0x00007ffdc9d00000 - 0x00007ffdc9d3f000 	C:\WINDOWS\SYSTEM32\NTASN1.dll
0x00007ffdaba40000 - 0x00007ffdaba48000 	C:\WINDOWS\system32\wshunix.dll

dbghelp: loaded successfully - version: 4.0.5 - missing functions: none
symbol engine: initialized successfully - sym options: 0x614 - pdb path: .;C:\Program Files\Java\jdk-17\bin;C:\WINDOWS\SYSTEM32;C:\WINDOWS\WinSxS\amd64_microsoft.windows.common-controls_6595b64144ccf1df_6.0.26100.3037_none_3e09262ce333c378;C:\Program Files\Java\jdk-17\bin\server;C:\Users\r2com\.gradle\native\1def1411415f61bf3af743bc5b6707747c0891f09f0c88961ee8f79bc544acac\windows-amd64;C:\Users\r2com\.gradle\native\0.2.6\x86_64-windows-gnu

VM Arguments:
jvm_args: --add-opens=java.base/java.lang=ALL-UNNAMED --add-opens=java.base/java.lang.invoke=ALL-UNNAMED --add-opens=java.base/java.util=ALL-UNNAMED --add-opens=java.prefs/java.util.prefs=ALL-UNNAMED --add-exports=jdk.compiler/com.sun.tools.javac.api=ALL-UNNAMED --add-exports=jdk.compiler/com.sun.tools.javac.util=ALL-UNNAMED --add-opens=java.base/java.util=ALL-UNNAMED --add-opens=java.prefs/java.util.prefs=ALL-UNNAMED --add-opens=java.base/java.nio.charset=ALL-UNNAMED --add-opens=java.base/java.net=ALL-UNNAMED --add-opens=java.base/java.util.concurrent.atomic=ALL-UNNAMED --add-opens=java.xml/javax.xml.namespace=ALL-UNNAMED -XX:MaxMetaspaceSize=384m -XX:+HeapDumpOnOutOfMemoryError -Xms256m -Xmx512m -Dfile.encoding=UTF-8 -Duser.country=KR -Duser.language=ko -Duser.variant -javaagent:C:\Users\r2com\.gradle\wrapper\dists\gradle-8.12.1-bin\eumc4uhoysa37zql93vfjkxy0\gradle-8.12.1\lib\agents\gradle-instrumentation-agent-8.12.1.jar 
java_command: org.gradle.launcher.daemon.bootstrap.GradleDaemon 8.12.1
java_class_path (initial): C:\Users\r2com\.gradle\wrapper\dists\gradle-8.12.1-bin\eumc4uhoysa37zql93vfjkxy0\gradle-8.12.1\lib\gradle-daemon-main-8.12.1.jar
Launcher Type: SUN_STANDARD

[Global flags]
     intx CICompilerCount                          = 4                                         {product} {ergonomic}
   size_t CompressedClassSpaceSize                 = 335544320                                 {product} {ergonomic}
     uint ConcGCThreads                            = 2                                         {product} {ergonomic}
     uint G1ConcRefinementThreads                  = 8                                         {product} {ergonomic}
   size_t G1HeapRegionSize                         = 1048576                                   {product} {ergonomic}
    uintx GCDrainStackTargetSize                   = 64                                        {product} {ergonomic}
     bool HeapDumpOnOutOfMemoryError               = true                                   {manageable} {command line}
   size_t InitialHeapSize                          = 268435456                                 {product} {command line}
   size_t MarkStackSize                            = 4194304                                   {product} {ergonomic}
   size_t MaxHeapSize                              = 536870912                                 {product} {command line}
   size_t MaxMetaspaceSize                         = 402653184                                 {product} {command line}
   size_t MaxNewSize                               = 321912832                                 {product} {ergonomic}
   size_t MinHeapDeltaBytes                        = 1048576                                   {product} {ergonomic}
   size_t MinHeapSize                              = 268435456                                 {product} {command line}
    uintx NonNMethodCodeHeapSize                   = 5839372                                {pd product} {ergonomic}
    uintx NonProfiledCodeHeapSize                  = 122909434                              {pd product} {ergonomic}
    uintx ProfiledCodeHeapSize                     = 122909434                              {pd product} {ergonomic}
    uintx ReservedCodeCacheSize                    = 251658240                              {pd product} {ergonomic}
     bool SegmentedCodeCache                       = true                                      {product} {ergonomic}
   size_t SoftMaxHeapSize                          = 536870912                              {manageable} {ergonomic}
     bool UseCompressedClassPointers               = true                           {product lp64_product} {ergonomic}
     bool UseCompressedOops                        = true                           {product lp64_product} {ergonomic}
     bool UseG1GC                                  = true                                      {product} {ergonomic}
     bool UseLargePagesIndividualAllocation        = false                                  {pd product} {ergonomic}

Logging:
Log output configuration:
 #0: stdout all=warning uptime,level,tags
 #1: stderr all=off uptime,level,tags

Environment Variables:
PATH=C:\Program Files\Common Files\Oracle\Java\javapath;C:\WINDOWS\system32;C:\WINDOWS;C:\WINDOWS\System32\Wbem;C:\WINDOWS\System32\WindowsPowerShell\v1.0\;C:\WINDOWS\System32\OpenSSH\;C:\Program Files\nodejs\;C:\Program Files\Git\cmd;C:\Program Files\Docker\Docker\resources\bin;C:\Users\r2com\AppData\Local\Microsoft\WindowsApps;C:\Users\r2com\AppData\Roaming\npm;C:\Users\r2com\AppData\Local\Programs\Microsoft VS Code\bin;
USERNAME=r2com
OS=Windows_NT
PROCESSOR_IDENTIFIER=Intel64 Family 6 Model 140 Stepping 1, GenuineIntel



---------------  S Y S T E M  ---------------

OS:
 Windows 11 , 64 bit Build 26100 (10.0.26100.3037)
OS uptime: 0 days 11:15 hours
Hyper-V role detected

CPU: total 8 (initial active 8) (4 cores per cpu, 2 threads per core) family 6 model 140 stepping 1 microcode 0x8a, cx8, cmov, fxsr, ht, mmx, 3dnowpref, sse, sse2, sse3, ssse3, sse4.1, sse4.2, popcnt, lzcnt, tsc, tscinvbit, avx, avx2, aes, erms, clmul, bmi1, bmi2, adx, avx512f, avx512dq, avx512cd, avx512bw, avx512vl, sha, fma, vzeroupper, avx512_vpopcntdq, avx512_vpclmulqdq, avx512_vaes, avx512_vnni, clflush, clflushopt, clwb, avx512_vbmi2, avx512_vbmi, hv

Memory: 4k page, system-wide physical 32491M (1302M free)
TotalPageFile size 62874M (AvailPageFile size 169M)
current process WorkingSet (physical memory assigned to process): 236M, peak: 266M
current process commit charge ("private bytes"): 431M, peak: 433M

vm_info: Java HotSpot(TM) 64-Bit Server VM (17.0.12+8-LTS-286) for windows-amd64 JRE (17.0.12+8-LTS-286), built on Jun  5 2024 06:46:59 by "mach5one" with MS VC++ 17.6 (VS2022)

END.
