#
# There is insufficient memory for the Java Runtime Environment to continue.
# Native memory allocation (malloc) failed to allocate 1381136 bytes for Chunk::new
# Possible reasons:
#   The system is out of physical RAM or swap space
#   The process is running with CompressedOops enabled, and the Java Heap may be blocking the growth of the native heap
# Possible solutions:
#   Reduce memory load on the system
#   Increase physical memory or swap space
#   Check if swap backing store is full
#   Decrease Java heap size (-Xmx/-Xms)
#   Decrease number of Java threads
#   Decrease Java thread stack sizes (-Xss)
#   Set larger code cache with -XX:ReservedCodeCacheSize=
#   JVM is running with Unscaled Compressed Oops mode in which the Java heap is
#     placed in the first 4GB address space. The Java Heap base address is the
#     maximum limit for the native heap growth. Please use -XX:HeapBaseMinAddress
#     to set the Java Heap base and to place the Java Heap above 4GB virtual address.
# This output file may be truncated or incomplete.
#
#  Out of Memory Error (arena.cpp:189), pid=31388, tid=32172
#
# JRE version: Java(TM) SE Runtime Environment (17.0.12+8) (build 17.0.12+8-LTS-286)
# Java VM: Java HotSpot(TM) 64-Bit Server VM (17.0.12+8-LTS-286, mixed mode, sharing, tiered, compressed oops, compressed class ptrs, g1 gc, windows-amd64)
# No core dump will be written. Minidumps are not enabled by default on client versions of Windows
#

---------------  S U M M A R Y ------------

Command Line: --add-opens=java.base/java.lang=ALL-UNNAMED --add-opens=java.base/java.lang.invoke=ALL-UNNAMED --add-opens=java.base/java.util=ALL-UNNAMED --add-opens=java.prefs/java.util.prefs=ALL-UNNAMED --add-exports=jdk.compiler/com.sun.tools.javac.api=ALL-UNNAMED --add-exports=jdk.compiler/com.sun.tools.javac.util=ALL-UNNAMED --add-opens=java.base/java.util=ALL-UNNAMED --add-opens=java.prefs/java.util.prefs=ALL-UNNAMED --add-opens=java.base/java.nio.charset=ALL-UNNAMED --add-opens=java.base/java.net=ALL-UNNAMED --add-opens=java.base/java.util.concurrent.atomic=ALL-UNNAMED --add-opens=java.xml/javax.xml.namespace=ALL-UNNAMED -XX:MaxMetaspaceSize=384m -XX:+HeapDumpOnOutOfMemoryError -Xms256m -Xmx512m -Dfile.encoding=UTF-8 -Duser.country=KR -Duser.language=ko -Duser.variant -javaagent:C:\Users\r2com\.gradle\wrapper\dists\gradle-8.12.1-bin\eumc4uhoysa37zql93vfjkxy0\gradle-8.12.1\lib\agents\gradle-instrumentation-agent-8.12.1.jar org.gradle.launcher.daemon.bootstrap.GradleDaemon 8.12.1

Host: 11th Gen Intel(R) Core(TM) i5-1135G7 @ 2.40GHz, 8 cores, 31G,  Windows 11 , 64 bit Build 26100 (10.0.26100.3037)
Time: Thu Feb 13 16:28:35 2025  Windows 11 , 64 bit Build 26100 (10.0.26100.3037) elapsed time: 124.673102 seconds (0d 0h 2m 4s)

---------------  T H R E A D  ---------------

Current thread (0x000001b15c31c260):  JavaThread "C2 CompilerThread0" daemon [_thread_in_native, id=32172, stack(0x000000836b400000,0x000000836b500000)]


Current CompileTask:
C2: 124673 3428       4       javax.management.ObjectName::construct (1135 bytes)

Stack: [0x000000836b400000,0x000000836b500000]
Native frames: (J=compiled Java code, j=interpreted, Vv=VM code, C=native code)
V  [jvm.dll+0x67a04a]
V  [jvm.dll+0x7da4ed]
V  [jvm.dll+0x7dbe33]
V  [jvm.dll+0x7dc4a3]
V  [jvm.dll+0x24508f]
V  [jvm.dll+0xab773]
V  [jvm.dll+0xabd3c]
V  [jvm.dll+0x361b9f]
V  [jvm.dll+0x32c431]
V  [jvm.dll+0x32b8ca]
V  [jvm.dll+0x21683f]
V  [jvm.dll+0x215c6f]
V  [jvm.dll+0x1a2960]
V  [jvm.dll+0x22610b]
V  [jvm.dll+0x2242ab]
V  [jvm.dll+0x79075c]
V  [jvm.dll+0x78abea]
V  [jvm.dll+0x678f35]
C  [ucrtbase.dll+0x37b0]
C  [KERNEL32.DLL+0x2e8d7]
C  [ntdll.dll+0xbbf2c]


---------------  P R O C E S S  ---------------

Threads class SMR info:
_java_thread_list=0x000001b177426050, length=30, elements={
0x000001b13fa02050, 0x000001b15c2ff1c0, 0x000001b15c300800, 0x000001b15c317be0,
0x000001b15c31a4c0, 0x000001b15c31ad90, 0x000001b15c31b660, 0x000001b15c31c260,
0x000001b15c325b90, 0x000001b15c440020, 0x000001b15c2e8ed0, 0x000001b15c6277a0,
0x000001b15c77a4a0, 0x000001b1770014f0, 0x000001b176cb33b0, 0x000001b1769dfa70,
0x000001b176047440, 0x000001b176256330, 0x000001b176253ab0, 0x000001b1762549e0,
0x000001b176253090, 0x000001b176254ef0, 0x000001b176253fc0, 0x000001b1762544d0,
0x000001b1762535a0, 0x000001b176255400, 0x000001b176256840, 0x000001b17806a250,
0x000001b178069d40, 0x000001b17806b180
}

Java Threads: ( => current thread )
  0x000001b13fa02050 JavaThread "main" [_thread_blocked, id=33256, stack(0x000000836a600000,0x000000836a700000)]
  0x000001b15c2ff1c0 JavaThread "Reference Handler" daemon [_thread_blocked, id=31748, stack(0x000000836ae00000,0x000000836af00000)]
  0x000001b15c300800 JavaThread "Finalizer" daemon [_thread_blocked, id=31212, stack(0x000000836af00000,0x000000836b000000)]
  0x000001b15c317be0 JavaThread "Signal Dispatcher" daemon [_thread_blocked, id=3748, stack(0x000000836b000000,0x000000836b100000)]
  0x000001b15c31a4c0 JavaThread "Attach Listener" daemon [_thread_blocked, id=33216, stack(0x000000836b100000,0x000000836b200000)]
  0x000001b15c31ad90 JavaThread "Service Thread" daemon [_thread_blocked, id=33020, stack(0x000000836b200000,0x000000836b300000)]
  0x000001b15c31b660 JavaThread "Monitor Deflation Thread" daemon [_thread_blocked, id=23800, stack(0x000000836b300000,0x000000836b400000)]
=>0x000001b15c31c260 JavaThread "C2 CompilerThread0" daemon [_thread_in_native, id=32172, stack(0x000000836b400000,0x000000836b500000)]
  0x000001b15c325b90 JavaThread "C1 CompilerThread0" daemon [_thread_blocked, id=5780, stack(0x000000836b500000,0x000000836b600000)]
  0x000001b15c440020 JavaThread "Sweeper thread" daemon [_thread_blocked, id=13020, stack(0x000000836b600000,0x000000836b700000)]
  0x000001b15c2e8ed0 JavaThread "Common-Cleaner" daemon [_thread_blocked, id=32168, stack(0x000000836b700000,0x000000836b800000)]
  0x000001b15c6277a0 JavaThread "Notification Thread" daemon [_thread_blocked, id=31760, stack(0x000000836b800000,0x000000836b900000)]
  0x000001b15c77a4a0 JavaThread "Daemon health stats" [_thread_blocked, id=19976, stack(0x000000836ba00000,0x000000836bb00000)]
  0x000001b1770014f0 JavaThread "Incoming local TCP Connector on port 57039" [_thread_in_native, id=36240, stack(0x000000836bb00000,0x000000836bc00000)]
  0x000001b176cb33b0 JavaThread "Daemon periodic checks" [_thread_blocked, id=36576, stack(0x000000836c100000,0x000000836c200000)]
  0x000001b1769dfa70 JavaThread "Daemon" [_thread_blocked, id=35956, stack(0x000000836c200000,0x000000836c300000)]
  0x000001b176047440 JavaThread "Handler for socket connection from /127.0.0.1:57039 to /127.0.0.1:57054" [_thread_in_native, id=35896, stack(0x000000836c300000,0x000000836c400000)]
  0x000001b176256330 JavaThread "Cancel handler" [_thread_blocked, id=34912, stack(0x000000836c400000,0x000000836c500000)]
  0x000001b176253ab0 JavaThread "Daemon worker" [_thread_blocked, id=31644, stack(0x000000836c500000,0x000000836c600000)]
  0x000001b1762549e0 JavaThread "Asynchronous log dispatcher for DefaultDaemonConnection: socket connection from /127.0.0.1:57039 to /127.0.0.1:57054" [_thread_blocked, id=27836, stack(0x000000836c600000,0x000000836c700000)]
  0x000001b176253090 JavaThread "Stdin handler" [_thread_blocked, id=30728, stack(0x000000836c700000,0x000000836c800000)]
  0x000001b176254ef0 JavaThread "Daemon client event forwarder" [_thread_blocked, id=14104, stack(0x000000836c800000,0x000000836c900000)]
  0x000001b176253fc0 JavaThread "Cache worker for journal cache (C:\Users\r2com\.gradle\caches\journal-1)" [_thread_blocked, id=26440, stack(0x000000836c900000,0x000000836ca00000)]
  0x000001b1762544d0 JavaThread "File lock request listener" [_thread_in_native, id=21624, stack(0x000000836ca00000,0x000000836cb00000)]
  0x000001b1762535a0 JavaThread "File lock release action executor" [_thread_blocked, id=33148, stack(0x000000836cb00000,0x000000836cc00000)]
  0x000001b176255400 JavaThread "Cache worker for file hash cache (C:\Users\r2com\.gradle\caches\8.12.1\fileHashes)" [_thread_blocked, id=34096, stack(0x000000836ce00000,0x000000836cf00000)]
  0x000001b176256840 JavaThread "Cache worker for file hash cache (C:\Users\r2com\msa-user-demo-master\.gradle\8.12.1\fileHashes)" [_thread_blocked, id=33872, stack(0x000000836cf00000,0x000000836d000000)]
  0x000001b17806a250 JavaThread "Cache worker for Build Output Cleanup Cache (C:\Users\r2com\msa-user-demo-master\.gradle\buildOutputCleanup)" [_thread_blocked, id=38112, stack(0x000000836d000000,0x000000836d100000)]
  0x000001b178069d40 JavaThread "File watcher server" daemon [_thread_in_native, id=34548, stack(0x000000836d400000,0x000000836d500000)]
  0x000001b17806b180 JavaThread "File watcher consumer" daemon [_thread_blocked, id=17172, stack(0x000000836d500000,0x000000836d600000)]

Other Threads:
  0x000001b15c2fb960 VMThread "VM Thread" [stack: 0x000000836ad00000,0x000000836ae00000] [id=18508]
  0x000001b15c627c80 WatcherThread [stack: 0x000000836b900000,0x000000836ba00000] [id=9940]
  0x000001b13fa2f4b0 GCTaskThread "GC Thread#0" [stack: 0x000000836a800000,0x000000836a900000] [id=33668]
  0x000001b15c6a3dc0 GCTaskThread "GC Thread#1" [stack: 0x000000836bc00000,0x000000836bd00000] [id=34000]
  0x000001b1763bd790 GCTaskThread "GC Thread#2" [stack: 0x000000836bd00000,0x000000836be00000] [id=34004]
  0x000001b176193510 GCTaskThread "GC Thread#3" [stack: 0x000000836be00000,0x000000836bf00000] [id=34008]
  0x000001b1761937d0 GCTaskThread "GC Thread#4" [stack: 0x000000836bf00000,0x000000836c000000] [id=34012]
  0x000001b176193a90 GCTaskThread "GC Thread#5" [stack: 0x000000836c000000,0x000000836c100000] [id=34016]
  0x000001b17806e5c0 GCTaskThread "GC Thread#6" [stack: 0x000000836d100000,0x000000836d200000] [id=38536]
  0x000001b17879eae0 GCTaskThread "GC Thread#7" [stack: 0x000000836d200000,0x000000836d300000] [id=38540]
  0x000001b13fa34310 ConcurrentGCThread "G1 Main Marker" [stack: 0x000000836a900000,0x000000836aa00000] [id=33672]
  0x000001b13fa34c30 ConcurrentGCThread "G1 Conc#0" [stack: 0x000000836aa00000,0x000000836ab00000] [id=33676]
  0x000001b177dd1610 ConcurrentGCThread "G1 Conc#1" [stack: 0x000000836d300000,0x000000836d400000] [id=38796]
  0x000001b13facea60 ConcurrentGCThread "G1 Refine#0" [stack: 0x000000836ab00000,0x000000836ac00000] [id=33696]
  0x000001b15c1b24c0 ConcurrentGCThread "G1 Service" [stack: 0x000000836ac00000,0x000000836ad00000] [id=33700]

Threads with active compile tasks:
C2 CompilerThread0   124696 3428       4       javax.management.ObjectName::construct (1135 bytes)

VM state: not at safepoint (normal execution)

VM Mutex/Monitor currently owned by a thread: None

Heap address: 0x00000000e0000000, size: 512 MB, Compressed Oops mode: 32-bit

CDS archive(s) mapped at: [0x000001b15d000000-0x000001b15dbd0000-0x000001b15dbd0000), size 12386304, SharedBaseAddress: 0x000001b15d000000, ArchiveRelocationMode: 1.
Compressed class space mapped at: 0x000001b15e000000-0x000001b172000000, reserved size: 335544320
Narrow klass base: 0x000001b15d000000, Narrow klass shift: 0, Narrow klass range: 0x100000000

GC Precious Log:
 CPUs: 8 total, 8 available
 Memory: 32491M
 Large Page Support: Disabled
 NUMA Support: Disabled
 Compressed Oops: Enabled (32-bit)
 Heap Region Size: 1M
 Heap Min Capacity: 256M
 Heap Initial Capacity: 256M
 Heap Max Capacity: 512M
 Pre-touch: Disabled
 Parallel Workers: 8
 Concurrent Workers: 2
 Concurrent Refinement Workers: 8
 Periodic GC: Disabled

Heap:
 garbage-first heap   total 262144K, used 52221K [0x00000000e0000000, 0x0000000100000000)
  region size 1024K, 41 young (41984K), 12 survivors (12288K)
 Metaspace       used 24584K, committed 24960K, reserved 393216K
  class space    used 3638K, committed 3840K, reserved 327680K

Heap Regions: E=young(eden), S=young(survivor), O=old, HS=humongous(starts), HC=humongous(continues), CS=collection set, F=free, OA=open archive, CA=closed archive, TAMS=top-at-mark-start (previous, next)
|   0|0x00000000e0000000, 0x00000000e0100000, 0x00000000e0100000|100%| O|  |TAMS 0x00000000e0100000, 0x00000000e0000000| Untracked 
|   1|0x00000000e0100000, 0x00000000e0200000, 0x00000000e0200000|100%|HS|  |TAMS 0x00000000e0200000, 0x00000000e0100000| Complete 
|   2|0x00000000e0200000, 0x00000000e0300000, 0x00000000e0300000|100%|HC|  |TAMS 0x00000000e0300000, 0x00000000e0200000| Complete 
|   3|0x00000000e0300000, 0x00000000e0400000, 0x00000000e0400000|100%|HC|  |TAMS 0x00000000e0400000, 0x00000000e0300000| Complete 
|   4|0x00000000e0400000, 0x00000000e0500000, 0x00000000e0500000|100%| O|  |TAMS 0x00000000e0500000, 0x00000000e0400000| Untracked 
|   5|0x00000000e0500000, 0x00000000e0600000, 0x00000000e0600000|100%| O|  |TAMS 0x00000000e0600000, 0x00000000e0500000| Untracked 
|   6|0x00000000e0600000, 0x00000000e0700000, 0x00000000e0700000|100%|HS|  |TAMS 0x00000000e0700000, 0x00000000e0600000| Complete 
|   7|0x00000000e0700000, 0x00000000e0700000, 0x00000000e0800000|  0%| F|  |TAMS 0x00000000e0700000, 0x00000000e0700000| Untracked 
|   8|0x00000000e0800000, 0x00000000e0900000, 0x00000000e0900000|100%| O|  |TAMS 0x00000000e0900000, 0x00000000e0800000| Complete 
|   9|0x00000000e0900000, 0x00000000e0a00000, 0x00000000e0a00000|100%| O|  |TAMS 0x00000000e0a00000, 0x00000000e0900000| Untracked 
|  10|0x00000000e0a00000, 0x00000000e0b00000, 0x00000000e0b00000|100%| O|  |TAMS 0x00000000e0b00000, 0x00000000e0a00000| Untracked 
|  11|0x00000000e0b00000, 0x00000000e0c00000, 0x00000000e0c00000|100%| O|  |TAMS 0x00000000e0c00000, 0x00000000e0b00000| Untracked 
|  12|0x00000000e0c00000, 0x00000000e0c7e200, 0x00000000e0d00000| 49%| O|  |TAMS 0x00000000e0c7e200, 0x00000000e0c00000| Untracked 
|  13|0x00000000e0d00000, 0x00000000e0d00000, 0x00000000e0e00000|  0%| F|  |TAMS 0x00000000e0d00000, 0x00000000e0d00000| Untracked 
|  14|0x00000000e0e00000, 0x00000000e0e00000, 0x00000000e0f00000|  0%| F|  |TAMS 0x00000000e0e00000, 0x00000000e0e00000| Untracked 
|  15|0x00000000e0f00000, 0x00000000e0f00000, 0x00000000e1000000|  0%| F|  |TAMS 0x00000000e0f00000, 0x00000000e0f00000| Untracked 
|  16|0x00000000e1000000, 0x00000000e1000000, 0x00000000e1100000|  0%| F|  |TAMS 0x00000000e1000000, 0x00000000e1000000| Untracked 
|  17|0x00000000e1100000, 0x00000000e1100000, 0x00000000e1200000|  0%| F|  |TAMS 0x00000000e1100000, 0x00000000e1100000| Untracked 
|  18|0x00000000e1200000, 0x00000000e1200000, 0x00000000e1300000|  0%| F|  |TAMS 0x00000000e1200000, 0x00000000e1200000| Untracked 
|  19|0x00000000e1300000, 0x00000000e1300000, 0x00000000e1400000|  0%| F|  |TAMS 0x00000000e1300000, 0x00000000e1300000| Untracked 
|  20|0x00000000e1400000, 0x00000000e1400000, 0x00000000e1500000|  0%| F|  |TAMS 0x00000000e1400000, 0x00000000e1400000| Untracked 
|  21|0x00000000e1500000, 0x00000000e1500000, 0x00000000e1600000|  0%| F|  |TAMS 0x00000000e1500000, 0x00000000e1500000| Untracked 
|  22|0x00000000e1600000, 0x00000000e1600000, 0x00000000e1700000|  0%| F|  |TAMS 0x00000000e1600000, 0x00000000e1600000| Untracked 
|  23|0x00000000e1700000, 0x00000000e1700000, 0x00000000e1800000|  0%| F|  |TAMS 0x00000000e1700000, 0x00000000e1700000| Untracked 
|  24|0x00000000e1800000, 0x00000000e1800000, 0x00000000e1900000|  0%| F|  |TAMS 0x00000000e1800000, 0x00000000e1800000| Untracked 
|  25|0x00000000e1900000, 0x00000000e1900000, 0x00000000e1a00000|  0%| F|  |TAMS 0x00000000e1900000, 0x00000000e1900000| Untracked 
|  26|0x00000000e1a00000, 0x00000000e1a00000, 0x00000000e1b00000|  0%| F|  |TAMS 0x00000000e1a00000, 0x00000000e1a00000| Untracked 
|  27|0x00000000e1b00000, 0x00000000e1b00000, 0x00000000e1c00000|  0%| F|  |TAMS 0x00000000e1b00000, 0x00000000e1b00000| Untracked 
|  28|0x00000000e1c00000, 0x00000000e1c00000, 0x00000000e1d00000|  0%| F|  |TAMS 0x00000000e1c00000, 0x00000000e1c00000| Untracked 
|  29|0x00000000e1d00000, 0x00000000e1d00000, 0x00000000e1e00000|  0%| F|  |TAMS 0x00000000e1d00000, 0x00000000e1d00000| Untracked 
|  30|0x00000000e1e00000, 0x00000000e1e00000, 0x00000000e1f00000|  0%| F|  |TAMS 0x00000000e1e00000, 0x00000000e1e00000| Untracked 
|  31|0x00000000e1f00000, 0x00000000e1f00000, 0x00000000e2000000|  0%| F|  |TAMS 0x00000000e1f00000, 0x00000000e1f00000| Untracked 
|  32|0x00000000e2000000, 0x00000000e2000000, 0x00000000e2100000|  0%| F|  |TAMS 0x00000000e2000000, 0x00000000e2000000| Untracked 
|  33|0x00000000e2100000, 0x00000000e2100000, 0x00000000e2200000|  0%| F|  |TAMS 0x00000000e2100000, 0x00000000e2100000| Untracked 
|  34|0x00000000e2200000, 0x00000000e2200000, 0x00000000e2300000|  0%| F|  |TAMS 0x00000000e2200000, 0x00000000e2200000| Untracked 
|  35|0x00000000e2300000, 0x00000000e2300000, 0x00000000e2400000|  0%| F|  |TAMS 0x00000000e2300000, 0x00000000e2300000| Untracked 
|  36|0x00000000e2400000, 0x00000000e2400000, 0x00000000e2500000|  0%| F|  |TAMS 0x00000000e2400000, 0x00000000e2400000| Untracked 
|  37|0x00000000e2500000, 0x00000000e2500000, 0x00000000e2600000|  0%| F|  |TAMS 0x00000000e2500000, 0x00000000e2500000| Untracked 
|  38|0x00000000e2600000, 0x00000000e2600000, 0x00000000e2700000|  0%| F|  |TAMS 0x00000000e2600000, 0x00000000e2600000| Untracked 
|  39|0x00000000e2700000, 0x00000000e2700000, 0x00000000e2800000|  0%| F|  |TAMS 0x00000000e2700000, 0x00000000e2700000| Untracked 
|  40|0x00000000e2800000, 0x00000000e2800000, 0x00000000e2900000|  0%| F|  |TAMS 0x00000000e2800000, 0x00000000e2800000| Untracked 
|  41|0x00000000e2900000, 0x00000000e2900000, 0x00000000e2a00000|  0%| F|  |TAMS 0x00000000e2900000, 0x00000000e2900000| Untracked 
|  42|0x00000000e2a00000, 0x00000000e2a00000, 0x00000000e2b00000|  0%| F|  |TAMS 0x00000000e2a00000, 0x00000000e2a00000| Untracked 
|  43|0x00000000e2b00000, 0x00000000e2b00000, 0x00000000e2c00000|  0%| F|  |TAMS 0x00000000e2b00000, 0x00000000e2b00000| Untracked 
|  44|0x00000000e2c00000, 0x00000000e2c00000, 0x00000000e2d00000|  0%| F|  |TAMS 0x00000000e2c00000, 0x00000000e2c00000| Untracked 
|  45|0x00000000e2d00000, 0x00000000e2d00000, 0x00000000e2e00000|  0%| F|  |TAMS 0x00000000e2d00000, 0x00000000e2d00000| Untracked 
|  46|0x00000000e2e00000, 0x00000000e2e00000, 0x00000000e2f00000|  0%| F|  |TAMS 0x00000000e2e00000, 0x00000000e2e00000| Untracked 
|  47|0x00000000e2f00000, 0x00000000e2f00000, 0x00000000e3000000|  0%| F|  |TAMS 0x00000000e2f00000, 0x00000000e2f00000| Untracked 
|  48|0x00000000e3000000, 0x00000000e3000000, 0x00000000e3100000|  0%| F|  |TAMS 0x00000000e3000000, 0x00000000e3000000| Untracked 
|  49|0x00000000e3100000, 0x00000000e3100000, 0x00000000e3200000|  0%| F|  |TAMS 0x00000000e3100000, 0x00000000e3100000| Untracked 
|  50|0x00000000e3200000, 0x00000000e3200000, 0x00000000e3300000|  0%| F|  |TAMS 0x00000000e3200000, 0x00000000e3200000| Untracked 
|  51|0x00000000e3300000, 0x00000000e3300000, 0x00000000e3400000|  0%| F|  |TAMS 0x00000000e3300000, 0x00000000e3300000| Untracked 
|  52|0x00000000e3400000, 0x00000000e3400000, 0x00000000e3500000|  0%| F|  |TAMS 0x00000000e3400000, 0x00000000e3400000| Untracked 
|  53|0x00000000e3500000, 0x00000000e3500000, 0x00000000e3600000|  0%| F|  |TAMS 0x00000000e3500000, 0x00000000e3500000| Untracked 
|  54|0x00000000e3600000, 0x00000000e3600000, 0x00000000e3700000|  0%| F|  |TAMS 0x00000000e3600000, 0x00000000e3600000| Untracked 
|  55|0x00000000e3700000, 0x00000000e3700000, 0x00000000e3800000|  0%| F|  |TAMS 0x00000000e3700000, 0x00000000e3700000| Untracked 
|  56|0x00000000e3800000, 0x00000000e3800000, 0x00000000e3900000|  0%| F|  |TAMS 0x00000000e3800000, 0x00000000e3800000| Untracked 
|  57|0x00000000e3900000, 0x00000000e3900000, 0x00000000e3a00000|  0%| F|  |TAMS 0x00000000e3900000, 0x00000000e3900000| Untracked 
|  58|0x00000000e3a00000, 0x00000000e3a00000, 0x00000000e3b00000|  0%| F|  |TAMS 0x00000000e3a00000, 0x00000000e3a00000| Untracked 
|  59|0x00000000e3b00000, 0x00000000e3b00000, 0x00000000e3c00000|  0%| F|  |TAMS 0x00000000e3b00000, 0x00000000e3b00000| Untracked 
|  60|0x00000000e3c00000, 0x00000000e3c00000, 0x00000000e3d00000|  0%| F|  |TAMS 0x00000000e3c00000, 0x00000000e3c00000| Untracked 
|  61|0x00000000e3d00000, 0x00000000e3d00000, 0x00000000e3e00000|  0%| F|  |TAMS 0x00000000e3d00000, 0x00000000e3d00000| Untracked 
|  62|0x00000000e3e00000, 0x00000000e3e00000, 0x00000000e3f00000|  0%| F|  |TAMS 0x00000000e3e00000, 0x00000000e3e00000| Untracked 
|  63|0x00000000e3f00000, 0x00000000e3f00000, 0x00000000e4000000|  0%| F|  |TAMS 0x00000000e3f00000, 0x00000000e3f00000| Untracked 
|  64|0x00000000e4000000, 0x00000000e4000000, 0x00000000e4100000|  0%| F|  |TAMS 0x00000000e4000000, 0x00000000e4000000| Untracked 
|  65|0x00000000e4100000, 0x00000000e4100000, 0x00000000e4200000|  0%| F|  |TAMS 0x00000000e4100000, 0x00000000e4100000| Untracked 
|  66|0x00000000e4200000, 0x00000000e4200000, 0x00000000e4300000|  0%| F|  |TAMS 0x00000000e4200000, 0x00000000e4200000| Untracked 
|  67|0x00000000e4300000, 0x00000000e4300000, 0x00000000e4400000|  0%| F|  |TAMS 0x00000000e4300000, 0x00000000e4300000| Untracked 
|  68|0x00000000e4400000, 0x00000000e4400000, 0x00000000e4500000|  0%| F|  |TAMS 0x00000000e4400000, 0x00000000e4400000| Untracked 
|  69|0x00000000e4500000, 0x00000000e4500000, 0x00000000e4600000|  0%| F|  |TAMS 0x00000000e4500000, 0x00000000e4500000| Untracked 
|  70|0x00000000e4600000, 0x00000000e4600000, 0x00000000e4700000|  0%| F|  |TAMS 0x00000000e4600000, 0x00000000e4600000| Untracked 
|  71|0x00000000e4700000, 0x00000000e4700000, 0x00000000e4800000|  0%| F|  |TAMS 0x00000000e4700000, 0x00000000e4700000| Untracked 
|  72|0x00000000e4800000, 0x00000000e4800000, 0x00000000e4900000|  0%| F|  |TAMS 0x00000000e4800000, 0x00000000e4800000| Untracked 
|  73|0x00000000e4900000, 0x00000000e4900000, 0x00000000e4a00000|  0%| F|  |TAMS 0x00000000e4900000, 0x00000000e4900000| Untracked 
|  74|0x00000000e4a00000, 0x00000000e4a00000, 0x00000000e4b00000|  0%| F|  |TAMS 0x00000000e4a00000, 0x00000000e4a00000| Untracked 
|  75|0x00000000e4b00000, 0x00000000e4b00000, 0x00000000e4c00000|  0%| F|  |TAMS 0x00000000e4b00000, 0x00000000e4b00000| Untracked 
|  76|0x00000000e4c00000, 0x00000000e4c00000, 0x00000000e4d00000|  0%| F|  |TAMS 0x00000000e4c00000, 0x00000000e4c00000| Untracked 
|  77|0x00000000e4d00000, 0x00000000e4d00000, 0x00000000e4e00000|  0%| F|  |TAMS 0x00000000e4d00000, 0x00000000e4d00000| Untracked 
|  78|0x00000000e4e00000, 0x00000000e4e00000, 0x00000000e4f00000|  0%| F|  |TAMS 0x00000000e4e00000, 0x00000000e4e00000| Untracked 
|  79|0x00000000e4f00000, 0x00000000e4f00000, 0x00000000e5000000|  0%| F|  |TAMS 0x00000000e4f00000, 0x00000000e4f00000| Untracked 
|  80|0x00000000e5000000, 0x00000000e5000000, 0x00000000e5100000|  0%| F|  |TAMS 0x00000000e5000000, 0x00000000e5000000| Untracked 
|  81|0x00000000e5100000, 0x00000000e5100000, 0x00000000e5200000|  0%| F|  |TAMS 0x00000000e5100000, 0x00000000e5100000| Untracked 
|  82|0x00000000e5200000, 0x00000000e5200000, 0x00000000e5300000|  0%| F|  |TAMS 0x00000000e5200000, 0x00000000e5200000| Untracked 
|  83|0x00000000e5300000, 0x00000000e5300000, 0x00000000e5400000|  0%| F|  |TAMS 0x00000000e5300000, 0x00000000e5300000| Untracked 
|  84|0x00000000e5400000, 0x00000000e5400000, 0x00000000e5500000|  0%| F|  |TAMS 0x00000000e5400000, 0x00000000e5400000| Untracked 
|  85|0x00000000e5500000, 0x00000000e5500000, 0x00000000e5600000|  0%| F|  |TAMS 0x00000000e5500000, 0x00000000e5500000| Untracked 
|  86|0x00000000e5600000, 0x00000000e5600000, 0x00000000e5700000|  0%| F|  |TAMS 0x00000000e5600000, 0x00000000e5600000| Untracked 
|  87|0x00000000e5700000, 0x00000000e5700000, 0x00000000e5800000|  0%| F|  |TAMS 0x00000000e5700000, 0x00000000e5700000| Untracked 
|  88|0x00000000e5800000, 0x00000000e5800000, 0x00000000e5900000|  0%| F|  |TAMS 0x00000000e5800000, 0x00000000e5800000| Untracked 
|  89|0x00000000e5900000, 0x00000000e5900000, 0x00000000e5a00000|  0%| F|  |TAMS 0x00000000e5900000, 0x00000000e5900000| Untracked 
|  90|0x00000000e5a00000, 0x00000000e5a00000, 0x00000000e5b00000|  0%| F|  |TAMS 0x00000000e5a00000, 0x00000000e5a00000| Untracked 
|  91|0x00000000e5b00000, 0x00000000e5b00000, 0x00000000e5c00000|  0%| F|  |TAMS 0x00000000e5b00000, 0x00000000e5b00000| Untracked 
|  92|0x00000000e5c00000, 0x00000000e5c00000, 0x00000000e5d00000|  0%| F|  |TAMS 0x00000000e5c00000, 0x00000000e5c00000| Untracked 
|  93|0x00000000e5d00000, 0x00000000e5d00000, 0x00000000e5e00000|  0%| F|  |TAMS 0x00000000e5d00000, 0x00000000e5d00000| Untracked 
|  94|0x00000000e5e00000, 0x00000000e5e00000, 0x00000000e5f00000|  0%| F|  |TAMS 0x00000000e5e00000, 0x00000000e5e00000| Untracked 
|  95|0x00000000e5f00000, 0x00000000e5f00000, 0x00000000e6000000|  0%| F|  |TAMS 0x00000000e5f00000, 0x00000000e5f00000| Untracked 
|  96|0x00000000e6000000, 0x00000000e6000000, 0x00000000e6100000|  0%| F|  |TAMS 0x00000000e6000000, 0x00000000e6000000| Untracked 
|  97|0x00000000e6100000, 0x00000000e6100000, 0x00000000e6200000|  0%| F|  |TAMS 0x00000000e6100000, 0x00000000e6100000| Untracked 
|  98|0x00000000e6200000, 0x00000000e6200000, 0x00000000e6300000|  0%| F|  |TAMS 0x00000000e6200000, 0x00000000e6200000| Untracked 
|  99|0x00000000e6300000, 0x00000000e6300000, 0x00000000e6400000|  0%| F|  |TAMS 0x00000000e6300000, 0x00000000e6300000| Untracked 
| 100|0x00000000e6400000, 0x00000000e6400000, 0x00000000e6500000|  0%| F|  |TAMS 0x00000000e6400000, 0x00000000e6400000| Untracked 
| 101|0x00000000e6500000, 0x00000000e6500000, 0x00000000e6600000|  0%| F|  |TAMS 0x00000000e6500000, 0x00000000e6500000| Untracked 
| 102|0x00000000e6600000, 0x00000000e6600000, 0x00000000e6700000|  0%| F|  |TAMS 0x00000000e6600000, 0x00000000e6600000| Untracked 
| 103|0x00000000e6700000, 0x00000000e6700000, 0x00000000e6800000|  0%| F|  |TAMS 0x00000000e6700000, 0x00000000e6700000| Untracked 
| 104|0x00000000e6800000, 0x00000000e6800000, 0x00000000e6900000|  0%| F|  |TAMS 0x00000000e6800000, 0x00000000e6800000| Untracked 
| 105|0x00000000e6900000, 0x00000000e6900000, 0x00000000e6a00000|  0%| F|  |TAMS 0x00000000e6900000, 0x00000000e6900000| Untracked 
| 106|0x00000000e6a00000, 0x00000000e6a00000, 0x00000000e6b00000|  0%| F|  |TAMS 0x00000000e6a00000, 0x00000000e6a00000| Untracked 
| 107|0x00000000e6b00000, 0x00000000e6b00000, 0x00000000e6c00000|  0%| F|  |TAMS 0x00000000e6b00000, 0x00000000e6b00000| Untracked 
| 108|0x00000000e6c00000, 0x00000000e6c00000, 0x00000000e6d00000|  0%| F|  |TAMS 0x00000000e6c00000, 0x00000000e6c00000| Untracked 
| 109|0x00000000e6d00000, 0x00000000e6d00000, 0x00000000e6e00000|  0%| F|  |TAMS 0x00000000e6d00000, 0x00000000e6d00000| Untracked 
| 110|0x00000000e6e00000, 0x00000000e6e00000, 0x00000000e6f00000|  0%| F|  |TAMS 0x00000000e6e00000, 0x00000000e6e00000| Untracked 
| 111|0x00000000e6f00000, 0x00000000e6f00000, 0x00000000e7000000|  0%| F|  |TAMS 0x00000000e6f00000, 0x00000000e6f00000| Untracked 
| 112|0x00000000e7000000, 0x00000000e7000000, 0x00000000e7100000|  0%| F|  |TAMS 0x00000000e7000000, 0x00000000e7000000| Untracked 
| 113|0x00000000e7100000, 0x00000000e7100000, 0x00000000e7200000|  0%| F|  |TAMS 0x00000000e7100000, 0x00000000e7100000| Untracked 
| 114|0x00000000e7200000, 0x00000000e7200000, 0x00000000e7300000|  0%| F|  |TAMS 0x00000000e7200000, 0x00000000e7200000| Untracked 
| 115|0x00000000e7300000, 0x00000000e7300000, 0x00000000e7400000|  0%| F|  |TAMS 0x00000000e7300000, 0x00000000e7300000| Untracked 
| 116|0x00000000e7400000, 0x00000000e7400000, 0x00000000e7500000|  0%| F|  |TAMS 0x00000000e7400000, 0x00000000e7400000| Untracked 
| 117|0x00000000e7500000, 0x00000000e7500000, 0x00000000e7600000|  0%| F|  |TAMS 0x00000000e7500000, 0x00000000e7500000| Untracked 
| 118|0x00000000e7600000, 0x00000000e7600000, 0x00000000e7700000|  0%| F|  |TAMS 0x00000000e7600000, 0x00000000e7600000| Untracked 
| 119|0x00000000e7700000, 0x00000000e7700000, 0x00000000e7800000|  0%| F|  |TAMS 0x00000000e7700000, 0x00000000e7700000| Untracked 
| 120|0x00000000e7800000, 0x00000000e7800000, 0x00000000e7900000|  0%| F|  |TAMS 0x00000000e7800000, 0x00000000e7800000| Untracked 
| 121|0x00000000e7900000, 0x00000000e7900000, 0x00000000e7a00000|  0%| F|  |TAMS 0x00000000e7900000, 0x00000000e7900000| Untracked 
| 122|0x00000000e7a00000, 0x00000000e7a00000, 0x00000000e7b00000|  0%| F|  |TAMS 0x00000000e7a00000, 0x00000000e7a00000| Untracked 
| 123|0x00000000e7b00000, 0x00000000e7b00000, 0x00000000e7c00000|  0%| F|  |TAMS 0x00000000e7b00000, 0x00000000e7b00000| Untracked 
| 124|0x00000000e7c00000, 0x00000000e7c00000, 0x00000000e7d00000|  0%| F|  |TAMS 0x00000000e7c00000, 0x00000000e7c00000| Untracked 
| 125|0x00000000e7d00000, 0x00000000e7d00000, 0x00000000e7e00000|  0%| F|  |TAMS 0x00000000e7d00000, 0x00000000e7d00000| Untracked 
| 126|0x00000000e7e00000, 0x00000000e7e00000, 0x00000000e7f00000|  0%| F|  |TAMS 0x00000000e7e00000, 0x00000000e7e00000| Untracked 
| 127|0x00000000e7f00000, 0x00000000e7f00000, 0x00000000e8000000|  0%| F|  |TAMS 0x00000000e7f00000, 0x00000000e7f00000| Untracked 
| 128|0x00000000e8000000, 0x00000000e8000000, 0x00000000e8100000|  0%| F|  |TAMS 0x00000000e8000000, 0x00000000e8000000| Untracked 
| 129|0x00000000e8100000, 0x00000000e8100000, 0x00000000e8200000|  0%| F|  |TAMS 0x00000000e8100000, 0x00000000e8100000| Untracked 
| 130|0x00000000e8200000, 0x00000000e82814a0, 0x00000000e8300000| 50%| S|CS|TAMS 0x00000000e8200000, 0x00000000e8200000| Complete 
| 131|0x00000000e8300000, 0x00000000e8400000, 0x00000000e8400000|100%| S|CS|TAMS 0x00000000e8300000, 0x00000000e8300000| Complete 
| 132|0x00000000e8400000, 0x00000000e8500000, 0x00000000e8500000|100%| S|CS|TAMS 0x00000000e8400000, 0x00000000e8400000| Complete 
| 133|0x00000000e8500000, 0x00000000e8600000, 0x00000000e8600000|100%| S|CS|TAMS 0x00000000e8500000, 0x00000000e8500000| Complete 
| 134|0x00000000e8600000, 0x00000000e8700000, 0x00000000e8700000|100%| S|CS|TAMS 0x00000000e8600000, 0x00000000e8600000| Complete 
| 135|0x00000000e8700000, 0x00000000e8800000, 0x00000000e8800000|100%| S|CS|TAMS 0x00000000e8700000, 0x00000000e8700000| Complete 
| 136|0x00000000e8800000, 0x00000000e8900000, 0x00000000e8900000|100%| S|CS|TAMS 0x00000000e8800000, 0x00000000e8800000| Complete 
| 137|0x00000000e8900000, 0x00000000e8a00000, 0x00000000e8a00000|100%| S|CS|TAMS 0x00000000e8900000, 0x00000000e8900000| Complete 
| 138|0x00000000e8a00000, 0x00000000e8b00000, 0x00000000e8b00000|100%| S|CS|TAMS 0x00000000e8a00000, 0x00000000e8a00000| Complete 
| 139|0x00000000e8b00000, 0x00000000e8c00000, 0x00000000e8c00000|100%| S|CS|TAMS 0x00000000e8b00000, 0x00000000e8b00000| Complete 
| 140|0x00000000e8c00000, 0x00000000e8d00000, 0x00000000e8d00000|100%| S|CS|TAMS 0x00000000e8c00000, 0x00000000e8c00000| Complete 
| 141|0x00000000e8d00000, 0x00000000e8e00000, 0x00000000e8e00000|100%| S|CS|TAMS 0x00000000e8d00000, 0x00000000e8d00000| Complete 
| 142|0x00000000e8e00000, 0x00000000e8e00000, 0x00000000e8f00000|  0%| F|  |TAMS 0x00000000e8e00000, 0x00000000e8e00000| Untracked 
| 143|0x00000000e8f00000, 0x00000000e8f00000, 0x00000000e9000000|  0%| F|  |TAMS 0x00000000e8f00000, 0x00000000e8f00000| Untracked 
| 144|0x00000000e9000000, 0x00000000e9000000, 0x00000000e9100000|  0%| F|  |TAMS 0x00000000e9000000, 0x00000000e9000000| Untracked 
| 145|0x00000000e9100000, 0x00000000e9100000, 0x00000000e9200000|  0%| F|  |TAMS 0x00000000e9100000, 0x00000000e9100000| Untracked 
| 146|0x00000000e9200000, 0x00000000e9200000, 0x00000000e9300000|  0%| F|  |TAMS 0x00000000e9200000, 0x00000000e9200000| Untracked 
| 147|0x00000000e9300000, 0x00000000e9300000, 0x00000000e9400000|  0%| F|  |TAMS 0x00000000e9300000, 0x00000000e9300000| Untracked 
| 148|0x00000000e9400000, 0x00000000e9400000, 0x00000000e9500000|  0%| F|  |TAMS 0x00000000e9400000, 0x00000000e9400000| Untracked 
| 149|0x00000000e9500000, 0x00000000e9500000, 0x00000000e9600000|  0%| F|  |TAMS 0x00000000e9500000, 0x00000000e9500000| Untracked 
| 150|0x00000000e9600000, 0x00000000e9600000, 0x00000000e9700000|  0%| F|  |TAMS 0x00000000e9600000, 0x00000000e9600000| Untracked 
| 151|0x00000000e9700000, 0x00000000e9700000, 0x00000000e9800000|  0%| F|  |TAMS 0x00000000e9700000, 0x00000000e9700000| Untracked 
| 152|0x00000000e9800000, 0x00000000e9800000, 0x00000000e9900000|  0%| F|  |TAMS 0x00000000e9800000, 0x00000000e9800000| Untracked 
| 153|0x00000000e9900000, 0x00000000e9900000, 0x00000000e9a00000|  0%| F|  |TAMS 0x00000000e9900000, 0x00000000e9900000| Untracked 
| 154|0x00000000e9a00000, 0x00000000e9a00000, 0x00000000e9b00000|  0%| F|  |TAMS 0x00000000e9a00000, 0x00000000e9a00000| Untracked 
| 155|0x00000000e9b00000, 0x00000000e9b00000, 0x00000000e9c00000|  0%| F|  |TAMS 0x00000000e9b00000, 0x00000000e9b00000| Untracked 
| 156|0x00000000e9c00000, 0x00000000e9c00000, 0x00000000e9d00000|  0%| F|  |TAMS 0x00000000e9c00000, 0x00000000e9c00000| Untracked 
| 157|0x00000000e9d00000, 0x00000000e9d00000, 0x00000000e9e00000|  0%| F|  |TAMS 0x00000000e9d00000, 0x00000000e9d00000| Untracked 
| 158|0x00000000e9e00000, 0x00000000e9e00000, 0x00000000e9f00000|  0%| F|  |TAMS 0x00000000e9e00000, 0x00000000e9e00000| Untracked 
| 159|0x00000000e9f00000, 0x00000000e9f00000, 0x00000000ea000000|  0%| F|  |TAMS 0x00000000e9f00000, 0x00000000e9f00000| Untracked 
| 160|0x00000000ea000000, 0x00000000ea000000, 0x00000000ea100000|  0%| F|  |TAMS 0x00000000ea000000, 0x00000000ea000000| Untracked 
| 161|0x00000000ea100000, 0x00000000ea100000, 0x00000000ea200000|  0%| F|  |TAMS 0x00000000ea100000, 0x00000000ea100000| Untracked 
| 162|0x00000000ea200000, 0x00000000ea200000, 0x00000000ea300000|  0%| F|  |TAMS 0x00000000ea200000, 0x00000000ea200000| Untracked 
| 163|0x00000000ea300000, 0x00000000ea300000, 0x00000000ea400000|  0%| F|  |TAMS 0x00000000ea300000, 0x00000000ea300000| Untracked 
| 164|0x00000000ea400000, 0x00000000ea400000, 0x00000000ea500000|  0%| F|  |TAMS 0x00000000ea400000, 0x00000000ea400000| Untracked 
| 165|0x00000000ea500000, 0x00000000ea500000, 0x00000000ea600000|  0%| F|  |TAMS 0x00000000ea500000, 0x00000000ea500000| Untracked 
| 166|0x00000000ea600000, 0x00000000ea600000, 0x00000000ea700000|  0%| F|  |TAMS 0x00000000ea600000, 0x00000000ea600000| Untracked 
| 167|0x00000000ea700000, 0x00000000ea700000, 0x00000000ea800000|  0%| F|  |TAMS 0x00000000ea700000, 0x00000000ea700000| Untracked 
| 168|0x00000000ea800000, 0x00000000ea800000, 0x00000000ea900000|  0%| F|  |TAMS 0x00000000ea800000, 0x00000000ea800000| Untracked 
| 169|0x00000000ea900000, 0x00000000ea900000, 0x00000000eaa00000|  0%| F|  |TAMS 0x00000000ea900000, 0x00000000ea900000| Untracked 
| 170|0x00000000eaa00000, 0x00000000eaa00000, 0x00000000eab00000|  0%| F|  |TAMS 0x00000000eaa00000, 0x00000000eaa00000| Untracked 
| 171|0x00000000eab00000, 0x00000000eab00000, 0x00000000eac00000|  0%| F|  |TAMS 0x00000000eab00000, 0x00000000eab00000| Untracked 
| 172|0x00000000eac00000, 0x00000000eac00000, 0x00000000ead00000|  0%| F|  |TAMS 0x00000000eac00000, 0x00000000eac00000| Untracked 
| 173|0x00000000ead00000, 0x00000000ead00000, 0x00000000eae00000|  0%| F|  |TAMS 0x00000000ead00000, 0x00000000ead00000| Untracked 
| 174|0x00000000eae00000, 0x00000000eae00000, 0x00000000eaf00000|  0%| F|  |TAMS 0x00000000eae00000, 0x00000000eae00000| Untracked 
| 175|0x00000000eaf00000, 0x00000000eaf00000, 0x00000000eb000000|  0%| F|  |TAMS 0x00000000eaf00000, 0x00000000eaf00000| Untracked 
| 176|0x00000000eb000000, 0x00000000eb000000, 0x00000000eb100000|  0%| F|  |TAMS 0x00000000eb000000, 0x00000000eb000000| Untracked 
| 177|0x00000000eb100000, 0x00000000eb100000, 0x00000000eb200000|  0%| F|  |TAMS 0x00000000eb100000, 0x00000000eb100000| Untracked 
| 178|0x00000000eb200000, 0x00000000eb200000, 0x00000000eb300000|  0%| F|  |TAMS 0x00000000eb200000, 0x00000000eb200000| Untracked 
| 179|0x00000000eb300000, 0x00000000eb300000, 0x00000000eb400000|  0%| F|  |TAMS 0x00000000eb300000, 0x00000000eb300000| Untracked 
| 180|0x00000000eb400000, 0x00000000eb400000, 0x00000000eb500000|  0%| F|  |TAMS 0x00000000eb400000, 0x00000000eb400000| Untracked 
| 181|0x00000000eb500000, 0x00000000eb500000, 0x00000000eb600000|  0%| F|  |TAMS 0x00000000eb500000, 0x00000000eb500000| Untracked 
| 182|0x00000000eb600000, 0x00000000eb600000, 0x00000000eb700000|  0%| F|  |TAMS 0x00000000eb600000, 0x00000000eb600000| Untracked 
| 183|0x00000000eb700000, 0x00000000eb700000, 0x00000000eb800000|  0%| F|  |TAMS 0x00000000eb700000, 0x00000000eb700000| Untracked 
| 184|0x00000000eb800000, 0x00000000eb800000, 0x00000000eb900000|  0%| F|  |TAMS 0x00000000eb800000, 0x00000000eb800000| Untracked 
| 185|0x00000000eb900000, 0x00000000eb900000, 0x00000000eba00000|  0%| F|  |TAMS 0x00000000eb900000, 0x00000000eb900000| Untracked 
| 186|0x00000000eba00000, 0x00000000eba00000, 0x00000000ebb00000|  0%| F|  |TAMS 0x00000000eba00000, 0x00000000eba00000| Untracked 
| 187|0x00000000ebb00000, 0x00000000ebb00000, 0x00000000ebc00000|  0%| F|  |TAMS 0x00000000ebb00000, 0x00000000ebb00000| Untracked 
| 188|0x00000000ebc00000, 0x00000000ebc00000, 0x00000000ebd00000|  0%| F|  |TAMS 0x00000000ebc00000, 0x00000000ebc00000| Untracked 
| 189|0x00000000ebd00000, 0x00000000ebd00000, 0x00000000ebe00000|  0%| F|  |TAMS 0x00000000ebd00000, 0x00000000ebd00000| Untracked 
| 190|0x00000000ebe00000, 0x00000000ebe00000, 0x00000000ebf00000|  0%| F|  |TAMS 0x00000000ebe00000, 0x00000000ebe00000| Untracked 
| 191|0x00000000ebf00000, 0x00000000ebf00000, 0x00000000ec000000|  0%| F|  |TAMS 0x00000000ebf00000, 0x00000000ebf00000| Untracked 
| 192|0x00000000ec000000, 0x00000000ec000000, 0x00000000ec100000|  0%| F|  |TAMS 0x00000000ec000000, 0x00000000ec000000| Untracked 
| 193|0x00000000ec100000, 0x00000000ec100000, 0x00000000ec200000|  0%| F|  |TAMS 0x00000000ec100000, 0x00000000ec100000| Untracked 
| 194|0x00000000ec200000, 0x00000000ec200000, 0x00000000ec300000|  0%| F|  |TAMS 0x00000000ec200000, 0x00000000ec200000| Untracked 
| 195|0x00000000ec300000, 0x00000000ec300000, 0x00000000ec400000|  0%| F|  |TAMS 0x00000000ec300000, 0x00000000ec300000| Untracked 
| 196|0x00000000ec400000, 0x00000000ec400000, 0x00000000ec500000|  0%| F|  |TAMS 0x00000000ec400000, 0x00000000ec400000| Untracked 
| 197|0x00000000ec500000, 0x00000000ec500000, 0x00000000ec600000|  0%| F|  |TAMS 0x00000000ec500000, 0x00000000ec500000| Untracked 
| 198|0x00000000ec600000, 0x00000000ec600000, 0x00000000ec700000|  0%| F|  |TAMS 0x00000000ec600000, 0x00000000ec600000| Untracked 
| 199|0x00000000ec700000, 0x00000000ec700000, 0x00000000ec800000|  0%| F|  |TAMS 0x00000000ec700000, 0x00000000ec700000| Untracked 
| 200|0x00000000ec800000, 0x00000000ec800000, 0x00000000ec900000|  0%| F|  |TAMS 0x00000000ec800000, 0x00000000ec800000| Untracked 
| 201|0x00000000ec900000, 0x00000000ec900000, 0x00000000eca00000|  0%| F|  |TAMS 0x00000000ec900000, 0x00000000ec900000| Untracked 
| 202|0x00000000eca00000, 0x00000000eca00000, 0x00000000ecb00000|  0%| F|  |TAMS 0x00000000eca00000, 0x00000000eca00000| Untracked 
| 203|0x00000000ecb00000, 0x00000000ecb00000, 0x00000000ecc00000|  0%| F|  |TAMS 0x00000000ecb00000, 0x00000000ecb00000| Untracked 
| 204|0x00000000ecc00000, 0x00000000ecc00000, 0x00000000ecd00000|  0%| F|  |TAMS 0x00000000ecc00000, 0x00000000ecc00000| Untracked 
| 205|0x00000000ecd00000, 0x00000000ecd00000, 0x00000000ece00000|  0%| F|  |TAMS 0x00000000ecd00000, 0x00000000ecd00000| Untracked 
| 206|0x00000000ece00000, 0x00000000ece00000, 0x00000000ecf00000|  0%| F|  |TAMS 0x00000000ece00000, 0x00000000ece00000| Untracked 
| 207|0x00000000ecf00000, 0x00000000ecf00000, 0x00000000ed000000|  0%| F|  |TAMS 0x00000000ecf00000, 0x00000000ecf00000| Untracked 
| 208|0x00000000ed000000, 0x00000000ed000000, 0x00000000ed100000|  0%| F|  |TAMS 0x00000000ed000000, 0x00000000ed000000| Untracked 
| 209|0x00000000ed100000, 0x00000000ed100000, 0x00000000ed200000|  0%| F|  |TAMS 0x00000000ed100000, 0x00000000ed100000| Untracked 
| 210|0x00000000ed200000, 0x00000000ed200000, 0x00000000ed300000|  0%| F|  |TAMS 0x00000000ed200000, 0x00000000ed200000| Untracked 
| 211|0x00000000ed300000, 0x00000000ed300000, 0x00000000ed400000|  0%| F|  |TAMS 0x00000000ed300000, 0x00000000ed300000| Untracked 
| 212|0x00000000ed400000, 0x00000000ed400000, 0x00000000ed500000|  0%| F|  |TAMS 0x00000000ed400000, 0x00000000ed400000| Untracked 
| 213|0x00000000ed500000, 0x00000000ed500000, 0x00000000ed600000|  0%| F|  |TAMS 0x00000000ed500000, 0x00000000ed500000| Untracked 
| 214|0x00000000ed600000, 0x00000000ed600000, 0x00000000ed700000|  0%| F|  |TAMS 0x00000000ed600000, 0x00000000ed600000| Untracked 
| 215|0x00000000ed700000, 0x00000000ed700000, 0x00000000ed800000|  0%| F|  |TAMS 0x00000000ed700000, 0x00000000ed700000| Untracked 
| 216|0x00000000ed800000, 0x00000000ed800000, 0x00000000ed900000|  0%| F|  |TAMS 0x00000000ed800000, 0x00000000ed800000| Untracked 
| 217|0x00000000ed900000, 0x00000000ed900000, 0x00000000eda00000|  0%| F|  |TAMS 0x00000000ed900000, 0x00000000ed900000| Untracked 
| 218|0x00000000eda00000, 0x00000000eda00000, 0x00000000edb00000|  0%| F|  |TAMS 0x00000000eda00000, 0x00000000eda00000| Untracked 
| 219|0x00000000edb00000, 0x00000000edb00000, 0x00000000edc00000|  0%| F|  |TAMS 0x00000000edb00000, 0x00000000edb00000| Untracked 
| 220|0x00000000edc00000, 0x00000000edc00000, 0x00000000edd00000|  0%| F|  |TAMS 0x00000000edc00000, 0x00000000edc00000| Untracked 
| 221|0x00000000edd00000, 0x00000000edd00000, 0x00000000ede00000|  0%| F|  |TAMS 0x00000000edd00000, 0x00000000edd00000| Untracked 
| 222|0x00000000ede00000, 0x00000000ede00000, 0x00000000edf00000|  0%| F|  |TAMS 0x00000000ede00000, 0x00000000ede00000| Untracked 
| 223|0x00000000edf00000, 0x00000000edf00000, 0x00000000ee000000|  0%| F|  |TAMS 0x00000000edf00000, 0x00000000edf00000| Untracked 
| 224|0x00000000ee000000, 0x00000000ee000000, 0x00000000ee100000|  0%| F|  |TAMS 0x00000000ee000000, 0x00000000ee000000| Untracked 
| 225|0x00000000ee100000, 0x00000000ee100000, 0x00000000ee200000|  0%| F|  |TAMS 0x00000000ee100000, 0x00000000ee100000| Untracked 
| 226|0x00000000ee200000, 0x00000000ee200000, 0x00000000ee300000|  0%| F|  |TAMS 0x00000000ee200000, 0x00000000ee200000| Untracked 
| 227|0x00000000ee300000, 0x00000000ee3bc638, 0x00000000ee400000| 73%| E|  |TAMS 0x00000000ee300000, 0x00000000ee300000| Complete 
| 228|0x00000000ee400000, 0x00000000ee500000, 0x00000000ee500000|100%| E|CS|TAMS 0x00000000ee400000, 0x00000000ee400000| Complete 
| 229|0x00000000ee500000, 0x00000000ee600000, 0x00000000ee600000|100%| E|CS|TAMS 0x00000000ee500000, 0x00000000ee500000| Complete 
| 230|0x00000000ee600000, 0x00000000ee700000, 0x00000000ee700000|100%| E|CS|TAMS 0x00000000ee600000, 0x00000000ee600000| Complete 
| 231|0x00000000ee700000, 0x00000000ee800000, 0x00000000ee800000|100%| E|CS|TAMS 0x00000000ee700000, 0x00000000ee700000| Complete 
| 232|0x00000000ee800000, 0x00000000ee900000, 0x00000000ee900000|100%| E|CS|TAMS 0x00000000ee800000, 0x00000000ee800000| Complete 
| 233|0x00000000ee900000, 0x00000000eea00000, 0x00000000eea00000|100%| E|CS|TAMS 0x00000000ee900000, 0x00000000ee900000| Complete 
| 234|0x00000000eea00000, 0x00000000eeb00000, 0x00000000eeb00000|100%| E|CS|TAMS 0x00000000eea00000, 0x00000000eea00000| Complete 
| 235|0x00000000eeb00000, 0x00000000eec00000, 0x00000000eec00000|100%| E|CS|TAMS 0x00000000eeb00000, 0x00000000eeb00000| Complete 
| 236|0x00000000eec00000, 0x00000000eed00000, 0x00000000eed00000|100%| E|CS|TAMS 0x00000000eec00000, 0x00000000eec00000| Complete 
| 237|0x00000000eed00000, 0x00000000eee00000, 0x00000000eee00000|100%| E|CS|TAMS 0x00000000eed00000, 0x00000000eed00000| Complete 
| 238|0x00000000eee00000, 0x00000000eef00000, 0x00000000eef00000|100%| E|CS|TAMS 0x00000000eee00000, 0x00000000eee00000| Complete 
| 239|0x00000000eef00000, 0x00000000ef000000, 0x00000000ef000000|100%| E|CS|TAMS 0x00000000eef00000, 0x00000000eef00000| Complete 
| 240|0x00000000ef000000, 0x00000000ef100000, 0x00000000ef100000|100%| E|CS|TAMS 0x00000000ef000000, 0x00000000ef000000| Complete 
| 241|0x00000000ef100000, 0x00000000ef200000, 0x00000000ef200000|100%| E|CS|TAMS 0x00000000ef100000, 0x00000000ef100000| Complete 
| 242|0x00000000ef200000, 0x00000000ef300000, 0x00000000ef300000|100%| E|CS|TAMS 0x00000000ef200000, 0x00000000ef200000| Complete 
| 243|0x00000000ef300000, 0x00000000ef400000, 0x00000000ef400000|100%| E|CS|TAMS 0x00000000ef300000, 0x00000000ef300000| Complete 
| 244|0x00000000ef400000, 0x00000000ef500000, 0x00000000ef500000|100%| E|CS|TAMS 0x00000000ef400000, 0x00000000ef400000| Complete 
| 245|0x00000000ef500000, 0x00000000ef600000, 0x00000000ef600000|100%| E|CS|TAMS 0x00000000ef500000, 0x00000000ef500000| Complete 
| 246|0x00000000ef600000, 0x00000000ef700000, 0x00000000ef700000|100%| E|CS|TAMS 0x00000000ef600000, 0x00000000ef600000| Complete 
| 247|0x00000000ef700000, 0x00000000ef800000, 0x00000000ef800000|100%| E|CS|TAMS 0x00000000ef700000, 0x00000000ef700000| Complete 
| 248|0x00000000ef800000, 0x00000000ef900000, 0x00000000ef900000|100%| E|CS|TAMS 0x00000000ef800000, 0x00000000ef800000| Complete 
| 249|0x00000000ef900000, 0x00000000efa00000, 0x00000000efa00000|100%| E|CS|TAMS 0x00000000ef900000, 0x00000000ef900000| Complete 
| 250|0x00000000efa00000, 0x00000000efb00000, 0x00000000efb00000|100%| E|CS|TAMS 0x00000000efa00000, 0x00000000efa00000| Complete 
| 251|0x00000000efb00000, 0x00000000efc00000, 0x00000000efc00000|100%| E|CS|TAMS 0x00000000efb00000, 0x00000000efb00000| Complete 
| 252|0x00000000efc00000, 0x00000000efd00000, 0x00000000efd00000|100%| E|CS|TAMS 0x00000000efc00000, 0x00000000efc00000| Complete 
| 253|0x00000000efd00000, 0x00000000efe00000, 0x00000000efe00000|100%| E|CS|TAMS 0x00000000efd00000, 0x00000000efd00000| Complete 
| 254|0x00000000efe00000, 0x00000000eff00000, 0x00000000eff00000|100%| E|CS|TAMS 0x00000000efe00000, 0x00000000efe00000| Complete 
| 255|0x00000000eff00000, 0x00000000f0000000, 0x00000000f0000000|100%| E|CS|TAMS 0x00000000eff00000, 0x00000000eff00000| Complete 

Card table byte_map: [0x000001b1586f0000,0x000001b1587f0000] _byte_map_base: 0x000001b157ff0000

Marking Bits (Prev, Next): (CMBitMap*) 0x000001b13fa2fa20, (CMBitMap*) 0x000001b13fa2f9e0
 Prev Bits: [0x000001b1590f0000, 0x000001b1598f0000)
 Next Bits: [0x000001b1588f0000, 0x000001b1590f0000)

Polling page: 0x000001b13fad0000

Metaspace:

Usage:
  Non-class:     20.46 MB used.
      Class:      3.55 MB used.
       Both:     24.01 MB used.

Virtual space:
  Non-class space:       64.00 MB reserved,      20.62 MB ( 32%) committed,  1 nodes.
      Class space:      320.00 MB reserved,       3.75 MB (  1%) committed,  1 nodes.
             Both:      384.00 MB reserved,      24.38 MB (  6%) committed. 

Chunk freelists:
   Non-Class:  10.44 MB
       Class:  12.30 MB
        Both:  22.73 MB

MaxMetaspaceSize: 384.00 MB
CompressedClassSpaceSize: 320.00 MB
Initial GC threshold: 21.00 MB
Current GC threshold: 35.25 MB
CDS: on
MetaspaceReclaimPolicy: balanced
 - commit_granule_bytes: 65536.
 - commit_granule_words: 8192.
 - virtual_space_node_default_size: 8388608.
 - enlarge_chunks_in_place: 1.
 - new_chunks_are_fully_committed: 0.
 - uncommit_free_chunks: 1.
 - use_allocation_guard: 0.
 - handle_deallocations: 1.


Internal statistics:

num_allocs_failed_limit: 3.
num_arena_births: 334.
num_arena_deaths: 0.
num_vsnodes_births: 2.
num_vsnodes_deaths: 0.
num_space_committed: 390.
num_space_uncommitted: 0.
num_chunks_returned_to_freelist: 3.
num_chunks_taken_from_freelist: 1258.
num_chunk_merges: 3.
num_chunk_splits: 838.
num_chunks_enlarged: 584.
num_inconsistent_stats: 0.

CodeHeap 'non-profiled nmethods': size=120000Kb used=2001Kb max_used=2001Kb free=117998Kb
 bounds [0x000001b150740000, 0x000001b1509b0000, 0x000001b157c70000]
CodeHeap 'profiled nmethods': size=120000Kb used=7075Kb max_used=7075Kb free=112924Kb
 bounds [0x000001b148c70000, 0x000001b149360000, 0x000001b1501a0000]
CodeHeap 'non-nmethods': size=5760Kb used=1262Kb max_used=1299Kb free=4497Kb
 bounds [0x000001b1501a0000, 0x000001b150410000, 0x000001b150740000]
 total_blobs=3988 nmethods=3426 adapters=474
 compilation: enabled
              stopped_count=0, restarted_count=0
 full_count=0

Compilation events (20 events):
Event: 113.774 Thread 0x000001b15c325b90 nmethod 3419 0x000001b149355490 code [0x000001b149355680, 0x000001b149355c48]
Event: 113.774 Thread 0x000001b15c325b90 3420       3       java.util.stream.ReferencePipeline$2$1::<init> (11 bytes)
Event: 113.774 Thread 0x000001b15c325b90 nmethod 3420 0x000001b149355e10 code [0x000001b149355fe0, 0x000001b1493564e8]
Event: 113.774 Thread 0x000001b15c325b90 3421       3       java.util.stream.ReferencePipeline$2$1::begin (13 bytes)
Event: 113.774 Thread 0x000001b15c325b90 nmethod 3421 0x000001b149356690 code [0x000001b149356840, 0x000001b149356a28]
Event: 116.660 Thread 0x000001b15c325b90 3422       3       java.io.BufferedInputStream::fill (203 bytes)
Event: 116.660 Thread 0x000001b15c325b90 nmethod 3422 0x000001b149356b10 code [0x000001b149356d80, 0x000001b1493579e8]
Event: 119.655 Thread 0x000001b15c325b90 3423       1       java.lang.management.MemoryUsage::getUsed (5 bytes)
Event: 119.655 Thread 0x000001b15c325b90 nmethod 3423 0x000001b150933390 code [0x000001b150933520, 0x000001b1509335f8]
Event: 119.656 Thread 0x000001b15c31c260 3424       4       java.lang.String$CaseInsensitiveComparator::compare (68 bytes)
Event: 119.666 Thread 0x000001b15c31c260 nmethod 3424 0x000001b150933690 code [0x000001b150933840, 0x000001b150933ed8]
Event: 119.800 Thread 0x000001b15c325b90 3425       3       org.gradle.launcher.daemon.server.DaemonRegistryUnavailableExpirationStrategy$1::apply (9 bytes)
Event: 119.800 Thread 0x000001b15c325b90 nmethod 3425 0x000001b149357d10 code [0x000001b149357ec0, 0x000001b149358218]
Event: 121.478 Thread 0x000001b15c325b90 3426       3       java.util.concurrent.TimeUnit::convert (77 bytes)
Event: 121.478 Thread 0x000001b15c325b90 nmethod 3426 0x000001b149358390 code [0x000001b1493585a0, 0x000001b149358968]
Event: 122.227 Thread 0x000001b15c31c260 3427       4       java.io.DataInputStream::readUTF (5 bytes)
Event: 122.228 Thread 0x000001b15c31c260 nmethod 3427 0x000001b150934310 code [0x000001b1509344a0, 0x000001b150934548]
Event: 123.493 Thread 0x000001b15c31c260 3428       4       javax.management.ObjectName::construct (1135 bytes)
Event: 124.457 Thread 0x000001b15c325b90 3429       3       java.util.concurrent.ThreadPoolExecutor::workerCountOf (5 bytes)
Event: 124.457 Thread 0x000001b15c325b90 nmethod 3429 0x000001b149358b10 code [0x000001b149358ca0, 0x000001b149358d98]

GC Heap History (8 events):
Event: 5.650 GC heap before
{Heap before GC invocations=0 (full 0):
 garbage-first heap   total 262144K, used 22528K [0x00000000e0000000, 0x0000000100000000)
  region size 1024K, 23 young (23552K), 0 survivors (0K)
 Metaspace       used 1117K, committed 1280K, reserved 393216K
  class space    used 78K, committed 128K, reserved 327680K
}
Event: 6.061 GC heap after
{Heap after GC invocations=1 (full 0):
 garbage-first heap   total 262144K, used 3473K [0x00000000e0000000, 0x0000000100000000)
  region size 1024K, 3 young (3072K), 3 survivors (3072K)
 Metaspace       used 1117K, committed 1280K, reserved 393216K
  class space    used 78K, committed 128K, reserved 327680K
}
Event: 16.631 GC heap before
{Heap before GC invocations=1 (full 0):
 garbage-first heap   total 262144K, used 37265K [0x00000000e0000000, 0x0000000100000000)
  region size 1024K, 34 young (34816K), 3 survivors (3072K)
 Metaspace       used 4407K, committed 4608K, reserved 393216K
  class space    used 549K, committed 640K, reserved 327680K
}
Event: 16.636 GC heap after
{Heap after GC invocations=2 (full 0):
 garbage-first heap   total 262144K, used 11228K [0x00000000e0000000, 0x0000000100000000)
  region size 1024K, 5 young (5120K), 5 survivors (5120K)
 Metaspace       used 4407K, committed 4608K, reserved 393216K
  class space    used 549K, committed 640K, reserved 327680K
}
Event: 23.746 GC heap before
{Heap before GC invocations=2 (full 0):
 garbage-first heap   total 262144K, used 58332K [0x00000000e0000000, 0x0000000100000000)
  region size 1024K, 49 young (50176K), 5 survivors (5120K)
 Metaspace       used 4662K, committed 4800K, reserved 393216K
  class space    used 579K, committed 640K, reserved 327680K
}
Event: 23.753 GC heap after
{Heap after GC invocations=3 (full 0):
 garbage-first heap   total 262144K, used 16081K [0x00000000e0000000, 0x0000000100000000)
  region size 1024K, 5 young (5120K), 5 survivors (5120K)
 Metaspace       used 4662K, committed 4800K, reserved 393216K
  class space    used 579K, committed 640K, reserved 327680K
}
Event: 86.862 GC heap before
{Heap before GC invocations=3 (full 0):
 garbage-first heap   total 262144K, used 126673K [0x00000000e0000000, 0x0000000100000000)
  region size 1024K, 114 young (116736K), 5 survivors (5120K)
 Metaspace       used 21164K, committed 21504K, reserved 393216K
  class space    used 3082K, committed 3264K, reserved 327680K
}
Event: 87.330 GC heap after
{Heap after GC invocations=4 (full 0):
 garbage-first heap   total 262144K, used 23549K [0x00000000e0000000, 0x0000000100000000)
  region size 1024K, 12 young (12288K), 12 survivors (12288K)
 Metaspace       used 21164K, committed 21504K, reserved 393216K
  class space    used 3082K, committed 3264K, reserved 327680K
}

Deoptimization events (20 events):
Event: 101.733 Thread 0x000001b176253fc0 Uncommon trap: trap_request=0xffffffc6 fr.pc=0x000001b15089b958 relative=0x0000000000001238
Event: 101.733 Thread 0x000001b176253fc0 Uncommon trap: reason=bimorphic_or_optimized_type_check action=maybe_recompile pc=0x000001b15089b958 method=java.io.DataInputStream.readFully([BII)V @ 30 c2
Event: 101.733 Thread 0x000001b176253fc0 DEOPT PACKING pc=0x000001b15089b958 sp=0x000000836c9fe5d0
Event: 101.733 Thread 0x000001b176253fc0 DEOPT UNPACKING pc=0x000001b1501f5ba3 sp=0x000000836c9fe5a8 mode 2
Event: 101.733 Thread 0x000001b176253fc0 Uncommon trap: trap_request=0xffffffde fr.pc=0x000001b150918d5c relative=0x000000000000095c
Event: 101.733 Thread 0x000001b176253fc0 Uncommon trap: reason=class_check action=maybe_recompile pc=0x000001b150918d5c method=java.io.DataInputStream.readInt()I @ 4 c2
Event: 101.733 Thread 0x000001b176253fc0 DEOPT PACKING pc=0x000001b150918d5c sp=0x000000836c9fe640
Event: 101.733 Thread 0x000001b176253fc0 DEOPT UNPACKING pc=0x000001b1501f5ba3 sp=0x000000836c9fe600 mode 2
Event: 101.740 Thread 0x000001b176253fc0 Uncommon trap: trap_request=0xffffffc6 fr.pc=0x000001b15089b958 relative=0x0000000000001238
Event: 101.740 Thread 0x000001b176253fc0 Uncommon trap: reason=bimorphic_or_optimized_type_check action=maybe_recompile pc=0x000001b15089b958 method=java.io.DataInputStream.readFully([BII)V @ 30 c2
Event: 101.740 Thread 0x000001b176253fc0 DEOPT PACKING pc=0x000001b15089b958 sp=0x000000836c9fe660
Event: 101.740 Thread 0x000001b176253fc0 DEOPT UNPACKING pc=0x000001b1501f5ba3 sp=0x000000836c9fe638 mode 2
Event: 101.741 Thread 0x000001b176253fc0 Uncommon trap: trap_request=0xffffffc6 fr.pc=0x000001b15089b958 relative=0x0000000000001238
Event: 101.741 Thread 0x000001b176253fc0 Uncommon trap: reason=bimorphic_or_optimized_type_check action=maybe_recompile pc=0x000001b15089b958 method=java.io.DataInputStream.readFully([BII)V @ 30 c2
Event: 101.741 Thread 0x000001b176253fc0 DEOPT PACKING pc=0x000001b15089b958 sp=0x000000836c9fe770
Event: 101.741 Thread 0x000001b176253fc0 DEOPT UNPACKING pc=0x000001b1501f5ba3 sp=0x000000836c9fe748 mode 2
Event: 101.995 Thread 0x000001b176255400 Uncommon trap: trap_request=0xffffffde fr.pc=0x000001b15092ebb0 relative=0x0000000000000930
Event: 101.995 Thread 0x000001b176255400 Uncommon trap: reason=class_check action=maybe_recompile pc=0x000001b15092ebb0 method=java.io.BufferedInputStream.read([BII)I @ 101 c2
Event: 101.995 Thread 0x000001b176255400 DEOPT PACKING pc=0x000001b15092ebb0 sp=0x000000836cefe2c0
Event: 101.995 Thread 0x000001b176255400 DEOPT UNPACKING pc=0x000001b1501f5ba3 sp=0x000000836cefe278 mode 2

Classes unloaded (0 events):
No events

Classes redefined (0 events):
No events

Internal exceptions (20 events):
Event: 85.327 Thread 0x000001b176253ab0 Exception <a 'java/lang/NoSuchMethodError'{0x00000000e93213b8}: 'java.lang.Object java.lang.invoke.DirectMethodHandle$Holder.invokeStatic(java.lang.Object, java.lang.Object, java.lang.Object, java.lang.Object, java.lang.Object, java.lang.Object, java.lang.Object, java.lang.Object, java.lang.Object, java.lang.Object, java.lang.Object, java.lang.Object, java.lang.Object, java.lang.Object, java.lang.Object, java.lang.Object, java.lang.Object, java.lang.Object, java.lang.Object)'> (0x00000000e93213b8) 
thrown 
Event: 85.330 Thread 0x000001b176253ab0 Exception <a 'java/lang/NoSuchMethodError'{0x00000000e934cd78}: 'java.lang.Object java.lang.invoke.DirectMethodHandle$Holder.invokeStatic(java.lang.Object, java.lang.Object, java.lang.Object, java.lang.Object, java.lang.Object, java.lang.Object, java.lang.Object, java.lang.Object, java.lang.Object, java.lang.Object, java.lang.Object, java.lang.Object, java.lang.Object, java.lang.Object, java.lang.Object, java.lang.Object, java.lang.Object, java.lang.Object, java.lang.Object, java.lang.Object)'> (0x00000000
Event: 85.335 Thread 0x000001b176253ab0 Exception <a 'java/lang/NoSuchMethodError'{0x00000000e9379158}: 'java.lang.Object java.lang.invoke.DirectMethodHandle$Holder.invokeStatic(java.lang.Object, java.lang.Object, java.lang.Object, java.lang.Object, java.lang.Object, java.lang.Object, java.lang.Object, java.lang.Object, java.lang.Object, java.lang.Object, java.lang.Object, java.lang.Object, java.lang.Object, java.lang.Object, java.lang.Object, java.lang.Object, java.lang.Object, java.lang.Object, java.lang.Object, java.lang.Object, java.lang.Obj
Event: 85.339 Thread 0x000001b176253ab0 Exception <a 'java/lang/NoSuchMethodError'{0x00000000e93a68a8}: 'java.lang.Object java.lang.invoke.DirectMethodHandle$Holder.invokeStatic(java.lang.Object, java.lang.Object, java.lang.Object, java.lang.Object, java.lang.Object, java.lang.Object, java.lang.Object, java.lang.Object, java.lang.Object, java.lang.Object, java.lang.Object, java.lang.Object, java.lang.Object, java.lang.Object, java.lang.Object, java.lang.Object, java.lang.Object, java.lang.Object, java.lang.Object, java.lang.Object, java.lang.Obj
Event: 85.344 Thread 0x000001b176253ab0 Exception <a 'java/lang/NoSuchMethodError'{0x00000000e93d4e88}: 'java.lang.Object java.lang.invoke.DirectMethodHandle$Holder.invokeStatic(java.lang.Object, java.lang.Object, java.lang.Object, java.lang.Object, java.lang.Object, java.lang.Object, java.lang.Object, java.lang.Object, java.lang.Object, java.lang.Object, java.lang.Object, java.lang.Object, java.lang.Object, java.lang.Object, java.lang.Object, java.lang.Object, java.lang.Object, java.lang.Object, java.lang.Object, java.lang.Object, java.lang.Obj
Event: 85.347 Thread 0x000001b176253ab0 Exception <a 'java/lang/NoSuchMethodError'{0x00000000e9204180}: 'java.lang.Object java.lang.invoke.DirectMethodHandle$Holder.invokeStatic(java.lang.Object, java.lang.Object, java.lang.Object, java.lang.Object, java.lang.Object, java.lang.Object, java.lang.Object, java.lang.Object, java.lang.Object, java.lang.Object, java.lang.Object, java.lang.Object, java.lang.Object, java.lang.Object, java.lang.Object, java.lang.Object, java.lang.Object, java.lang.Object, java.lang.Object, java.lang.Object, java.lang.Obj
Event: 85.351 Thread 0x000001b176253ab0 Exception <a 'java/lang/NoSuchMethodError'{0x00000000e9234de0}: 'java.lang.Object java.lang.invoke.DirectMethodHandle$Holder.invokeStatic(java.lang.Object, java.lang.Object, java.lang.Object, java.lang.Object, java.lang.Object, java.lang.Object, java.lang.Object, java.lang.Object, java.lang.Object, java.lang.Object, java.lang.Object, java.lang.Object, java.lang.Object, java.lang.Object, java.lang.Object, java.lang.Object, java.lang.Object, java.lang.Object, java.lang.Object, java.lang.Object, java.lang.Obj
Event: 85.354 Thread 0x000001b176253ab0 Exception <a 'java/lang/NoSuchMethodError'{0x00000000e9266820}: 'java.lang.Object java.lang.invoke.DirectMethodHandle$Holder.invokeStatic(java.lang.Object, java.lang.Object, java.lang.Object, java.lang.Object, java.lang.Object, java.lang.Object, java.lang.Object, java.lang.Object, java.lang.Object, java.lang.Object, java.lang.Object, java.lang.Object, java.lang.Object, java.lang.Object, java.lang.Object, java.lang.Object, java.lang.Object, java.lang.Object, java.lang.Object, java.lang.Object, java.lang.Obj
Event: 85.902 Thread 0x000001b176253ab0 Exception <a 'java/lang/NoSuchMethodError'{0x00000000e9013148}: 'java.lang.Object java.lang.invoke.DirectMethodHandle$Holder.invokeStaticInit(java.lang.Object, java.lang.Object, java.lang.Object, java.lang.Object)'> (0x00000000e9013148) 
thrown [s\open\src\hotspot\share\interpreter\linkResolver.cpp, line 759]
Event: 86.114 Thread 0x000001b176253ab0 Exception <a 'java/lang/NoSuchMethodError'{0x00000000e8fca9a8}: 'java.lang.Object java.lang.invoke.DirectMethodHandle$Holder.newInvokeSpecial(java.lang.Object, java.lang.Object, java.lang.Object, java.lang.Object, java.lang.Object, java.lang.Object, java.lang.Object, java.lang.Object)'> (0x00000000e8fca9a8) 
thrown [s\open\src\hotspot\share\interpreter\linkResolver.cpp, line 759]
Event: 86.114 Thread 0x000001b176253ab0 Exception <a 'java/lang/NoSuchMethodError'{0x00000000e8fd03b0}: 'java.lang.Object java.lang.invoke.DirectMethodHandle$Holder.invokeSpecial(java.lang.Object, java.lang.Object, java.lang.Object, java.lang.Object, java.lang.Object, java.lang.Object, java.lang.Object, java.lang.Object, java.lang.Object)'> (0x00000000e8fd03b0) 
thrown [s\open\src\hotspot\share\interpreter\linkResolver.cpp, line 759]
Event: 86.115 Thread 0x000001b176253ab0 Exception <a 'java/lang/NoSuchMethodError'{0x00000000e8fd5760}: 'java.lang.Object java.lang.invoke.Invokers$Holder.linkToTargetMethod(java.lang.Object, java.lang.Object, java.lang.Object, java.lang.Object, java.lang.Object, java.lang.Object, java.lang.Object, java.lang.Object)'> (0x00000000e8fd5760) 
thrown [s\open\src\hotspot\share\interpreter\linkResolver.cpp, line 759]
Event: 86.694 Thread 0x000001b176253ab0 Exception <a 'java/lang/NoSuchMethodError'{0x00000000e8e230e8}: 'void java.lang.invoke.DirectMethodHandle$Holder.invokeStatic(java.lang.Object, java.lang.Object, java.lang.Object, java.lang.Object)'> (0x00000000e8e230e8) 
thrown [s\open\src\hotspot\share\interpreter\linkResolver.cpp, line 759]
Event: 87.520 Thread 0x000001b176253ab0 Exception <a 'java/lang/NoSuchMethodError'{0x00000000efeffb58}: 'void java.lang.invoke.DirectMethodHandle$Holder.invokeStaticInit(java.lang.Object, java.lang.Object)'> (0x00000000efeffb58) 
thrown [s\open\src\hotspot\share\interpreter\linkResolver.cpp, line 759]
Event: 88.840 Thread 0x000001b176253ab0 Exception <a 'java/lang/NoSuchMethodError'{0x00000000ef74e020}: 'int java.lang.invoke.DirectMethodHandle$Holder.invokeVirtual(java.lang.Object, java.lang.Object)'> (0x00000000ef74e020) 
thrown [s\open\src\hotspot\share\interpreter\linkResolver.cpp, line 759]
Event: 92.340 Thread 0x000001b176253ab0 Exception <a 'java/lang/IncompatibleClassChangeError'{0x00000000eea02e48}: Found class java.lang.Object, but interface was expected> (0x00000000eea02e48) 
thrown [s\open\src\hotspot\share\interpreter\linkResolver.cpp, line 826]
Event: 101.946 Thread 0x000001b176253ab0 Exception <a 'java/lang/NoSuchMethodError'{0x00000000ee833f70}: 'java.lang.Object java.lang.invoke.DirectMethodHandle$Holder.newInvokeSpecial(java.lang.Object, java.lang.Object, long)'> (0x00000000ee833f70) 
thrown [s\open\src\hotspot\share\interpreter\linkResolver.cpp, line 759]
Event: 101.947 Thread 0x000001b176253ab0 Exception <a 'java/lang/NoSuchMethodError'{0x00000000ee838580}: 'java.lang.Object java.lang.invoke.Invokers$Holder.linkToTargetMethod(java.lang.Object, long, java.lang.Object)'> (0x00000000ee838580) 
thrown [s\open\src\hotspot\share\interpreter\linkResolver.cpp, line 759]
Event: 102.570 Thread 0x000001b176253ab0 Exception <a 'java/lang/NoSuchMethodError'{0x00000000ee6df838}: 'int java.lang.invoke.DirectMethodHandle$Holder.invokeInterface(java.lang.Object, java.lang.Object)'> (0x00000000ee6df838) 
thrown [s\open\src\hotspot\share\interpreter\linkResolver.cpp, line 759]
Event: 102.582 Thread 0x000001b176253ab0 Exception <a 'java/lang/NoSuchMethodError'{0x00000000ee575410}: 'java.lang.Object java.lang.invoke.DirectMethodHandle$Holder.invokeVirtual(java.lang.Object, java.lang.Object, int)'> (0x00000000ee575410) 
thrown [s\open\src\hotspot\share\interpreter\linkResolver.cpp, line 759]

VM Operations (20 events):
Event: 101.730 Executing VM operation: HandshakeAllThreads
Event: 101.730 Executing VM operation: HandshakeAllThreads done
Event: 101.731 Executing VM operation: HandshakeAllThreads
Event: 101.731 Executing VM operation: HandshakeAllThreads done
Event: 102.750 Executing VM operation: Cleanup
Event: 102.916 Executing VM operation: Cleanup done
Event: 105.954 Executing VM operation: Cleanup
Event: 105.955 Executing VM operation: Cleanup done
Event: 106.971 Executing VM operation: Cleanup
Event: 106.971 Executing VM operation: Cleanup done
Event: 110.036 Executing VM operation: Cleanup
Event: 110.036 Executing VM operation: Cleanup done
Event: 111.048 Executing VM operation: Cleanup
Event: 111.050 Executing VM operation: Cleanup done
Event: 115.110 Executing VM operation: Cleanup
Event: 115.111 Executing VM operation: Cleanup done
Event: 120.164 Executing VM operation: Cleanup
Event: 120.165 Executing VM operation: Cleanup done
Event: 120.630 Executing VM operation: HandshakeAllThreads
Event: 120.630 Executing VM operation: HandshakeAllThreads done

Events (20 events):
Event: 92.446 loading class sun/nio/fs/WindowsPath$1
Event: 92.446 loading class sun/nio/fs/WindowsPath$1 done
Event: 101.743 Thread 0x000001b17767c830 Thread added: 0x000001b17767c830
Event: 101.745 loading class java/nio/charset/CharacterCodingException
Event: 101.745 loading class java/nio/charset/CharacterCodingException done
Event: 101.922 Thread 0x000001b17767c830 Thread exited: 0x000001b17767c830
Event: 101.963 loading class java/nio/file/FileTreeWalker
Event: 101.963 loading class java/nio/file/FileTreeWalker done
Event: 101.964 loading class java/nio/file/FileTreeWalker$DirectoryNode
Event: 101.964 loading class java/nio/file/FileTreeWalker$DirectoryNode done
Event: 101.965 loading class java/nio/file/FileTreeWalker$Event
Event: 101.965 loading class java/nio/file/FileTreeWalker$Event done
Event: 101.965 loading class java/nio/file/FileTreeWalker$EventType
Event: 101.966 loading class java/nio/file/FileTreeWalker$EventType done
Event: 101.966 loading class java/nio/file/Files$3
Event: 101.966 loading class java/nio/file/Files$3 done
Event: 101.967 loading class java/nio/file/FileVisitResult
Event: 101.967 loading class java/nio/file/FileVisitResult done
Event: 102.584 loading class java/util/stream/Streams$RangeIntSpliterator
Event: 102.584 loading class java/util/stream/Streams$RangeIntSpliterator done


Dynamic libraries:
0x00007ff78e080000 - 0x00007ff78e090000 	C:\Program Files\Java\jdk-17\bin\java.exe
0x00007ff832ca0000 - 0x00007ff832f03000 	C:\WINDOWS\SYSTEM32\ntdll.dll
0x00007ff831ed0000 - 0x00007ff831f97000 	C:\WINDOWS\System32\KERNEL32.DLL
0x00007ff8300f0000 - 0x00007ff8304b7000 	C:\WINDOWS\System32\KERNELBASE.dll
0x00007ff830560000 - 0x00007ff8306ac000 	C:\WINDOWS\System32\ucrtbase.dll
0x00007ff824a20000 - 0x00007ff824a39000 	C:\Program Files\Java\jdk-17\bin\jli.dll
0x00007ff831a30000 - 0x00007ff831ae4000 	C:\WINDOWS\System32\ADVAPI32.dll
0x00007ff831af0000 - 0x00007ff831b99000 	C:\WINDOWS\System32\msvcrt.dll
0x00007ff832580000 - 0x00007ff832626000 	C:\WINDOWS\System32\sechost.dll
0x00007ff830ae0000 - 0x00007ff830bf6000 	C:\WINDOWS\System32\RPCRT4.dll
0x00007ff832770000 - 0x00007ff832939000 	C:\WINDOWS\System32\USER32.dll
0x00007ff830980000 - 0x00007ff8309a7000 	C:\WINDOWS\System32\win32u.dll
0x00007ff831ea0000 - 0x00007ff831eca000 	C:\WINDOWS\System32\GDI32.dll
0x00007ff8309b0000 - 0x00007ff830adb000 	C:\WINDOWS\System32\gdi32full.dll
0x00007ff830040000 - 0x00007ff8300e3000 	C:\WINDOWS\System32\msvcp_win.dll
0x00007ff8248e0000 - 0x00007ff8248fb000 	C:\Program Files\Java\jdk-17\bin\VCRUNTIME140.dll
0x00007ff8187e0000 - 0x00007ff818a70000 	C:\WINDOWS\WinSxS\amd64_microsoft.windows.common-controls_6595b64144ccf1df_6.0.26100.3037_none_3e09262ce333c378\COMCTL32.dll
0x00007ff823b00000 - 0x00007ff823b0b000 	C:\WINDOWS\SYSTEM32\VERSION.dll
0x00007ff832b10000 - 0x00007ff832b3f000 	C:\WINDOWS\System32\IMM32.DLL
0x00007ff82ca40000 - 0x00007ff82ca4c000 	C:\Program Files\Java\jdk-17\bin\vcruntime140_1.dll
0x00007ffff95e0000 - 0x00007ffff966e000 	C:\Program Files\Java\jdk-17\bin\msvcp140.dll
0x00007fffb05f0000 - 0x00007fffb11d0000 	C:\Program Files\Java\jdk-17\bin\server\jvm.dll
0x00007ff832760000 - 0x00007ff832768000 	C:\WINDOWS\System32\PSAPI.DLL
0x00007ff82aa10000 - 0x00007ff82aa1a000 	C:\WINDOWS\SYSTEM32\WSOCK32.dll
0x00007ff831d30000 - 0x00007ff831da4000 	C:\WINDOWS\System32\WS2_32.dll
0x00007ff81c510000 - 0x00007ff81c546000 	C:\WINDOWS\SYSTEM32\WINMM.dll
0x00007ff82edd0000 - 0x00007ff82edea000 	C:\WINDOWS\SYSTEM32\kernel.appcore.dll
0x00007ff82a260000 - 0x00007ff82a26a000 	C:\Program Files\Java\jdk-17\bin\jimage.dll
0x00007ff82d810000 - 0x00007ff82da51000 	C:\WINDOWS\SYSTEM32\DBGHELP.DLL
0x00007ff8316a0000 - 0x00007ff831a1e000 	C:\WINDOWS\System32\combase.dll
0x00007ff832630000 - 0x00007ff832706000 	C:\WINDOWS\System32\OLEAUT32.dll
0x00007fffc3ae0000 - 0x00007fffc3b19000 	C:\WINDOWS\SYSTEM32\dbgcore.DLL
0x00007ff8304c0000 - 0x00007ff830559000 	C:\WINDOWS\System32\bcryptPrimitives.dll
0x00007ff824a10000 - 0x00007ff824a1e000 	C:\Program Files\Java\jdk-17\bin\instrument.dll
0x00007ff823df0000 - 0x00007ff823e15000 	C:\Program Files\Java\jdk-17\bin\java.dll
0x00007ffff8b90000 - 0x00007ffff8c67000 	C:\Program Files\Java\jdk-17\bin\jsvml.dll
0x00007ff830f30000 - 0x00007ff831634000 	C:\WINDOWS\System32\SHELL32.dll
0x00007ff82dd00000 - 0x00007ff82e537000 	C:\WINDOWS\SYSTEM32\windows.storage.dll
0x00007ff831db0000 - 0x00007ff831e99000 	C:\WINDOWS\System32\SHCORE.dll
0x00007ff832c00000 - 0x00007ff832c5d000 	C:\WINDOWS\System32\shlwapi.dll
0x00007ff82ff50000 - 0x00007ff82ff7e000 	C:\WINDOWS\SYSTEM32\profapi.dll
0x00007ff8248c0000 - 0x00007ff8248d8000 	C:\Program Files\Java\jdk-17\bin\zip.dll
0x00007ff824880000 - 0x00007ff824899000 	C:\Program Files\Java\jdk-17\bin\net.dll
0x00007ff82a290000 - 0x00007ff82a3ae000 	C:\WINDOWS\SYSTEM32\WINHTTP.dll
0x00007ff82f320000 - 0x00007ff82f38a000 	C:\WINDOWS\system32\mswsock.dll
0x00007ff823dd0000 - 0x00007ff823de6000 	C:\Program Files\Java\jdk-17\bin\nio.dll
0x00007ff824800000 - 0x00007ff824810000 	C:\Program Files\Java\jdk-17\bin\verify.dll
0x00007ff8172a0000 - 0x00007ff8172c7000 	C:\Users\r2com\.gradle\native\1def1411415f61bf3af743bc5b6707747c0891f09f0c88961ee8f79bc544acac\windows-amd64\native-platform.dll
0x00007ff808200000 - 0x00007ff808278000 	C:\Users\r2com\.gradle\native\0.2.6\x86_64-windows-gnu\gradle-fileevents.dll
0x00007ff823c60000 - 0x00007ff823c6a000 	C:\Program Files\Java\jdk-17\bin\management.dll
0x00007ff81f380000 - 0x00007ff81f38b000 	C:\Program Files\Java\jdk-17\bin\management_ext.dll
0x00007ff82e900000 - 0x00007ff82e932000 	C:\WINDOWS\SYSTEM32\IPHLPAPI.DLL
0x00007ff8320e0000 - 0x00007ff8320ea000 	C:\WINDOWS\System32\NSI.dll
0x00007ff82a5b0000 - 0x00007ff82a5cf000 	C:\WINDOWS\SYSTEM32\dhcpcsvc6.DLL
0x00007ff82a420000 - 0x00007ff82a445000 	C:\WINDOWS\SYSTEM32\dhcpcsvc.DLL
0x00007ff82e940000 - 0x00007ff82ea65000 	C:\WINDOWS\SYSTEM32\DNSAPI.dll
0x00007ff82f6d0000 - 0x00007ff82f6ec000 	C:\WINDOWS\SYSTEM32\CRYPTSP.dll
0x00007ff82ed90000 - 0x00007ff82edc8000 	C:\WINDOWS\system32\rsaenh.dll
0x00007ff82f3c0000 - 0x00007ff82f3eb000 	C:\WINDOWS\SYSTEM32\USERENV.dll
0x00007ff82f970000 - 0x00007ff82f996000 	C:\WINDOWS\SYSTEM32\bcrypt.dll
0x00007ff82f550000 - 0x00007ff82f55c000 	C:\WINDOWS\SYSTEM32\CRYPTBASE.dll
0x00007ff81f370000 - 0x00007ff81f37e000 	C:\Program Files\Java\jdk-17\bin\sunmscapi.dll
0x00007ff830770000 - 0x00007ff8308e6000 	C:\WINDOWS\System32\CRYPT32.dll
0x00007ff82f930000 - 0x00007ff82f960000 	C:\WINDOWS\SYSTEM32\ncrypt.dll
0x00007ff82f8e0000 - 0x00007ff82f91f000 	C:\WINDOWS\SYSTEM32\NTASN1.dll
0x00007fffc34b0000 - 0x00007fffc34b8000 	C:\WINDOWS\system32\wshunix.dll

dbghelp: loaded successfully - version: 4.0.5 - missing functions: none
symbol engine: initialized successfully - sym options: 0x614 - pdb path: .;C:\Program Files\Java\jdk-17\bin;C:\WINDOWS\SYSTEM32;C:\WINDOWS\WinSxS\amd64_microsoft.windows.common-controls_6595b64144ccf1df_6.0.26100.3037_none_3e09262ce333c378;C:\Program Files\Java\jdk-17\bin\server;C:\Users\r2com\.gradle\native\1def1411415f61bf3af743bc5b6707747c0891f09f0c88961ee8f79bc544acac\windows-amd64;C:\Users\r2com\.gradle\native\0.2.6\x86_64-windows-gnu

VM Arguments:
jvm_args: --add-opens=java.base/java.lang=ALL-UNNAMED --add-opens=java.base/java.lang.invoke=ALL-UNNAMED --add-opens=java.base/java.util=ALL-UNNAMED --add-opens=java.prefs/java.util.prefs=ALL-UNNAMED --add-exports=jdk.compiler/com.sun.tools.javac.api=ALL-UNNAMED --add-exports=jdk.compiler/com.sun.tools.javac.util=ALL-UNNAMED --add-opens=java.base/java.util=ALL-UNNAMED --add-opens=java.prefs/java.util.prefs=ALL-UNNAMED --add-opens=java.base/java.nio.charset=ALL-UNNAMED --add-opens=java.base/java.net=ALL-UNNAMED --add-opens=java.base/java.util.concurrent.atomic=ALL-UNNAMED --add-opens=java.xml/javax.xml.namespace=ALL-UNNAMED -XX:MaxMetaspaceSize=384m -XX:+HeapDumpOnOutOfMemoryError -Xms256m -Xmx512m -Dfile.encoding=UTF-8 -Duser.country=KR -Duser.language=ko -Duser.variant -javaagent:C:\Users\r2com\.gradle\wrapper\dists\gradle-8.12.1-bin\eumc4uhoysa37zql93vfjkxy0\gradle-8.12.1\lib\agents\gradle-instrumentation-agent-8.12.1.jar 
java_command: org.gradle.launcher.daemon.bootstrap.GradleDaemon 8.12.1
java_class_path (initial): C:\Users\r2com\.gradle\wrapper\dists\gradle-8.12.1-bin\eumc4uhoysa37zql93vfjkxy0\gradle-8.12.1\lib\gradle-daemon-main-8.12.1.jar
Launcher Type: SUN_STANDARD

[Global flags]
     intx CICompilerCount                          = 4                                         {product} {ergonomic}
   size_t CompressedClassSpaceSize                 = 335544320                                 {product} {ergonomic}
     uint ConcGCThreads                            = 2                                         {product} {ergonomic}
     uint G1ConcRefinementThreads                  = 8                                         {product} {ergonomic}
   size_t G1HeapRegionSize                         = 1048576                                   {product} {ergonomic}
    uintx GCDrainStackTargetSize                   = 64                                        {product} {ergonomic}
     bool HeapDumpOnOutOfMemoryError               = true                                   {manageable} {command line}
   size_t InitialHeapSize                          = 268435456                                 {product} {command line}
   size_t MarkStackSize                            = 4194304                                   {product} {ergonomic}
   size_t MaxHeapSize                              = 536870912                                 {product} {command line}
   size_t MaxMetaspaceSize                         = 402653184                                 {product} {command line}
   size_t MaxNewSize                               = 321912832                                 {product} {ergonomic}
   size_t MinHeapDeltaBytes                        = 1048576                                   {product} {ergonomic}
   size_t MinHeapSize                              = 268435456                                 {product} {command line}
    uintx NonNMethodCodeHeapSize                   = 5839372                                {pd product} {ergonomic}
    uintx NonProfiledCodeHeapSize                  = 122909434                              {pd product} {ergonomic}
    uintx ProfiledCodeHeapSize                     = 122909434                              {pd product} {ergonomic}
    uintx ReservedCodeCacheSize                    = 251658240                              {pd product} {ergonomic}
     bool SegmentedCodeCache                       = true                                      {product} {ergonomic}
   size_t SoftMaxHeapSize                          = 536870912                              {manageable} {ergonomic}
     bool UseCompressedClassPointers               = true                           {product lp64_product} {ergonomic}
     bool UseCompressedOops                        = true                           {product lp64_product} {ergonomic}
     bool UseG1GC                                  = true                                      {product} {ergonomic}
     bool UseLargePagesIndividualAllocation        = false                                  {pd product} {ergonomic}

Logging:
Log output configuration:
 #0: stdout all=warning uptime,level,tags
 #1: stderr all=off uptime,level,tags

Environment Variables:
PATH=C:\Program Files\Common Files\Oracle\Java\javapath;C:\WINDOWS\system32;C:\WINDOWS;C:\WINDOWS\System32\Wbem;C:\WINDOWS\System32\WindowsPowerShell\v1.0\;C:\WINDOWS\System32\OpenSSH\;C:\Program Files\nodejs\;C:\Program Files\Git\cmd;C:\Program Files\Docker\Docker\resources\bin;C:\Users\r2com\AppData\Local\Microsoft\WindowsApps;C:\Users\r2com\AppData\Roaming\npm;C:\Users\r2com\AppData\Local\Programs\Microsoft VS Code\bin;
USERNAME=r2com
OS=Windows_NT
PROCESSOR_IDENTIFIER=Intel64 Family 6 Model 140 Stepping 1, GenuineIntel



---------------  S Y S T E M  ---------------

OS:
 Windows 11 , 64 bit Build 26100 (10.0.26100.3037)
OS uptime: 0 days 2:41 hours
Hyper-V role detected

CPU: total 8 (initial active 8) (4 cores per cpu, 2 threads per core) family 6 model 140 stepping 1 microcode 0x8a, cx8, cmov, fxsr, ht, mmx, 3dnowpref, sse, sse2, sse3, ssse3, sse4.1, sse4.2, popcnt, lzcnt, tsc, tscinvbit, avx, avx2, aes, erms, clmul, bmi1, bmi2, adx, avx512f, avx512dq, avx512cd, avx512bw, avx512vl, sha, fma, vzeroupper, avx512_vpopcntdq, avx512_vpclmulqdq, avx512_vaes, avx512_vnni, clflush, clflushopt, clwb, avx512_vbmi2, avx512_vbmi, hv

Memory: 4k page, system-wide physical 32491M (1161M free)
TotalPageFile size 62874M (AvailPageFile size 0M)
current process WorkingSet (physical memory assigned to process): 233M, peak: 243M
current process commit charge ("private bytes"): 415M, peak: 419M

vm_info: Java HotSpot(TM) 64-Bit Server VM (17.0.12+8-LTS-286) for windows-amd64 JRE (17.0.12+8-LTS-286), built on Jun  5 2024 06:46:59 by "mach5one" with MS VC++ 17.6 (VS2022)

END.
